<?xml version="1.0" encoding="UTF-8"?>
<gpx xmlns:s01="http://www.topografix.com/GPX/1/0">
  <trk>
    <trkseg>
      <trkpt lon="135.776846" lat="34.203414">
        <extensions>
          <mytracks:speed>0</mytracks:speed>
        </extensions>
      </trkpt>
      <trkpt lon="135.776841" lat="34.203411">
        <extensions>
          <mytracks:speed>0</mytracks:speed>
        </extensions>
      </trkpt>
      <trkpt lon="135.776850" lat="34.203425">
        <extensions>
          <mytracks:speed>0</mytracks:speed>
        </extensions>
      </trkpt>
      <trkpt lon="135.776861" lat="34.203447">
        <extensions>
          <mytracks:speed>0</mytracks:speed>
        </extensions>
      </trkpt>
      <trkpt lon="135.776861" lat="34.203454">
        <extensions>
          <mytracks:speed>0</mytracks:speed>
        </extensions>
      </trkpt>
      <trkpt lon="135.776882" lat="34.203490">
        <extensions>
          <mytracks:speed>0</mytracks:speed>
        </extensions>
      </trkpt>
      <trkpt lon="135.776899" lat="34.203509">
        <extensions>
          <mytracks:speed>0</mytracks:speed>
        </extensions>
      </trkpt>
      <trkpt lon="135.776903" lat="34.203511">
        <extensions>
          <mytracks:speed>0</mytracks:speed>
        </extensions>
      </trkpt>
      <trkpt lon="135.776907" lat="34.203521">
        <extensions>
          <mytracks:speed>0</mytracks:speed>
        </extensions>
      </trkpt>
      <trkpt lon="135.776899" lat="34.203513">
        <extensions>
          <mytracks:speed>0</mytracks:speed>
        </extensions>
      </trkpt>
      <trkpt lon="135.776899" lat="34.203517">
        <extensions>
          <mytracks:speed>0</mytracks:speed>
        </extensions>
      </trkpt>
      <trkpt lon="135.776895" lat="34.203514">
        <extensions>
          <mytracks:speed>0</mytracks:speed>
        </extensions>
      </trkpt>
      <trkpt lon="135.776899" lat="34.203518">
        <extensions>
          <mytracks:speed>0</mytracks:speed>
        </extensions>
      </trkpt>
      <trkpt lon="135.776900" lat="34.203519">
        <extensions>
          <mytracks:speed>0</mytracks:speed>
        </extensions>
      </trkpt>
      <trkpt lon="135.776901" lat="34.203520">
        <extensions>
          <mytracks:speed>0</mytracks:speed>
        </extensions>
      </trkpt>
      <trkpt lon="135.776902" lat="34.203521">
        <extensions>
          <mytracks:speed>0</mytracks:speed>
        </extensions>
      </trkpt>
      <trkpt lon="135.776904" lat="34.203522">
        <extensions>
          <mytracks:speed>0</mytracks:speed>
        </extensions>
      </trkpt>
      <trkpt lon="135.776904" lat="34.203523">
        <extensions>
          <mytracks:speed>0</mytracks:speed>
        </extensions>
      </trkpt>
      <trkpt lon="135.776912" lat="34.203530">
        <extensions>
          <mytracks:speed>0</mytracks:speed>
        </extensions>
      </trkpt>
      <trkpt lon="135.776913" lat="34.203531">
        <extensions>
          <mytracks:speed>0</mytracks:speed>
        </extensions>
      </trkpt>
      <trkpt lon="135.776913" lat="34.203531">
        <extensions>
          <mytracks:speed>0</mytracks:speed>
        </extensions>
      </trkpt>
      <trkpt lon="135.776913" lat="34.203532">
        <extensions>
          <mytracks:speed>0</mytracks:speed>
        </extensions>
      </trkpt>
      <trkpt lon="135.776914" lat="34.203532">
        <extensions>
          <mytracks:speed>0</mytracks:speed>
        </extensions>
      </trkpt>
      <trkpt lon="135.776914" lat="34.203533">
        <extensions>
          <mytracks:speed>0</mytracks:speed>
        </extensions>
      </trkpt>
      <trkpt lon="135.776914" lat="34.203533">
        <extensions>
          <mytracks:speed>0</mytracks:speed>
        </extensions>
      </trkpt>
      <trkpt lon="135.776910" lat="34.203531">
        <extensions>
          <mytracks:speed>0</mytracks:speed>
        </extensions>
      </trkpt>
      <trkpt lon="135.776896" lat="34.203521">
        <extensions>
          <mytracks:speed>0</mytracks:speed>
        </extensions>
      </trkpt>
      <trkpt lon="135.776897" lat="34.203521">
        <extensions>
          <mytracks:speed>0</mytracks:speed>
        </extensions>
      </trkpt>
      <trkpt lon="135.776896" lat="34.203520">
        <extensions>
          <mytracks:speed>0</mytracks:speed>
        </extensions>
      </trkpt>
      <trkpt lon="135.776898" lat="34.203523">
        <extensions>
          <mytracks:speed>0</mytracks:speed>
        </extensions>
      </trkpt>
      <trkpt lon="135.776912" lat="34.203534">
        <extensions>
          <mytracks:speed>0</mytracks:speed>
        </extensions>
      </trkpt>
      <trkpt lon="135.776905" lat="34.203530">
        <extensions>
          <mytracks:speed>0</mytracks:speed>
        </extensions>
      </trkpt>
      <trkpt lon="135.776904" lat="34.203530">
        <extensions>
          <mytracks:speed>0</mytracks:speed>
        </extensions>
      </trkpt>
      <trkpt lon="135.776905" lat="34.203532">
        <extensions>
          <mytracks:speed>0</mytracks:speed>
        </extensions>
      </trkpt>
      <trkpt lon="135.776904" lat="34.203532">
        <extensions>
          <mytracks:speed>0</mytracks:speed>
        </extensions>
      </trkpt>
      <trkpt lon="135.776904" lat="34.203532">
        <extensions>
          <mytracks:speed>0</mytracks:speed>
        </extensions>
      </trkpt>
      <trkpt lon="135.776904" lat="34.203533">
        <extensions>
          <mytracks:speed>0</mytracks:speed>
        </extensions>
      </trkpt>
      <trkpt lon="135.776904" lat="34.203532">
        <extensions>
          <mytracks:speed>0</mytracks:speed>
        </extensions>
      </trkpt>
      <trkpt lon="135.776904" lat="34.203533">
        <extensions>
          <mytracks:speed>0</mytracks:speed>
        </extensions>
      </trkpt>
      <trkpt lon="135.776904" lat="34.203533">
        <extensions>
          <mytracks:speed>0</mytracks:speed>
        </extensions>
      </trkpt>
      <trkpt lon="135.776905" lat="34.203534">
        <extensions>
          <mytracks:speed>0</mytracks:speed>
        </extensions>
      </trkpt>
      <trkpt lon="135.776906" lat="34.203535">
        <extensions>
          <mytracks:speed>0</mytracks:speed>
        </extensions>
      </trkpt>
      <trkpt lon="135.776906" lat="34.203536">
        <extensions>
          <mytracks:speed>0</mytracks:speed>
        </extensions>
      </trkpt>
      <trkpt lon="135.776905" lat="34.203536">
        <extensions>
          <mytracks:speed>0</mytracks:speed>
        </extensions>
      </trkpt>
      <trkpt lon="135.776902" lat="34.203534">
        <extensions>
          <mytracks:speed>0</mytracks:speed>
        </extensions>
      </trkpt>
      <trkpt lon="135.776697" lat="34.203751">
        <extensions>
          <mytracks:speed>0</mytracks:speed>
        </extensions>
      </trkpt>
      <trkpt lon="135.776686" lat="34.203768">
        <extensions>
          <mytracks:speed>6</mytracks:speed>
        </extensions>
      </trkpt>
      <trkpt lon="135.776653" lat="34.203768">
        <extensions>
          <mytracks:speed>14</mytracks:speed>
        </extensions>
      </trkpt>
      <trkpt lon="135.776601" lat="34.203778">
        <extensions>
          <mytracks:speed>17</mytracks:speed>
        </extensions>
      </trkpt>
      <trkpt lon="135.776533" lat="34.203799">
        <extensions>
          <mytracks:speed>21</mytracks:speed>
        </extensions>
      </trkpt>
      <trkpt lon="135.776486" lat="34.203829">
        <extensions>
          <mytracks:speed>23</mytracks:speed>
        </extensions>
      </trkpt>
      <trkpt lon="135.776425" lat="34.203853">
        <extensions>
          <mytracks:speed>29</mytracks:speed>
        </extensions>
      </trkpt>
      <trkpt lon="135.776346" lat="34.203870">
        <extensions>
          <mytracks:speed>30</mytracks:speed>
        </extensions>
      </trkpt>
      <trkpt lon="135.776261" lat="34.203880">
        <extensions>
          <mytracks:speed>32</mytracks:speed>
        </extensions>
      </trkpt>
      <trkpt lon="135.776141" lat="34.203890">
        <extensions>
          <mytracks:speed>33</mytracks:speed>
        </extensions>
      </trkpt>
      <trkpt lon="135.776024" lat="34.203911">
        <extensions>
          <mytracks:speed>34</mytracks:speed>
        </extensions>
      </trkpt>
      <trkpt lon="135.775911" lat="34.203914">
        <extensions>
          <mytracks:speed>36</mytracks:speed>
        </extensions>
      </trkpt>
      <trkpt lon="135.775790" lat="34.203931">
        <extensions>
          <mytracks:speed>36</mytracks:speed>
        </extensions>
      </trkpt>
      <trkpt lon="135.775679" lat="34.203953">
        <extensions>
          <mytracks:speed>37</mytracks:speed>
        </extensions>
      </trkpt>
      <trkpt lon="135.775560" lat="34.204025">
        <extensions>
          <mytracks:speed>36</mytracks:speed>
        </extensions>
      </trkpt>
      <trkpt lon="135.775458" lat="34.204089">
        <extensions>
          <mytracks:speed>37</mytracks:speed>
        </extensions>
      </trkpt>
      <trkpt lon="135.775353" lat="34.204133">
        <extensions>
          <mytracks:speed>36</mytracks:speed>
        </extensions>
      </trkpt>
      <trkpt lon="135.775252" lat="34.204179">
        <extensions>
          <mytracks:speed>36</mytracks:speed>
        </extensions>
      </trkpt>
      <trkpt lon="135.775154" lat="34.204229">
        <extensions>
          <mytracks:speed>36</mytracks:speed>
        </extensions>
      </trkpt>
      <trkpt lon="135.775064" lat="34.204273">
        <extensions>
          <mytracks:speed>36</mytracks:speed>
        </extensions>
      </trkpt>
      <trkpt lon="135.774961" lat="34.204299">
        <extensions>
          <mytracks:speed>37</mytracks:speed>
        </extensions>
      </trkpt>
      <trkpt lon="135.774858" lat="34.204342">
        <extensions>
          <mytracks:speed>37</mytracks:speed>
        </extensions>
      </trkpt>
      <trkpt lon="135.774761" lat="34.204376">
        <extensions>
          <mytracks:speed>39</mytracks:speed>
        </extensions>
      </trkpt>
      <trkpt lon="135.774670" lat="34.204428">
        <extensions>
          <mytracks:speed>38</mytracks:speed>
        </extensions>
      </trkpt>
      <trkpt lon="135.774538" lat="34.204456">
        <extensions>
          <mytracks:speed>38</mytracks:speed>
        </extensions>
      </trkpt>
      <trkpt lon="135.774424" lat="34.204479">
        <extensions>
          <mytracks:speed>36</mytracks:speed>
        </extensions>
      </trkpt>
      <trkpt lon="135.774317" lat="34.204493">
        <extensions>
          <mytracks:speed>34</mytracks:speed>
        </extensions>
      </trkpt>
      <trkpt lon="135.774175" lat="34.204496">
        <extensions>
          <mytracks:speed>36</mytracks:speed>
        </extensions>
      </trkpt>
      <trkpt lon="135.774075" lat="34.204553">
        <extensions>
          <mytracks:speed>37</mytracks:speed>
        </extensions>
      </trkpt>
      <trkpt lon="135.773975" lat="34.204603">
        <extensions>
          <mytracks:speed>36</mytracks:speed>
        </extensions>
      </trkpt>
      <trkpt lon="135.773894" lat="34.204652">
        <extensions>
          <mytracks:speed>36</mytracks:speed>
        </extensions>
      </trkpt>
      <trkpt lon="135.773804" lat="34.204697">
        <extensions>
          <mytracks:speed>36</mytracks:speed>
        </extensions>
      </trkpt>
      <trkpt lon="135.773710" lat="34.204733">
        <extensions>
          <mytracks:speed>35</mytracks:speed>
        </extensions>
      </trkpt>
      <trkpt lon="135.773615" lat="34.204767">
        <extensions>
          <mytracks:speed>35</mytracks:speed>
        </extensions>
      </trkpt>
      <trkpt lon="135.773516" lat="34.204794">
        <extensions>
          <mytracks:speed>37</mytracks:speed>
        </extensions>
      </trkpt>
      <trkpt lon="135.773394" lat="34.204797">
        <extensions>
          <mytracks:speed>39</mytracks:speed>
        </extensions>
      </trkpt>
      <trkpt lon="135.773283" lat="34.204809">
        <extensions>
          <mytracks:speed>39</mytracks:speed>
        </extensions>
      </trkpt>
      <trkpt lon="135.773182" lat="34.204828">
        <extensions>
          <mytracks:speed>39</mytracks:speed>
        </extensions>
      </trkpt>
      <trkpt lon="135.773075" lat="34.204854">
        <extensions>
          <mytracks:speed>39</mytracks:speed>
        </extensions>
      </trkpt>
      <trkpt lon="135.772973" lat="34.204885">
        <extensions>
          <mytracks:speed>40</mytracks:speed>
        </extensions>
      </trkpt>
      <trkpt lon="135.772863" lat="34.204915">
        <extensions>
          <mytracks:speed>41</mytracks:speed>
        </extensions>
      </trkpt>
      <trkpt lon="135.772759" lat="34.204947">
        <extensions>
          <mytracks:speed>42</mytracks:speed>
        </extensions>
      </trkpt>
      <trkpt lon="135.772654" lat="34.204962">
        <extensions>
          <mytracks:speed>42</mytracks:speed>
        </extensions>
      </trkpt>
      <trkpt lon="135.772530" lat="34.204991">
        <extensions>
          <mytracks:speed>39</mytracks:speed>
        </extensions>
      </trkpt>
      <trkpt lon="135.772431" lat="34.205018">
        <extensions>
          <mytracks:speed>36</mytracks:speed>
        </extensions>
      </trkpt>
      <trkpt lon="135.772309" lat="34.205039">
        <extensions>
          <mytracks:speed>35</mytracks:speed>
        </extensions>
      </trkpt>
      <trkpt lon="135.772202" lat="34.205065">
        <extensions>
          <mytracks:speed>32</mytracks:speed>
        </extensions>
      </trkpt>
      <trkpt lon="135.772067" lat="34.205066">
        <extensions>
          <mytracks:speed>33</mytracks:speed>
        </extensions>
      </trkpt>
      <trkpt lon="135.771957" lat="34.205059">
        <extensions>
          <mytracks:speed>35</mytracks:speed>
        </extensions>
      </trkpt>
      <trkpt lon="135.771855" lat="34.205052">
        <extensions>
          <mytracks:speed>35</mytracks:speed>
        </extensions>
      </trkpt>
      <trkpt lon="135.771750" lat="34.205048">
        <extensions>
          <mytracks:speed>34</mytracks:speed>
        </extensions>
      </trkpt>
      <trkpt lon="135.771644" lat="34.205042">
        <extensions>
          <mytracks:speed>35</mytracks:speed>
        </extensions>
      </trkpt>
      <trkpt lon="135.771539" lat="34.205065">
        <extensions>
          <mytracks:speed>36</mytracks:speed>
        </extensions>
      </trkpt>
      <trkpt lon="135.771438" lat="34.205174">
        <extensions>
          <mytracks:speed>36</mytracks:speed>
        </extensions>
      </trkpt>
      <trkpt lon="135.771333" lat="34.205226">
        <extensions>
          <mytracks:speed>39</mytracks:speed>
        </extensions>
      </trkpt>
      <trkpt lon="135.771229" lat="34.205265">
        <extensions>
          <mytracks:speed>39</mytracks:speed>
        </extensions>
      </trkpt>
      <trkpt lon="135.771126" lat="34.205313">
        <extensions>
          <mytracks:speed>40</mytracks:speed>
        </extensions>
      </trkpt>
      <trkpt lon="135.771028" lat="34.205371">
        <extensions>
          <mytracks:speed>38</mytracks:speed>
        </extensions>
      </trkpt>
      <trkpt lon="135.770927" lat="34.205416">
        <extensions>
          <mytracks:speed>38</mytracks:speed>
        </extensions>
      </trkpt>
      <trkpt lon="135.770804" lat="34.205439">
        <extensions>
          <mytracks:speed>38</mytracks:speed>
        </extensions>
      </trkpt>
      <trkpt lon="135.770690" lat="34.205477">
        <extensions>
          <mytracks:speed>39</mytracks:speed>
        </extensions>
      </trkpt>
      <trkpt lon="135.770570" lat="34.205509">
        <extensions>
          <mytracks:speed>40</mytracks:speed>
        </extensions>
      </trkpt>
      <trkpt lon="135.770459" lat="34.205543">
        <extensions>
          <mytracks:speed>41</mytracks:speed>
        </extensions>
      </trkpt>
      <trkpt lon="135.770381" lat="34.205606">
        <extensions>
          <mytracks:speed>42</mytracks:speed>
        </extensions>
      </trkpt>
      <trkpt lon="135.770276" lat="34.205648">
        <extensions>
          <mytracks:speed>41</mytracks:speed>
        </extensions>
      </trkpt>
      <trkpt lon="135.770168" lat="34.205703">
        <extensions>
          <mytracks:speed>40</mytracks:speed>
        </extensions>
      </trkpt>
      <trkpt lon="135.770071" lat="34.205762">
        <extensions>
          <mytracks:speed>39</mytracks:speed>
        </extensions>
      </trkpt>
      <trkpt lon="135.769965" lat="34.205827">
        <extensions>
          <mytracks:speed>40</mytracks:speed>
        </extensions>
      </trkpt>
      <trkpt lon="135.769858" lat="34.205878">
        <extensions>
          <mytracks:speed>39</mytracks:speed>
        </extensions>
      </trkpt>
      <trkpt lon="135.769757" lat="34.205931">
        <extensions>
          <mytracks:speed>39</mytracks:speed>
        </extensions>
      </trkpt>
      <trkpt lon="135.769651" lat="34.205994">
        <extensions>
          <mytracks:speed>39</mytracks:speed>
        </extensions>
      </trkpt>
      <trkpt lon="135.769572" lat="34.206083">
        <extensions>
          <mytracks:speed>39</mytracks:speed>
        </extensions>
      </trkpt>
      <trkpt lon="135.769481" lat="34.206157">
        <extensions>
          <mytracks:speed>39</mytracks:speed>
        </extensions>
      </trkpt>
      <trkpt lon="135.769382" lat="34.206214">
        <extensions>
          <mytracks:speed>37</mytracks:speed>
        </extensions>
      </trkpt>
      <trkpt lon="135.769296" lat="34.206272">
        <extensions>
          <mytracks:speed>34</mytracks:speed>
        </extensions>
      </trkpt>
      <trkpt lon="135.769221" lat="34.206333">
        <extensions>
          <mytracks:speed>31</mytracks:speed>
        </extensions>
      </trkpt>
      <trkpt lon="135.769147" lat="34.206393">
        <extensions>
          <mytracks:speed>26</mytracks:speed>
        </extensions>
      </trkpt>
      <trkpt lon="135.769104" lat="34.206444">
        <extensions>
          <mytracks:speed>24</mytracks:speed>
        </extensions>
      </trkpt>
      <trkpt lon="135.769150" lat="34.206503">
        <extensions>
          <mytracks:speed>21</mytracks:speed>
        </extensions>
      </trkpt>
      <trkpt lon="135.769186" lat="34.206564">
        <extensions>
          <mytracks:speed>21</mytracks:speed>
        </extensions>
      </trkpt>
      <trkpt lon="135.769222" lat="34.206598">
        <extensions>
          <mytracks:speed>21</mytracks:speed>
        </extensions>
      </trkpt>
      <trkpt lon="135.769265" lat="34.206644">
        <extensions>
          <mytracks:speed>22</mytracks:speed>
        </extensions>
      </trkpt>
      <trkpt lon="135.769314" lat="34.206693">
        <extensions>
          <mytracks:speed>24</mytracks:speed>
        </extensions>
      </trkpt>
      <trkpt lon="135.769367" lat="34.206738">
        <extensions>
          <mytracks:speed>23</mytracks:speed>
        </extensions>
      </trkpt>
      <trkpt lon="135.769417" lat="34.206778">
        <extensions>
          <mytracks:speed>21</mytracks:speed>
        </extensions>
      </trkpt>
      <trkpt lon="135.769456" lat="34.206823">
        <extensions>
          <mytracks:speed>21</mytracks:speed>
        </extensions>
      </trkpt>
      <trkpt lon="135.769494" lat="34.206862">
        <extensions>
          <mytracks:speed>17</mytracks:speed>
        </extensions>
      </trkpt>
      <trkpt lon="135.769525" lat="34.206912">
        <extensions>
          <mytracks:speed>17</mytracks:speed>
        </extensions>
      </trkpt>
      <trkpt lon="135.769555" lat="34.206963">
        <extensions>
          <mytracks:speed>15</mytracks:speed>
        </extensions>
      </trkpt>
      <trkpt lon="135.769578" lat="34.207026">
        <extensions>
          <mytracks:speed>16</mytracks:speed>
        </extensions>
      </trkpt>
      <trkpt lon="135.769566" lat="34.207086">
        <extensions>
          <mytracks:speed>19</mytracks:speed>
        </extensions>
      </trkpt>
      <trkpt lon="135.769561" lat="34.207137">
        <extensions>
          <mytracks:speed>20</mytracks:speed>
        </extensions>
      </trkpt>
      <trkpt lon="135.769557" lat="34.207203">
        <extensions>
          <mytracks:speed>22</mytracks:speed>
        </extensions>
      </trkpt>
      <trkpt lon="135.769542" lat="34.207281">
        <extensions>
          <mytracks:speed>24</mytracks:speed>
        </extensions>
      </trkpt>
      <trkpt lon="135.769530" lat="34.207348">
        <extensions>
          <mytracks:speed>30</mytracks:speed>
        </extensions>
      </trkpt>
      <trkpt lon="135.769505" lat="34.207440">
        <extensions>
          <mytracks:speed>31</mytracks:speed>
        </extensions>
      </trkpt>
      <trkpt lon="135.769484" lat="34.207532">
        <extensions>
          <mytracks:speed>35</mytracks:speed>
        </extensions>
      </trkpt>
      <trkpt lon="135.769410" lat="34.207611">
        <extensions>
          <mytracks:speed>37</mytracks:speed>
        </extensions>
      </trkpt>
      <trkpt lon="135.769368" lat="34.207710">
        <extensions>
          <mytracks:speed>40</mytracks:speed>
        </extensions>
      </trkpt>
      <trkpt lon="135.769313" lat="34.207807">
        <extensions>
          <mytracks:speed>40</mytracks:speed>
        </extensions>
      </trkpt>
      <trkpt lon="135.769239" lat="34.207899">
        <extensions>
          <mytracks:speed>42</mytracks:speed>
        </extensions>
      </trkpt>
      <trkpt lon="135.769069" lat="34.207938">
        <extensions>
          <mytracks:speed>42</mytracks:speed>
        </extensions>
      </trkpt>
      <trkpt lon="135.768863" lat="34.207950">
        <extensions>
          <mytracks:speed>41</mytracks:speed>
        </extensions>
      </trkpt>
      <trkpt lon="135.768671" lat="34.207954">
        <extensions>
          <mytracks:speed>41</mytracks:speed>
        </extensions>
      </trkpt>
      <trkpt lon="135.768536" lat="34.207986">
        <extensions>
          <mytracks:speed>42</mytracks:speed>
        </extensions>
      </trkpt>
      <trkpt lon="135.768423" lat="34.208049">
        <extensions>
          <mytracks:speed>41</mytracks:speed>
        </extensions>
      </trkpt>
      <trkpt lon="135.768324" lat="34.208144">
        <extensions>
          <mytracks:speed>42</mytracks:speed>
        </extensions>
      </trkpt>
      <trkpt lon="135.768221" lat="34.208255">
        <extensions>
          <mytracks:speed>39</mytracks:speed>
        </extensions>
      </trkpt>
      <trkpt lon="135.768108" lat="34.208317">
        <extensions>
          <mytracks:speed>40</mytracks:speed>
        </extensions>
      </trkpt>
      <trkpt lon="135.768010" lat="34.208377">
        <extensions>
          <mytracks:speed>40</mytracks:speed>
        </extensions>
      </trkpt>
      <trkpt lon="135.767867" lat="34.208402">
        <extensions>
          <mytracks:speed>42</mytracks:speed>
        </extensions>
      </trkpt>
      <trkpt lon="135.767763" lat="34.208440">
        <extensions>
          <mytracks:speed>39</mytracks:speed>
        </extensions>
      </trkpt>
      <trkpt lon="135.767643" lat="34.208476">
        <extensions>
          <mytracks:speed>36</mytracks:speed>
        </extensions>
      </trkpt>
      <trkpt lon="135.767526" lat="34.208485">
        <extensions>
          <mytracks:speed>34</mytracks:speed>
        </extensions>
      </trkpt>
      <trkpt lon="135.767420" lat="34.208486">
        <extensions>
          <mytracks:speed>32</mytracks:speed>
        </extensions>
      </trkpt>
      <trkpt lon="135.767321" lat="34.208476">
        <extensions>
          <mytracks:speed>28</mytracks:speed>
        </extensions>
      </trkpt>
      <trkpt lon="135.767233" lat="34.208473">
        <extensions>
          <mytracks:speed>25</mytracks:speed>
        </extensions>
      </trkpt>
      <trkpt lon="135.767186" lat="34.208487">
        <extensions>
          <mytracks:speed>24</mytracks:speed>
        </extensions>
      </trkpt>
      <trkpt lon="135.767125" lat="34.208499">
        <extensions>
          <mytracks:speed>23</mytracks:speed>
        </extensions>
      </trkpt>
      <trkpt lon="135.767056" lat="34.208501">
        <extensions>
          <mytracks:speed>24</mytracks:speed>
        </extensions>
      </trkpt>
      <trkpt lon="135.766978" lat="34.208505">
        <extensions>
          <mytracks:speed>26</mytracks:speed>
        </extensions>
      </trkpt>
      <trkpt lon="135.766900" lat="34.208508">
        <extensions>
          <mytracks:speed>27</mytracks:speed>
        </extensions>
      </trkpt>
      <trkpt lon="135.766806" lat="34.208497">
        <extensions>
          <mytracks:speed>28</mytracks:speed>
        </extensions>
      </trkpt>
      <trkpt lon="135.766703" lat="34.208486">
        <extensions>
          <mytracks:speed>29</mytracks:speed>
        </extensions>
      </trkpt>
      <trkpt lon="135.766612" lat="34.208469">
        <extensions>
          <mytracks:speed>28</mytracks:speed>
        </extensions>
      </trkpt>
      <trkpt lon="135.766547" lat="34.208427">
        <extensions>
          <mytracks:speed>26</mytracks:speed>
        </extensions>
      </trkpt>
      <trkpt lon="135.766464" lat="34.208408">
        <extensions>
          <mytracks:speed>24</mytracks:speed>
        </extensions>
      </trkpt>
      <trkpt lon="135.766380" lat="34.208376">
        <extensions>
          <mytracks:speed>23</mytracks:speed>
        </extensions>
      </trkpt>
      <trkpt lon="135.766316" lat="34.208329">
        <extensions>
          <mytracks:speed>21</mytracks:speed>
        </extensions>
      </trkpt>
      <trkpt lon="135.766265" lat="34.208301">
        <extensions>
          <mytracks:speed>23</mytracks:speed>
        </extensions>
      </trkpt>
      <trkpt lon="135.766226" lat="34.208247">
        <extensions>
          <mytracks:speed>26</mytracks:speed>
        </extensions>
      </trkpt>
      <trkpt lon="135.766180" lat="34.208112">
        <extensions>
          <mytracks:speed>29</mytracks:speed>
        </extensions>
      </trkpt>
      <trkpt lon="135.766135" lat="34.208003">
        <extensions>
          <mytracks:speed>31</mytracks:speed>
        </extensions>
      </trkpt>
      <trkpt lon="135.766085" lat="34.207936">
        <extensions>
          <mytracks:speed>32</mytracks:speed>
        </extensions>
      </trkpt>
      <trkpt lon="135.766055" lat="34.207843">
        <extensions>
          <mytracks:speed>34</mytracks:speed>
        </extensions>
      </trkpt>
      <trkpt lon="135.765993" lat="34.207787">
        <extensions>
          <mytracks:speed>34</mytracks:speed>
        </extensions>
      </trkpt>
      <trkpt lon="135.765959" lat="34.207696">
        <extensions>
          <mytracks:speed>33</mytracks:speed>
        </extensions>
      </trkpt>
      <trkpt lon="135.765914" lat="34.207630">
        <extensions>
          <mytracks:speed>31</mytracks:speed>
        </extensions>
      </trkpt>
      <trkpt lon="135.765887" lat="34.207535">
        <extensions>
          <mytracks:speed>31</mytracks:speed>
        </extensions>
      </trkpt>
      <trkpt lon="135.765835" lat="34.207473">
        <extensions>
          <mytracks:speed>31</mytracks:speed>
        </extensions>
      </trkpt>
      <trkpt lon="135.765779" lat="34.207422">
        <extensions>
          <mytracks:speed>31</mytracks:speed>
        </extensions>
      </trkpt>
      <trkpt lon="135.765719" lat="34.207339">
        <extensions>
          <mytracks:speed>32</mytracks:speed>
        </extensions>
      </trkpt>
      <trkpt lon="135.765680" lat="34.207270">
        <extensions>
          <mytracks:speed>34</mytracks:speed>
        </extensions>
      </trkpt>
      <trkpt lon="135.765632" lat="34.207190">
        <extensions>
          <mytracks:speed>36</mytracks:speed>
        </extensions>
      </trkpt>
      <trkpt lon="135.765589" lat="34.207118">
        <extensions>
          <mytracks:speed>35</mytracks:speed>
        </extensions>
      </trkpt>
      <trkpt lon="135.765550" lat="34.207051">
        <extensions>
          <mytracks:speed>33</mytracks:speed>
        </extensions>
      </trkpt>
      <trkpt lon="135.765546" lat="34.206958">
        <extensions>
          <mytracks:speed>32</mytracks:speed>
        </extensions>
      </trkpt>
      <trkpt lon="135.765522" lat="34.206885">
        <extensions>
          <mytracks:speed>33</mytracks:speed>
        </extensions>
      </trkpt>
      <trkpt lon="135.765493" lat="34.206799">
        <extensions>
          <mytracks:speed>31</mytracks:speed>
        </extensions>
      </trkpt>
      <trkpt lon="135.765442" lat="34.206733">
        <extensions>
          <mytracks:speed>30</mytracks:speed>
        </extensions>
      </trkpt>
      <trkpt lon="135.765379" lat="34.206677">
        <extensions>
          <mytracks:speed>30</mytracks:speed>
        </extensions>
      </trkpt>
      <trkpt lon="135.765323" lat="34.206610">
        <extensions>
          <mytracks:speed>25</mytracks:speed>
        </extensions>
      </trkpt>
      <trkpt lon="135.765264" lat="34.206552">
        <extensions>
          <mytracks:speed>23</mytracks:speed>
        </extensions>
      </trkpt>
      <trkpt lon="135.765224" lat="34.206498">
        <extensions>
          <mytracks:speed>17</mytracks:speed>
        </extensions>
      </trkpt>
      <trkpt lon="135.765204" lat="34.206469">
        <extensions>
          <mytracks:speed>10</mytracks:speed>
        </extensions>
      </trkpt>
      <trkpt lon="135.765197" lat="34.206447">
        <extensions>
          <mytracks:speed>4</mytracks:speed>
        </extensions>
      </trkpt>
      <trkpt lon="135.765200" lat="34.206460">
        <extensions>
          <mytracks:speed>3</mytracks:speed>
        </extensions>
      </trkpt>
      <trkpt lon="135.765195" lat="34.206461">
        <extensions>
          <mytracks:speed>3</mytracks:speed>
        </extensions>
      </trkpt>
      <trkpt lon="135.765193" lat="34.206463">
        <extensions>
          <mytracks:speed>3</mytracks:speed>
        </extensions>
      </trkpt>
      <trkpt lon="135.765193" lat="34.206470">
        <extensions>
          <mytracks:speed>0</mytracks:speed>
        </extensions>
      </trkpt>
      <trkpt lon="135.765189" lat="34.206473">
        <extensions>
          <mytracks:speed>0</mytracks:speed>
        </extensions>
      </trkpt>
      <trkpt lon="135.765188" lat="34.206476">
        <extensions>
          <mytracks:speed>0</mytracks:speed>
        </extensions>
      </trkpt>
      <trkpt lon="135.765182" lat="34.206478">
        <extensions>
          <mytracks:speed>0</mytracks:speed>
        </extensions>
      </trkpt>
      <trkpt lon="135.765187" lat="34.206488">
        <extensions>
          <mytracks:speed>0</mytracks:speed>
        </extensions>
      </trkpt>
      <trkpt lon="135.765192" lat="34.206488">
        <extensions>
          <mytracks:speed>0</mytracks:speed>
        </extensions>
      </trkpt>
      <trkpt lon="135.765196" lat="34.206491">
        <extensions>
          <mytracks:speed>0</mytracks:speed>
        </extensions>
      </trkpt>
      <trkpt lon="135.765194" lat="34.206489">
        <extensions>
          <mytracks:speed>0</mytracks:speed>
        </extensions>
      </trkpt>
      <trkpt lon="135.765188" lat="34.206483">
        <extensions>
          <mytracks:speed>4</mytracks:speed>
        </extensions>
      </trkpt>
      <trkpt lon="135.765193" lat="34.206474">
        <extensions>
          <mytracks:speed>3</mytracks:speed>
        </extensions>
      </trkpt>
      <trkpt lon="135.765197" lat="34.206461">
        <extensions>
          <mytracks:speed>3</mytracks:speed>
        </extensions>
      </trkpt>
      <trkpt lon="135.765200" lat="34.206458">
        <extensions>
          <mytracks:speed>3</mytracks:speed>
        </extensions>
      </trkpt>
      <trkpt lon="135.765195" lat="34.206468">
        <extensions>
          <mytracks:speed>0</mytracks:speed>
        </extensions>
      </trkpt>
      <trkpt lon="135.765194" lat="34.206471">
        <extensions>
          <mytracks:speed>0</mytracks:speed>
        </extensions>
      </trkpt>
      <trkpt lon="135.765190" lat="34.206466">
        <extensions>
          <mytracks:speed>3</mytracks:speed>
        </extensions>
      </trkpt>
      <trkpt lon="135.765197" lat="34.206450">
        <extensions>
          <mytracks:speed>5</mytracks:speed>
        </extensions>
      </trkpt>
      <trkpt lon="135.765189" lat="34.206439">
        <extensions>
          <mytracks:speed>9</mytracks:speed>
        </extensions>
      </trkpt>
      <trkpt lon="135.765172" lat="34.206420">
        <extensions>
          <mytracks:speed>13</mytracks:speed>
        </extensions>
      </trkpt>
      <trkpt lon="135.765150" lat="34.206392">
        <extensions>
          <mytracks:speed>13</mytracks:speed>
        </extensions>
      </trkpt>
      <trkpt lon="135.765129" lat="34.206360">
        <extensions>
          <mytracks:speed>11</mytracks:speed>
        </extensions>
      </trkpt>
      <trkpt lon="135.765112" lat="34.206328">
        <extensions>
          <mytracks:speed>6</mytracks:speed>
        </extensions>
      </trkpt>
      <trkpt lon="135.765100" lat="34.206300">
        <extensions>
          <mytracks:speed>4</mytracks:speed>
        </extensions>
      </trkpt>
      <trkpt lon="135.765092" lat="34.206277">
        <extensions>
          <mytracks:speed>3</mytracks:speed>
        </extensions>
      </trkpt>
      <trkpt lon="135.765088" lat="34.206264">
        <extensions>
          <mytracks:speed>3</mytracks:speed>
        </extensions>
      </trkpt>
      <trkpt lon="135.765085" lat="34.206256">
        <extensions>
          <mytracks:speed>4</mytracks:speed>
        </extensions>
      </trkpt>
      <trkpt lon="135.765084" lat="34.206252">
        <extensions>
          <mytracks:speed>7</mytracks:speed>
        </extensions>
      </trkpt>
      <trkpt lon="135.765082" lat="34.206249">
        <extensions>
          <mytracks:speed>11</mytracks:speed>
        </extensions>
      </trkpt>
      <trkpt lon="135.765074" lat="34.206241">
        <extensions>
          <mytracks:speed>14</mytracks:speed>
        </extensions>
      </trkpt>
      <trkpt lon="135.765060" lat="34.206231">
        <extensions>
          <mytracks:speed>19</mytracks:speed>
        </extensions>
      </trkpt>
      <trkpt lon="135.765034" lat="34.206218">
        <extensions>
          <mytracks:speed>23</mytracks:speed>
        </extensions>
      </trkpt>
      <trkpt lon="135.764998" lat="34.206203">
        <extensions>
          <mytracks:speed>24</mytracks:speed>
        </extensions>
      </trkpt>
      <trkpt lon="135.764952" lat="34.206188">
        <extensions>
          <mytracks:speed>25</mytracks:speed>
        </extensions>
      </trkpt>
      <trkpt lon="135.764897" lat="34.206171">
        <extensions>
          <mytracks:speed>29</mytracks:speed>
        </extensions>
      </trkpt>
      <trkpt lon="135.764740" lat="34.206149">
        <extensions>
          <mytracks:speed>30</mytracks:speed>
        </extensions>
      </trkpt>
      <trkpt lon="135.764652" lat="34.206117">
        <extensions>
          <mytracks:speed>30</mytracks:speed>
        </extensions>
      </trkpt>
      <trkpt lon="135.764548" lat="34.206103">
        <extensions>
          <mytracks:speed>31</mytracks:speed>
        </extensions>
      </trkpt>
      <trkpt lon="135.764431" lat="34.206088">
        <extensions>
          <mytracks:speed>28</mytracks:speed>
        </extensions>
      </trkpt>
      <trkpt lon="135.764343" lat="34.206065">
        <extensions>
          <mytracks:speed>26</mytracks:speed>
        </extensions>
      </trkpt>
      <trkpt lon="135.764270" lat="34.206049">
        <extensions>
          <mytracks:speed>24</mytracks:speed>
        </extensions>
      </trkpt>
      <trkpt lon="135.764194" lat="34.206043">
        <extensions>
          <mytracks:speed>23</mytracks:speed>
        </extensions>
      </trkpt>
      <trkpt lon="135.764136" lat="34.206046">
        <extensions>
          <mytracks:speed>24</mytracks:speed>
        </extensions>
      </trkpt>
      <trkpt lon="135.764096" lat="34.206017">
        <extensions>
          <mytracks:speed>26</mytracks:speed>
        </extensions>
      </trkpt>
      <trkpt lon="135.764036" lat="34.206022">
        <extensions>
          <mytracks:speed>27</mytracks:speed>
        </extensions>
      </trkpt>
      <trkpt lon="135.763961" lat="34.206036">
        <extensions>
          <mytracks:speed>28</mytracks:speed>
        </extensions>
      </trkpt>
      <trkpt lon="135.763896" lat="34.206052">
        <extensions>
          <mytracks:speed>27</mytracks:speed>
        </extensions>
      </trkpt>
      <trkpt lon="135.763814" lat="34.206043">
        <extensions>
          <mytracks:speed>25</mytracks:speed>
        </extensions>
      </trkpt>
      <trkpt lon="135.763738" lat="34.206056">
        <extensions>
          <mytracks:speed>24</mytracks:speed>
        </extensions>
      </trkpt>
      <trkpt lon="135.763591" lat="34.206177">
        <extensions>
          <mytracks:speed>23</mytracks:speed>
        </extensions>
      </trkpt>
      <trkpt lon="135.763540" lat="34.206198">
        <extensions>
          <mytracks:speed>19</mytracks:speed>
        </extensions>
      </trkpt>
      <trkpt lon="135.763483" lat="34.206261">
        <extensions>
          <mytracks:speed>21</mytracks:speed>
        </extensions>
      </trkpt>
      <trkpt lon="135.763427" lat="34.206322">
        <extensions>
          <mytracks:speed>22</mytracks:speed>
        </extensions>
      </trkpt>
      <trkpt lon="135.763373" lat="34.206376">
        <extensions>
          <mytracks:speed>24</mytracks:speed>
        </extensions>
      </trkpt>
      <trkpt lon="135.763314" lat="34.206419">
        <extensions>
          <mytracks:speed>22</mytracks:speed>
        </extensions>
      </trkpt>
      <trkpt lon="135.763275" lat="34.206461">
        <extensions>
          <mytracks:speed>22</mytracks:speed>
        </extensions>
      </trkpt>
      <trkpt lon="135.763262" lat="34.206516">
        <extensions>
          <mytracks:speed>22</mytracks:speed>
        </extensions>
      </trkpt>
      <trkpt lon="135.763207" lat="34.206546">
        <extensions>
          <mytracks:speed>24</mytracks:speed>
        </extensions>
      </trkpt>
      <trkpt lon="135.763167" lat="34.206573">
        <extensions>
          <mytracks:speed>26</mytracks:speed>
        </extensions>
      </trkpt>
      <trkpt lon="135.763139" lat="34.206592">
        <extensions>
          <mytracks:speed>27</mytracks:speed>
        </extensions>
      </trkpt>
      <trkpt lon="135.763074" lat="34.206603">
        <extensions>
          <mytracks:speed>27</mytracks:speed>
        </extensions>
      </trkpt>
      <trkpt lon="135.763012" lat="34.206593">
        <extensions>
          <mytracks:speed>27</mytracks:speed>
        </extensions>
      </trkpt>
      <trkpt lon="135.762957" lat="34.206603">
        <extensions>
          <mytracks:speed>27</mytracks:speed>
        </extensions>
      </trkpt>
      <trkpt lon="135.762903" lat="34.206638">
        <extensions>
          <mytracks:speed>29</mytracks:speed>
        </extensions>
      </trkpt>
      <trkpt lon="135.762846" lat="34.206686">
        <extensions>
          <mytracks:speed>30</mytracks:speed>
        </extensions>
      </trkpt>
      <trkpt lon="135.762780" lat="34.206746">
        <extensions>
          <mytracks:speed>31</mytracks:speed>
        </extensions>
      </trkpt>
      <trkpt lon="135.762714" lat="34.206795">
        <extensions>
          <mytracks:speed>33</mytracks:speed>
        </extensions>
      </trkpt>
      <trkpt lon="135.762680" lat="34.206812">
        <extensions>
          <mytracks:speed>33</mytracks:speed>
        </extensions>
      </trkpt>
      <trkpt lon="135.762653" lat="34.206851">
        <extensions>
          <mytracks:speed>32</mytracks:speed>
        </extensions>
      </trkpt>
      <trkpt lon="135.762596" lat="34.206886">
        <extensions>
          <mytracks:speed>29</mytracks:speed>
        </extensions>
      </trkpt>
      <trkpt lon="135.762530" lat="34.206930">
        <extensions>
          <mytracks:speed>26</mytracks:speed>
        </extensions>
      </trkpt>
      <trkpt lon="135.762533" lat="34.206962">
        <extensions>
          <mytracks:speed>27</mytracks:speed>
        </extensions>
      </trkpt>
      <trkpt lon="135.762508" lat="34.207020">
        <extensions>
          <mytracks:speed>26</mytracks:speed>
        </extensions>
      </trkpt>
      <trkpt lon="135.762477" lat="34.207040">
        <extensions>
          <mytracks:speed>27</mytracks:speed>
        </extensions>
      </trkpt>
      <trkpt lon="135.762343" lat="34.207014">
        <extensions>
          <mytracks:speed>26</mytracks:speed>
        </extensions>
      </trkpt>
      <trkpt lon="135.762240" lat="34.206994">
        <extensions>
          <mytracks:speed>26</mytracks:speed>
        </extensions>
      </trkpt>
      <trkpt lon="135.762057" lat="34.206968">
        <extensions>
          <mytracks:speed>27</mytracks:speed>
        </extensions>
      </trkpt>
      <trkpt lon="135.762013" lat="34.207021">
        <extensions>
          <mytracks:speed>25</mytracks:speed>
        </extensions>
      </trkpt>
      <trkpt lon="135.761916" lat="34.207020">
        <extensions>
          <mytracks:speed>26</mytracks:speed>
        </extensions>
      </trkpt>
      <trkpt lon="135.761846" lat="34.207007">
        <extensions>
          <mytracks:speed>28</mytracks:speed>
        </extensions>
      </trkpt>
      <trkpt lon="135.761779" lat="34.207028">
        <extensions>
          <mytracks:speed>28</mytracks:speed>
        </extensions>
      </trkpt>
      <trkpt lon="135.761743" lat="34.206990">
        <extensions>
          <mytracks:speed>28</mytracks:speed>
        </extensions>
      </trkpt>
      <trkpt lon="135.761688" lat="34.207018">
        <extensions>
          <mytracks:speed>29</mytracks:speed>
        </extensions>
      </trkpt>
      <trkpt lon="135.761642" lat="34.207012">
        <extensions>
          <mytracks:speed>30</mytracks:speed>
        </extensions>
      </trkpt>
      <trkpt lon="135.761545" lat="34.207030">
        <extensions>
          <mytracks:speed>30</mytracks:speed>
        </extensions>
      </trkpt>
      <trkpt lon="135.761395" lat="34.207070">
        <extensions>
          <mytracks:speed>32</mytracks:speed>
        </extensions>
      </trkpt>
      <trkpt lon="135.761353" lat="34.207058">
        <extensions>
          <mytracks:speed>33</mytracks:speed>
        </extensions>
      </trkpt>
      <trkpt lon="135.761214" lat="34.207071">
        <extensions>
          <mytracks:speed>33</mytracks:speed>
        </extensions>
      </trkpt>
      <trkpt lon="135.761112" lat="34.207055">
        <extensions>
          <mytracks:speed>34</mytracks:speed>
        </extensions>
      </trkpt>
      <trkpt lon="135.760984" lat="34.207108">
        <extensions>
          <mytracks:speed>35</mytracks:speed>
        </extensions>
      </trkpt>
      <trkpt lon="135.760863" lat="34.207111">
        <extensions>
          <mytracks:speed>36</mytracks:speed>
        </extensions>
      </trkpt>
      <trkpt lon="135.760729" lat="34.207124">
        <extensions>
          <mytracks:speed>35</mytracks:speed>
        </extensions>
      </trkpt>
      <trkpt lon="135.760503" lat="34.207064">
        <extensions>
          <mytracks:speed>32</mytracks:speed>
        </extensions>
      </trkpt>
      <trkpt lon="135.760354" lat="34.207088">
        <extensions>
          <mytracks:speed>30</mytracks:speed>
        </extensions>
      </trkpt>
      <trkpt lon="135.760245" lat="34.207084">
        <extensions>
          <mytracks:speed>31</mytracks:speed>
        </extensions>
      </trkpt>
      <trkpt lon="135.760145" lat="34.207074">
        <extensions>
          <mytracks:speed>29</mytracks:speed>
        </extensions>
      </trkpt>
      <trkpt lon="135.760051" lat="34.207064">
        <extensions>
          <mytracks:speed>29</mytracks:speed>
        </extensions>
      </trkpt>
      <trkpt lon="135.759961" lat="34.207057">
        <extensions>
          <mytracks:speed>30</mytracks:speed>
        </extensions>
      </trkpt>
      <trkpt lon="135.759850" lat="34.207062">
        <extensions>
          <mytracks:speed>31</mytracks:speed>
        </extensions>
      </trkpt>
      <trkpt lon="135.759734" lat="34.207094">
        <extensions>
          <mytracks:speed>32</mytracks:speed>
        </extensions>
      </trkpt>
      <trkpt lon="135.759622" lat="34.207110">
        <extensions>
          <mytracks:speed>32</mytracks:speed>
        </extensions>
      </trkpt>
      <trkpt lon="135.759539" lat="34.207118">
        <extensions>
          <mytracks:speed>33</mytracks:speed>
        </extensions>
      </trkpt>
      <trkpt lon="135.759446" lat="34.207096">
        <extensions>
          <mytracks:speed>31</mytracks:speed>
        </extensions>
      </trkpt>
      <trkpt lon="135.759360" lat="34.207074">
        <extensions>
          <mytracks:speed>29</mytracks:speed>
        </extensions>
      </trkpt>
      <trkpt lon="135.759290" lat="34.207026">
        <extensions>
          <mytracks:speed>28</mytracks:speed>
        </extensions>
      </trkpt>
      <trkpt lon="135.759213" lat="34.206988">
        <extensions>
          <mytracks:speed>27</mytracks:speed>
        </extensions>
      </trkpt>
      <trkpt lon="135.759137" lat="34.206980">
        <extensions>
          <mytracks:speed>27</mytracks:speed>
        </extensions>
      </trkpt>
      <trkpt lon="135.759047" lat="34.206973">
        <extensions>
          <mytracks:speed>26</mytracks:speed>
        </extensions>
      </trkpt>
      <trkpt lon="135.758973" lat="34.206986">
        <extensions>
          <mytracks:speed>26</mytracks:speed>
        </extensions>
      </trkpt>
      <trkpt lon="135.758895" lat="34.206986">
        <extensions>
          <mytracks:speed>24</mytracks:speed>
        </extensions>
      </trkpt>
      <trkpt lon="135.758827" lat="34.206983">
        <extensions>
          <mytracks:speed>23</mytracks:speed>
        </extensions>
      </trkpt>
      <trkpt lon="135.758777" lat="34.206982">
        <extensions>
          <mytracks:speed>23</mytracks:speed>
        </extensions>
      </trkpt>
      <trkpt lon="135.758722" lat="34.206965">
        <extensions>
          <mytracks:speed>22</mytracks:speed>
        </extensions>
      </trkpt>
      <trkpt lon="135.758662" lat="34.206911">
        <extensions>
          <mytracks:speed>22</mytracks:speed>
        </extensions>
      </trkpt>
      <trkpt lon="135.758636" lat="34.206857">
        <extensions>
          <mytracks:speed>26</mytracks:speed>
        </extensions>
      </trkpt>
      <trkpt lon="135.758598" lat="34.206805">
        <extensions>
          <mytracks:speed>30</mytracks:speed>
        </extensions>
      </trkpt>
      <trkpt lon="135.758572" lat="34.206738">
        <extensions>
          <mytracks:speed>32</mytracks:speed>
        </extensions>
      </trkpt>
      <trkpt lon="135.758531" lat="34.206664">
        <extensions>
          <mytracks:speed>33</mytracks:speed>
        </extensions>
      </trkpt>
      <trkpt lon="135.758510" lat="34.206586">
        <extensions>
          <mytracks:speed>32</mytracks:speed>
        </extensions>
      </trkpt>
      <trkpt lon="135.758501" lat="34.206487">
        <extensions>
          <mytracks:speed>28</mytracks:speed>
        </extensions>
      </trkpt>
      <trkpt lon="135.758405" lat="34.206405">
        <extensions>
          <mytracks:speed>29</mytracks:speed>
        </extensions>
      </trkpt>
      <trkpt lon="135.758352" lat="34.206332">
        <extensions>
          <mytracks:speed>31</mytracks:speed>
        </extensions>
      </trkpt>
      <trkpt lon="135.758300" lat="34.206271">
        <extensions>
          <mytracks:speed>34</mytracks:speed>
        </extensions>
      </trkpt>
      <trkpt lon="135.758228" lat="34.206206">
        <extensions>
          <mytracks:speed>33</mytracks:speed>
        </extensions>
      </trkpt>
      <trkpt lon="135.758162" lat="34.206142">
        <extensions>
          <mytracks:speed>32</mytracks:speed>
        </extensions>
      </trkpt>
      <trkpt lon="135.758119" lat="34.206065">
        <extensions>
          <mytracks:speed>31</mytracks:speed>
        </extensions>
      </trkpt>
      <trkpt lon="135.758080" lat="34.206019">
        <extensions>
          <mytracks:speed>29</mytracks:speed>
        </extensions>
      </trkpt>
      <trkpt lon="135.758039" lat="34.205953">
        <extensions>
          <mytracks:speed>26</mytracks:speed>
        </extensions>
      </trkpt>
      <trkpt lon="135.757999" lat="34.205887">
        <extensions>
          <mytracks:speed>26</mytracks:speed>
        </extensions>
      </trkpt>
      <trkpt lon="135.757971" lat="34.205839">
        <extensions>
          <mytracks:speed>28</mytracks:speed>
        </extensions>
      </trkpt>
      <trkpt lon="135.757973" lat="34.205781">
        <extensions>
          <mytracks:speed>30</mytracks:speed>
        </extensions>
      </trkpt>
      <trkpt lon="135.757965" lat="34.205719">
        <extensions>
          <mytracks:speed>32</mytracks:speed>
        </extensions>
      </trkpt>
      <trkpt lon="135.757992" lat="34.205673">
        <extensions>
          <mytracks:speed>32</mytracks:speed>
        </extensions>
      </trkpt>
      <trkpt lon="135.758024" lat="34.205594">
        <extensions>
          <mytracks:speed>30</mytracks:speed>
        </extensions>
      </trkpt>
      <trkpt lon="135.758034" lat="34.205542">
        <extensions>
          <mytracks:speed>31</mytracks:speed>
        </extensions>
      </trkpt>
      <trkpt lon="135.758049" lat="34.205474">
        <extensions>
          <mytracks:speed>26</mytracks:speed>
        </extensions>
      </trkpt>
      <trkpt lon="135.758047" lat="34.205411">
        <extensions>
          <mytracks:speed>26</mytracks:speed>
        </extensions>
      </trkpt>
      <trkpt lon="135.758020" lat="34.205356">
        <extensions>
          <mytracks:speed>26</mytracks:speed>
        </extensions>
      </trkpt>
      <trkpt lon="135.757967" lat="34.205302">
        <extensions>
          <mytracks:speed>27</mytracks:speed>
        </extensions>
      </trkpt>
      <trkpt lon="135.757887" lat="34.205279">
        <extensions>
          <mytracks:speed>29</mytracks:speed>
        </extensions>
      </trkpt>
      <trkpt lon="135.757830" lat="34.205230">
        <extensions>
          <mytracks:speed>30</mytracks:speed>
        </extensions>
      </trkpt>
      <trkpt lon="135.757762" lat="34.205185">
        <extensions>
          <mytracks:speed>31</mytracks:speed>
        </extensions>
      </trkpt>
      <trkpt lon="135.757702" lat="34.205174">
        <extensions>
          <mytracks:speed>30</mytracks:speed>
        </extensions>
      </trkpt>
      <trkpt lon="135.757644" lat="34.205140">
        <extensions>
          <mytracks:speed>29</mytracks:speed>
        </extensions>
      </trkpt>
      <trkpt lon="135.757604" lat="34.205081">
        <extensions>
          <mytracks:speed>28</mytracks:speed>
        </extensions>
      </trkpt>
      <trkpt lon="135.757598" lat="34.205029">
        <extensions>
          <mytracks:speed>28</mytracks:speed>
        </extensions>
      </trkpt>
      <trkpt lon="135.757591" lat="34.204954">
        <extensions>
          <mytracks:speed>31</mytracks:speed>
        </extensions>
      </trkpt>
      <trkpt lon="135.757584" lat="34.204871">
        <extensions>
          <mytracks:speed>29</mytracks:speed>
        </extensions>
      </trkpt>
      <trkpt lon="135.757586" lat="34.204817">
        <extensions>
          <mytracks:speed>25</mytracks:speed>
        </extensions>
      </trkpt>
      <trkpt lon="135.757575" lat="34.204761">
        <extensions>
          <mytracks:speed>23</mytracks:speed>
        </extensions>
      </trkpt>
      <trkpt lon="135.757535" lat="34.204724">
        <extensions>
          <mytracks:speed>22</mytracks:speed>
        </extensions>
      </trkpt>
      <trkpt lon="135.757504" lat="34.204657">
        <extensions>
          <mytracks:speed>24</mytracks:speed>
        </extensions>
      </trkpt>
      <trkpt lon="135.757458" lat="34.204609">
        <extensions>
          <mytracks:speed>25</mytracks:speed>
        </extensions>
      </trkpt>
      <trkpt lon="135.757421" lat="34.204548">
        <extensions>
          <mytracks:speed>27</mytracks:speed>
        </extensions>
      </trkpt>
      <trkpt lon="135.757380" lat="34.204497">
        <extensions>
          <mytracks:speed>27</mytracks:speed>
        </extensions>
      </trkpt>
      <trkpt lon="135.757271" lat="34.204455">
        <extensions>
          <mytracks:speed>29</mytracks:speed>
        </extensions>
      </trkpt>
      <trkpt lon="135.757181" lat="34.204424">
        <extensions>
          <mytracks:speed>27</mytracks:speed>
        </extensions>
      </trkpt>
      <trkpt lon="135.757098" lat="34.204411">
        <extensions>
          <mytracks:speed>27</mytracks:speed>
        </extensions>
      </trkpt>
      <trkpt lon="135.757027" lat="34.204380">
        <extensions>
          <mytracks:speed>27</mytracks:speed>
        </extensions>
      </trkpt>
      <trkpt lon="135.756964" lat="34.204349">
        <extensions>
          <mytracks:speed>30</mytracks:speed>
        </extensions>
      </trkpt>
      <trkpt lon="135.756894" lat="34.204305">
        <extensions>
          <mytracks:speed>30</mytracks:speed>
        </extensions>
      </trkpt>
      <trkpt lon="135.756847" lat="34.204219">
        <extensions>
          <mytracks:speed>29</mytracks:speed>
        </extensions>
      </trkpt>
      <trkpt lon="135.756794" lat="34.204171">
        <extensions>
          <mytracks:speed>26</mytracks:speed>
        </extensions>
      </trkpt>
      <trkpt lon="135.756736" lat="34.204104">
        <extensions>
          <mytracks:speed>27</mytracks:speed>
        </extensions>
      </trkpt>
      <trkpt lon="135.756648" lat="34.204074">
        <extensions>
          <mytracks:speed>28</mytracks:speed>
        </extensions>
      </trkpt>
      <trkpt lon="135.756578" lat="34.204008">
        <extensions>
          <mytracks:speed>27</mytracks:speed>
        </extensions>
      </trkpt>
      <trkpt lon="135.756537" lat="34.203966">
        <extensions>
          <mytracks:speed>27</mytracks:speed>
        </extensions>
      </trkpt>
      <trkpt lon="135.756486" lat="34.203945">
        <extensions>
          <mytracks:speed>27</mytracks:speed>
        </extensions>
      </trkpt>
      <trkpt lon="135.756410" lat="34.203917">
        <extensions>
          <mytracks:speed>27</mytracks:speed>
        </extensions>
      </trkpt>
      <trkpt lon="135.756323" lat="34.203914">
        <extensions>
          <mytracks:speed>28</mytracks:speed>
        </extensions>
      </trkpt>
      <trkpt lon="135.756198" lat="34.203920">
        <extensions>
          <mytracks:speed>29</mytracks:speed>
        </extensions>
      </trkpt>
      <trkpt lon="135.756098" lat="34.203939">
        <extensions>
          <mytracks:speed>31</mytracks:speed>
        </extensions>
      </trkpt>
      <trkpt lon="135.756005" lat="34.203939">
        <extensions>
          <mytracks:speed>32</mytracks:speed>
        </extensions>
      </trkpt>
      <trkpt lon="135.755908" lat="34.203946">
        <extensions>
          <mytracks:speed>32</mytracks:speed>
        </extensions>
      </trkpt>
      <trkpt lon="135.755824" lat="34.203947">
        <extensions>
          <mytracks:speed>31</mytracks:speed>
        </extensions>
      </trkpt>
      <trkpt lon="135.755747" lat="34.203953">
        <extensions>
          <mytracks:speed>26</mytracks:speed>
        </extensions>
      </trkpt>
      <trkpt lon="135.755683" lat="34.203926">
        <extensions>
          <mytracks:speed>25</mytracks:speed>
        </extensions>
      </trkpt>
      <trkpt lon="135.755619" lat="34.203913">
        <extensions>
          <mytracks:speed>23</mytracks:speed>
        </extensions>
      </trkpt>
      <trkpt lon="135.755526" lat="34.203912">
        <extensions>
          <mytracks:speed>21</mytracks:speed>
        </extensions>
      </trkpt>
      <trkpt lon="135.755474" lat="34.203890">
        <extensions>
          <mytracks:speed>20</mytracks:speed>
        </extensions>
      </trkpt>
      <trkpt lon="135.755425" lat="34.203914">
        <extensions>
          <mytracks:speed>19</mytracks:speed>
        </extensions>
      </trkpt>
      <trkpt lon="135.755367" lat="34.203985">
        <extensions>
          <mytracks:speed>21</mytracks:speed>
        </extensions>
      </trkpt>
      <trkpt lon="135.755339" lat="34.204064">
        <extensions>
          <mytracks:speed>21</mytracks:speed>
        </extensions>
      </trkpt>
      <trkpt lon="135.755298" lat="34.204099">
        <extensions>
          <mytracks:speed>24</mytracks:speed>
        </extensions>
      </trkpt>
      <trkpt lon="135.755251" lat="34.204147">
        <extensions>
          <mytracks:speed>24</mytracks:speed>
        </extensions>
      </trkpt>
      <trkpt lon="135.755195" lat="34.204187">
        <extensions>
          <mytracks:speed>23</mytracks:speed>
        </extensions>
      </trkpt>
      <trkpt lon="135.755197" lat="34.204230">
        <extensions>
          <mytracks:speed>22</mytracks:speed>
        </extensions>
      </trkpt>
      <trkpt lon="135.755235" lat="34.204271">
        <extensions>
          <mytracks:speed>21</mytracks:speed>
        </extensions>
      </trkpt>
      <trkpt lon="135.755166" lat="34.204221">
        <extensions>
          <mytracks:speed>22</mytracks:speed>
        </extensions>
      </trkpt>
      <trkpt lon="135.755078" lat="34.204184">
        <extensions>
          <mytracks:speed>23</mytracks:speed>
        </extensions>
      </trkpt>
      <trkpt lon="135.755017" lat="34.204146">
        <extensions>
          <mytracks:speed>25</mytracks:speed>
        </extensions>
      </trkpt>
      <trkpt lon="135.754966" lat="34.204125">
        <extensions>
          <mytracks:speed>23</mytracks:speed>
        </extensions>
      </trkpt>
      <trkpt lon="135.754944" lat="34.204078">
        <extensions>
          <mytracks:speed>22</mytracks:speed>
        </extensions>
      </trkpt>
      <trkpt lon="135.754907" lat="34.204056">
        <extensions>
          <mytracks:speed>21</mytracks:speed>
        </extensions>
      </trkpt>
      <trkpt lon="135.754868" lat="34.204037">
        <extensions>
          <mytracks:speed>22</mytracks:speed>
        </extensions>
      </trkpt>
      <trkpt lon="135.754798" lat="34.204029">
        <extensions>
          <mytracks:speed>27</mytracks:speed>
        </extensions>
      </trkpt>
      <trkpt lon="135.754690" lat="34.203993">
        <extensions>
          <mytracks:speed>27</mytracks:speed>
        </extensions>
      </trkpt>
      <trkpt lon="135.754566" lat="34.203949">
        <extensions>
          <mytracks:speed>27</mytracks:speed>
        </extensions>
      </trkpt>
      <trkpt lon="135.754479" lat="34.203911">
        <extensions>
          <mytracks:speed>27</mytracks:speed>
        </extensions>
      </trkpt>
      <trkpt lon="135.754401" lat="34.203932">
        <extensions>
          <mytracks:speed>26</mytracks:speed>
        </extensions>
      </trkpt>
      <trkpt lon="135.754321" lat="34.203958">
        <extensions>
          <mytracks:speed>25</mytracks:speed>
        </extensions>
      </trkpt>
      <trkpt lon="135.754211" lat="34.203963">
        <extensions>
          <mytracks:speed>24</mytracks:speed>
        </extensions>
      </trkpt>
      <trkpt lon="135.754145" lat="34.203970">
        <extensions>
          <mytracks:speed>22</mytracks:speed>
        </extensions>
      </trkpt>
      <trkpt lon="135.754093" lat="34.203984">
        <extensions>
          <mytracks:speed>18</mytracks:speed>
        </extensions>
      </trkpt>
      <trkpt lon="135.754048" lat="34.204025">
        <extensions>
          <mytracks:speed>17</mytracks:speed>
        </extensions>
      </trkpt>
      <trkpt lon="135.754005" lat="34.204055">
        <extensions>
          <mytracks:speed>18</mytracks:speed>
        </extensions>
      </trkpt>
      <trkpt lon="135.753941" lat="34.204086">
        <extensions>
          <mytracks:speed>19</mytracks:speed>
        </extensions>
      </trkpt>
      <trkpt lon="135.753880" lat="34.204086">
        <extensions>
          <mytracks:speed>21</mytracks:speed>
        </extensions>
      </trkpt>
      <trkpt lon="135.753825" lat="34.204119">
        <extensions>
          <mytracks:speed>23</mytracks:speed>
        </extensions>
      </trkpt>
      <trkpt lon="135.753784" lat="34.204167">
        <extensions>
          <mytracks:speed>26</mytracks:speed>
        </extensions>
      </trkpt>
      <trkpt lon="135.753725" lat="34.204198">
        <extensions>
          <mytracks:speed>27</mytracks:speed>
        </extensions>
      </trkpt>
      <trkpt lon="135.753660" lat="34.204227">
        <extensions>
          <mytracks:speed>29</mytracks:speed>
        </extensions>
      </trkpt>
      <trkpt lon="135.753584" lat="34.204264">
        <extensions>
          <mytracks:speed>29</mytracks:speed>
        </extensions>
      </trkpt>
      <trkpt lon="135.753498" lat="34.204293">
        <extensions>
          <mytracks:speed>27</mytracks:speed>
        </extensions>
      </trkpt>
      <trkpt lon="135.753386" lat="34.204279">
        <extensions>
          <mytracks:speed>27</mytracks:speed>
        </extensions>
      </trkpt>
      <trkpt lon="135.753259" lat="34.204271">
        <extensions>
          <mytracks:speed>26</mytracks:speed>
        </extensions>
      </trkpt>
      <trkpt lon="135.753170" lat="34.204266">
        <extensions>
          <mytracks:speed>25</mytracks:speed>
        </extensions>
      </trkpt>
      <trkpt lon="135.753091" lat="34.204305">
        <extensions>
          <mytracks:speed>23</mytracks:speed>
        </extensions>
      </trkpt>
      <trkpt lon="135.753049" lat="34.204341">
        <extensions>
          <mytracks:speed>23</mytracks:speed>
        </extensions>
      </trkpt>
      <trkpt lon="135.752990" lat="34.204364">
        <extensions>
          <mytracks:speed>25</mytracks:speed>
        </extensions>
      </trkpt>
      <trkpt lon="135.752931" lat="34.204400">
        <extensions>
          <mytracks:speed>27</mytracks:speed>
        </extensions>
      </trkpt>
      <trkpt lon="135.752872" lat="34.204445">
        <extensions>
          <mytracks:speed>29</mytracks:speed>
        </extensions>
      </trkpt>
      <trkpt lon="135.752815" lat="34.204536">
        <extensions>
          <mytracks:speed>31</mytracks:speed>
        </extensions>
      </trkpt>
      <trkpt lon="135.752755" lat="34.204607">
        <extensions>
          <mytracks:speed>32</mytracks:speed>
        </extensions>
      </trkpt>
      <trkpt lon="135.752687" lat="34.204685">
        <extensions>
          <mytracks:speed>31</mytracks:speed>
        </extensions>
      </trkpt>
      <trkpt lon="135.752615" lat="34.204743">
        <extensions>
          <mytracks:speed>30</mytracks:speed>
        </extensions>
      </trkpt>
      <trkpt lon="135.752545" lat="34.204800">
        <extensions>
          <mytracks:speed>29</mytracks:speed>
        </extensions>
      </trkpt>
      <trkpt lon="135.752488" lat="34.204856">
        <extensions>
          <mytracks:speed>27</mytracks:speed>
        </extensions>
      </trkpt>
      <trkpt lon="135.752394" lat="34.204850">
        <extensions>
          <mytracks:speed>27</mytracks:speed>
        </extensions>
      </trkpt>
      <trkpt lon="135.752323" lat="34.204881">
        <extensions>
          <mytracks:speed>29</mytracks:speed>
        </extensions>
      </trkpt>
      <trkpt lon="135.752244" lat="34.204897">
        <extensions>
          <mytracks:speed>30</mytracks:speed>
        </extensions>
      </trkpt>
      <trkpt lon="135.752162" lat="34.204909">
        <extensions>
          <mytracks:speed>30</mytracks:speed>
        </extensions>
      </trkpt>
      <trkpt lon="135.752077" lat="34.204924">
        <extensions>
          <mytracks:speed>29</mytracks:speed>
        </extensions>
      </trkpt>
      <trkpt lon="135.752002" lat="34.204941">
        <extensions>
          <mytracks:speed>27</mytracks:speed>
        </extensions>
      </trkpt>
      <trkpt lon="135.751945" lat="34.204956">
        <extensions>
          <mytracks:speed>26</mytracks:speed>
        </extensions>
      </trkpt>
      <trkpt lon="135.751875" lat="34.204967">
        <extensions>
          <mytracks:speed>27</mytracks:speed>
        </extensions>
      </trkpt>
      <trkpt lon="135.751810" lat="34.204986">
        <extensions>
          <mytracks:speed>28</mytracks:speed>
        </extensions>
      </trkpt>
      <trkpt lon="135.751741" lat="34.205009">
        <extensions>
          <mytracks:speed>27</mytracks:speed>
        </extensions>
      </trkpt>
      <trkpt lon="135.751670" lat="34.205048">
        <extensions>
          <mytracks:speed>27</mytracks:speed>
        </extensions>
      </trkpt>
      <trkpt lon="135.751588" lat="34.205073">
        <extensions>
          <mytracks:speed>28</mytracks:speed>
        </extensions>
      </trkpt>
      <trkpt lon="135.751532" lat="34.205117">
        <extensions>
          <mytracks:speed>27</mytracks:speed>
        </extensions>
      </trkpt>
      <trkpt lon="135.751466" lat="34.205153">
        <extensions>
          <mytracks:speed>27</mytracks:speed>
        </extensions>
      </trkpt>
      <trkpt lon="135.751403" lat="34.205189">
        <extensions>
          <mytracks:speed>25</mytracks:speed>
        </extensions>
      </trkpt>
      <trkpt lon="135.751366" lat="34.205223">
        <extensions>
          <mytracks:speed>22</mytracks:speed>
        </extensions>
      </trkpt>
      <trkpt lon="135.751318" lat="34.205248">
        <extensions>
          <mytracks:speed>24</mytracks:speed>
        </extensions>
      </trkpt>
      <trkpt lon="135.751284" lat="34.205304">
        <extensions>
          <mytracks:speed>24</mytracks:speed>
        </extensions>
      </trkpt>
      <trkpt lon="135.751237" lat="34.205358">
        <extensions>
          <mytracks:speed>24</mytracks:speed>
        </extensions>
      </trkpt>
      <trkpt lon="135.751190" lat="34.205399">
        <extensions>
          <mytracks:speed>24</mytracks:speed>
        </extensions>
      </trkpt>
      <trkpt lon="135.751146" lat="34.205437">
        <extensions>
          <mytracks:speed>21</mytracks:speed>
        </extensions>
      </trkpt>
      <trkpt lon="135.751105" lat="34.205462">
        <extensions>
          <mytracks:speed>20</mytracks:speed>
        </extensions>
      </trkpt>
      <trkpt lon="135.751065" lat="34.205494">
        <extensions>
          <mytracks:speed>18</mytracks:speed>
        </extensions>
      </trkpt>
      <trkpt lon="135.751029" lat="34.205522">
        <extensions>
          <mytracks:speed>20</mytracks:speed>
        </extensions>
      </trkpt>
      <trkpt lon="135.751015" lat="34.205520">
        <extensions>
          <mytracks:speed>23</mytracks:speed>
        </extensions>
      </trkpt>
      <trkpt lon="135.750981" lat="34.205543">
        <extensions>
          <mytracks:speed>21</mytracks:speed>
        </extensions>
      </trkpt>
      <trkpt lon="135.750911" lat="34.205541">
        <extensions>
          <mytracks:speed>21</mytracks:speed>
        </extensions>
      </trkpt>
      <trkpt lon="135.750889" lat="34.205585">
        <extensions>
          <mytracks:speed>21</mytracks:speed>
        </extensions>
      </trkpt>
      <trkpt lon="135.750842" lat="34.205620">
        <extensions>
          <mytracks:speed>23</mytracks:speed>
        </extensions>
      </trkpt>
      <trkpt lon="135.750797" lat="34.205693">
        <extensions>
          <mytracks:speed>25</mytracks:speed>
        </extensions>
      </trkpt>
      <trkpt lon="135.750755" lat="34.205731">
        <extensions>
          <mytracks:speed>27</mytracks:speed>
        </extensions>
      </trkpt>
      <trkpt lon="135.750709" lat="34.205782">
        <extensions>
          <mytracks:speed>30</mytracks:speed>
        </extensions>
      </trkpt>
      <trkpt lon="135.750666" lat="34.205871">
        <extensions>
          <mytracks:speed>30</mytracks:speed>
        </extensions>
      </trkpt>
      <trkpt lon="135.750622" lat="34.205949">
        <extensions>
          <mytracks:speed>32</mytracks:speed>
        </extensions>
      </trkpt>
      <trkpt lon="135.750577" lat="34.206066">
        <extensions>
          <mytracks:speed>31</mytracks:speed>
        </extensions>
      </trkpt>
      <trkpt lon="135.750542" lat="34.206147">
        <extensions>
          <mytracks:speed>33</mytracks:speed>
        </extensions>
      </trkpt>
      <trkpt lon="135.750484" lat="34.206225">
        <extensions>
          <mytracks:speed>33</mytracks:speed>
        </extensions>
      </trkpt>
      <trkpt lon="135.750421" lat="34.206307">
        <extensions>
          <mytracks:speed>34</mytracks:speed>
        </extensions>
      </trkpt>
      <trkpt lon="135.750375" lat="34.206395">
        <extensions>
          <mytracks:speed>33</mytracks:speed>
        </extensions>
      </trkpt>
      <trkpt lon="135.750338" lat="34.206481">
        <extensions>
          <mytracks:speed>32</mytracks:speed>
        </extensions>
      </trkpt>
      <trkpt lon="135.750286" lat="34.206556">
        <extensions>
          <mytracks:speed>30</mytracks:speed>
        </extensions>
      </trkpt>
      <trkpt lon="135.750242" lat="34.206620">
        <extensions>
          <mytracks:speed>30</mytracks:speed>
        </extensions>
      </trkpt>
      <trkpt lon="135.750214" lat="34.206702">
        <extensions>
          <mytracks:speed>31</mytracks:speed>
        </extensions>
      </trkpt>
      <trkpt lon="135.750195" lat="34.206734">
        <extensions>
          <mytracks:speed>32</mytracks:speed>
        </extensions>
      </trkpt>
      <trkpt lon="135.749993" lat="34.206721">
        <extensions>
          <mytracks:speed>33</mytracks:speed>
        </extensions>
      </trkpt>
      <trkpt lon="135.749906" lat="34.206731">
        <extensions>
          <mytracks:speed>32</mytracks:speed>
        </extensions>
      </trkpt>
      <trkpt lon="135.749784" lat="34.206731">
        <extensions>
          <mytracks:speed>32</mytracks:speed>
        </extensions>
      </trkpt>
      <trkpt lon="135.749675" lat="34.206743">
        <extensions>
          <mytracks:speed>33</mytracks:speed>
        </extensions>
      </trkpt>
      <trkpt lon="135.749600" lat="34.206796">
        <extensions>
          <mytracks:speed>33</mytracks:speed>
        </extensions>
      </trkpt>
      <trkpt lon="135.749486" lat="34.206824">
        <extensions>
          <mytracks:speed>32</mytracks:speed>
        </extensions>
      </trkpt>
      <trkpt lon="135.749432" lat="34.206898">
        <extensions>
          <mytracks:speed>33</mytracks:speed>
        </extensions>
      </trkpt>
      <trkpt lon="135.749338" lat="34.206937">
        <extensions>
          <mytracks:speed>31</mytracks:speed>
        </extensions>
      </trkpt>
      <trkpt lon="135.749251" lat="34.206970">
        <extensions>
          <mytracks:speed>25</mytracks:speed>
        </extensions>
      </trkpt>
      <trkpt lon="135.749207" lat="34.206988">
        <extensions>
          <mytracks:speed>23</mytracks:speed>
        </extensions>
      </trkpt>
      <trkpt lon="135.749153" lat="34.207029">
        <extensions>
          <mytracks:speed>22</mytracks:speed>
        </extensions>
      </trkpt>
      <trkpt lon="135.749100" lat="34.207065">
        <extensions>
          <mytracks:speed>24</mytracks:speed>
        </extensions>
      </trkpt>
      <trkpt lon="135.749070" lat="34.207140">
        <extensions>
          <mytracks:speed>25</mytracks:speed>
        </extensions>
      </trkpt>
      <trkpt lon="135.749022" lat="34.207187">
        <extensions>
          <mytracks:speed>24</mytracks:speed>
        </extensions>
      </trkpt>
      <trkpt lon="135.748979" lat="34.207230">
        <extensions>
          <mytracks:speed>24</mytracks:speed>
        </extensions>
      </trkpt>
      <trkpt lon="135.748938" lat="34.207284">
        <extensions>
          <mytracks:speed>22</mytracks:speed>
        </extensions>
      </trkpt>
      <trkpt lon="135.748912" lat="34.207345">
        <extensions>
          <mytracks:speed>24</mytracks:speed>
        </extensions>
      </trkpt>
      <trkpt lon="135.748888" lat="34.207399">
        <extensions>
          <mytracks:speed>25</mytracks:speed>
        </extensions>
      </trkpt>
      <trkpt lon="135.748889" lat="34.207459">
        <extensions>
          <mytracks:speed>26</mytracks:speed>
        </extensions>
      </trkpt>
      <trkpt lon="135.748886" lat="34.207542">
        <extensions>
          <mytracks:speed>26</mytracks:speed>
        </extensions>
      </trkpt>
      <trkpt lon="135.748865" lat="34.207595">
        <extensions>
          <mytracks:speed>24</mytracks:speed>
        </extensions>
      </trkpt>
      <trkpt lon="135.748880" lat="34.207655">
        <extensions>
          <mytracks:speed>23</mytracks:speed>
        </extensions>
      </trkpt>
      <trkpt lon="135.748923" lat="34.207702">
        <extensions>
          <mytracks:speed>24</mytracks:speed>
        </extensions>
      </trkpt>
      <trkpt lon="135.748943" lat="34.207728">
        <extensions>
          <mytracks:speed>25</mytracks:speed>
        </extensions>
      </trkpt>
      <trkpt lon="135.748980" lat="34.207741">
        <extensions>
          <mytracks:speed>24</mytracks:speed>
        </extensions>
      </trkpt>
      <trkpt lon="135.749030" lat="34.207789">
        <extensions>
          <mytracks:speed>24</mytracks:speed>
        </extensions>
      </trkpt>
      <trkpt lon="135.749068" lat="34.207840">
        <extensions>
          <mytracks:speed>25</mytracks:speed>
        </extensions>
      </trkpt>
      <trkpt lon="135.749099" lat="34.207884">
        <extensions>
          <mytracks:speed>24</mytracks:speed>
        </extensions>
      </trkpt>
      <trkpt lon="135.749119" lat="34.207942">
        <extensions>
          <mytracks:speed>24</mytracks:speed>
        </extensions>
      </trkpt>
      <trkpt lon="135.749128" lat="34.207974">
        <extensions>
          <mytracks:speed>25</mytracks:speed>
        </extensions>
      </trkpt>
      <trkpt lon="135.749136" lat="34.208027">
        <extensions>
          <mytracks:speed>24</mytracks:speed>
        </extensions>
      </trkpt>
      <trkpt lon="135.749122" lat="34.208073">
        <extensions>
          <mytracks:speed>24</mytracks:speed>
        </extensions>
      </trkpt>
      <trkpt lon="135.749095" lat="34.208109">
        <extensions>
          <mytracks:speed>20</mytracks:speed>
        </extensions>
      </trkpt>
      <trkpt lon="135.749135" lat="34.208138">
        <extensions>
          <mytracks:speed>20</mytracks:speed>
        </extensions>
      </trkpt>
      <trkpt lon="135.749165" lat="34.208184">
        <extensions>
          <mytracks:speed>21</mytracks:speed>
        </extensions>
      </trkpt>
      <trkpt lon="135.749215" lat="34.208213">
        <extensions>
          <mytracks:speed>23</mytracks:speed>
        </extensions>
      </trkpt>
      <trkpt lon="135.749300" lat="34.208247">
        <extensions>
          <mytracks:speed>23</mytracks:speed>
        </extensions>
      </trkpt>
      <trkpt lon="135.749394" lat="34.208304">
        <extensions>
          <mytracks:speed>23</mytracks:speed>
        </extensions>
      </trkpt>
      <trkpt lon="135.749506" lat="34.208357">
        <extensions>
          <mytracks:speed>23</mytracks:speed>
        </extensions>
      </trkpt>
      <trkpt lon="135.749602" lat="34.208422">
        <extensions>
          <mytracks:speed>21</mytracks:speed>
        </extensions>
      </trkpt>
      <trkpt lon="135.749673" lat="34.208477">
        <extensions>
          <mytracks:speed>24</mytracks:speed>
        </extensions>
      </trkpt>
      <trkpt lon="135.749744" lat="34.208543">
        <extensions>
          <mytracks:speed>23</mytracks:speed>
        </extensions>
      </trkpt>
      <trkpt lon="135.749786" lat="34.208619">
        <extensions>
          <mytracks:speed>24</mytracks:speed>
        </extensions>
      </trkpt>
      <trkpt lon="135.749865" lat="34.208691">
        <extensions>
          <mytracks:speed>24</mytracks:speed>
        </extensions>
      </trkpt>
      <trkpt lon="135.749909" lat="34.208740">
        <extensions>
          <mytracks:speed>24</mytracks:speed>
        </extensions>
      </trkpt>
      <trkpt lon="135.749917" lat="34.208771">
        <extensions>
          <mytracks:speed>23</mytracks:speed>
        </extensions>
      </trkpt>
      <trkpt lon="135.749973" lat="34.208808">
        <extensions>
          <mytracks:speed>22</mytracks:speed>
        </extensions>
      </trkpt>
      <trkpt lon="135.750011" lat="34.208845">
        <extensions>
          <mytracks:speed>24</mytracks:speed>
        </extensions>
      </trkpt>
      <trkpt lon="135.749988" lat="34.208881">
        <extensions>
          <mytracks:speed>24</mytracks:speed>
        </extensions>
      </trkpt>
      <trkpt lon="135.749984" lat="34.208952">
        <extensions>
          <mytracks:speed>24</mytracks:speed>
        </extensions>
      </trkpt>
      <trkpt lon="135.749969" lat="34.208982">
        <extensions>
          <mytracks:speed>24</mytracks:speed>
        </extensions>
      </trkpt>
      <trkpt lon="135.749984" lat="34.209036">
        <extensions>
          <mytracks:speed>23</mytracks:speed>
        </extensions>
      </trkpt>
      <trkpt lon="135.750024" lat="34.209075">
        <extensions>
          <mytracks:speed>19</mytracks:speed>
        </extensions>
      </trkpt>
      <trkpt lon="135.750045" lat="34.209111">
        <extensions>
          <mytracks:speed>17</mytracks:speed>
        </extensions>
      </trkpt>
      <trkpt lon="135.750068" lat="34.209134">
        <extensions>
          <mytracks:speed>14</mytracks:speed>
        </extensions>
      </trkpt>
      <trkpt lon="135.750080" lat="34.209170">
        <extensions>
          <mytracks:speed>13</mytracks:speed>
        </extensions>
      </trkpt>
      <trkpt lon="135.750103" lat="34.209202">
        <extensions>
          <mytracks:speed>10</mytracks:speed>
        </extensions>
      </trkpt>
      <trkpt lon="135.750086" lat="34.209216">
        <extensions>
          <mytracks:speed>9</mytracks:speed>
        </extensions>
      </trkpt>
      <trkpt lon="135.750073" lat="34.209232">
        <extensions>
          <mytracks:speed>10</mytracks:speed>
        </extensions>
      </trkpt>
      <trkpt lon="135.750059" lat="34.209248">
        <extensions>
          <mytracks:speed>10</mytracks:speed>
        </extensions>
      </trkpt>
      <trkpt lon="135.750048" lat="34.209263">
        <extensions>
          <mytracks:speed>14</mytracks:speed>
        </extensions>
      </trkpt>
      <trkpt lon="135.750039" lat="34.209278">
        <extensions>
          <mytracks:speed>15</mytracks:speed>
        </extensions>
      </trkpt>
      <trkpt lon="135.750034" lat="34.209287">
        <extensions>
          <mytracks:speed>17</mytracks:speed>
        </extensions>
      </trkpt>
      <trkpt lon="135.750027" lat="34.209284">
        <extensions>
          <mytracks:speed>20</mytracks:speed>
        </extensions>
      </trkpt>
      <trkpt lon="135.750018" lat="34.209271">
        <extensions>
          <mytracks:speed>25</mytracks:speed>
        </extensions>
      </trkpt>
      <trkpt lon="135.749999" lat="34.209238">
        <extensions>
          <mytracks:speed>25</mytracks:speed>
        </extensions>
      </trkpt>
      <trkpt lon="135.749968" lat="34.209197">
        <extensions>
          <mytracks:speed>28</mytracks:speed>
        </extensions>
      </trkpt>
      <trkpt lon="135.749924" lat="34.209154">
        <extensions>
          <mytracks:speed>28</mytracks:speed>
        </extensions>
      </trkpt>
      <trkpt lon="135.749877" lat="34.209107">
        <extensions>
          <mytracks:speed>28</mytracks:speed>
        </extensions>
      </trkpt>
      <trkpt lon="135.749825" lat="34.209058">
        <extensions>
          <mytracks:speed>26</mytracks:speed>
        </extensions>
      </trkpt>
      <trkpt lon="135.749774" lat="34.209009">
        <extensions>
          <mytracks:speed>25</mytracks:speed>
        </extensions>
      </trkpt>
      <trkpt lon="135.749668" lat="34.208874">
        <extensions>
          <mytracks:speed>24</mytracks:speed>
        </extensions>
      </trkpt>
      <trkpt lon="135.749641" lat="34.208842">
        <extensions>
          <mytracks:speed>19</mytracks:speed>
        </extensions>
      </trkpt>
      <trkpt lon="135.749584" lat="34.208792">
        <extensions>
          <mytracks:speed>17</mytracks:speed>
        </extensions>
      </trkpt>
      <trkpt lon="135.749556" lat="34.208767">
        <extensions>
          <mytracks:speed>14</mytracks:speed>
        </extensions>
      </trkpt>
      <trkpt lon="135.749497" lat="34.208747">
        <extensions>
          <mytracks:speed>11</mytracks:speed>
        </extensions>
      </trkpt>
      <trkpt lon="135.749446" lat="34.208779">
        <extensions>
          <mytracks:speed>12</mytracks:speed>
        </extensions>
      </trkpt>
      <trkpt lon="135.749412" lat="34.208763">
        <extensions>
          <mytracks:speed>12</mytracks:speed>
        </extensions>
      </trkpt>
      <trkpt lon="135.749393" lat="34.208815">
        <extensions>
          <mytracks:speed>13</mytracks:speed>
        </extensions>
      </trkpt>
      <trkpt lon="135.749403" lat="34.208870">
        <extensions>
          <mytracks:speed>12</mytracks:speed>
        </extensions>
      </trkpt>
      <trkpt lon="135.749427" lat="34.208882">
        <extensions>
          <mytracks:speed>12</mytracks:speed>
        </extensions>
      </trkpt>
      <trkpt lon="135.749456" lat="34.208899">
        <extensions>
          <mytracks:speed>13</mytracks:speed>
        </extensions>
      </trkpt>
      <trkpt lon="135.749443" lat="34.208960">
        <extensions>
          <mytracks:speed>14</mytracks:speed>
        </extensions>
      </trkpt>
      <trkpt lon="135.749438" lat="34.208980">
        <extensions>
          <mytracks:speed>15</mytracks:speed>
        </extensions>
      </trkpt>
      <trkpt lon="135.749430" lat="34.209000">
        <extensions>
          <mytracks:speed>18</mytracks:speed>
        </extensions>
      </trkpt>
      <trkpt lon="135.749352" lat="34.209112">
        <extensions>
          <mytracks:speed>22</mytracks:speed>
        </extensions>
      </trkpt>
      <trkpt lon="135.749361" lat="34.209163">
        <extensions>
          <mytracks:speed>24</mytracks:speed>
        </extensions>
      </trkpt>
      <trkpt lon="135.749343" lat="34.209228">
        <extensions>
          <mytracks:speed>27</mytracks:speed>
        </extensions>
      </trkpt>
      <trkpt lon="135.749339" lat="34.209290">
        <extensions>
          <mytracks:speed>29</mytracks:speed>
        </extensions>
      </trkpt>
      <trkpt lon="135.749292" lat="34.209350">
        <extensions>
          <mytracks:speed>31</mytracks:speed>
        </extensions>
      </trkpt>
      <trkpt lon="135.749244" lat="34.209416">
        <extensions>
          <mytracks:speed>32</mytracks:speed>
        </extensions>
      </trkpt>
      <trkpt lon="135.749198" lat="34.209485">
        <extensions>
          <mytracks:speed>32</mytracks:speed>
        </extensions>
      </trkpt>
      <trkpt lon="135.749160" lat="34.209558">
        <extensions>
          <mytracks:speed>31</mytracks:speed>
        </extensions>
      </trkpt>
      <trkpt lon="135.749123" lat="34.209636">
        <extensions>
          <mytracks:speed>30</mytracks:speed>
        </extensions>
      </trkpt>
      <trkpt lon="135.749084" lat="34.209699">
        <extensions>
          <mytracks:speed>30</mytracks:speed>
        </extensions>
      </trkpt>
      <trkpt lon="135.749038" lat="34.209768">
        <extensions>
          <mytracks:speed>30</mytracks:speed>
        </extensions>
      </trkpt>
      <trkpt lon="135.748989" lat="34.209830">
        <extensions>
          <mytracks:speed>29</mytracks:speed>
        </extensions>
      </trkpt>
      <trkpt lon="135.748934" lat="34.209886">
        <extensions>
          <mytracks:speed>28</mytracks:speed>
        </extensions>
      </trkpt>
      <trkpt lon="135.748897" lat="34.209946">
        <extensions>
          <mytracks:speed>26</mytracks:speed>
        </extensions>
      </trkpt>
      <trkpt lon="135.748851" lat="34.210000">
        <extensions>
          <mytracks:speed>25</mytracks:speed>
        </extensions>
      </trkpt>
      <trkpt lon="135.748810" lat="34.210036">
        <extensions>
          <mytracks:speed>25</mytracks:speed>
        </extensions>
      </trkpt>
      <trkpt lon="135.748762" lat="34.210078">
        <extensions>
          <mytracks:speed>25</mytracks:speed>
        </extensions>
      </trkpt>
      <trkpt lon="135.748669" lat="34.210075">
        <extensions>
          <mytracks:speed>26</mytracks:speed>
        </extensions>
      </trkpt>
      <trkpt lon="135.748585" lat="34.210083">
        <extensions>
          <mytracks:speed>28</mytracks:speed>
        </extensions>
      </trkpt>
      <trkpt lon="135.748504" lat="34.210095">
        <extensions>
          <mytracks:speed>33</mytracks:speed>
        </extensions>
      </trkpt>
      <trkpt lon="135.748403" lat="34.210095">
        <extensions>
          <mytracks:speed>36</mytracks:speed>
        </extensions>
      </trkpt>
      <trkpt lon="135.748296" lat="34.210100">
        <extensions>
          <mytracks:speed>38</mytracks:speed>
        </extensions>
      </trkpt>
      <trkpt lon="135.748186" lat="34.210109">
        <extensions>
          <mytracks:speed>38</mytracks:speed>
        </extensions>
      </trkpt>
      <trkpt lon="135.748079" lat="34.210112">
        <extensions>
          <mytracks:speed>34</mytracks:speed>
        </extensions>
      </trkpt>
      <trkpt lon="135.747982" lat="34.210110">
        <extensions>
          <mytracks:speed>33</mytracks:speed>
        </extensions>
      </trkpt>
      <trkpt lon="135.747901" lat="34.210106">
        <extensions>
          <mytracks:speed>32</mytracks:speed>
        </extensions>
      </trkpt>
      <trkpt lon="135.747809" lat="34.210084">
        <extensions>
          <mytracks:speed>31</mytracks:speed>
        </extensions>
      </trkpt>
      <trkpt lon="135.747729" lat="34.210074">
        <extensions>
          <mytracks:speed>29</mytracks:speed>
        </extensions>
      </trkpt>
      <trkpt lon="135.747640" lat="34.210045">
        <extensions>
          <mytracks:speed>28</mytracks:speed>
        </extensions>
      </trkpt>
      <trkpt lon="135.747559" lat="34.210016">
        <extensions>
          <mytracks:speed>28</mytracks:speed>
        </extensions>
      </trkpt>
      <trkpt lon="135.747467" lat="34.210030">
        <extensions>
          <mytracks:speed>29</mytracks:speed>
        </extensions>
      </trkpt>
      <trkpt lon="135.747364" lat="34.210054">
        <extensions>
          <mytracks:speed>28</mytracks:speed>
        </extensions>
      </trkpt>
      <trkpt lon="135.747283" lat="34.210055">
        <extensions>
          <mytracks:speed>28</mytracks:speed>
        </extensions>
      </trkpt>
      <trkpt lon="135.747210" lat="34.210037">
        <extensions>
          <mytracks:speed>28</mytracks:speed>
        </extensions>
      </trkpt>
      <trkpt lon="135.747130" lat="34.209989">
        <extensions>
          <mytracks:speed>29</mytracks:speed>
        </extensions>
      </trkpt>
      <trkpt lon="135.747031" lat="34.209980">
        <extensions>
          <mytracks:speed>27</mytracks:speed>
        </extensions>
      </trkpt>
      <trkpt lon="135.746930" lat="34.209983">
        <extensions>
          <mytracks:speed>28</mytracks:speed>
        </extensions>
      </trkpt>
      <trkpt lon="135.746840" lat="34.209985">
        <extensions>
          <mytracks:speed>29</mytracks:speed>
        </extensions>
      </trkpt>
      <trkpt lon="135.746749" lat="34.209999">
        <extensions>
          <mytracks:speed>30</mytracks:speed>
        </extensions>
      </trkpt>
      <trkpt lon="135.746665" lat="34.210021">
        <extensions>
          <mytracks:speed>30</mytracks:speed>
        </extensions>
      </trkpt>
      <trkpt lon="135.746579" lat="34.210045">
        <extensions>
          <mytracks:speed>31</mytracks:speed>
        </extensions>
      </trkpt>
      <trkpt lon="135.746499" lat="34.210074">
        <extensions>
          <mytracks:speed>31</mytracks:speed>
        </extensions>
      </trkpt>
      <trkpt lon="135.746431" lat="34.210157">
        <extensions>
          <mytracks:speed>29</mytracks:speed>
        </extensions>
      </trkpt>
      <trkpt lon="135.746350" lat="34.210188">
        <extensions>
          <mytracks:speed>26</mytracks:speed>
        </extensions>
      </trkpt>
      <trkpt lon="135.746283" lat="34.210232">
        <extensions>
          <mytracks:speed>25</mytracks:speed>
        </extensions>
      </trkpt>
      <trkpt lon="135.746207" lat="34.210270">
        <extensions>
          <mytracks:speed>25</mytracks:speed>
        </extensions>
      </trkpt>
      <trkpt lon="135.746141" lat="34.210280">
        <extensions>
          <mytracks:speed>27</mytracks:speed>
        </extensions>
      </trkpt>
      <trkpt lon="135.746047" lat="34.210280">
        <extensions>
          <mytracks:speed>30</mytracks:speed>
        </extensions>
      </trkpt>
      <trkpt lon="135.745945" lat="34.210255">
        <extensions>
          <mytracks:speed>32</mytracks:speed>
        </extensions>
      </trkpt>
      <trkpt lon="135.745851" lat="34.210259">
        <extensions>
          <mytracks:speed>33</mytracks:speed>
        </extensions>
      </trkpt>
      <trkpt lon="135.745733" lat="34.210246">
        <extensions>
          <mytracks:speed>34</mytracks:speed>
        </extensions>
      </trkpt>
      <trkpt lon="135.745619" lat="34.210232">
        <extensions>
          <mytracks:speed>37</mytracks:speed>
        </extensions>
      </trkpt>
      <trkpt lon="135.745515" lat="34.210213">
        <extensions>
          <mytracks:speed>36</mytracks:speed>
        </extensions>
      </trkpt>
      <trkpt lon="135.745397" lat="34.210191">
        <extensions>
          <mytracks:speed>36</mytracks:speed>
        </extensions>
      </trkpt>
      <trkpt lon="135.745284" lat="34.210163">
        <extensions>
          <mytracks:speed>35</mytracks:speed>
        </extensions>
      </trkpt>
      <trkpt lon="135.745176" lat="34.210126">
        <extensions>
          <mytracks:speed>35</mytracks:speed>
        </extensions>
      </trkpt>
      <trkpt lon="135.745075" lat="34.210104">
        <extensions>
          <mytracks:speed>35</mytracks:speed>
        </extensions>
      </trkpt>
      <trkpt lon="135.744981" lat="34.210094">
        <extensions>
          <mytracks:speed>36</mytracks:speed>
        </extensions>
      </trkpt>
      <trkpt lon="135.744867" lat="34.210078">
        <extensions>
          <mytracks:speed>37</mytracks:speed>
        </extensions>
      </trkpt>
      <trkpt lon="135.744745" lat="34.210082">
        <extensions>
          <mytracks:speed>39</mytracks:speed>
        </extensions>
      </trkpt>
      <trkpt lon="135.744619" lat="34.210078">
        <extensions>
          <mytracks:speed>39</mytracks:speed>
        </extensions>
      </trkpt>
      <trkpt lon="135.744491" lat="34.210058">
        <extensions>
          <mytracks:speed>40</mytracks:speed>
        </extensions>
      </trkpt>
      <trkpt lon="135.744383" lat="34.210047">
        <extensions>
          <mytracks:speed>41</mytracks:speed>
        </extensions>
      </trkpt>
      <trkpt lon="135.744259" lat="34.210041">
        <extensions>
          <mytracks:speed>39</mytracks:speed>
        </extensions>
      </trkpt>
      <trkpt lon="135.744137" lat="34.210035">
        <extensions>
          <mytracks:speed>39</mytracks:speed>
        </extensions>
      </trkpt>
      <trkpt lon="135.744013" lat="34.210024">
        <extensions>
          <mytracks:speed>39</mytracks:speed>
        </extensions>
      </trkpt>
      <trkpt lon="135.743894" lat="34.210036">
        <extensions>
          <mytracks:speed>37</mytracks:speed>
        </extensions>
      </trkpt>
      <trkpt lon="135.743796" lat="34.210034">
        <extensions>
          <mytracks:speed>36</mytracks:speed>
        </extensions>
      </trkpt>
      <trkpt lon="135.743690" lat="34.210011">
        <extensions>
          <mytracks:speed>36</mytracks:speed>
        </extensions>
      </trkpt>
      <trkpt lon="135.743589" lat="34.209996">
        <extensions>
          <mytracks:speed>35</mytracks:speed>
        </extensions>
      </trkpt>
      <trkpt lon="135.743493" lat="34.209984">
        <extensions>
          <mytracks:speed>36</mytracks:speed>
        </extensions>
      </trkpt>
      <trkpt lon="135.743391" lat="34.209961">
        <extensions>
          <mytracks:speed>35</mytracks:speed>
        </extensions>
      </trkpt>
      <trkpt lon="135.743306" lat="34.209942">
        <extensions>
          <mytracks:speed>32</mytracks:speed>
        </extensions>
      </trkpt>
      <trkpt lon="135.743202" lat="34.209931">
        <extensions>
          <mytracks:speed>32</mytracks:speed>
        </extensions>
      </trkpt>
      <trkpt lon="135.743092" lat="34.209904">
        <extensions>
          <mytracks:speed>30</mytracks:speed>
        </extensions>
      </trkpt>
      <trkpt lon="135.743001" lat="34.209868">
        <extensions>
          <mytracks:speed>31</mytracks:speed>
        </extensions>
      </trkpt>
      <trkpt lon="135.742894" lat="34.209828">
        <extensions>
          <mytracks:speed>34</mytracks:speed>
        </extensions>
      </trkpt>
      <trkpt lon="135.742792" lat="34.209779">
        <extensions>
          <mytracks:speed>35</mytracks:speed>
        </extensions>
      </trkpt>
      <trkpt lon="135.742702" lat="34.209726">
        <extensions>
          <mytracks:speed>33</mytracks:speed>
        </extensions>
      </trkpt>
      <trkpt lon="135.742607" lat="34.209668">
        <extensions>
          <mytracks:speed>34</mytracks:speed>
        </extensions>
      </trkpt>
      <trkpt lon="135.742531" lat="34.209622">
        <extensions>
          <mytracks:speed>35</mytracks:speed>
        </extensions>
      </trkpt>
      <trkpt lon="135.742452" lat="34.209547">
        <extensions>
          <mytracks:speed>36</mytracks:speed>
        </extensions>
      </trkpt>
      <trkpt lon="135.742361" lat="34.209497">
        <extensions>
          <mytracks:speed>37</mytracks:speed>
        </extensions>
      </trkpt>
      <trkpt lon="135.742291" lat="34.209410">
        <extensions>
          <mytracks:speed>38</mytracks:speed>
        </extensions>
      </trkpt>
      <trkpt lon="135.742207" lat="34.209323">
        <extensions>
          <mytracks:speed>40</mytracks:speed>
        </extensions>
      </trkpt>
      <trkpt lon="135.742126" lat="34.209240">
        <extensions>
          <mytracks:speed>39</mytracks:speed>
        </extensions>
      </trkpt>
      <trkpt lon="135.742081" lat="34.209156">
        <extensions>
          <mytracks:speed>38</mytracks:speed>
        </extensions>
      </trkpt>
      <trkpt lon="135.742018" lat="34.209066">
        <extensions>
          <mytracks:speed>38</mytracks:speed>
        </extensions>
      </trkpt>
      <trkpt lon="135.741960" lat="34.208971">
        <extensions>
          <mytracks:speed>38</mytracks:speed>
        </extensions>
      </trkpt>
      <trkpt lon="135.741930" lat="34.208865">
        <extensions>
          <mytracks:speed>38</mytracks:speed>
        </extensions>
      </trkpt>
      <trkpt lon="135.741895" lat="34.208759">
        <extensions>
          <mytracks:speed>38</mytracks:speed>
        </extensions>
      </trkpt>
      <trkpt lon="135.741863" lat="34.208658">
        <extensions>
          <mytracks:speed>37</mytracks:speed>
        </extensions>
      </trkpt>
      <trkpt lon="135.741812" lat="34.208568">
        <extensions>
          <mytracks:speed>37</mytracks:speed>
        </extensions>
      </trkpt>
      <trkpt lon="135.741759" lat="34.208498">
        <extensions>
          <mytracks:speed>37</mytracks:speed>
        </extensions>
      </trkpt>
      <trkpt lon="135.741704" lat="34.208412">
        <extensions>
          <mytracks:speed>39</mytracks:speed>
        </extensions>
      </trkpt>
      <trkpt lon="135.741633" lat="34.208320">
        <extensions>
          <mytracks:speed>39</mytracks:speed>
        </extensions>
      </trkpt>
      <trkpt lon="135.741585" lat="34.208245">
        <extensions>
          <mytracks:speed>38</mytracks:speed>
        </extensions>
      </trkpt>
      <trkpt lon="135.741541" lat="34.208163">
        <extensions>
          <mytracks:speed>38</mytracks:speed>
        </extensions>
      </trkpt>
      <trkpt lon="135.741494" lat="34.208084">
        <extensions>
          <mytracks:speed>37</mytracks:speed>
        </extensions>
      </trkpt>
      <trkpt lon="135.741434" lat="34.208006">
        <extensions>
          <mytracks:speed>39</mytracks:speed>
        </extensions>
      </trkpt>
      <trkpt lon="135.741317" lat="34.207930">
        <extensions>
          <mytracks:speed>39</mytracks:speed>
        </extensions>
      </trkpt>
      <trkpt lon="135.741236" lat="34.207893">
        <extensions>
          <mytracks:speed>40</mytracks:speed>
        </extensions>
      </trkpt>
      <trkpt lon="135.741113" lat="34.207836">
        <extensions>
          <mytracks:speed>42</mytracks:speed>
        </extensions>
      </trkpt>
      <trkpt lon="135.740992" lat="34.207828">
        <extensions>
          <mytracks:speed>41</mytracks:speed>
        </extensions>
      </trkpt>
      <trkpt lon="135.740835" lat="34.207788">
        <extensions>
          <mytracks:speed>42</mytracks:speed>
        </extensions>
      </trkpt>
      <trkpt lon="135.740715" lat="34.207747">
        <extensions>
          <mytracks:speed>42</mytracks:speed>
        </extensions>
      </trkpt>
      <trkpt lon="135.740574" lat="34.207741">
        <extensions>
          <mytracks:speed>42</mytracks:speed>
        </extensions>
      </trkpt>
      <trkpt lon="135.740414" lat="34.207724">
        <extensions>
          <mytracks:speed>43</mytracks:speed>
        </extensions>
      </trkpt>
      <trkpt lon="135.740283" lat="34.207692">
        <extensions>
          <mytracks:speed>45</mytracks:speed>
        </extensions>
      </trkpt>
      <trkpt lon="135.740157" lat="34.207661">
        <extensions>
          <mytracks:speed>45</mytracks:speed>
        </extensions>
      </trkpt>
      <trkpt lon="135.740031" lat="34.207620">
        <extensions>
          <mytracks:speed>45</mytracks:speed>
        </extensions>
      </trkpt>
      <trkpt lon="135.739902" lat="34.207588">
        <extensions>
          <mytracks:speed>46</mytracks:speed>
        </extensions>
      </trkpt>
      <trkpt lon="135.739787" lat="34.207538">
        <extensions>
          <mytracks:speed>46</mytracks:speed>
        </extensions>
      </trkpt>
      <trkpt lon="135.739673" lat="34.207452">
        <extensions>
          <mytracks:speed>48</mytracks:speed>
        </extensions>
      </trkpt>
      <trkpt lon="135.739548" lat="34.207385">
        <extensions>
          <mytracks:speed>48</mytracks:speed>
        </extensions>
      </trkpt>
      <trkpt lon="135.739429" lat="34.207327">
        <extensions>
          <mytracks:speed>48</mytracks:speed>
        </extensions>
      </trkpt>
      <trkpt lon="135.739300" lat="34.207283">
        <extensions>
          <mytracks:speed>46</mytracks:speed>
        </extensions>
      </trkpt>
      <trkpt lon="135.739178" lat="34.207228">
        <extensions>
          <mytracks:speed>46</mytracks:speed>
        </extensions>
      </trkpt>
      <trkpt lon="135.739049" lat="34.207168">
        <extensions>
          <mytracks:speed>45</mytracks:speed>
        </extensions>
      </trkpt>
      <trkpt lon="135.738936" lat="34.207097">
        <extensions>
          <mytracks:speed>45</mytracks:speed>
        </extensions>
      </trkpt>
      <trkpt lon="135.738833" lat="34.207018">
        <extensions>
          <mytracks:speed>45</mytracks:speed>
        </extensions>
      </trkpt>
      <trkpt lon="135.738733" lat="34.206946">
        <extensions>
          <mytracks:speed>44</mytracks:speed>
        </extensions>
      </trkpt>
      <trkpt lon="135.738645" lat="34.206871">
        <extensions>
          <mytracks:speed>43</mytracks:speed>
        </extensions>
      </trkpt>
      <trkpt lon="135.738543" lat="34.206802">
        <extensions>
          <mytracks:speed>43</mytracks:speed>
        </extensions>
      </trkpt>
      <trkpt lon="135.738438" lat="34.206745">
        <extensions>
          <mytracks:speed>42</mytracks:speed>
        </extensions>
      </trkpt>
      <trkpt lon="135.738331" lat="34.206685">
        <extensions>
          <mytracks:speed>41</mytracks:speed>
        </extensions>
      </trkpt>
      <trkpt lon="135.738219" lat="34.206633">
        <extensions>
          <mytracks:speed>39</mytracks:speed>
        </extensions>
      </trkpt>
      <trkpt lon="135.738156" lat="34.206546">
        <extensions>
          <mytracks:speed>40</mytracks:speed>
        </extensions>
      </trkpt>
      <trkpt lon="135.738076" lat="34.206461">
        <extensions>
          <mytracks:speed>40</mytracks:speed>
        </extensions>
      </trkpt>
      <trkpt lon="135.737995" lat="34.206382">
        <extensions>
          <mytracks:speed>42</mytracks:speed>
        </extensions>
      </trkpt>
      <trkpt lon="135.737923" lat="34.206287">
        <extensions>
          <mytracks:speed>41</mytracks:speed>
        </extensions>
      </trkpt>
      <trkpt lon="135.737875" lat="34.206187">
        <extensions>
          <mytracks:speed>40</mytracks:speed>
        </extensions>
      </trkpt>
      <trkpt lon="135.737842" lat="34.206088">
        <extensions>
          <mytracks:speed>39</mytracks:speed>
        </extensions>
      </trkpt>
      <trkpt lon="135.737791" lat="34.205996">
        <extensions>
          <mytracks:speed>39</mytracks:speed>
        </extensions>
      </trkpt>
      <trkpt lon="135.737738" lat="34.205910">
        <extensions>
          <mytracks:speed>38</mytracks:speed>
        </extensions>
      </trkpt>
      <trkpt lon="135.737657" lat="34.205835">
        <extensions>
          <mytracks:speed>38</mytracks:speed>
        </extensions>
      </trkpt>
      <trkpt lon="135.737562" lat="34.205769">
        <extensions>
          <mytracks:speed>39</mytracks:speed>
        </extensions>
      </trkpt>
      <trkpt lon="135.737461" lat="34.205710">
        <extensions>
          <mytracks:speed>39</mytracks:speed>
        </extensions>
      </trkpt>
      <trkpt lon="135.737343" lat="34.205685">
        <extensions>
          <mytracks:speed>39</mytracks:speed>
        </extensions>
      </trkpt>
      <trkpt lon="135.737246" lat="34.205634">
        <extensions>
          <mytracks:speed>38</mytracks:speed>
        </extensions>
      </trkpt>
      <trkpt lon="135.737140" lat="34.205594">
        <extensions>
          <mytracks:speed>32</mytracks:speed>
        </extensions>
      </trkpt>
      <trkpt lon="135.737040" lat="34.205559">
        <extensions>
          <mytracks:speed>26</mytracks:speed>
        </extensions>
      </trkpt>
      <trkpt lon="135.736986" lat="34.205538">
        <extensions>
          <mytracks:speed>20</mytracks:speed>
        </extensions>
      </trkpt>
      <trkpt lon="135.736951" lat="34.205531">
        <extensions>
          <mytracks:speed>15</mytracks:speed>
        </extensions>
      </trkpt>
      <trkpt lon="135.736944" lat="34.205592">
        <extensions>
          <mytracks:speed>16</mytracks:speed>
        </extensions>
      </trkpt>
      <trkpt lon="135.736893" lat="34.205614">
        <extensions>
          <mytracks:speed>18</mytracks:speed>
        </extensions>
      </trkpt>
      <trkpt lon="135.736863" lat="34.205671">
        <extensions>
          <mytracks:speed>23</mytracks:speed>
        </extensions>
      </trkpt>
      <trkpt lon="135.736802" lat="34.205737">
        <extensions>
          <mytracks:speed>27</mytracks:speed>
        </extensions>
      </trkpt>
      <trkpt lon="135.736739" lat="34.205790">
        <extensions>
          <mytracks:speed>32</mytracks:speed>
        </extensions>
      </trkpt>
      <trkpt lon="135.736672" lat="34.205863">
        <extensions>
          <mytracks:speed>33</mytracks:speed>
        </extensions>
      </trkpt>
      <trkpt lon="135.736611" lat="34.205928">
        <extensions>
          <mytracks:speed>35</mytracks:speed>
        </extensions>
      </trkpt>
      <trkpt lon="135.736539" lat="34.206004">
        <extensions>
          <mytracks:speed>36</mytracks:speed>
        </extensions>
      </trkpt>
      <trkpt lon="135.736455" lat="34.206082">
        <extensions>
          <mytracks:speed>39</mytracks:speed>
        </extensions>
      </trkpt>
      <trkpt lon="135.736372" lat="34.206164">
        <extensions>
          <mytracks:speed>41</mytracks:speed>
        </extensions>
      </trkpt>
      <trkpt lon="135.736286" lat="34.206245">
        <extensions>
          <mytracks:speed>42</mytracks:speed>
        </extensions>
      </trkpt>
      <trkpt lon="135.736201" lat="34.206327">
        <extensions>
          <mytracks:speed>41</mytracks:speed>
        </extensions>
      </trkpt>
      <trkpt lon="135.736119" lat="34.206408">
        <extensions>
          <mytracks:speed>41</mytracks:speed>
        </extensions>
      </trkpt>
      <trkpt lon="135.736041" lat="34.206487">
        <extensions>
          <mytracks:speed>39</mytracks:speed>
        </extensions>
      </trkpt>
      <trkpt lon="135.735965" lat="34.206557">
        <extensions>
          <mytracks:speed>37</mytracks:speed>
        </extensions>
      </trkpt>
      <trkpt lon="135.735897" lat="34.206637">
        <extensions>
          <mytracks:speed>36</mytracks:speed>
        </extensions>
      </trkpt>
      <trkpt lon="135.735829" lat="34.206706">
        <extensions>
          <mytracks:speed>36</mytracks:speed>
        </extensions>
      </trkpt>
      <trkpt lon="135.735826" lat="34.206801">
        <extensions>
          <mytracks:speed>37</mytracks:speed>
        </extensions>
      </trkpt>
      <trkpt lon="135.735830" lat="34.206903">
        <extensions>
          <mytracks:speed>39</mytracks:speed>
        </extensions>
      </trkpt>
      <trkpt lon="135.735852" lat="34.207006">
        <extensions>
          <mytracks:speed>40</mytracks:speed>
        </extensions>
      </trkpt>
      <trkpt lon="135.735882" lat="34.207114">
        <extensions>
          <mytracks:speed>44</mytracks:speed>
        </extensions>
      </trkpt>
      <trkpt lon="135.735913" lat="34.207222">
        <extensions>
          <mytracks:speed>46</mytracks:speed>
        </extensions>
      </trkpt>
      <trkpt lon="135.735947" lat="34.207346">
        <extensions>
          <mytracks:speed>47</mytracks:speed>
        </extensions>
      </trkpt>
      <trkpt lon="135.735981" lat="34.207463">
        <extensions>
          <mytracks:speed>48</mytracks:speed>
        </extensions>
      </trkpt>
      <trkpt lon="135.736014" lat="34.207579">
        <extensions>
          <mytracks:speed>48</mytracks:speed>
        </extensions>
      </trkpt>
      <trkpt lon="135.736036" lat="34.207701">
        <extensions>
          <mytracks:speed>48</mytracks:speed>
        </extensions>
      </trkpt>
      <trkpt lon="135.736043" lat="34.207833">
        <extensions>
          <mytracks:speed>48</mytracks:speed>
        </extensions>
      </trkpt>
      <trkpt lon="135.736055" lat="34.207980">
        <extensions>
          <mytracks:speed>48</mytracks:speed>
        </extensions>
      </trkpt>
      <trkpt lon="135.736029" lat="34.208111">
        <extensions>
          <mytracks:speed>49</mytracks:speed>
        </extensions>
      </trkpt>
      <trkpt lon="135.735815" lat="34.208162">
        <extensions>
          <mytracks:speed>50</mytracks:speed>
        </extensions>
      </trkpt>
      <trkpt lon="135.735700" lat="34.208268">
        <extensions>
          <mytracks:speed>50</mytracks:speed>
        </extensions>
      </trkpt>
      <trkpt lon="135.735610" lat="34.208375">
        <extensions>
          <mytracks:speed>51</mytracks:speed>
        </extensions>
      </trkpt>
      <trkpt lon="135.735517" lat="34.208471">
        <extensions>
          <mytracks:speed>51</mytracks:speed>
        </extensions>
      </trkpt>
      <trkpt lon="135.735438" lat="34.208580">
        <extensions>
          <mytracks:speed>51</mytracks:speed>
        </extensions>
      </trkpt>
      <trkpt lon="135.735347" lat="34.208691">
        <extensions>
          <mytracks:speed>51</mytracks:speed>
        </extensions>
      </trkpt>
      <trkpt lon="135.735258" lat="34.208796">
        <extensions>
          <mytracks:speed>50</mytracks:speed>
        </extensions>
      </trkpt>
      <trkpt lon="135.735168" lat="34.208897">
        <extensions>
          <mytracks:speed>48</mytracks:speed>
        </extensions>
      </trkpt>
      <trkpt lon="135.735068" lat="34.208985">
        <extensions>
          <mytracks:speed>47</mytracks:speed>
        </extensions>
      </trkpt>
      <trkpt lon="135.734949" lat="34.209053">
        <extensions>
          <mytracks:speed>47</mytracks:speed>
        </extensions>
      </trkpt>
      <trkpt lon="135.734827" lat="34.209105">
        <extensions>
          <mytracks:speed>46</mytracks:speed>
        </extensions>
      </trkpt>
      <trkpt lon="135.734668" lat="34.209115">
        <extensions>
          <mytracks:speed>42</mytracks:speed>
        </extensions>
      </trkpt>
      <trkpt lon="135.734538" lat="34.209151">
        <extensions>
          <mytracks:speed>41</mytracks:speed>
        </extensions>
      </trkpt>
      <trkpt lon="135.734415" lat="34.209180">
        <extensions>
          <mytracks:speed>39</mytracks:speed>
        </extensions>
      </trkpt>
      <trkpt lon="135.734309" lat="34.209197">
        <extensions>
          <mytracks:speed>37</mytracks:speed>
        </extensions>
      </trkpt>
      <trkpt lon="135.734188" lat="34.209184">
        <extensions>
          <mytracks:speed>36</mytracks:speed>
        </extensions>
      </trkpt>
      <trkpt lon="135.734088" lat="34.209152">
        <extensions>
          <mytracks:speed>36</mytracks:speed>
        </extensions>
      </trkpt>
      <trkpt lon="135.733989" lat="34.209103">
        <extensions>
          <mytracks:speed>37</mytracks:speed>
        </extensions>
      </trkpt>
      <trkpt lon="135.733859" lat="34.209049">
        <extensions>
          <mytracks:speed>38</mytracks:speed>
        </extensions>
      </trkpt>
      <trkpt lon="135.733758" lat="34.208998">
        <extensions>
          <mytracks:speed>40</mytracks:speed>
        </extensions>
      </trkpt>
      <trkpt lon="135.733630" lat="34.208926">
        <extensions>
          <mytracks:speed>42</mytracks:speed>
        </extensions>
      </trkpt>
      <trkpt lon="135.733492" lat="34.208857">
        <extensions>
          <mytracks:speed>42</mytracks:speed>
        </extensions>
      </trkpt>
      <trkpt lon="135.733385" lat="34.208793">
        <extensions>
          <mytracks:speed>44</mytracks:speed>
        </extensions>
      </trkpt>
      <trkpt lon="135.733257" lat="34.208720">
        <extensions>
          <mytracks:speed>46</mytracks:speed>
        </extensions>
      </trkpt>
      <trkpt lon="135.733148" lat="34.208625">
        <extensions>
          <mytracks:speed>48</mytracks:speed>
        </extensions>
      </trkpt>
      <trkpt lon="135.733033" lat="34.208535">
        <extensions>
          <mytracks:speed>49</mytracks:speed>
        </extensions>
      </trkpt>
      <trkpt lon="135.732917" lat="34.208494">
        <extensions>
          <mytracks:speed>47</mytracks:speed>
        </extensions>
      </trkpt>
      <trkpt lon="135.732815" lat="34.208427">
        <extensions>
          <mytracks:speed>45</mytracks:speed>
        </extensions>
      </trkpt>
      <trkpt lon="135.732729" lat="34.208361">
        <extensions>
          <mytracks:speed>41</mytracks:speed>
        </extensions>
      </trkpt>
      <trkpt lon="135.732675" lat="34.208276">
        <extensions>
          <mytracks:speed>42</mytracks:speed>
        </extensions>
      </trkpt>
      <trkpt lon="135.732599" lat="34.208183">
        <extensions>
          <mytracks:speed>43</mytracks:speed>
        </extensions>
      </trkpt>
      <trkpt lon="135.732528" lat="34.208081">
        <extensions>
          <mytracks:speed>43</mytracks:speed>
        </extensions>
      </trkpt>
      <trkpt lon="135.732475" lat="34.207960">
        <extensions>
          <mytracks:speed>45</mytracks:speed>
        </extensions>
      </trkpt>
      <trkpt lon="135.732424" lat="34.207846">
        <extensions>
          <mytracks:speed>45</mytracks:speed>
        </extensions>
      </trkpt>
      <trkpt lon="135.732445" lat="34.207670">
        <extensions>
          <mytracks:speed>44</mytracks:speed>
        </extensions>
      </trkpt>
      <trkpt lon="135.732361" lat="34.207581">
        <extensions>
          <mytracks:speed>43</mytracks:speed>
        </extensions>
      </trkpt>
      <trkpt lon="135.732291" lat="34.207491">
        <extensions>
          <mytracks:speed>40</mytracks:speed>
        </extensions>
      </trkpt>
      <trkpt lon="135.732225" lat="34.207398">
        <extensions>
          <mytracks:speed>39</mytracks:speed>
        </extensions>
      </trkpt>
      <trkpt lon="135.732172" lat="34.207308">
        <extensions>
          <mytracks:speed>37</mytracks:speed>
        </extensions>
      </trkpt>
      <trkpt lon="135.732125" lat="34.207224">
        <extensions>
          <mytracks:speed>34</mytracks:speed>
        </extensions>
      </trkpt>
      <trkpt lon="135.732089" lat="34.207147">
        <extensions>
          <mytracks:speed>32</mytracks:speed>
        </extensions>
      </trkpt>
      <trkpt lon="135.731965" lat="34.207166">
        <extensions>
          <mytracks:speed>32</mytracks:speed>
        </extensions>
      </trkpt>
      <trkpt lon="135.731882" lat="34.207161">
        <extensions>
          <mytracks:speed>33</mytracks:speed>
        </extensions>
      </trkpt>
      <trkpt lon="135.731795" lat="34.207194">
        <extensions>
          <mytracks:speed>35</mytracks:speed>
        </extensions>
      </trkpt>
      <trkpt lon="135.731701" lat="34.207240">
        <extensions>
          <mytracks:speed>39</mytracks:speed>
        </extensions>
      </trkpt>
      <trkpt lon="135.731610" lat="34.207286">
        <extensions>
          <mytracks:speed>39</mytracks:speed>
        </extensions>
      </trkpt>
      <trkpt lon="135.731496" lat="34.207348">
        <extensions>
          <mytracks:speed>40</mytracks:speed>
        </extensions>
      </trkpt>
      <trkpt lon="135.731398" lat="34.207403">
        <extensions>
          <mytracks:speed>42</mytracks:speed>
        </extensions>
      </trkpt>
      <trkpt lon="135.731292" lat="34.207461">
        <extensions>
          <mytracks:speed>42</mytracks:speed>
        </extensions>
      </trkpt>
      <trkpt lon="135.731220" lat="34.207550">
        <extensions>
          <mytracks:speed>42</mytracks:speed>
        </extensions>
      </trkpt>
      <trkpt lon="135.731128" lat="34.207632">
        <extensions>
          <mytracks:speed>42</mytracks:speed>
        </extensions>
      </trkpt>
      <trkpt lon="135.731042" lat="34.207717">
        <extensions>
          <mytracks:speed>43</mytracks:speed>
        </extensions>
      </trkpt>
      <trkpt lon="135.730962" lat="34.207800">
        <extensions>
          <mytracks:speed>43</mytracks:speed>
        </extensions>
      </trkpt>
      <trkpt lon="135.730876" lat="34.207884">
        <extensions>
          <mytracks:speed>43</mytracks:speed>
        </extensions>
      </trkpt>
      <trkpt lon="135.730798" lat="34.207962">
        <extensions>
          <mytracks:speed>43</mytracks:speed>
        </extensions>
      </trkpt>
      <trkpt lon="135.730710" lat="34.208038">
        <extensions>
          <mytracks:speed>43</mytracks:speed>
        </extensions>
      </trkpt>
      <trkpt lon="135.730627" lat="34.208117">
        <extensions>
          <mytracks:speed>42</mytracks:speed>
        </extensions>
      </trkpt>
      <trkpt lon="135.730530" lat="34.208191">
        <extensions>
          <mytracks:speed>41</mytracks:speed>
        </extensions>
      </trkpt>
      <trkpt lon="135.730450" lat="34.208256">
        <extensions>
          <mytracks:speed>42</mytracks:speed>
        </extensions>
      </trkpt>
      <trkpt lon="135.730350" lat="34.208326">
        <extensions>
          <mytracks:speed>41</mytracks:speed>
        </extensions>
      </trkpt>
      <trkpt lon="135.730259" lat="34.208393">
        <extensions>
          <mytracks:speed>38</mytracks:speed>
        </extensions>
      </trkpt>
      <trkpt lon="135.730175" lat="34.208459">
        <extensions>
          <mytracks:speed>37</mytracks:speed>
        </extensions>
      </trkpt>
      <trkpt lon="135.730098" lat="34.208526">
        <extensions>
          <mytracks:speed>35</mytracks:speed>
        </extensions>
      </trkpt>
      <trkpt lon="135.730050" lat="34.208594">
        <extensions>
          <mytracks:speed>35</mytracks:speed>
        </extensions>
      </trkpt>
      <trkpt lon="135.730029" lat="34.208683">
        <extensions>
          <mytracks:speed>37</mytracks:speed>
        </extensions>
      </trkpt>
      <trkpt lon="135.730147" lat="34.208796">
        <extensions>
          <mytracks:speed>38</mytracks:speed>
        </extensions>
      </trkpt>
      <trkpt lon="135.730148" lat="34.208910">
        <extensions>
          <mytracks:speed>40</mytracks:speed>
        </extensions>
      </trkpt>
      <trkpt lon="135.730179" lat="34.208987">
        <extensions>
          <mytracks:speed>41</mytracks:speed>
        </extensions>
      </trkpt>
      <trkpt lon="135.730194" lat="34.209084">
        <extensions>
          <mytracks:speed>42</mytracks:speed>
        </extensions>
      </trkpt>
      <trkpt lon="135.730211" lat="34.209178">
        <extensions>
          <mytracks:speed>43</mytracks:speed>
        </extensions>
      </trkpt>
      <trkpt lon="135.730228" lat="34.209270">
        <extensions>
          <mytracks:speed>46</mytracks:speed>
        </extensions>
      </trkpt>
      <trkpt lon="135.730242" lat="34.209381">
        <extensions>
          <mytracks:speed>46</mytracks:speed>
        </extensions>
      </trkpt>
      <trkpt lon="135.730208" lat="34.209503">
        <extensions>
          <mytracks:speed>48</mytracks:speed>
        </extensions>
      </trkpt>
      <trkpt lon="135.730196" lat="34.209626">
        <extensions>
          <mytracks:speed>49</mytracks:speed>
        </extensions>
      </trkpt>
      <trkpt lon="135.730149" lat="34.209742">
        <extensions>
          <mytracks:speed>50</mytracks:speed>
        </extensions>
      </trkpt>
      <trkpt lon="135.730101" lat="34.209852">
        <extensions>
          <mytracks:speed>50</mytracks:speed>
        </extensions>
      </trkpt>
      <trkpt lon="135.730053" lat="34.209969">
        <extensions>
          <mytracks:speed>52</mytracks:speed>
        </extensions>
      </trkpt>
      <trkpt lon="135.730003" lat="34.210095">
        <extensions>
          <mytracks:speed>53</mytracks:speed>
        </extensions>
      </trkpt>
      <trkpt lon="135.729981" lat="34.210230">
        <extensions>
          <mytracks:speed>54</mytracks:speed>
        </extensions>
      </trkpt>
      <trkpt lon="135.729936" lat="34.210364">
        <extensions>
          <mytracks:speed>54</mytracks:speed>
        </extensions>
      </trkpt>
      <trkpt lon="135.729893" lat="34.210501">
        <extensions>
          <mytracks:speed>53</mytracks:speed>
        </extensions>
      </trkpt>
      <trkpt lon="135.729846" lat="34.210624">
        <extensions>
          <mytracks:speed>51</mytracks:speed>
        </extensions>
      </trkpt>
      <trkpt lon="135.729795" lat="34.210742">
        <extensions>
          <mytracks:speed>50</mytracks:speed>
        </extensions>
      </trkpt>
      <trkpt lon="135.729746" lat="34.210860">
        <extensions>
          <mytracks:speed>51</mytracks:speed>
        </extensions>
      </trkpt>
      <trkpt lon="135.729649" lat="34.210956">
        <extensions>
          <mytracks:speed>52</mytracks:speed>
        </extensions>
      </trkpt>
      <trkpt lon="135.729568" lat="34.211068">
        <extensions>
          <mytracks:speed>53</mytracks:speed>
        </extensions>
      </trkpt>
      <trkpt lon="135.729452" lat="34.211167">
        <extensions>
          <mytracks:speed>54</mytracks:speed>
        </extensions>
      </trkpt>
      <trkpt lon="135.729339" lat="34.211273">
        <extensions>
          <mytracks:speed>55</mytracks:speed>
        </extensions>
      </trkpt>
      <trkpt lon="135.729226" lat="34.211376">
        <extensions>
          <mytracks:speed>56</mytracks:speed>
        </extensions>
      </trkpt>
      <trkpt lon="135.729115" lat="34.211478">
        <extensions>
          <mytracks:speed>56</mytracks:speed>
        </extensions>
      </trkpt>
      <trkpt lon="135.729001" lat="34.211577">
        <extensions>
          <mytracks:speed>55</mytracks:speed>
        </extensions>
      </trkpt>
      <trkpt lon="135.728887" lat="34.211687">
        <extensions>
          <mytracks:speed>56</mytracks:speed>
        </extensions>
      </trkpt>
      <trkpt lon="135.728783" lat="34.211805">
        <extensions>
          <mytracks:speed>56</mytracks:speed>
        </extensions>
      </trkpt>
      <trkpt lon="135.728670" lat="34.211910">
        <extensions>
          <mytracks:speed>55</mytracks:speed>
        </extensions>
      </trkpt>
      <trkpt lon="135.728592" lat="34.212025">
        <extensions>
          <mytracks:speed>54</mytracks:speed>
        </extensions>
      </trkpt>
      <trkpt lon="135.728509" lat="34.212147">
        <extensions>
          <mytracks:speed>54</mytracks:speed>
        </extensions>
      </trkpt>
      <trkpt lon="135.728424" lat="34.212261">
        <extensions>
          <mytracks:speed>53</mytracks:speed>
        </extensions>
      </trkpt>
      <trkpt lon="135.728347" lat="34.212376">
        <extensions>
          <mytracks:speed>51</mytracks:speed>
        </extensions>
      </trkpt>
      <trkpt lon="135.728296" lat="34.212501">
        <extensions>
          <mytracks:speed>51</mytracks:speed>
        </extensions>
      </trkpt>
      <trkpt lon="135.728225" lat="34.212619">
        <extensions>
          <mytracks:speed>51</mytracks:speed>
        </extensions>
      </trkpt>
      <trkpt lon="135.728171" lat="34.212737">
        <extensions>
          <mytracks:speed>50</mytracks:speed>
        </extensions>
      </trkpt>
      <trkpt lon="135.728140" lat="34.212862">
        <extensions>
          <mytracks:speed>50</mytracks:speed>
        </extensions>
      </trkpt>
      <trkpt lon="135.728130" lat="34.212993">
        <extensions>
          <mytracks:speed>48</mytracks:speed>
        </extensions>
      </trkpt>
      <trkpt lon="135.728152" lat="34.213130">
        <extensions>
          <mytracks:speed>48</mytracks:speed>
        </extensions>
      </trkpt>
      <trkpt lon="135.728175" lat="34.213249">
        <extensions>
          <mytracks:speed>48</mytracks:speed>
        </extensions>
      </trkpt>
      <trkpt lon="135.728218" lat="34.213364">
        <extensions>
          <mytracks:speed>48</mytracks:speed>
        </extensions>
      </trkpt>
      <trkpt lon="135.728283" lat="34.213473">
        <extensions>
          <mytracks:speed>48</mytracks:speed>
        </extensions>
      </trkpt>
      <trkpt lon="135.728373" lat="34.213581">
        <extensions>
          <mytracks:speed>49</mytracks:speed>
        </extensions>
      </trkpt>
      <trkpt lon="135.728460" lat="34.213683">
        <extensions>
          <mytracks:speed>51</mytracks:speed>
        </extensions>
      </trkpt>
      <trkpt lon="135.728555" lat="34.213779">
        <extensions>
          <mytracks:speed>51</mytracks:speed>
        </extensions>
      </trkpt>
      <trkpt lon="135.728696" lat="34.213853">
        <extensions>
          <mytracks:speed>52</mytracks:speed>
        </extensions>
      </trkpt>
      <trkpt lon="135.728808" lat="34.213948">
        <extensions>
          <mytracks:speed>54</mytracks:speed>
        </extensions>
      </trkpt>
      <trkpt lon="135.728921" lat="34.214048">
        <extensions>
          <mytracks:speed>55</mytracks:speed>
        </extensions>
      </trkpt>
      <trkpt lon="135.729051" lat="34.214147">
        <extensions>
          <mytracks:speed>57</mytracks:speed>
        </extensions>
      </trkpt>
      <trkpt lon="135.729173" lat="34.214245">
        <extensions>
          <mytracks:speed>57</mytracks:speed>
        </extensions>
      </trkpt>
      <trkpt lon="135.729301" lat="34.214340">
        <extensions>
          <mytracks:speed>57</mytracks:speed>
        </extensions>
      </trkpt>
      <trkpt lon="135.729431" lat="34.214438">
        <extensions>
          <mytracks:speed>59</mytracks:speed>
        </extensions>
      </trkpt>
      <trkpt lon="135.729563" lat="34.214538">
        <extensions>
          <mytracks:speed>59</mytracks:speed>
        </extensions>
      </trkpt>
      <trkpt lon="135.729698" lat="34.214636">
        <extensions>
          <mytracks:speed>57</mytracks:speed>
        </extensions>
      </trkpt>
      <trkpt lon="135.729831" lat="34.214734">
        <extensions>
          <mytracks:speed>55</mytracks:speed>
        </extensions>
      </trkpt>
      <trkpt lon="135.729953" lat="34.214826">
        <extensions>
          <mytracks:speed>50</mytracks:speed>
        </extensions>
      </trkpt>
      <trkpt lon="135.730069" lat="34.214919">
        <extensions>
          <mytracks:speed>46</mytracks:speed>
        </extensions>
      </trkpt>
      <trkpt lon="135.730185" lat="34.214980">
        <extensions>
          <mytracks:speed>41</mytracks:speed>
        </extensions>
      </trkpt>
      <trkpt lon="135.730293" lat="34.215023">
        <extensions>
          <mytracks:speed>40</mytracks:speed>
        </extensions>
      </trkpt>
      <trkpt lon="135.730414" lat="34.215064">
        <extensions>
          <mytracks:speed>35</mytracks:speed>
        </extensions>
      </trkpt>
      <trkpt lon="135.730532" lat="34.215068">
        <extensions>
          <mytracks:speed>34</mytracks:speed>
        </extensions>
      </trkpt>
      <trkpt lon="135.730623" lat="34.214911">
        <extensions>
          <mytracks:speed>33</mytracks:speed>
        </extensions>
      </trkpt>
      <trkpt lon="135.730702" lat="34.214845">
        <extensions>
          <mytracks:speed>35</mytracks:speed>
        </extensions>
      </trkpt>
      <trkpt lon="135.730765" lat="34.214776">
        <extensions>
          <mytracks:speed>37</mytracks:speed>
        </extensions>
      </trkpt>
      <trkpt lon="135.730817" lat="34.214690">
        <extensions>
          <mytracks:speed>38</mytracks:speed>
        </extensions>
      </trkpt>
      <trkpt lon="135.730833" lat="34.214609">
        <extensions>
          <mytracks:speed>40</mytracks:speed>
        </extensions>
      </trkpt>
      <trkpt lon="135.730707" lat="34.214507">
        <extensions>
          <mytracks:speed>40</mytracks:speed>
        </extensions>
      </trkpt>
      <trkpt lon="135.730624" lat="34.214440">
        <extensions>
          <mytracks:speed>43</mytracks:speed>
        </extensions>
      </trkpt>
      <trkpt lon="135.730530" lat="34.214377">
        <extensions>
          <mytracks:speed>44</mytracks:speed>
        </extensions>
      </trkpt>
      <trkpt lon="135.730399" lat="34.214313">
        <extensions>
          <mytracks:speed>45</mytracks:speed>
        </extensions>
      </trkpt>
      <trkpt lon="135.730293" lat="34.214248">
        <extensions>
          <mytracks:speed>45</mytracks:speed>
        </extensions>
      </trkpt>
      <trkpt lon="135.730173" lat="34.214169">
        <extensions>
          <mytracks:speed>47</mytracks:speed>
        </extensions>
      </trkpt>
      <trkpt lon="135.730072" lat="34.214063">
        <extensions>
          <mytracks:speed>47</mytracks:speed>
        </extensions>
      </trkpt>
      <trkpt lon="135.729975" lat="34.213971">
        <extensions>
          <mytracks:speed>48</mytracks:speed>
        </extensions>
      </trkpt>
      <trkpt lon="135.729872" lat="34.213876">
        <extensions>
          <mytracks:speed>48</mytracks:speed>
        </extensions>
      </trkpt>
      <trkpt lon="135.729777" lat="34.213779">
        <extensions>
          <mytracks:speed>49</mytracks:speed>
        </extensions>
      </trkpt>
      <trkpt lon="135.729685" lat="34.213671">
        <extensions>
          <mytracks:speed>48</mytracks:speed>
        </extensions>
      </trkpt>
      <trkpt lon="135.729608" lat="34.213556">
        <extensions>
          <mytracks:speed>49</mytracks:speed>
        </extensions>
      </trkpt>
      <trkpt lon="135.729533" lat="34.213434">
        <extensions>
          <mytracks:speed>48</mytracks:speed>
        </extensions>
      </trkpt>
      <trkpt lon="135.729487" lat="34.213318">
        <extensions>
          <mytracks:speed>47</mytracks:speed>
        </extensions>
      </trkpt>
      <trkpt lon="135.729441" lat="34.213174">
        <extensions>
          <mytracks:speed>46</mytracks:speed>
        </extensions>
      </trkpt>
      <trkpt lon="135.729408" lat="34.213015">
        <extensions>
          <mytracks:speed>47</mytracks:speed>
        </extensions>
      </trkpt>
      <trkpt lon="135.729380" lat="34.212858">
        <extensions>
          <mytracks:speed>45</mytracks:speed>
        </extensions>
      </trkpt>
      <trkpt lon="135.729346" lat="34.212716">
        <extensions>
          <mytracks:speed>46</mytracks:speed>
        </extensions>
      </trkpt>
      <trkpt lon="135.729323" lat="34.212577">
        <extensions>
          <mytracks:speed>46</mytracks:speed>
        </extensions>
      </trkpt>
      <trkpt lon="135.729373" lat="34.212451">
        <extensions>
          <mytracks:speed>46</mytracks:speed>
        </extensions>
      </trkpt>
      <trkpt lon="135.729472" lat="34.212330">
        <extensions>
          <mytracks:speed>48</mytracks:speed>
        </extensions>
      </trkpt>
      <trkpt lon="135.729593" lat="34.212240">
        <extensions>
          <mytracks:speed>50</mytracks:speed>
        </extensions>
      </trkpt>
      <trkpt lon="135.729803" lat="34.212202">
        <extensions>
          <mytracks:speed>51</mytracks:speed>
        </extensions>
      </trkpt>
      <trkpt lon="135.729883" lat="34.212109">
        <extensions>
          <mytracks:speed>51</mytracks:speed>
        </extensions>
      </trkpt>
      <trkpt lon="135.730061" lat="34.212038">
        <extensions>
          <mytracks:speed>54</mytracks:speed>
        </extensions>
      </trkpt>
      <trkpt lon="135.730185" lat="34.211945">
        <extensions>
          <mytracks:speed>60</mytracks:speed>
        </extensions>
      </trkpt>
      <trkpt lon="135.730317" lat="34.211835">
        <extensions>
          <mytracks:speed>61</mytracks:speed>
        </extensions>
      </trkpt>
      <trkpt lon="135.730461" lat="34.211728">
        <extensions>
          <mytracks:speed>64</mytracks:speed>
        </extensions>
      </trkpt>
      <trkpt lon="135.730614" lat="34.211625">
        <extensions>
          <mytracks:speed>63</mytracks:speed>
        </extensions>
      </trkpt>
      <trkpt lon="135.730769" lat="34.211523">
        <extensions>
          <mytracks:speed>63</mytracks:speed>
        </extensions>
      </trkpt>
      <trkpt lon="135.730919" lat="34.211421">
        <extensions>
          <mytracks:speed>64</mytracks:speed>
        </extensions>
      </trkpt>
      <trkpt lon="135.730980" lat="34.211248">
        <extensions>
          <mytracks:speed>64</mytracks:speed>
        </extensions>
      </trkpt>
      <trkpt lon="135.731095" lat="34.211103">
        <extensions>
          <mytracks:speed>64</mytracks:speed>
        </extensions>
      </trkpt>
      <trkpt lon="135.731177" lat="34.210951">
        <extensions>
          <mytracks:speed>61</mytracks:speed>
        </extensions>
      </trkpt>
      <trkpt lon="135.731268" lat="34.210809">
        <extensions>
          <mytracks:speed>60</mytracks:speed>
        </extensions>
      </trkpt>
      <trkpt lon="135.731352" lat="34.210677">
        <extensions>
          <mytracks:speed>59</mytracks:speed>
        </extensions>
      </trkpt>
      <trkpt lon="135.731419" lat="34.210560">
        <extensions>
          <mytracks:speed>55</mytracks:speed>
        </extensions>
      </trkpt>
      <trkpt lon="135.731506" lat="34.210444">
        <extensions>
          <mytracks:speed>51</mytracks:speed>
        </extensions>
      </trkpt>
      <trkpt lon="135.731567" lat="34.210318">
        <extensions>
          <mytracks:speed>48</mytracks:speed>
        </extensions>
      </trkpt>
      <trkpt lon="135.731603" lat="34.210208">
        <extensions>
          <mytracks:speed>46</mytracks:speed>
        </extensions>
      </trkpt>
      <trkpt lon="135.731659" lat="34.210109">
        <extensions>
          <mytracks:speed>44</mytracks:speed>
        </extensions>
      </trkpt>
      <trkpt lon="135.731778" lat="34.210037">
        <extensions>
          <mytracks:speed>42</mytracks:speed>
        </extensions>
      </trkpt>
      <trkpt lon="135.731860" lat="34.209971">
        <extensions>
          <mytracks:speed>42</mytracks:speed>
        </extensions>
      </trkpt>
      <trkpt lon="135.731948" lat="34.209916">
        <extensions>
          <mytracks:speed>43</mytracks:speed>
        </extensions>
      </trkpt>
      <trkpt lon="135.732057" lat="34.209887">
        <extensions>
          <mytracks:speed>44</mytracks:speed>
        </extensions>
      </trkpt>
      <trkpt lon="135.732218" lat="34.209905">
        <extensions>
          <mytracks:speed>45</mytracks:speed>
        </extensions>
      </trkpt>
      <trkpt lon="135.732379" lat="34.210012">
        <extensions>
          <mytracks:speed>43</mytracks:speed>
        </extensions>
      </trkpt>
      <trkpt lon="135.732478" lat="34.210146">
        <extensions>
          <mytracks:speed>42</mytracks:speed>
        </extensions>
      </trkpt>
      <trkpt lon="135.732485" lat="34.210276">
        <extensions>
          <mytracks:speed>41</mytracks:speed>
        </extensions>
      </trkpt>
      <trkpt lon="135.732383" lat="34.210468">
        <extensions>
          <mytracks:speed>45</mytracks:speed>
        </extensions>
      </trkpt>
      <trkpt lon="135.732377" lat="34.210587">
        <extensions>
          <mytracks:speed>45</mytracks:speed>
        </extensions>
      </trkpt>
      <trkpt lon="135.732360" lat="34.210714">
        <extensions>
          <mytracks:speed>47</mytracks:speed>
        </extensions>
      </trkpt>
      <trkpt lon="135.732352" lat="34.210850">
        <extensions>
          <mytracks:speed>49</mytracks:speed>
        </extensions>
      </trkpt>
      <trkpt lon="135.732356" lat="34.210999">
        <extensions>
          <mytracks:speed>52</mytracks:speed>
        </extensions>
      </trkpt>
      <trkpt lon="135.732357" lat="34.211136">
        <extensions>
          <mytracks:speed>54</mytracks:speed>
        </extensions>
      </trkpt>
      <trkpt lon="135.732358" lat="34.211285">
        <extensions>
          <mytracks:speed>54</mytracks:speed>
        </extensions>
      </trkpt>
      <trkpt lon="135.732356" lat="34.211431">
        <extensions>
          <mytracks:speed>54</mytracks:speed>
        </extensions>
      </trkpt>
      <trkpt lon="135.732360" lat="34.211584">
        <extensions>
          <mytracks:speed>56</mytracks:speed>
        </extensions>
      </trkpt>
      <trkpt lon="135.732355" lat="34.211725">
        <extensions>
          <mytracks:speed>57</mytracks:speed>
        </extensions>
      </trkpt>
      <trkpt lon="135.732363" lat="34.211875">
        <extensions>
          <mytracks:speed>58</mytracks:speed>
        </extensions>
      </trkpt>
      <trkpt lon="135.732378" lat="34.212025">
        <extensions>
          <mytracks:speed>59</mytracks:speed>
        </extensions>
      </trkpt>
      <trkpt lon="135.732403" lat="34.212168">
        <extensions>
          <mytracks:speed>60</mytracks:speed>
        </extensions>
      </trkpt>
      <trkpt lon="135.732427" lat="34.212312">
        <extensions>
          <mytracks:speed>60</mytracks:speed>
        </extensions>
      </trkpt>
      <trkpt lon="135.732459" lat="34.212457">
        <extensions>
          <mytracks:speed>60</mytracks:speed>
        </extensions>
      </trkpt>
      <trkpt lon="135.732492" lat="34.212610">
        <extensions>
          <mytracks:speed>60</mytracks:speed>
        </extensions>
      </trkpt>
      <trkpt lon="135.732526" lat="34.212762">
        <extensions>
          <mytracks:speed>60</mytracks:speed>
        </extensions>
      </trkpt>
      <trkpt lon="135.732555" lat="34.212913">
        <extensions>
          <mytracks:speed>59</mytracks:speed>
        </extensions>
      </trkpt>
      <trkpt lon="135.732581" lat="34.213056">
        <extensions>
          <mytracks:speed>58</mytracks:speed>
        </extensions>
      </trkpt>
      <trkpt lon="135.732623" lat="34.213210">
        <extensions>
          <mytracks:speed>58</mytracks:speed>
        </extensions>
      </trkpt>
      <trkpt lon="135.732651" lat="34.213353">
        <extensions>
          <mytracks:speed>58</mytracks:speed>
        </extensions>
      </trkpt>
      <trkpt lon="135.732690" lat="34.213502">
        <extensions>
          <mytracks:speed>57</mytracks:speed>
        </extensions>
      </trkpt>
      <trkpt lon="135.732715" lat="34.213644">
        <extensions>
          <mytracks:speed>57</mytracks:speed>
        </extensions>
      </trkpt>
      <trkpt lon="135.732743" lat="34.213784">
        <extensions>
          <mytracks:speed>56</mytracks:speed>
        </extensions>
      </trkpt>
      <trkpt lon="135.732769" lat="34.213923">
        <extensions>
          <mytracks:speed>55</mytracks:speed>
        </extensions>
      </trkpt>
      <trkpt lon="135.732802" lat="34.214063">
        <extensions>
          <mytracks:speed>55</mytracks:speed>
        </extensions>
      </trkpt>
      <trkpt lon="135.732837" lat="34.214206">
        <extensions>
          <mytracks:speed>55</mytracks:speed>
        </extensions>
      </trkpt>
      <trkpt lon="135.732887" lat="34.214347">
        <extensions>
          <mytracks:speed>57</mytracks:speed>
        </extensions>
      </trkpt>
      <trkpt lon="135.732954" lat="34.214486">
        <extensions>
          <mytracks:speed>57</mytracks:speed>
        </extensions>
      </trkpt>
      <trkpt lon="135.733053" lat="34.214629">
        <extensions>
          <mytracks:speed>61</mytracks:speed>
        </extensions>
      </trkpt>
      <trkpt lon="135.733164" lat="34.214772">
        <extensions>
          <mytracks:speed>62</mytracks:speed>
        </extensions>
      </trkpt>
      <trkpt lon="135.733269" lat="34.214909">
        <extensions>
          <mytracks:speed>63</mytracks:speed>
        </extensions>
      </trkpt>
      <trkpt lon="135.733364" lat="34.215049">
        <extensions>
          <mytracks:speed>64</mytracks:speed>
        </extensions>
      </trkpt>
      <trkpt lon="135.733461" lat="34.215185">
        <extensions>
          <mytracks:speed>66</mytracks:speed>
        </extensions>
      </trkpt>
      <trkpt lon="135.733558" lat="34.215334">
        <extensions>
          <mytracks:speed>66</mytracks:speed>
        </extensions>
      </trkpt>
      <trkpt lon="135.733661" lat="34.215480">
        <extensions>
          <mytracks:speed>66</mytracks:speed>
        </extensions>
      </trkpt>
      <trkpt lon="135.733762" lat="34.215623">
        <extensions>
          <mytracks:speed>66</mytracks:speed>
        </extensions>
      </trkpt>
      <trkpt lon="135.733863" lat="34.215762">
        <extensions>
          <mytracks:speed>62</mytracks:speed>
        </extensions>
      </trkpt>
      <trkpt lon="135.733965" lat="34.215893">
        <extensions>
          <mytracks:speed>60</mytracks:speed>
        </extensions>
      </trkpt>
      <trkpt lon="135.734060" lat="34.216031">
        <extensions>
          <mytracks:speed>59</mytracks:speed>
        </extensions>
      </trkpt>
      <trkpt lon="135.734143" lat="34.216182">
        <extensions>
          <mytracks:speed>60</mytracks:speed>
        </extensions>
      </trkpt>
      <trkpt lon="135.734188" lat="34.216342">
        <extensions>
          <mytracks:speed>59</mytracks:speed>
        </extensions>
      </trkpt>
      <trkpt lon="135.734258" lat="34.216512">
        <extensions>
          <mytracks:speed>60</mytracks:speed>
        </extensions>
      </trkpt>
      <trkpt lon="135.734257" lat="34.216683">
        <extensions>
          <mytracks:speed>60</mytracks:speed>
        </extensions>
      </trkpt>
      <trkpt lon="135.734296" lat="34.216840">
        <extensions>
          <mytracks:speed>59</mytracks:speed>
        </extensions>
      </trkpt>
      <trkpt lon="135.734298" lat="34.216964">
        <extensions>
          <mytracks:speed>53</mytracks:speed>
        </extensions>
      </trkpt>
      <trkpt lon="135.734319" lat="34.217122">
        <extensions>
          <mytracks:speed>51</mytracks:speed>
        </extensions>
      </trkpt>
      <trkpt lon="135.734324" lat="34.217268">
        <extensions>
          <mytracks:speed>50</mytracks:speed>
        </extensions>
      </trkpt>
      <trkpt lon="135.734327" lat="34.217400">
        <extensions>
          <mytracks:speed>50</mytracks:speed>
        </extensions>
      </trkpt>
      <trkpt lon="135.734309" lat="34.217507">
        <extensions>
          <mytracks:speed>52</mytracks:speed>
        </extensions>
      </trkpt>
      <trkpt lon="135.734349" lat="34.217652">
        <extensions>
          <mytracks:speed>55</mytracks:speed>
        </extensions>
      </trkpt>
      <trkpt lon="135.734411" lat="34.217775">
        <extensions>
          <mytracks:speed>57</mytracks:speed>
        </extensions>
      </trkpt>
      <trkpt lon="135.734480" lat="34.217923">
        <extensions>
          <mytracks:speed>59</mytracks:speed>
        </extensions>
      </trkpt>
      <trkpt lon="135.734529" lat="34.218066">
        <extensions>
          <mytracks:speed>61</mytracks:speed>
        </extensions>
      </trkpt>
      <trkpt lon="135.734561" lat="34.218216">
        <extensions>
          <mytracks:speed>60</mytracks:speed>
        </extensions>
      </trkpt>
      <trkpt lon="135.734619" lat="34.218361">
        <extensions>
          <mytracks:speed>60</mytracks:speed>
        </extensions>
      </trkpt>
      <trkpt lon="135.734653" lat="34.218513">
        <extensions>
          <mytracks:speed>60</mytracks:speed>
        </extensions>
      </trkpt>
      <trkpt lon="135.734678" lat="34.218643">
        <extensions>
          <mytracks:speed>59</mytracks:speed>
        </extensions>
      </trkpt>
      <trkpt lon="135.734698" lat="34.218784">
        <extensions>
          <mytracks:speed>58</mytracks:speed>
        </extensions>
      </trkpt>
      <trkpt lon="135.734694" lat="34.218920">
        <extensions>
          <mytracks:speed>56</mytracks:speed>
        </extensions>
      </trkpt>
      <trkpt lon="135.734595" lat="34.219010">
        <extensions>
          <mytracks:speed>52</mytracks:speed>
        </extensions>
      </trkpt>
      <trkpt lon="135.734633" lat="34.219147">
        <extensions>
          <mytracks:speed>49</mytracks:speed>
        </extensions>
      </trkpt>
      <trkpt lon="135.734613" lat="34.219272">
        <extensions>
          <mytracks:speed>48</mytracks:speed>
        </extensions>
      </trkpt>
      <trkpt lon="135.734639" lat="34.219409">
        <extensions>
          <mytracks:speed>49</mytracks:speed>
        </extensions>
      </trkpt>
      <trkpt lon="135.734628" lat="34.219557">
        <extensions>
          <mytracks:speed>48</mytracks:speed>
        </extensions>
      </trkpt>
      <trkpt lon="135.734620" lat="34.219698">
        <extensions>
          <mytracks:speed>50</mytracks:speed>
        </extensions>
      </trkpt>
      <trkpt lon="135.734622" lat="34.219838">
        <extensions>
          <mytracks:speed>50</mytracks:speed>
        </extensions>
      </trkpt>
      <trkpt lon="135.734621" lat="34.219980">
        <extensions>
          <mytracks:speed>47</mytracks:speed>
        </extensions>
      </trkpt>
      <trkpt lon="135.734623" lat="34.220115">
        <extensions>
          <mytracks:speed>47</mytracks:speed>
        </extensions>
      </trkpt>
      <trkpt lon="135.734604" lat="34.220230">
        <extensions>
          <mytracks:speed>45</mytracks:speed>
        </extensions>
      </trkpt>
      <trkpt lon="135.734644" lat="34.220385">
        <extensions>
          <mytracks:speed>46</mytracks:speed>
        </extensions>
      </trkpt>
      <trkpt lon="135.734631" lat="34.220498">
        <extensions>
          <mytracks:speed>47</mytracks:speed>
        </extensions>
      </trkpt>
      <trkpt lon="135.734590" lat="34.220584">
        <extensions>
          <mytracks:speed>49</mytracks:speed>
        </extensions>
      </trkpt>
      <trkpt lon="135.734568" lat="34.220692">
        <extensions>
          <mytracks:speed>52</mytracks:speed>
        </extensions>
      </trkpt>
      <trkpt lon="135.734557" lat="34.220813">
        <extensions>
          <mytracks:speed>55</mytracks:speed>
        </extensions>
      </trkpt>
      <trkpt lon="135.734693" lat="34.221004">
        <extensions>
          <mytracks:speed>55</mytracks:speed>
        </extensions>
      </trkpt>
      <trkpt lon="135.734702" lat="34.221138">
        <extensions>
          <mytracks:speed>56</mytracks:speed>
        </extensions>
      </trkpt>
      <trkpt lon="135.734726" lat="34.221274">
        <extensions>
          <mytracks:speed>54</mytracks:speed>
        </extensions>
      </trkpt>
      <trkpt lon="135.734724" lat="34.221375">
        <extensions>
          <mytracks:speed>53</mytracks:speed>
        </extensions>
      </trkpt>
      <trkpt lon="135.734752" lat="34.221493">
        <extensions>
          <mytracks:speed>51</mytracks:speed>
        </extensions>
      </trkpt>
      <trkpt lon="135.734783" lat="34.221604">
        <extensions>
          <mytracks:speed>49</mytracks:speed>
        </extensions>
      </trkpt>
      <trkpt lon="135.734827" lat="34.221725">
        <extensions>
          <mytracks:speed>47</mytracks:speed>
        </extensions>
      </trkpt>
      <trkpt lon="135.734873" lat="34.221865">
        <extensions>
          <mytracks:speed>45</mytracks:speed>
        </extensions>
      </trkpt>
      <trkpt lon="135.734914" lat="34.221986">
        <extensions>
          <mytracks:speed>47</mytracks:speed>
        </extensions>
      </trkpt>
      <trkpt lon="135.734954" lat="34.222110">
        <extensions>
          <mytracks:speed>49</mytracks:speed>
        </extensions>
      </trkpt>
      <trkpt lon="135.734995" lat="34.222234">
        <extensions>
          <mytracks:speed>54</mytracks:speed>
        </extensions>
      </trkpt>
      <trkpt lon="135.732405" lat="34.233442">
        <extensions>
          <mytracks:speed>59</mytracks:speed>
        </extensions>
      </trkpt>
      <trkpt lon="135.732402" lat="34.233582">
        <extensions>
          <mytracks:speed>59</mytracks:speed>
        </extensions>
      </trkpt>
      <trkpt lon="135.732409" lat="34.233719">
        <extensions>
          <mytracks:speed>60</mytracks:speed>
        </extensions>
      </trkpt>
      <trkpt lon="135.732450" lat="34.233885">
        <extensions>
          <mytracks:speed>59</mytracks:speed>
        </extensions>
      </trkpt>
      <trkpt lon="135.732436" lat="34.234012">
        <extensions>
          <mytracks:speed>59</mytracks:speed>
        </extensions>
      </trkpt>
      <trkpt lon="135.732481" lat="34.234164">
        <extensions>
          <mytracks:speed>58</mytracks:speed>
        </extensions>
      </trkpt>
      <trkpt lon="135.732493" lat="34.234294">
        <extensions>
          <mytracks:speed>56</mytracks:speed>
        </extensions>
      </trkpt>
      <trkpt lon="135.732497" lat="34.234415">
        <extensions>
          <mytracks:speed>53</mytracks:speed>
        </extensions>
      </trkpt>
      <trkpt lon="135.732535" lat="34.234558">
        <extensions>
          <mytracks:speed>52</mytracks:speed>
        </extensions>
      </trkpt>
      <trkpt lon="135.732575" lat="34.234676">
        <extensions>
          <mytracks:speed>49</mytracks:speed>
        </extensions>
      </trkpt>
      <trkpt lon="135.732596" lat="34.234802">
        <extensions>
          <mytracks:speed>43</mytracks:speed>
        </extensions>
      </trkpt>
      <trkpt lon="135.732615" lat="34.234911">
        <extensions>
          <mytracks:speed>40</mytracks:speed>
        </extensions>
      </trkpt>
      <trkpt lon="135.732791" lat="34.235046">
        <extensions>
          <mytracks:speed>38</mytracks:speed>
        </extensions>
      </trkpt>
      <trkpt lon="135.732895" lat="34.235060">
        <extensions>
          <mytracks:speed>38</mytracks:speed>
        </extensions>
      </trkpt>
      <trkpt lon="135.733022" lat="34.235113">
        <extensions>
          <mytracks:speed>39</mytracks:speed>
        </extensions>
      </trkpt>
      <trkpt lon="135.733174" lat="34.235104">
        <extensions>
          <mytracks:speed>39</mytracks:speed>
        </extensions>
      </trkpt>
      <trkpt lon="135.733303" lat="34.235080">
        <extensions>
          <mytracks:speed>40</mytracks:speed>
        </extensions>
      </trkpt>
      <trkpt lon="135.733418" lat="34.235011">
        <extensions>
          <mytracks:speed>42</mytracks:speed>
        </extensions>
      </trkpt>
      <trkpt lon="135.733542" lat="34.234963">
        <extensions>
          <mytracks:speed>42</mytracks:speed>
        </extensions>
      </trkpt>
      <trkpt lon="135.733641" lat="34.234904">
        <extensions>
          <mytracks:speed>39</mytracks:speed>
        </extensions>
      </trkpt>
      <trkpt lon="135.733744" lat="34.234861">
        <extensions>
          <mytracks:speed>35</mytracks:speed>
        </extensions>
      </trkpt>
      <trkpt lon="135.733838" lat="34.234821">
        <extensions>
          <mytracks:speed>31</mytracks:speed>
        </extensions>
      </trkpt>
      <trkpt lon="135.733933" lat="34.234817">
        <extensions>
          <mytracks:speed>29</mytracks:speed>
        </extensions>
      </trkpt>
      <trkpt lon="135.734001" lat="34.234836">
        <extensions>
          <mytracks:speed>30</mytracks:speed>
        </extensions>
      </trkpt>
      <trkpt lon="135.734053" lat="34.234890">
        <extensions>
          <mytracks:speed>30</mytracks:speed>
        </extensions>
      </trkpt>
      <trkpt lon="135.734092" lat="34.234976">
        <extensions>
          <mytracks:speed>31</mytracks:speed>
        </extensions>
      </trkpt>
      <trkpt lon="135.734105" lat="34.235094">
        <extensions>
          <mytracks:speed>37</mytracks:speed>
        </extensions>
      </trkpt>
      <trkpt lon="135.734134" lat="34.235207">
        <extensions>
          <mytracks:speed>41</mytracks:speed>
        </extensions>
      </trkpt>
      <trkpt lon="135.734151" lat="34.235328">
        <extensions>
          <mytracks:speed>41</mytracks:speed>
        </extensions>
      </trkpt>
      <trkpt lon="135.734124" lat="34.235440">
        <extensions>
          <mytracks:speed>42</mytracks:speed>
        </extensions>
      </trkpt>
      <trkpt lon="135.734023" lat="34.235534">
        <extensions>
          <mytracks:speed>39</mytracks:speed>
        </extensions>
      </trkpt>
      <trkpt lon="135.733949" lat="34.235636">
        <extensions>
          <mytracks:speed>34</mytracks:speed>
        </extensions>
      </trkpt>
      <trkpt lon="135.733833" lat="34.235711">
        <extensions>
          <mytracks:speed>33</mytracks:speed>
        </extensions>
      </trkpt>
      <trkpt lon="135.733772" lat="34.235740">
        <extensions>
          <mytracks:speed>33</mytracks:speed>
        </extensions>
      </trkpt>
      <trkpt lon="135.733162" lat="34.235269">
        <extensions>
          <mytracks:speed>35</mytracks:speed>
        </extensions>
      </trkpt>
      <trkpt lon="135.733048" lat="34.235225">
        <extensions>
          <mytracks:speed>37</mytracks:speed>
        </extensions>
      </trkpt>
      <trkpt lon="135.732931" lat="34.235187">
        <extensions>
          <mytracks:speed>40</mytracks:speed>
        </extensions>
      </trkpt>
      <trkpt lon="135.732866" lat="34.235171">
        <extensions>
          <mytracks:speed>39</mytracks:speed>
        </extensions>
      </trkpt>
      <trkpt lon="135.732793" lat="34.235145">
        <extensions>
          <mytracks:speed>39</mytracks:speed>
        </extensions>
      </trkpt>
      <trkpt lon="135.732713" lat="34.235096">
        <extensions>
          <mytracks:speed>36</mytracks:speed>
        </extensions>
      </trkpt>
      <trkpt lon="135.732653" lat="34.235049">
        <extensions>
          <mytracks:speed>36</mytracks:speed>
        </extensions>
      </trkpt>
      <trkpt lon="135.732587" lat="34.234980">
        <extensions>
          <mytracks:speed>36</mytracks:speed>
        </extensions>
      </trkpt>
      <trkpt lon="135.732517" lat="34.234876">
        <extensions>
          <mytracks:speed>38</mytracks:speed>
        </extensions>
      </trkpt>
      <trkpt lon="135.732456" lat="34.234792">
        <extensions>
          <mytracks:speed>42</mytracks:speed>
        </extensions>
      </trkpt>
      <trkpt lon="135.732397" lat="34.234692">
        <extensions>
          <mytracks:speed>42</mytracks:speed>
        </extensions>
      </trkpt>
      <trkpt lon="135.732375" lat="34.234580">
        <extensions>
          <mytracks:speed>42</mytracks:speed>
        </extensions>
      </trkpt>
      <trkpt lon="135.732350" lat="34.234483">
        <extensions>
          <mytracks:speed>43</mytracks:speed>
        </extensions>
      </trkpt>
      <trkpt lon="135.732324" lat="34.234389">
        <extensions>
          <mytracks:speed>41</mytracks:speed>
        </extensions>
      </trkpt>
      <trkpt lon="135.732257" lat="34.234308">
        <extensions>
          <mytracks:speed>39</mytracks:speed>
        </extensions>
      </trkpt>
      <trkpt lon="135.732226" lat="34.234265">
        <extensions>
          <mytracks:speed>35</mytracks:speed>
        </extensions>
      </trkpt>
      <trkpt lon="135.732219" lat="34.234208">
        <extensions>
          <mytracks:speed>32</mytracks:speed>
        </extensions>
      </trkpt>
      <trkpt lon="135.732129" lat="34.234216">
        <extensions>
          <mytracks:speed>32</mytracks:speed>
        </extensions>
      </trkpt>
      <trkpt lon="135.732035" lat="34.234210">
        <extensions>
          <mytracks:speed>30</mytracks:speed>
        </extensions>
      </trkpt>
      <trkpt lon="135.731972" lat="34.234287">
        <extensions>
          <mytracks:speed>31</mytracks:speed>
        </extensions>
      </trkpt>
      <trkpt lon="135.731951" lat="34.234359">
        <extensions>
          <mytracks:speed>32</mytracks:speed>
        </extensions>
      </trkpt>
      <trkpt lon="135.731956" lat="34.234427">
        <extensions>
          <mytracks:speed>35</mytracks:speed>
        </extensions>
      </trkpt>
      <trkpt lon="135.731989" lat="34.234509">
        <extensions>
          <mytracks:speed>34</mytracks:speed>
        </extensions>
      </trkpt>
      <trkpt lon="135.732064" lat="34.234604">
        <extensions>
          <mytracks:speed>37</mytracks:speed>
        </extensions>
      </trkpt>
      <trkpt lon="135.732099" lat="34.234681">
        <extensions>
          <mytracks:speed>37</mytracks:speed>
        </extensions>
      </trkpt>
      <trkpt lon="135.732121" lat="34.234774">
        <extensions>
          <mytracks:speed>39</mytracks:speed>
        </extensions>
      </trkpt>
      <trkpt lon="135.732102" lat="34.234873">
        <extensions>
          <mytracks:speed>40</mytracks:speed>
        </extensions>
      </trkpt>
      <trkpt lon="135.732096" lat="34.234977">
        <extensions>
          <mytracks:speed>41</mytracks:speed>
        </extensions>
      </trkpt>
      <trkpt lon="135.732095" lat="34.235079">
        <extensions>
          <mytracks:speed>42</mytracks:speed>
        </extensions>
      </trkpt>
      <trkpt lon="135.732101" lat="34.235186">
        <extensions>
          <mytracks:speed>41</mytracks:speed>
        </extensions>
      </trkpt>
      <trkpt lon="135.732105" lat="34.235290">
        <extensions>
          <mytracks:speed>42</mytracks:speed>
        </extensions>
      </trkpt>
      <trkpt lon="135.732144" lat="34.235390">
        <extensions>
          <mytracks:speed>41</mytracks:speed>
        </extensions>
      </trkpt>
      <trkpt lon="135.732218" lat="34.235452">
        <extensions>
          <mytracks:speed>39</mytracks:speed>
        </extensions>
      </trkpt>
      <trkpt lon="135.732314" lat="34.235506">
        <extensions>
          <mytracks:speed>38</mytracks:speed>
        </extensions>
      </trkpt>
      <trkpt lon="135.732408" lat="34.235558">
        <extensions>
          <mytracks:speed>37</mytracks:speed>
        </extensions>
      </trkpt>
      <trkpt lon="135.732479" lat="34.235619">
        <extensions>
          <mytracks:speed>38</mytracks:speed>
        </extensions>
      </trkpt>
      <trkpt lon="135.732532" lat="34.235700">
        <extensions>
          <mytracks:speed>36</mytracks:speed>
        </extensions>
      </trkpt>
      <trkpt lon="135.732575" lat="34.235788">
        <extensions>
          <mytracks:speed>39</mytracks:speed>
        </extensions>
      </trkpt>
      <trkpt lon="135.732621" lat="34.235872">
        <extensions>
          <mytracks:speed>39</mytracks:speed>
        </extensions>
      </trkpt>
      <trkpt lon="135.732643" lat="34.235968">
        <extensions>
          <mytracks:speed>42</mytracks:speed>
        </extensions>
      </trkpt>
      <trkpt lon="135.732668" lat="34.236068">
        <extensions>
          <mytracks:speed>44</mytracks:speed>
        </extensions>
      </trkpt>
      <trkpt lon="135.732703" lat="34.236183">
        <extensions>
          <mytracks:speed>47</mytracks:speed>
        </extensions>
      </trkpt>
      <trkpt lon="135.732723" lat="34.236288">
        <extensions>
          <mytracks:speed>49</mytracks:speed>
        </extensions>
      </trkpt>
      <trkpt lon="135.732761" lat="34.236430">
        <extensions>
          <mytracks:speed>51</mytracks:speed>
        </extensions>
      </trkpt>
      <trkpt lon="135.732793" lat="34.236574">
        <extensions>
          <mytracks:speed>51</mytracks:speed>
        </extensions>
      </trkpt>
      <trkpt lon="135.732798" lat="34.236728">
        <extensions>
          <mytracks:speed>53</mytracks:speed>
        </extensions>
      </trkpt>
      <trkpt lon="135.732806" lat="34.236866">
        <extensions>
          <mytracks:speed>51</mytracks:speed>
        </extensions>
      </trkpt>
      <trkpt lon="135.732801" lat="34.237005">
        <extensions>
          <mytracks:speed>49</mytracks:speed>
        </extensions>
      </trkpt>
      <trkpt lon="135.732755" lat="34.237162">
        <extensions>
          <mytracks:speed>47</mytracks:speed>
        </extensions>
      </trkpt>
      <trkpt lon="135.732745" lat="34.237304">
        <extensions>
          <mytracks:speed>44</mytracks:speed>
        </extensions>
      </trkpt>
      <trkpt lon="135.732686" lat="34.237419">
        <extensions>
          <mytracks:speed>42</mytracks:speed>
        </extensions>
      </trkpt>
      <trkpt lon="135.732649" lat="34.237512">
        <extensions>
          <mytracks:speed>42</mytracks:speed>
        </extensions>
      </trkpt>
      <trkpt lon="135.732638" lat="34.237597">
        <extensions>
          <mytracks:speed>41</mytracks:speed>
        </extensions>
      </trkpt>
      <trkpt lon="135.732698" lat="34.237693">
        <extensions>
          <mytracks:speed>40</mytracks:speed>
        </extensions>
      </trkpt>
      <trkpt lon="135.732782" lat="34.237752">
        <extensions>
          <mytracks:speed>39</mytracks:speed>
        </extensions>
      </trkpt>
      <trkpt lon="135.732891" lat="34.237803">
        <extensions>
          <mytracks:speed>39</mytracks:speed>
        </extensions>
      </trkpt>
      <trkpt lon="135.733025" lat="34.237811">
        <extensions>
          <mytracks:speed>39</mytracks:speed>
        </extensions>
      </trkpt>
      <trkpt lon="135.733145" lat="34.237855">
        <extensions>
          <mytracks:speed>37</mytracks:speed>
        </extensions>
      </trkpt>
      <trkpt lon="135.733225" lat="34.237904">
        <extensions>
          <mytracks:speed>36</mytracks:speed>
        </extensions>
      </trkpt>
      <trkpt lon="135.733300" lat="34.237981">
        <extensions>
          <mytracks:speed>38</mytracks:speed>
        </extensions>
      </trkpt>
      <trkpt lon="135.733299" lat="34.238093">
        <extensions>
          <mytracks:speed>37</mytracks:speed>
        </extensions>
      </trkpt>
      <trkpt lon="135.733302" lat="34.238204">
        <extensions>
          <mytracks:speed>39</mytracks:speed>
        </extensions>
      </trkpt>
      <trkpt lon="135.733291" lat="34.238313">
        <extensions>
          <mytracks:speed>39</mytracks:speed>
        </extensions>
      </trkpt>
      <trkpt lon="135.733077" lat="34.238292">
        <extensions>
          <mytracks:speed>39</mytracks:speed>
        </extensions>
      </trkpt>
      <trkpt lon="135.732950" lat="34.238293">
        <extensions>
          <mytracks:speed>40</mytracks:speed>
        </extensions>
      </trkpt>
      <trkpt lon="135.732828" lat="34.238297">
        <extensions>
          <mytracks:speed>42</mytracks:speed>
        </extensions>
      </trkpt>
      <trkpt lon="135.732715" lat="34.238296">
        <extensions>
          <mytracks:speed>42</mytracks:speed>
        </extensions>
      </trkpt>
      <trkpt lon="135.732606" lat="34.238277">
        <extensions>
          <mytracks:speed>43</mytracks:speed>
        </extensions>
      </trkpt>
      <trkpt lon="135.732490" lat="34.238264">
        <extensions>
          <mytracks:speed>43</mytracks:speed>
        </extensions>
      </trkpt>
      <trkpt lon="135.732367" lat="34.238251">
        <extensions>
          <mytracks:speed>42</mytracks:speed>
        </extensions>
      </trkpt>
      <trkpt lon="135.732236" lat="34.238253">
        <extensions>
          <mytracks:speed>42</mytracks:speed>
        </extensions>
      </trkpt>
      <trkpt lon="135.732138" lat="34.238305">
        <extensions>
          <mytracks:speed>43</mytracks:speed>
        </extensions>
      </trkpt>
      <trkpt lon="135.732033" lat="34.238368">
        <extensions>
          <mytracks:speed>43</mytracks:speed>
        </extensions>
      </trkpt>
      <trkpt lon="135.731972" lat="34.238476">
        <extensions>
          <mytracks:speed>46</mytracks:speed>
        </extensions>
      </trkpt>
      <trkpt lon="135.731878" lat="34.238574">
        <extensions>
          <mytracks:speed>49</mytracks:speed>
        </extensions>
      </trkpt>
      <trkpt lon="135.731809" lat="34.238722">
        <extensions>
          <mytracks:speed>51</mytracks:speed>
        </extensions>
      </trkpt>
      <trkpt lon="135.731714" lat="34.238827">
        <extensions>
          <mytracks:speed>52</mytracks:speed>
        </extensions>
      </trkpt>
      <trkpt lon="135.731622" lat="34.238940">
        <extensions>
          <mytracks:speed>54</mytracks:speed>
        </extensions>
      </trkpt>
      <trkpt lon="135.731484" lat="34.239053">
        <extensions>
          <mytracks:speed>55</mytracks:speed>
        </extensions>
      </trkpt>
      <trkpt lon="135.731375" lat="34.239171">
        <extensions>
          <mytracks:speed>55</mytracks:speed>
        </extensions>
      </trkpt>
      <trkpt lon="135.731279" lat="34.239292">
        <extensions>
          <mytracks:speed>57</mytracks:speed>
        </extensions>
      </trkpt>
      <trkpt lon="135.731248" lat="34.239444">
        <extensions>
          <mytracks:speed>57</mytracks:speed>
        </extensions>
      </trkpt>
      <trkpt lon="135.731248" lat="34.239593">
        <extensions>
          <mytracks:speed>58</mytracks:speed>
        </extensions>
      </trkpt>
      <trkpt lon="135.731243" lat="34.239740">
        <extensions>
          <mytracks:speed>58</mytracks:speed>
        </extensions>
      </trkpt>
      <trkpt lon="135.731257" lat="34.239882">
        <extensions>
          <mytracks:speed>58</mytracks:speed>
        </extensions>
      </trkpt>
      <trkpt lon="135.731248" lat="34.240034">
        <extensions>
          <mytracks:speed>57</mytracks:speed>
        </extensions>
      </trkpt>
      <trkpt lon="135.731252" lat="34.240188">
        <extensions>
          <mytracks:speed>57</mytracks:speed>
        </extensions>
      </trkpt>
      <trkpt lon="135.731237" lat="34.240344">
        <extensions>
          <mytracks:speed>58</mytracks:speed>
        </extensions>
      </trkpt>
      <trkpt lon="135.731193" lat="34.240504">
        <extensions>
          <mytracks:speed>57</mytracks:speed>
        </extensions>
      </trkpt>
      <trkpt lon="135.731139" lat="34.240662">
        <extensions>
          <mytracks:speed>57</mytracks:speed>
        </extensions>
      </trkpt>
      <trkpt lon="135.731070" lat="34.240806">
        <extensions>
          <mytracks:speed>56</mytracks:speed>
        </extensions>
      </trkpt>
      <trkpt lon="135.730996" lat="34.240922">
        <extensions>
          <mytracks:speed>55</mytracks:speed>
        </extensions>
      </trkpt>
      <trkpt lon="135.730894" lat="34.241020">
        <extensions>
          <mytracks:speed>54</mytracks:speed>
        </extensions>
      </trkpt>
      <trkpt lon="135.730812" lat="34.241138">
        <extensions>
          <mytracks:speed>53</mytracks:speed>
        </extensions>
      </trkpt>
      <trkpt lon="135.730744" lat="34.241250">
        <extensions>
          <mytracks:speed>50</mytracks:speed>
        </extensions>
      </trkpt>
      <trkpt lon="135.730703" lat="34.241366">
        <extensions>
          <mytracks:speed>48</mytracks:speed>
        </extensions>
      </trkpt>
      <trkpt lon="135.730675" lat="34.241480">
        <extensions>
          <mytracks:speed>47</mytracks:speed>
        </extensions>
      </trkpt>
      <trkpt lon="135.730657" lat="34.241591">
        <extensions>
          <mytracks:speed>47</mytracks:speed>
        </extensions>
      </trkpt>
      <trkpt lon="135.730664" lat="34.241708">
        <extensions>
          <mytracks:speed>49</mytracks:speed>
        </extensions>
      </trkpt>
      <trkpt lon="135.730694" lat="34.241836">
        <extensions>
          <mytracks:speed>50</mytracks:speed>
        </extensions>
      </trkpt>
      <trkpt lon="135.730734" lat="34.241966">
        <extensions>
          <mytracks:speed>52</mytracks:speed>
        </extensions>
      </trkpt>
      <trkpt lon="135.730782" lat="34.242098">
        <extensions>
          <mytracks:speed>53</mytracks:speed>
        </extensions>
      </trkpt>
      <trkpt lon="135.730844" lat="34.242227">
        <extensions>
          <mytracks:speed>56</mytracks:speed>
        </extensions>
      </trkpt>
      <trkpt lon="135.730914" lat="34.242354">
        <extensions>
          <mytracks:speed>57</mytracks:speed>
        </extensions>
      </trkpt>
      <trkpt lon="135.730963" lat="34.242474">
        <extensions>
          <mytracks:speed>58</mytracks:speed>
        </extensions>
      </trkpt>
      <trkpt lon="135.731026" lat="34.242604">
        <extensions>
          <mytracks:speed>58</mytracks:speed>
        </extensions>
      </trkpt>
      <trkpt lon="135.731101" lat="34.242745">
        <extensions>
          <mytracks:speed>59</mytracks:speed>
        </extensions>
      </trkpt>
      <trkpt lon="135.731177" lat="34.242877">
        <extensions>
          <mytracks:speed>57</mytracks:speed>
        </extensions>
      </trkpt>
      <trkpt lon="135.731247" lat="34.243011">
        <extensions>
          <mytracks:speed>57</mytracks:speed>
        </extensions>
      </trkpt>
      <trkpt lon="135.731317" lat="34.243141">
        <extensions>
          <mytracks:speed>56</mytracks:speed>
        </extensions>
      </trkpt>
      <trkpt lon="135.731411" lat="34.243243">
        <extensions>
          <mytracks:speed>53</mytracks:speed>
        </extensions>
      </trkpt>
      <trkpt lon="135.731499" lat="34.243341">
        <extensions>
          <mytracks:speed>52</mytracks:speed>
        </extensions>
      </trkpt>
      <trkpt lon="135.731610" lat="34.243432">
        <extensions>
          <mytracks:speed>52</mytracks:speed>
        </extensions>
      </trkpt>
      <trkpt lon="135.731729" lat="34.243532">
        <extensions>
          <mytracks:speed>54</mytracks:speed>
        </extensions>
      </trkpt>
      <trkpt lon="135.731836" lat="34.243622">
        <extensions>
          <mytracks:speed>55</mytracks:speed>
        </extensions>
      </trkpt>
      <trkpt lon="135.731948" lat="34.243709">
        <extensions>
          <mytracks:speed>55</mytracks:speed>
        </extensions>
      </trkpt>
      <trkpt lon="135.732078" lat="34.243806">
        <extensions>
          <mytracks:speed>56</mytracks:speed>
        </extensions>
      </trkpt>
      <trkpt lon="135.732199" lat="34.243909">
        <extensions>
          <mytracks:speed>58</mytracks:speed>
        </extensions>
      </trkpt>
      <trkpt lon="135.732320" lat="34.244025">
        <extensions>
          <mytracks:speed>59</mytracks:speed>
        </extensions>
      </trkpt>
      <trkpt lon="135.732433" lat="34.244145">
        <extensions>
          <mytracks:speed>61</mytracks:speed>
        </extensions>
      </trkpt>
      <trkpt lon="135.732547" lat="34.244278">
        <extensions>
          <mytracks:speed>63</mytracks:speed>
        </extensions>
      </trkpt>
      <trkpt lon="135.732660" lat="34.244405">
        <extensions>
          <mytracks:speed>63</mytracks:speed>
        </extensions>
      </trkpt>
      <trkpt lon="135.732776" lat="34.244538">
        <extensions>
          <mytracks:speed>64</mytracks:speed>
        </extensions>
      </trkpt>
      <trkpt lon="135.732887" lat="34.244675">
        <extensions>
          <mytracks:speed>63</mytracks:speed>
        </extensions>
      </trkpt>
      <trkpt lon="135.732987" lat="34.244810">
        <extensions>
          <mytracks:speed>63</mytracks:speed>
        </extensions>
      </trkpt>
      <trkpt lon="135.733117" lat="34.244943">
        <extensions>
          <mytracks:speed>63</mytracks:speed>
        </extensions>
      </trkpt>
      <trkpt lon="135.733233" lat="34.245075">
        <extensions>
          <mytracks:speed>63</mytracks:speed>
        </extensions>
      </trkpt>
      <trkpt lon="135.733355" lat="34.245210">
        <extensions>
          <mytracks:speed>63</mytracks:speed>
        </extensions>
      </trkpt>
      <trkpt lon="135.733466" lat="34.245335">
        <extensions>
          <mytracks:speed>62</mytracks:speed>
        </extensions>
      </trkpt>
      <trkpt lon="135.733577" lat="34.245459">
        <extensions>
          <mytracks:speed>62</mytracks:speed>
        </extensions>
      </trkpt>
      <trkpt lon="135.733695" lat="34.245578">
        <extensions>
          <mytracks:speed>62</mytracks:speed>
        </extensions>
      </trkpt>
      <trkpt lon="135.733818" lat="34.245697">
        <extensions>
          <mytracks:speed>61</mytracks:speed>
        </extensions>
      </trkpt>
      <trkpt lon="135.733936" lat="34.245823">
        <extensions>
          <mytracks:speed>62</mytracks:speed>
        </extensions>
      </trkpt>
      <trkpt lon="135.734050" lat="34.245959">
        <extensions>
          <mytracks:speed>60</mytracks:speed>
        </extensions>
      </trkpt>
      <trkpt lon="135.734143" lat="34.246081">
        <extensions>
          <mytracks:speed>59</mytracks:speed>
        </extensions>
      </trkpt>
      <trkpt lon="135.734224" lat="34.246208">
        <extensions>
          <mytracks:speed>56</mytracks:speed>
        </extensions>
      </trkpt>
      <trkpt lon="135.734293" lat="34.246337">
        <extensions>
          <mytracks:speed>55</mytracks:speed>
        </extensions>
      </trkpt>
      <trkpt lon="135.734369" lat="34.246453">
        <extensions>
          <mytracks:speed>54</mytracks:speed>
        </extensions>
      </trkpt>
      <trkpt lon="135.734439" lat="34.246554">
        <extensions>
          <mytracks:speed>53</mytracks:speed>
        </extensions>
      </trkpt>
      <trkpt lon="135.734536" lat="34.246660">
        <extensions>
          <mytracks:speed>54</mytracks:speed>
        </extensions>
      </trkpt>
      <trkpt lon="135.734676" lat="34.246730">
        <extensions>
          <mytracks:speed>53</mytracks:speed>
        </extensions>
      </trkpt>
      <trkpt lon="135.734803" lat="34.246814">
        <extensions>
          <mytracks:speed>54</mytracks:speed>
        </extensions>
      </trkpt>
      <trkpt lon="135.734940" lat="34.246884">
        <extensions>
          <mytracks:speed>55</mytracks:speed>
        </extensions>
      </trkpt>
      <trkpt lon="135.735074" lat="34.246960">
        <extensions>
          <mytracks:speed>55</mytracks:speed>
        </extensions>
      </trkpt>
      <trkpt lon="135.735225" lat="34.247035">
        <extensions>
          <mytracks:speed>55</mytracks:speed>
        </extensions>
      </trkpt>
      <trkpt lon="135.735383" lat="34.247120">
        <extensions>
          <mytracks:speed>59</mytracks:speed>
        </extensions>
      </trkpt>
      <trkpt lon="135.735533" lat="34.247186">
        <extensions>
          <mytracks:speed>59</mytracks:speed>
        </extensions>
      </trkpt>
      <trkpt lon="135.735684" lat="34.247279">
        <extensions>
          <mytracks:speed>59</mytracks:speed>
        </extensions>
      </trkpt>
      <trkpt lon="135.735846" lat="34.247357">
        <extensions>
          <mytracks:speed>58</mytracks:speed>
        </extensions>
      </trkpt>
      <trkpt lon="135.736003" lat="34.247441">
        <extensions>
          <mytracks:speed>57</mytracks:speed>
        </extensions>
      </trkpt>
      <trkpt lon="135.736151" lat="34.247517">
        <extensions>
          <mytracks:speed>56</mytracks:speed>
        </extensions>
      </trkpt>
      <trkpt lon="135.736300" lat="34.247603">
        <extensions>
          <mytracks:speed>54</mytracks:speed>
        </extensions>
      </trkpt>
      <trkpt lon="135.736432" lat="34.247701">
        <extensions>
          <mytracks:speed>54</mytracks:speed>
        </extensions>
      </trkpt>
      <trkpt lon="135.736557" lat="34.247804">
        <extensions>
          <mytracks:speed>54</mytracks:speed>
        </extensions>
      </trkpt>
      <trkpt lon="135.736652" lat="34.247923">
        <extensions>
          <mytracks:speed>52</mytracks:speed>
        </extensions>
      </trkpt>
      <trkpt lon="135.736719" lat="34.248053">
        <extensions>
          <mytracks:speed>51</mytracks:speed>
        </extensions>
      </trkpt>
      <trkpt lon="135.736776" lat="34.248175">
        <extensions>
          <mytracks:speed>51</mytracks:speed>
        </extensions>
      </trkpt>
      <trkpt lon="135.736799" lat="34.248298">
        <extensions>
          <mytracks:speed>50</mytracks:speed>
        </extensions>
      </trkpt>
      <trkpt lon="135.736842" lat="34.248406">
        <extensions>
          <mytracks:speed>50</mytracks:speed>
        </extensions>
      </trkpt>
      <trkpt lon="135.736889" lat="34.248504">
        <extensions>
          <mytracks:speed>50</mytracks:speed>
        </extensions>
      </trkpt>
      <trkpt lon="135.736985" lat="34.248593">
        <extensions>
          <mytracks:speed>50</mytracks:speed>
        </extensions>
      </trkpt>
      <trkpt lon="135.737108" lat="34.248660">
        <extensions>
          <mytracks:speed>51</mytracks:speed>
        </extensions>
      </trkpt>
      <trkpt lon="135.737250" lat="34.248719">
        <extensions>
          <mytracks:speed>52</mytracks:speed>
        </extensions>
      </trkpt>
      <trkpt lon="135.737409" lat="34.248773">
        <extensions>
          <mytracks:speed>54</mytracks:speed>
        </extensions>
      </trkpt>
      <trkpt lon="135.737551" lat="34.248822">
        <extensions>
          <mytracks:speed>54</mytracks:speed>
        </extensions>
      </trkpt>
      <trkpt lon="135.737692" lat="34.248897">
        <extensions>
          <mytracks:speed>54</mytracks:speed>
        </extensions>
      </trkpt>
      <trkpt lon="135.737828" lat="34.248981">
        <extensions>
          <mytracks:speed>55</mytracks:speed>
        </extensions>
      </trkpt>
      <trkpt lon="135.737961" lat="34.249075">
        <extensions>
          <mytracks:speed>56</mytracks:speed>
        </extensions>
      </trkpt>
      <trkpt lon="135.738084" lat="34.249170">
        <extensions>
          <mytracks:speed>54</mytracks:speed>
        </extensions>
      </trkpt>
      <trkpt lon="135.738204" lat="34.249268">
        <extensions>
          <mytracks:speed>53</mytracks:speed>
        </extensions>
      </trkpt>
      <trkpt lon="135.738287" lat="34.249365">
        <extensions>
          <mytracks:speed>50</mytracks:speed>
        </extensions>
      </trkpt>
      <trkpt lon="135.738387" lat="34.249460">
        <extensions>
          <mytracks:speed>48</mytracks:speed>
        </extensions>
      </trkpt>
      <trkpt lon="135.738456" lat="34.249572">
        <extensions>
          <mytracks:speed>48</mytracks:speed>
        </extensions>
      </trkpt>
      <trkpt lon="135.738514" lat="34.249685">
        <extensions>
          <mytracks:speed>50</mytracks:speed>
        </extensions>
      </trkpt>
      <trkpt lon="135.738529" lat="34.249825">
        <extensions>
          <mytracks:speed>51</mytracks:speed>
        </extensions>
      </trkpt>
      <trkpt lon="135.738556" lat="34.249960">
        <extensions>
          <mytracks:speed>53</mytracks:speed>
        </extensions>
      </trkpt>
      <trkpt lon="135.738590" lat="34.250089">
        <extensions>
          <mytracks:speed>56</mytracks:speed>
        </extensions>
      </trkpt>
      <trkpt lon="135.734543" lat="34.255127">
        <extensions>
          <mytracks:speed>54</mytracks:speed>
        </extensions>
      </trkpt>
      <trkpt lon="135.734521" lat="34.255293">
        <extensions>
          <mytracks:speed>55</mytracks:speed>
        </extensions>
      </trkpt>
      <trkpt lon="135.734579" lat="34.255430">
        <extensions>
          <mytracks:speed>56</mytracks:speed>
        </extensions>
      </trkpt>
      <trkpt lon="135.734600" lat="34.255579">
        <extensions>
          <mytracks:speed>57</mytracks:speed>
        </extensions>
      </trkpt>
      <trkpt lon="135.734624" lat="34.255713">
        <extensions>
          <mytracks:speed>59</mytracks:speed>
        </extensions>
      </trkpt>
      <trkpt lon="135.734649" lat="34.255871">
        <extensions>
          <mytracks:speed>61</mytracks:speed>
        </extensions>
      </trkpt>
      <trkpt lon="135.734678" lat="34.256039">
        <extensions>
          <mytracks:speed>65</mytracks:speed>
        </extensions>
      </trkpt>
      <trkpt lon="135.734713" lat="34.256206">
        <extensions>
          <mytracks:speed>67</mytracks:speed>
        </extensions>
      </trkpt>
      <trkpt lon="135.734742" lat="34.256373">
        <extensions>
          <mytracks:speed>67</mytracks:speed>
        </extensions>
      </trkpt>
      <trkpt lon="135.734776" lat="34.256542">
        <extensions>
          <mytracks:speed>67</mytracks:speed>
        </extensions>
      </trkpt>
      <trkpt lon="135.734819" lat="34.256715">
        <extensions>
          <mytracks:speed>66</mytracks:speed>
        </extensions>
      </trkpt>
      <trkpt lon="135.734887" lat="34.256878">
        <extensions>
          <mytracks:speed>67</mytracks:speed>
        </extensions>
      </trkpt>
      <trkpt lon="135.734962" lat="34.257038">
        <extensions>
          <mytracks:speed>67</mytracks:speed>
        </extensions>
      </trkpt>
      <trkpt lon="135.735121" lat="34.257159">
        <extensions>
          <mytracks:speed>67</mytracks:speed>
        </extensions>
      </trkpt>
      <trkpt lon="135.735264" lat="34.257273">
        <extensions>
          <mytracks:speed>64</mytracks:speed>
        </extensions>
      </trkpt>
      <trkpt lon="135.735400" lat="34.257387">
        <extensions>
          <mytracks:speed>63</mytracks:speed>
        </extensions>
      </trkpt>
      <trkpt lon="135.735516" lat="34.257496">
        <extensions>
          <mytracks:speed>63</mytracks:speed>
        </extensions>
      </trkpt>
      <trkpt lon="135.735603" lat="34.257614">
        <extensions>
          <mytracks:speed>63</mytracks:speed>
        </extensions>
      </trkpt>
      <trkpt lon="135.735678" lat="34.257756">
        <extensions>
          <mytracks:speed>62</mytracks:speed>
        </extensions>
      </trkpt>
      <trkpt lon="135.735723" lat="34.257909">
        <extensions>
          <mytracks:speed>63</mytracks:speed>
        </extensions>
      </trkpt>
      <trkpt lon="135.735720" lat="34.258063">
        <extensions>
          <mytracks:speed>62</mytracks:speed>
        </extensions>
      </trkpt>
      <trkpt lon="135.735695" lat="34.258222">
        <extensions>
          <mytracks:speed>62</mytracks:speed>
        </extensions>
      </trkpt>
      <trkpt lon="135.735657" lat="34.258381">
        <extensions>
          <mytracks:speed>62</mytracks:speed>
        </extensions>
      </trkpt>
      <trkpt lon="135.735622" lat="34.258538">
        <extensions>
          <mytracks:speed>64</mytracks:speed>
        </extensions>
      </trkpt>
      <trkpt lon="135.735584" lat="34.258696">
        <extensions>
          <mytracks:speed>64</mytracks:speed>
        </extensions>
      </trkpt>
      <trkpt lon="135.735546" lat="34.258855">
        <extensions>
          <mytracks:speed>64</mytracks:speed>
        </extensions>
      </trkpt>
      <trkpt lon="135.735507" lat="34.259017">
        <extensions>
          <mytracks:speed>66</mytracks:speed>
        </extensions>
      </trkpt>
      <trkpt lon="135.735475" lat="34.259180">
        <extensions>
          <mytracks:speed>65</mytracks:speed>
        </extensions>
      </trkpt>
      <trkpt lon="135.735450" lat="34.259344">
        <extensions>
          <mytracks:speed>63</mytracks:speed>
        </extensions>
      </trkpt>
      <trkpt lon="135.735418" lat="34.259501">
        <extensions>
          <mytracks:speed>62</mytracks:speed>
        </extensions>
      </trkpt>
      <trkpt lon="135.735378" lat="34.259647">
        <extensions>
          <mytracks:speed>57</mytracks:speed>
        </extensions>
      </trkpt>
      <trkpt lon="135.735325" lat="34.259779">
        <extensions>
          <mytracks:speed>54</mytracks:speed>
        </extensions>
      </trkpt>
      <trkpt lon="135.735231" lat="34.259893">
        <extensions>
          <mytracks:speed>53</mytracks:speed>
        </extensions>
      </trkpt>
      <trkpt lon="135.735113" lat="34.259963">
        <extensions>
          <mytracks:speed>50</mytracks:speed>
        </extensions>
      </trkpt>
      <trkpt lon="135.734972" lat="34.260003">
        <extensions>
          <mytracks:speed>48</mytracks:speed>
        </extensions>
      </trkpt>
      <trkpt lon="135.734836" lat="34.260037">
        <extensions>
          <mytracks:speed>48</mytracks:speed>
        </extensions>
      </trkpt>
      <trkpt lon="135.734706" lat="34.260038">
        <extensions>
          <mytracks:speed>49</mytracks:speed>
        </extensions>
      </trkpt>
      <trkpt lon="135.734609" lat="34.259891">
        <extensions>
          <mytracks:speed>50</mytracks:speed>
        </extensions>
      </trkpt>
      <trkpt lon="135.734487" lat="34.259790">
        <extensions>
          <mytracks:speed>55</mytracks:speed>
        </extensions>
      </trkpt>
      <trkpt lon="135.734368" lat="34.259692">
        <extensions>
          <mytracks:speed>59</mytracks:speed>
        </extensions>
      </trkpt>
      <trkpt lon="135.734249" lat="34.259589">
        <extensions>
          <mytracks:speed>60</mytracks:speed>
        </extensions>
      </trkpt>
      <trkpt lon="135.734091" lat="34.259447">
        <extensions>
          <mytracks:speed>63</mytracks:speed>
        </extensions>
      </trkpt>
      <trkpt lon="135.733956" lat="34.259331">
        <extensions>
          <mytracks:speed>64</mytracks:speed>
        </extensions>
      </trkpt>
      <trkpt lon="135.733825" lat="34.259211">
        <extensions>
          <mytracks:speed>63</mytracks:speed>
        </extensions>
      </trkpt>
      <trkpt lon="135.733693" lat="34.259096">
        <extensions>
          <mytracks:speed>63</mytracks:speed>
        </extensions>
      </trkpt>
      <trkpt lon="135.733561" lat="34.258980">
        <extensions>
          <mytracks:speed>62</mytracks:speed>
        </extensions>
      </trkpt>
      <trkpt lon="135.733415" lat="34.258876">
        <extensions>
          <mytracks:speed>59</mytracks:speed>
        </extensions>
      </trkpt>
      <trkpt lon="135.733265" lat="34.258785">
        <extensions>
          <mytracks:speed>56</mytracks:speed>
        </extensions>
      </trkpt>
      <trkpt lon="135.733124" lat="34.258739">
        <extensions>
          <mytracks:speed>55</mytracks:speed>
        </extensions>
      </trkpt>
      <trkpt lon="135.732966" lat="34.258716">
        <extensions>
          <mytracks:speed>54</mytracks:speed>
        </extensions>
      </trkpt>
      <trkpt lon="135.732792" lat="34.258713">
        <extensions>
          <mytracks:speed>52</mytracks:speed>
        </extensions>
      </trkpt>
      <trkpt lon="135.732633" lat="34.258758">
        <extensions>
          <mytracks:speed>51</mytracks:speed>
        </extensions>
      </trkpt>
      <trkpt lon="135.732556" lat="34.258923">
        <extensions>
          <mytracks:speed>52</mytracks:speed>
        </extensions>
      </trkpt>
      <trkpt lon="135.732484" lat="34.259027">
        <extensions>
          <mytracks:speed>51</mytracks:speed>
        </extensions>
      </trkpt>
      <trkpt lon="135.732419" lat="34.259152">
        <extensions>
          <mytracks:speed>51</mytracks:speed>
        </extensions>
      </trkpt>
      <trkpt lon="135.732426" lat="34.259288">
        <extensions>
          <mytracks:speed>53</mytracks:speed>
        </extensions>
      </trkpt>
      <trkpt lon="135.732430" lat="34.259414">
        <extensions>
          <mytracks:speed>54</mytracks:speed>
        </extensions>
      </trkpt>
      <trkpt lon="135.732500" lat="34.259551">
        <extensions>
          <mytracks:speed>54</mytracks:speed>
        </extensions>
      </trkpt>
      <trkpt lon="135.732549" lat="34.259692">
        <extensions>
          <mytracks:speed>57</mytracks:speed>
        </extensions>
      </trkpt>
      <trkpt lon="135.732589" lat="34.259819">
        <extensions>
          <mytracks:speed>58</mytracks:speed>
        </extensions>
      </trkpt>
      <trkpt lon="135.732610" lat="34.259954">
        <extensions>
          <mytracks:speed>59</mytracks:speed>
        </extensions>
      </trkpt>
      <trkpt lon="135.732637" lat="34.260103">
        <extensions>
          <mytracks:speed>60</mytracks:speed>
        </extensions>
      </trkpt>
      <trkpt lon="135.732645" lat="34.260246">
        <extensions>
          <mytracks:speed>59</mytracks:speed>
        </extensions>
      </trkpt>
      <trkpt lon="135.732626" lat="34.260387">
        <extensions>
          <mytracks:speed>56</mytracks:speed>
        </extensions>
      </trkpt>
      <trkpt lon="135.732604" lat="34.260528">
        <extensions>
          <mytracks:speed>55</mytracks:speed>
        </extensions>
      </trkpt>
      <trkpt lon="135.732551" lat="34.260657">
        <extensions>
          <mytracks:speed>53</mytracks:speed>
        </extensions>
      </trkpt>
      <trkpt lon="135.732473" lat="34.260767">
        <extensions>
          <mytracks:speed>51</mytracks:speed>
        </extensions>
      </trkpt>
      <trkpt lon="135.732352" lat="34.260847">
        <extensions>
          <mytracks:speed>52</mytracks:speed>
        </extensions>
      </trkpt>
      <trkpt lon="135.732209" lat="34.260910">
        <extensions>
          <mytracks:speed>52</mytracks:speed>
        </extensions>
      </trkpt>
      <trkpt lon="135.732073" lat="34.260969">
        <extensions>
          <mytracks:speed>51</mytracks:speed>
        </extensions>
      </trkpt>
      <trkpt lon="135.731924" lat="34.261008">
        <extensions>
          <mytracks:speed>50</mytracks:speed>
        </extensions>
      </trkpt>
      <trkpt lon="135.731800" lat="34.261080">
        <extensions>
          <mytracks:speed>49</mytracks:speed>
        </extensions>
      </trkpt>
      <trkpt lon="135.731703" lat="34.261177">
        <extensions>
          <mytracks:speed>50</mytracks:speed>
        </extensions>
      </trkpt>
      <trkpt lon="135.731631" lat="34.261283">
        <extensions>
          <mytracks:speed>50</mytracks:speed>
        </extensions>
      </trkpt>
      <trkpt lon="135.731608" lat="34.261407">
        <extensions>
          <mytracks:speed>50</mytracks:speed>
        </extensions>
      </trkpt>
      <trkpt lon="135.731611" lat="34.261526">
        <extensions>
          <mytracks:speed>51</mytracks:speed>
        </extensions>
      </trkpt>
      <trkpt lon="135.731634" lat="34.261650">
        <extensions>
          <mytracks:speed>51</mytracks:speed>
        </extensions>
      </trkpt>
      <trkpt lon="135.731679" lat="34.261771">
        <extensions>
          <mytracks:speed>51</mytracks:speed>
        </extensions>
      </trkpt>
      <trkpt lon="135.731770" lat="34.261880">
        <extensions>
          <mytracks:speed>51</mytracks:speed>
        </extensions>
      </trkpt>
      <trkpt lon="135.731890" lat="34.261959">
        <extensions>
          <mytracks:speed>51</mytracks:speed>
        </extensions>
      </trkpt>
      <trkpt lon="135.732037" lat="34.261994">
        <extensions>
          <mytracks:speed>51</mytracks:speed>
        </extensions>
      </trkpt>
      <trkpt lon="135.732196" lat="34.262031">
        <extensions>
          <mytracks:speed>52</mytracks:speed>
        </extensions>
      </trkpt>
      <trkpt lon="135.732366" lat="34.261994">
        <extensions>
          <mytracks:speed>52</mytracks:speed>
        </extensions>
      </trkpt>
      <trkpt lon="135.732527" lat="34.261624">
        <extensions>
          <mytracks:speed>53</mytracks:speed>
        </extensions>
      </trkpt>
      <trkpt lon="135.732704" lat="34.261589">
        <extensions>
          <mytracks:speed>54</mytracks:speed>
        </extensions>
      </trkpt>
      <trkpt lon="135.732873" lat="34.261543">
        <extensions>
          <mytracks:speed>54</mytracks:speed>
        </extensions>
      </trkpt>
      <trkpt lon="135.733075" lat="34.261574">
        <extensions>
          <mytracks:speed>55</mytracks:speed>
        </extensions>
      </trkpt>
      <trkpt lon="135.733262" lat="34.261576">
        <extensions>
          <mytracks:speed>56</mytracks:speed>
        </extensions>
      </trkpt>
      <trkpt lon="135.733452" lat="34.261596">
        <extensions>
          <mytracks:speed>55</mytracks:speed>
        </extensions>
      </trkpt>
      <trkpt lon="135.733623" lat="34.261599">
        <extensions>
          <mytracks:speed>57</mytracks:speed>
        </extensions>
      </trkpt>
      <trkpt lon="135.733795" lat="34.261639">
        <extensions>
          <mytracks:speed>56</mytracks:speed>
        </extensions>
      </trkpt>
      <trkpt lon="135.733987" lat="34.261678">
        <extensions>
          <mytracks:speed>57</mytracks:speed>
        </extensions>
      </trkpt>
      <trkpt lon="135.734162" lat="34.261709">
        <extensions>
          <mytracks:speed>57</mytracks:speed>
        </extensions>
      </trkpt>
      <trkpt lon="135.734338" lat="34.261734">
        <extensions>
          <mytracks:speed>57</mytracks:speed>
        </extensions>
      </trkpt>
      <trkpt lon="135.734520" lat="34.261762">
        <extensions>
          <mytracks:speed>57</mytracks:speed>
        </extensions>
      </trkpt>
      <trkpt lon="135.734693" lat="34.261787">
        <extensions>
          <mytracks:speed>56</mytracks:speed>
        </extensions>
      </trkpt>
      <trkpt lon="135.734874" lat="34.261810">
        <extensions>
          <mytracks:speed>57</mytracks:speed>
        </extensions>
      </trkpt>
      <trkpt lon="135.734969" lat="34.261954">
        <extensions>
          <mytracks:speed>57</mytracks:speed>
        </extensions>
      </trkpt>
      <trkpt lon="135.735106" lat="34.262029">
        <extensions>
          <mytracks:speed>58</mytracks:speed>
        </extensions>
      </trkpt>
      <trkpt lon="135.735259" lat="34.262105">
        <extensions>
          <mytracks:speed>59</mytracks:speed>
        </extensions>
      </trkpt>
      <trkpt lon="135.735411" lat="34.262216">
        <extensions>
          <mytracks:speed>59</mytracks:speed>
        </extensions>
      </trkpt>
      <trkpt lon="135.735569" lat="34.262300">
        <extensions>
          <mytracks:speed>59</mytracks:speed>
        </extensions>
      </trkpt>
      <trkpt lon="135.735722" lat="34.262395">
        <extensions>
          <mytracks:speed>60</mytracks:speed>
        </extensions>
      </trkpt>
      <trkpt lon="135.735893" lat="34.262473">
        <extensions>
          <mytracks:speed>61</mytracks:speed>
        </extensions>
      </trkpt>
      <trkpt lon="135.736132" lat="34.262448">
        <extensions>
          <mytracks:speed>61</mytracks:speed>
        </extensions>
      </trkpt>
      <trkpt lon="135.736324" lat="34.262492">
        <extensions>
          <mytracks:speed>61</mytracks:speed>
        </extensions>
      </trkpt>
      <trkpt lon="135.736516" lat="34.262543">
        <extensions>
          <mytracks:speed>63</mytracks:speed>
        </extensions>
      </trkpt>
      <trkpt lon="135.736702" lat="34.262576">
        <extensions>
          <mytracks:speed>63</mytracks:speed>
        </extensions>
      </trkpt>
      <trkpt lon="135.736912" lat="34.262616">
        <extensions>
          <mytracks:speed>64</mytracks:speed>
        </extensions>
      </trkpt>
      <trkpt lon="135.737124" lat="34.262646">
        <extensions>
          <mytracks:speed>63</mytracks:speed>
        </extensions>
      </trkpt>
      <trkpt lon="135.737315" lat="34.262709">
        <extensions>
          <mytracks:speed>63</mytracks:speed>
        </extensions>
      </trkpt>
      <trkpt lon="135.737497" lat="34.262764">
        <extensions>
          <mytracks:speed>62</mytracks:speed>
        </extensions>
      </trkpt>
      <trkpt lon="135.737684" lat="34.262814">
        <extensions>
          <mytracks:speed>61</mytracks:speed>
        </extensions>
      </trkpt>
      <trkpt lon="135.737871" lat="34.262868">
        <extensions>
          <mytracks:speed>59</mytracks:speed>
        </extensions>
      </trkpt>
      <trkpt lon="135.738028" lat="34.262918">
        <extensions>
          <mytracks:speed>56</mytracks:speed>
        </extensions>
      </trkpt>
      <trkpt lon="135.738189" lat="34.262966">
        <extensions>
          <mytracks:speed>55</mytracks:speed>
        </extensions>
      </trkpt>
      <trkpt lon="135.738368" lat="34.262964">
        <extensions>
          <mytracks:speed>53</mytracks:speed>
        </extensions>
      </trkpt>
      <trkpt lon="135.738551" lat="34.262950">
        <extensions>
          <mytracks:speed>53</mytracks:speed>
        </extensions>
      </trkpt>
      <trkpt lon="135.738706" lat="34.262875">
        <extensions>
          <mytracks:speed>52</mytracks:speed>
        </extensions>
      </trkpt>
      <trkpt lon="135.738788" lat="34.262746">
        <extensions>
          <mytracks:speed>50</mytracks:speed>
        </extensions>
      </trkpt>
      <trkpt lon="135.738911" lat="34.262708">
        <extensions>
          <mytracks:speed>49</mytracks:speed>
        </extensions>
      </trkpt>
      <trkpt lon="135.739055" lat="34.262657">
        <extensions>
          <mytracks:speed>48</mytracks:speed>
        </extensions>
      </trkpt>
      <trkpt lon="135.739203" lat="34.262626">
        <extensions>
          <mytracks:speed>48</mytracks:speed>
        </extensions>
      </trkpt>
      <trkpt lon="135.739342" lat="34.262606">
        <extensions>
          <mytracks:speed>48</mytracks:speed>
        </extensions>
      </trkpt>
      <trkpt lon="135.739477" lat="34.262610">
        <extensions>
          <mytracks:speed>49</mytracks:speed>
        </extensions>
      </trkpt>
      <trkpt lon="135.739637" lat="34.262622">
        <extensions>
          <mytracks:speed>48</mytracks:speed>
        </extensions>
      </trkpt>
      <trkpt lon="135.739799" lat="34.262647">
        <extensions>
          <mytracks:speed>49</mytracks:speed>
        </extensions>
      </trkpt>
      <trkpt lon="135.739958" lat="34.262669">
        <extensions>
          <mytracks:speed>48</mytracks:speed>
        </extensions>
      </trkpt>
      <trkpt lon="135.740106" lat="34.262697">
        <extensions>
          <mytracks:speed>49</mytracks:speed>
        </extensions>
      </trkpt>
      <trkpt lon="135.740260" lat="34.262697">
        <extensions>
          <mytracks:speed>50</mytracks:speed>
        </extensions>
      </trkpt>
      <trkpt lon="135.740411" lat="34.262671">
        <extensions>
          <mytracks:speed>50</mytracks:speed>
        </extensions>
      </trkpt>
      <trkpt lon="135.740566" lat="34.262623">
        <extensions>
          <mytracks:speed>51</mytracks:speed>
        </extensions>
      </trkpt>
      <trkpt lon="135.740696" lat="34.262555">
        <extensions>
          <mytracks:speed>52</mytracks:speed>
        </extensions>
      </trkpt>
      <trkpt lon="135.740840" lat="34.262491">
        <extensions>
          <mytracks:speed>51</mytracks:speed>
        </extensions>
      </trkpt>
      <trkpt lon="135.740988" lat="34.262441">
        <extensions>
          <mytracks:speed>52</mytracks:speed>
        </extensions>
      </trkpt>
      <trkpt lon="135.741141" lat="34.262424">
        <extensions>
          <mytracks:speed>52</mytracks:speed>
        </extensions>
      </trkpt>
      <trkpt lon="135.741307" lat="34.262441">
        <extensions>
          <mytracks:speed>52</mytracks:speed>
        </extensions>
      </trkpt>
      <trkpt lon="135.741455" lat="34.262487">
        <extensions>
          <mytracks:speed>52</mytracks:speed>
        </extensions>
      </trkpt>
      <trkpt lon="135.741597" lat="34.262564">
        <extensions>
          <mytracks:speed>54</mytracks:speed>
        </extensions>
      </trkpt>
      <trkpt lon="135.741719" lat="34.262642">
        <extensions>
          <mytracks:speed>54</mytracks:speed>
        </extensions>
      </trkpt>
      <trkpt lon="135.741839" lat="34.262726">
        <extensions>
          <mytracks:speed>54</mytracks:speed>
        </extensions>
      </trkpt>
      <trkpt lon="135.741966" lat="34.262800">
        <extensions>
          <mytracks:speed>55</mytracks:speed>
        </extensions>
      </trkpt>
      <trkpt lon="135.742122" lat="34.262864">
        <extensions>
          <mytracks:speed>55</mytracks:speed>
        </extensions>
      </trkpt>
      <trkpt lon="135.742284" lat="34.262912">
        <extensions>
          <mytracks:speed>55</mytracks:speed>
        </extensions>
      </trkpt>
      <trkpt lon="135.742450" lat="34.262937">
        <extensions>
          <mytracks:speed>55</mytracks:speed>
        </extensions>
      </trkpt>
      <trkpt lon="135.742614" lat="34.262964">
        <extensions>
          <mytracks:speed>53</mytracks:speed>
        </extensions>
      </trkpt>
      <trkpt lon="135.742777" lat="34.262985">
        <extensions>
          <mytracks:speed>51</mytracks:speed>
        </extensions>
      </trkpt>
      <trkpt lon="135.742931" lat="34.263008">
        <extensions>
          <mytracks:speed>51</mytracks:speed>
        </extensions>
      </trkpt>
      <trkpt lon="135.743085" lat="34.263025">
        <extensions>
          <mytracks:speed>50</mytracks:speed>
        </extensions>
      </trkpt>
      <trkpt lon="135.743242" lat="34.263062">
        <extensions>
          <mytracks:speed>51</mytracks:speed>
        </extensions>
      </trkpt>
      <trkpt lon="135.743380" lat="34.263116">
        <extensions>
          <mytracks:speed>51</mytracks:speed>
        </extensions>
      </trkpt>
      <trkpt lon="135.743507" lat="34.263205">
        <extensions>
          <mytracks:speed>53</mytracks:speed>
        </extensions>
      </trkpt>
      <trkpt lon="135.743612" lat="34.263301">
        <extensions>
          <mytracks:speed>52</mytracks:speed>
        </extensions>
      </trkpt>
      <trkpt lon="135.743689" lat="34.263409">
        <extensions>
          <mytracks:speed>54</mytracks:speed>
        </extensions>
      </trkpt>
      <trkpt lon="135.743759" lat="34.263544">
        <extensions>
          <mytracks:speed>53</mytracks:speed>
        </extensions>
      </trkpt>
      <trkpt lon="135.743833" lat="34.263667">
        <extensions>
          <mytracks:speed>53</mytracks:speed>
        </extensions>
      </trkpt>
      <trkpt lon="135.743885" lat="34.263796">
        <extensions>
          <mytracks:speed>51</mytracks:speed>
        </extensions>
      </trkpt>
      <trkpt lon="135.743946" lat="34.263923">
        <extensions>
          <mytracks:speed>51</mytracks:speed>
        </extensions>
      </trkpt>
      <trkpt lon="135.744011" lat="34.264045">
        <extensions>
          <mytracks:speed>51</mytracks:speed>
        </extensions>
      </trkpt>
      <trkpt lon="135.744077" lat="34.264159">
        <extensions>
          <mytracks:speed>48</mytracks:speed>
        </extensions>
      </trkpt>
      <trkpt lon="135.744159" lat="34.264261">
        <extensions>
          <mytracks:speed>47</mytracks:speed>
        </extensions>
      </trkpt>
      <trkpt lon="135.744291" lat="34.264310">
        <extensions>
          <mytracks:speed>47</mytracks:speed>
        </extensions>
      </trkpt>
      <trkpt lon="135.744410" lat="34.264378">
        <extensions>
          <mytracks:speed>45</mytracks:speed>
        </extensions>
      </trkpt>
      <trkpt lon="135.744534" lat="34.264418">
        <extensions>
          <mytracks:speed>45</mytracks:speed>
        </extensions>
      </trkpt>
      <trkpt lon="135.744675" lat="34.264430">
        <extensions>
          <mytracks:speed>46</mytracks:speed>
        </extensions>
      </trkpt>
      <trkpt lon="135.744813" lat="34.264446">
        <extensions>
          <mytracks:speed>46</mytracks:speed>
        </extensions>
      </trkpt>
      <trkpt lon="135.744963" lat="34.264445">
        <extensions>
          <mytracks:speed>46</mytracks:speed>
        </extensions>
      </trkpt>
      <trkpt lon="135.745110" lat="34.264439">
        <extensions>
          <mytracks:speed>48</mytracks:speed>
        </extensions>
      </trkpt>
      <trkpt lon="135.745252" lat="34.264419">
        <extensions>
          <mytracks:speed>48</mytracks:speed>
        </extensions>
      </trkpt>
      <trkpt lon="135.745396" lat="34.264369">
        <extensions>
          <mytracks:speed>48</mytracks:speed>
        </extensions>
      </trkpt>
      <trkpt lon="135.745513" lat="34.264301">
        <extensions>
          <mytracks:speed>50</mytracks:speed>
        </extensions>
      </trkpt>
      <trkpt lon="135.745619" lat="34.264186">
        <extensions>
          <mytracks:speed>51</mytracks:speed>
        </extensions>
      </trkpt>
      <trkpt lon="135.745732" lat="34.264093">
        <extensions>
          <mytracks:speed>51</mytracks:speed>
        </extensions>
      </trkpt>
      <trkpt lon="135.745853" lat="34.264008">
        <extensions>
          <mytracks:speed>51</mytracks:speed>
        </extensions>
      </trkpt>
      <trkpt lon="135.745962" lat="34.263920">
        <extensions>
          <mytracks:speed>51</mytracks:speed>
        </extensions>
      </trkpt>
      <trkpt lon="135.746075" lat="34.263831">
        <extensions>
          <mytracks:speed>48</mytracks:speed>
        </extensions>
      </trkpt>
      <trkpt lon="135.746203" lat="34.263747">
        <extensions>
          <mytracks:speed>47</mytracks:speed>
        </extensions>
      </trkpt>
      <trkpt lon="135.746324" lat="34.263663">
        <extensions>
          <mytracks:speed>46</mytracks:speed>
        </extensions>
      </trkpt>
      <trkpt lon="135.746440" lat="34.263647">
        <extensions>
          <mytracks:speed>44</mytracks:speed>
        </extensions>
      </trkpt>
      <trkpt lon="135.746568" lat="34.263635">
        <extensions>
          <mytracks:speed>42</mytracks:speed>
        </extensions>
      </trkpt>
      <trkpt lon="135.746692" lat="34.263660">
        <extensions>
          <mytracks:speed>41</mytracks:speed>
        </extensions>
      </trkpt>
      <trkpt lon="135.746802" lat="34.263699">
        <extensions>
          <mytracks:speed>40</mytracks:speed>
        </extensions>
      </trkpt>
      <trkpt lon="135.746905" lat="34.263744">
        <extensions>
          <mytracks:speed>38</mytracks:speed>
        </extensions>
      </trkpt>
      <trkpt lon="135.746982" lat="34.263814">
        <extensions>
          <mytracks:speed>39</mytracks:speed>
        </extensions>
      </trkpt>
      <trkpt lon="135.746997" lat="34.263924">
        <extensions>
          <mytracks:speed>39</mytracks:speed>
        </extensions>
      </trkpt>
      <trkpt lon="135.747029" lat="34.264020">
        <extensions>
          <mytracks:speed>38</mytracks:speed>
        </extensions>
      </trkpt>
      <trkpt lon="135.746996" lat="34.264121">
        <extensions>
          <mytracks:speed>40</mytracks:speed>
        </extensions>
      </trkpt>
      <trkpt lon="135.746960" lat="34.264220">
        <extensions>
          <mytracks:speed>42</mytracks:speed>
        </extensions>
      </trkpt>
      <trkpt lon="135.746916" lat="34.264325">
        <extensions>
          <mytracks:speed>44</mytracks:speed>
        </extensions>
      </trkpt>
      <trkpt lon="135.746867" lat="34.264429">
        <extensions>
          <mytracks:speed>45</mytracks:speed>
        </extensions>
      </trkpt>
      <trkpt lon="135.746711" lat="34.264488">
        <extensions>
          <mytracks:speed>47</mytracks:speed>
        </extensions>
      </trkpt>
      <trkpt lon="135.746596" lat="34.264577">
        <extensions>
          <mytracks:speed>48</mytracks:speed>
        </extensions>
      </trkpt>
      <trkpt lon="135.746490" lat="34.264663">
        <extensions>
          <mytracks:speed>48</mytracks:speed>
        </extensions>
      </trkpt>
      <trkpt lon="135.746386" lat="34.264749">
        <extensions>
          <mytracks:speed>47</mytracks:speed>
        </extensions>
      </trkpt>
      <trkpt lon="135.746285" lat="34.264835">
        <extensions>
          <mytracks:speed>45</mytracks:speed>
        </extensions>
      </trkpt>
      <trkpt lon="135.746232" lat="34.264922">
        <extensions>
          <mytracks:speed>44</mytracks:speed>
        </extensions>
      </trkpt>
      <trkpt lon="135.746174" lat="34.265009">
        <extensions>
          <mytracks:speed>42</mytracks:speed>
        </extensions>
      </trkpt>
      <trkpt lon="135.746174" lat="34.265136">
        <extensions>
          <mytracks:speed>42</mytracks:speed>
        </extensions>
      </trkpt>
      <trkpt lon="135.746132" lat="34.265235">
        <extensions>
          <mytracks:speed>42</mytracks:speed>
        </extensions>
      </trkpt>
      <trkpt lon="135.746109" lat="34.265334">
        <extensions>
          <mytracks:speed>44</mytracks:speed>
        </extensions>
      </trkpt>
      <trkpt lon="135.746085" lat="34.265448">
        <extensions>
          <mytracks:speed>43</mytracks:speed>
        </extensions>
      </trkpt>
      <trkpt lon="135.746080" lat="34.265565">
        <extensions>
          <mytracks:speed>45</mytracks:speed>
        </extensions>
      </trkpt>
      <trkpt lon="135.746081" lat="34.265689">
        <extensions>
          <mytracks:speed>46</mytracks:speed>
        </extensions>
      </trkpt>
      <trkpt lon="135.746089" lat="34.265816">
        <extensions>
          <mytracks:speed>48</mytracks:speed>
        </extensions>
      </trkpt>
      <trkpt lon="135.746104" lat="34.265942">
        <extensions>
          <mytracks:speed>50</mytracks:speed>
        </extensions>
      </trkpt>
      <trkpt lon="135.746115" lat="34.266071">
        <extensions>
          <mytracks:speed>51</mytracks:speed>
        </extensions>
      </trkpt>
      <trkpt lon="135.746133" lat="34.266211">
        <extensions>
          <mytracks:speed>52</mytracks:speed>
        </extensions>
      </trkpt>
      <trkpt lon="135.746147" lat="34.266354">
        <extensions>
          <mytracks:speed>54</mytracks:speed>
        </extensions>
      </trkpt>
      <trkpt lon="135.746160" lat="34.266491">
        <extensions>
          <mytracks:speed>55</mytracks:speed>
        </extensions>
      </trkpt>
      <trkpt lon="135.746169" lat="34.266634">
        <extensions>
          <mytracks:speed>55</mytracks:speed>
        </extensions>
      </trkpt>
      <trkpt lon="135.746182" lat="34.266775">
        <extensions>
          <mytracks:speed>55</mytracks:speed>
        </extensions>
      </trkpt>
      <trkpt lon="135.746198" lat="34.266915">
        <extensions>
          <mytracks:speed>54</mytracks:speed>
        </extensions>
      </trkpt>
      <trkpt lon="135.746200" lat="34.267057">
        <extensions>
          <mytracks:speed>53</mytracks:speed>
        </extensions>
      </trkpt>
      <trkpt lon="135.746164" lat="34.267191">
        <extensions>
          <mytracks:speed>53</mytracks:speed>
        </extensions>
      </trkpt>
      <trkpt lon="135.746129" lat="34.267314">
        <extensions>
          <mytracks:speed>54</mytracks:speed>
        </extensions>
      </trkpt>
      <trkpt lon="135.746082" lat="34.267443">
        <extensions>
          <mytracks:speed>53</mytracks:speed>
        </extensions>
      </trkpt>
      <trkpt lon="135.746036" lat="34.267576">
        <extensions>
          <mytracks:speed>54</mytracks:speed>
        </extensions>
      </trkpt>
      <trkpt lon="135.745985" lat="34.267712">
        <extensions>
          <mytracks:speed>54</mytracks:speed>
        </extensions>
      </trkpt>
      <trkpt lon="135.745925" lat="34.267852">
        <extensions>
          <mytracks:speed>54</mytracks:speed>
        </extensions>
      </trkpt>
      <trkpt lon="135.745855" lat="34.267991">
        <extensions>
          <mytracks:speed>56</mytracks:speed>
        </extensions>
      </trkpt>
      <trkpt lon="135.745775" lat="34.268126">
        <extensions>
          <mytracks:speed>57</mytracks:speed>
        </extensions>
      </trkpt>
      <trkpt lon="135.745689" lat="34.268261">
        <extensions>
          <mytracks:speed>55</mytracks:speed>
        </extensions>
      </trkpt>
      <trkpt lon="135.745618" lat="34.268390">
        <extensions>
          <mytracks:speed>56</mytracks:speed>
        </extensions>
      </trkpt>
      <trkpt lon="135.745551" lat="34.268522">
        <extensions>
          <mytracks:speed>53</mytracks:speed>
        </extensions>
      </trkpt>
      <trkpt lon="135.745460" lat="34.268620">
        <extensions>
          <mytracks:speed>52</mytracks:speed>
        </extensions>
      </trkpt>
      <trkpt lon="135.745237" lat="34.268638">
        <extensions>
          <mytracks:speed>51</mytracks:speed>
        </extensions>
      </trkpt>
      <trkpt lon="135.745123" lat="34.268739">
        <extensions>
          <mytracks:speed>50</mytracks:speed>
        </extensions>
      </trkpt>
      <trkpt lon="135.745008" lat="34.268827">
        <extensions>
          <mytracks:speed>48</mytracks:speed>
        </extensions>
      </trkpt>
      <trkpt lon="135.744886" lat="34.268901">
        <extensions>
          <mytracks:speed>49</mytracks:speed>
        </extensions>
      </trkpt>
      <trkpt lon="135.744764" lat="34.268980">
        <extensions>
          <mytracks:speed>48</mytracks:speed>
        </extensions>
      </trkpt>
      <trkpt lon="135.744646" lat="34.269044">
        <extensions>
          <mytracks:speed>49</mytracks:speed>
        </extensions>
      </trkpt>
      <trkpt lon="135.744552" lat="34.269121">
        <extensions>
          <mytracks:speed>50</mytracks:speed>
        </extensions>
      </trkpt>
      <trkpt lon="135.744474" lat="34.269246">
        <extensions>
          <mytracks:speed>51</mytracks:speed>
        </extensions>
      </trkpt>
      <trkpt lon="135.744436" lat="34.269379">
        <extensions>
          <mytracks:speed>51</mytracks:speed>
        </extensions>
      </trkpt>
      <trkpt lon="135.744391" lat="34.269500">
        <extensions>
          <mytracks:speed>52</mytracks:speed>
        </extensions>
      </trkpt>
      <trkpt lon="135.744347" lat="34.269617">
        <extensions>
          <mytracks:speed>55</mytracks:speed>
        </extensions>
      </trkpt>
      <trkpt lon="135.744294" lat="34.269737">
        <extensions>
          <mytracks:speed>57</mytracks:speed>
        </extensions>
      </trkpt>
      <trkpt lon="135.744278" lat="34.270916">
        <extensions>
          <mytracks:speed>54</mytracks:speed>
        </extensions>
      </trkpt>
      <trkpt lon="135.744412" lat="34.271119">
        <extensions>
          <mytracks:speed>54</mytracks:speed>
        </extensions>
      </trkpt>
      <trkpt lon="135.744455" lat="34.271278">
        <extensions>
          <mytracks:speed>53</mytracks:speed>
        </extensions>
      </trkpt>
      <trkpt lon="135.744448" lat="34.271406">
        <extensions>
          <mytracks:speed>54</mytracks:speed>
        </extensions>
      </trkpt>
      <trkpt lon="135.744462" lat="34.271543">
        <extensions>
          <mytracks:speed>52</mytracks:speed>
        </extensions>
      </trkpt>
      <trkpt lon="135.744472" lat="34.271700">
        <extensions>
          <mytracks:speed>52</mytracks:speed>
        </extensions>
      </trkpt>
      <trkpt lon="135.744512" lat="34.271828">
        <extensions>
          <mytracks:speed>51</mytracks:speed>
        </extensions>
      </trkpt>
      <trkpt lon="135.744534" lat="34.271962">
        <extensions>
          <mytracks:speed>51</mytracks:speed>
        </extensions>
      </trkpt>
      <trkpt lon="135.744556" lat="34.272100">
        <extensions>
          <mytracks:speed>51</mytracks:speed>
        </extensions>
      </trkpt>
      <trkpt lon="135.744637" lat="34.272242">
        <extensions>
          <mytracks:speed>51</mytracks:speed>
        </extensions>
      </trkpt>
      <trkpt lon="135.744766" lat="34.272375">
        <extensions>
          <mytracks:speed>50</mytracks:speed>
        </extensions>
      </trkpt>
      <trkpt lon="135.745020" lat="34.272465">
        <extensions>
          <mytracks:speed>51</mytracks:speed>
        </extensions>
      </trkpt>
      <trkpt lon="135.745152" lat="34.272566">
        <extensions>
          <mytracks:speed>51</mytracks:speed>
        </extensions>
      </trkpt>
      <trkpt lon="135.745222" lat="34.272647">
        <extensions>
          <mytracks:speed>51</mytracks:speed>
        </extensions>
      </trkpt>
      <trkpt lon="135.745349" lat="34.272723">
        <extensions>
          <mytracks:speed>51</mytracks:speed>
        </extensions>
      </trkpt>
      <trkpt lon="135.745540" lat="34.272699">
        <extensions>
          <mytracks:speed>51</mytracks:speed>
        </extensions>
      </trkpt>
      <trkpt lon="135.745701" lat="34.272722">
        <extensions>
          <mytracks:speed>51</mytracks:speed>
        </extensions>
      </trkpt>
      <trkpt lon="135.745870" lat="34.272700">
        <extensions>
          <mytracks:speed>51</mytracks:speed>
        </extensions>
      </trkpt>
      <trkpt lon="135.746036" lat="34.272692">
        <extensions>
          <mytracks:speed>51</mytracks:speed>
        </extensions>
      </trkpt>
      <trkpt lon="135.746187" lat="34.272683">
        <extensions>
          <mytracks:speed>50</mytracks:speed>
        </extensions>
      </trkpt>
      <trkpt lon="135.746333" lat="34.272681">
        <extensions>
          <mytracks:speed>51</mytracks:speed>
        </extensions>
      </trkpt>
      <trkpt lon="135.746491" lat="34.272682">
        <extensions>
          <mytracks:speed>51</mytracks:speed>
        </extensions>
      </trkpt>
      <trkpt lon="135.746658" lat="34.272713">
        <extensions>
          <mytracks:speed>52</mytracks:speed>
        </extensions>
      </trkpt>
      <trkpt lon="135.746820" lat="34.272734">
        <extensions>
          <mytracks:speed>54</mytracks:speed>
        </extensions>
      </trkpt>
      <trkpt lon="135.746982" lat="34.272779">
        <extensions>
          <mytracks:speed>54</mytracks:speed>
        </extensions>
      </trkpt>
      <trkpt lon="135.747116" lat="34.272867">
        <extensions>
          <mytracks:speed>54</mytracks:speed>
        </extensions>
      </trkpt>
      <trkpt lon="135.747264" lat="34.272923">
        <extensions>
          <mytracks:speed>53</mytracks:speed>
        </extensions>
      </trkpt>
      <trkpt lon="135.747404" lat="34.272970">
        <extensions>
          <mytracks:speed>52</mytracks:speed>
        </extensions>
      </trkpt>
      <trkpt lon="135.747552" lat="34.273026">
        <extensions>
          <mytracks:speed>51</mytracks:speed>
        </extensions>
      </trkpt>
      <trkpt lon="135.747682" lat="34.273074">
        <extensions>
          <mytracks:speed>51</mytracks:speed>
        </extensions>
      </trkpt>
      <trkpt lon="135.747815" lat="34.273138">
        <extensions>
          <mytracks:speed>51</mytracks:speed>
        </extensions>
      </trkpt>
      <trkpt lon="135.747952" lat="34.273189">
        <extensions>
          <mytracks:speed>49</mytracks:speed>
        </extensions>
      </trkpt>
      <trkpt lon="135.748092" lat="34.273240">
        <extensions>
          <mytracks:speed>49</mytracks:speed>
        </extensions>
      </trkpt>
      <trkpt lon="135.748221" lat="34.273297">
        <extensions>
          <mytracks:speed>50</mytracks:speed>
        </extensions>
      </trkpt>
      <trkpt lon="135.748333" lat="34.273368">
        <extensions>
          <mytracks:speed>50</mytracks:speed>
        </extensions>
      </trkpt>
      <trkpt lon="135.748429" lat="34.273460">
        <extensions>
          <mytracks:speed>51</mytracks:speed>
        </extensions>
      </trkpt>
      <trkpt lon="135.748525" lat="34.273563">
        <extensions>
          <mytracks:speed>51</mytracks:speed>
        </extensions>
      </trkpt>
      <trkpt lon="135.748611" lat="34.273674">
        <extensions>
          <mytracks:speed>51</mytracks:speed>
        </extensions>
      </trkpt>
      <trkpt lon="135.748673" lat="34.273794">
        <extensions>
          <mytracks:speed>52</mytracks:speed>
        </extensions>
      </trkpt>
      <trkpt lon="135.748726" lat="34.273919">
        <extensions>
          <mytracks:speed>51</mytracks:speed>
        </extensions>
      </trkpt>
      <trkpt lon="135.748764" lat="34.274048">
        <extensions>
          <mytracks:speed>50</mytracks:speed>
        </extensions>
      </trkpt>
      <trkpt lon="135.748797" lat="34.274180">
        <extensions>
          <mytracks:speed>51</mytracks:speed>
        </extensions>
      </trkpt>
      <trkpt lon="135.748817" lat="34.274311">
        <extensions>
          <mytracks:speed>50</mytracks:speed>
        </extensions>
      </trkpt>
      <trkpt lon="135.748830" lat="34.274442">
        <extensions>
          <mytracks:speed>49</mytracks:speed>
        </extensions>
      </trkpt>
      <trkpt lon="135.748849" lat="34.274571">
        <extensions>
          <mytracks:speed>48</mytracks:speed>
        </extensions>
      </trkpt>
      <trkpt lon="135.748849" lat="34.274693">
        <extensions>
          <mytracks:speed>49</mytracks:speed>
        </extensions>
      </trkpt>
      <trkpt lon="135.748855" lat="34.274825">
        <extensions>
          <mytracks:speed>49</mytracks:speed>
        </extensions>
      </trkpt>
      <trkpt lon="135.748850" lat="34.274944">
        <extensions>
          <mytracks:speed>49</mytracks:speed>
        </extensions>
      </trkpt>
      <trkpt lon="135.748740" lat="34.275054">
        <extensions>
          <mytracks:speed>49</mytracks:speed>
        </extensions>
      </trkpt>
      <trkpt lon="135.748694" lat="34.275175">
        <extensions>
          <mytracks:speed>49</mytracks:speed>
        </extensions>
      </trkpt>
      <trkpt lon="135.748656" lat="34.275298">
        <extensions>
          <mytracks:speed>49</mytracks:speed>
        </extensions>
      </trkpt>
      <trkpt lon="135.748614" lat="34.275423">
        <extensions>
          <mytracks:speed>50</mytracks:speed>
        </extensions>
      </trkpt>
      <trkpt lon="135.748571" lat="34.275549">
        <extensions>
          <mytracks:speed>49</mytracks:speed>
        </extensions>
      </trkpt>
      <trkpt lon="135.748521" lat="34.275672">
        <extensions>
          <mytracks:speed>49</mytracks:speed>
        </extensions>
      </trkpt>
      <trkpt lon="135.748456" lat="34.275790">
        <extensions>
          <mytracks:speed>49</mytracks:speed>
        </extensions>
      </trkpt>
      <trkpt lon="135.748405" lat="34.275909">
        <extensions>
          <mytracks:speed>50</mytracks:speed>
        </extensions>
      </trkpt>
      <trkpt lon="135.748353" lat="34.276027">
        <extensions>
          <mytracks:speed>51</mytracks:speed>
        </extensions>
      </trkpt>
      <trkpt lon="135.748291" lat="34.276143">
        <extensions>
          <mytracks:speed>51</mytracks:speed>
        </extensions>
      </trkpt>
      <trkpt lon="135.748236" lat="34.276268">
        <extensions>
          <mytracks:speed>51</mytracks:speed>
        </extensions>
      </trkpt>
      <trkpt lon="135.748200" lat="34.276393">
        <extensions>
          <mytracks:speed>51</mytracks:speed>
        </extensions>
      </trkpt>
      <trkpt lon="135.748196" lat="34.276521">
        <extensions>
          <mytracks:speed>51</mytracks:speed>
        </extensions>
      </trkpt>
      <trkpt lon="135.748180" lat="34.276651">
        <extensions>
          <mytracks:speed>51</mytracks:speed>
        </extensions>
      </trkpt>
      <trkpt lon="135.748178" lat="34.276774">
        <extensions>
          <mytracks:speed>51</mytracks:speed>
        </extensions>
      </trkpt>
      <trkpt lon="135.748186" lat="34.276897">
        <extensions>
          <mytracks:speed>49</mytracks:speed>
        </extensions>
      </trkpt>
      <trkpt lon="135.748204" lat="34.277010">
        <extensions>
          <mytracks:speed>47</mytracks:speed>
        </extensions>
      </trkpt>
      <trkpt lon="135.748239" lat="34.277120">
        <extensions>
          <mytracks:speed>47</mytracks:speed>
        </extensions>
      </trkpt>
      <trkpt lon="135.748262" lat="34.277225">
        <extensions>
          <mytracks:speed>45</mytracks:speed>
        </extensions>
      </trkpt>
      <trkpt lon="135.748301" lat="34.277331">
        <extensions>
          <mytracks:speed>45</mytracks:speed>
        </extensions>
      </trkpt>
      <trkpt lon="135.748341" lat="34.277449">
        <extensions>
          <mytracks:speed>44</mytracks:speed>
        </extensions>
      </trkpt>
      <trkpt lon="135.748374" lat="34.277557">
        <extensions>
          <mytracks:speed>45</mytracks:speed>
        </extensions>
      </trkpt>
      <trkpt lon="135.748407" lat="34.277661">
        <extensions>
          <mytracks:speed>44</mytracks:speed>
        </extensions>
      </trkpt>
      <trkpt lon="135.748437" lat="34.277764">
        <extensions>
          <mytracks:speed>45</mytracks:speed>
        </extensions>
      </trkpt>
      <trkpt lon="135.748446" lat="34.277891">
        <extensions>
          <mytracks:speed>45</mytracks:speed>
        </extensions>
      </trkpt>
      <trkpt lon="135.748433" lat="34.278007">
        <extensions>
          <mytracks:speed>45</mytracks:speed>
        </extensions>
      </trkpt>
      <trkpt lon="135.748425" lat="34.278132">
        <extensions>
          <mytracks:speed>46</mytracks:speed>
        </extensions>
      </trkpt>
      <trkpt lon="135.748414" lat="34.278264">
        <extensions>
          <mytracks:speed>48</mytracks:speed>
        </extensions>
      </trkpt>
      <trkpt lon="135.748399" lat="34.278391">
        <extensions>
          <mytracks:speed>49</mytracks:speed>
        </extensions>
      </trkpt>
      <trkpt lon="135.748392" lat="34.278524">
        <extensions>
          <mytracks:speed>50</mytracks:speed>
        </extensions>
      </trkpt>
      <trkpt lon="135.748378" lat="34.278654">
        <extensions>
          <mytracks:speed>51</mytracks:speed>
        </extensions>
      </trkpt>
      <trkpt lon="135.748414" lat="34.278784">
        <extensions>
          <mytracks:speed>52</mytracks:speed>
        </extensions>
      </trkpt>
      <trkpt lon="135.748456" lat="34.278906">
        <extensions>
          <mytracks:speed>51</mytracks:speed>
        </extensions>
      </trkpt>
      <trkpt lon="135.748509" lat="34.279016">
        <extensions>
          <mytracks:speed>51</mytracks:speed>
        </extensions>
      </trkpt>
      <trkpt lon="135.748561" lat="34.279124">
        <extensions>
          <mytracks:speed>51</mytracks:speed>
        </extensions>
      </trkpt>
      <trkpt lon="135.748620" lat="34.279230">
        <extensions>
          <mytracks:speed>50</mytracks:speed>
        </extensions>
      </trkpt>
      <trkpt lon="135.748687" lat="34.279338">
        <extensions>
          <mytracks:speed>51</mytracks:speed>
        </extensions>
      </trkpt>
      <trkpt lon="135.748746" lat="34.279452">
        <extensions>
          <mytracks:speed>50</mytracks:speed>
        </extensions>
      </trkpt>
      <trkpt lon="135.748798" lat="34.279560">
        <extensions>
          <mytracks:speed>50</mytracks:speed>
        </extensions>
      </trkpt>
      <trkpt lon="135.748798" lat="34.279689">
        <extensions>
          <mytracks:speed>51</mytracks:speed>
        </extensions>
      </trkpt>
      <trkpt lon="135.748802" lat="34.279817">
        <extensions>
          <mytracks:speed>51</mytracks:speed>
        </extensions>
      </trkpt>
      <trkpt lon="135.748803" lat="34.279950">
        <extensions>
          <mytracks:speed>51</mytracks:speed>
        </extensions>
      </trkpt>
      <trkpt lon="135.748781" lat="34.280077">
        <extensions>
          <mytracks:speed>50</mytracks:speed>
        </extensions>
      </trkpt>
      <trkpt lon="135.748744" lat="34.280188">
        <extensions>
          <mytracks:speed>50</mytracks:speed>
        </extensions>
      </trkpt>
      <trkpt lon="135.748725" lat="34.280314">
        <extensions>
          <mytracks:speed>50</mytracks:speed>
        </extensions>
      </trkpt>
      <trkpt lon="135.748708" lat="34.280442">
        <extensions>
          <mytracks:speed>48</mytracks:speed>
        </extensions>
      </trkpt>
      <trkpt lon="135.748692" lat="34.280569">
        <extensions>
          <mytracks:speed>49</mytracks:speed>
        </extensions>
      </trkpt>
      <trkpt lon="135.748674" lat="34.280690">
        <extensions>
          <mytracks:speed>48</mytracks:speed>
        </extensions>
      </trkpt>
      <trkpt lon="135.748652" lat="34.280816">
        <extensions>
          <mytracks:speed>48</mytracks:speed>
        </extensions>
      </trkpt>
      <trkpt lon="135.748641" lat="34.280937">
        <extensions>
          <mytracks:speed>48</mytracks:speed>
        </extensions>
      </trkpt>
      <trkpt lon="135.748620" lat="34.281059">
        <extensions>
          <mytracks:speed>48</mytracks:speed>
        </extensions>
      </trkpt>
      <trkpt lon="135.748598" lat="34.281173">
        <extensions>
          <mytracks:speed>48</mytracks:speed>
        </extensions>
      </trkpt>
      <trkpt lon="135.748576" lat="34.281286">
        <extensions>
          <mytracks:speed>46</mytracks:speed>
        </extensions>
      </trkpt>
      <trkpt lon="135.748550" lat="34.281398">
        <extensions>
          <mytracks:speed>46</mytracks:speed>
        </extensions>
      </trkpt>
      <trkpt lon="135.748529" lat="34.281514">
        <extensions>
          <mytracks:speed>44</mytracks:speed>
        </extensions>
      </trkpt>
      <trkpt lon="135.748504" lat="34.281629">
        <extensions>
          <mytracks:speed>45</mytracks:speed>
        </extensions>
      </trkpt>
      <trkpt lon="135.748470" lat="34.281743">
        <extensions>
          <mytracks:speed>45</mytracks:speed>
        </extensions>
      </trkpt>
      <trkpt lon="135.748371" lat="34.281839">
        <extensions>
          <mytracks:speed>46</mytracks:speed>
        </extensions>
      </trkpt>
      <trkpt lon="135.748273" lat="34.281929">
        <extensions>
          <mytracks:speed>48</mytracks:speed>
        </extensions>
      </trkpt>
      <trkpt lon="135.748171" lat="34.282018">
        <extensions>
          <mytracks:speed>52</mytracks:speed>
        </extensions>
      </trkpt>
      <trkpt lon="135.748060" lat="34.282104">
        <extensions>
          <mytracks:speed>52</mytracks:speed>
        </extensions>
      </trkpt>
      <trkpt lon="135.747942" lat="34.282209">
        <extensions>
          <mytracks:speed>54</mytracks:speed>
        </extensions>
      </trkpt>
      <trkpt lon="135.747832" lat="34.282316">
        <extensions>
          <mytracks:speed>55</mytracks:speed>
        </extensions>
      </trkpt>
      <trkpt lon="135.747726" lat="34.282428">
        <extensions>
          <mytracks:speed>57</mytracks:speed>
        </extensions>
      </trkpt>
      <trkpt lon="135.747621" lat="34.282539">
        <extensions>
          <mytracks:speed>57</mytracks:speed>
        </extensions>
      </trkpt>
      <trkpt lon="135.747512" lat="34.282651">
        <extensions>
          <mytracks:speed>57</mytracks:speed>
        </extensions>
      </trkpt>
      <trkpt lon="135.747403" lat="34.282767">
        <extensions>
          <mytracks:speed>57</mytracks:speed>
        </extensions>
      </trkpt>
      <trkpt lon="135.747304" lat="34.282880">
        <extensions>
          <mytracks:speed>57</mytracks:speed>
        </extensions>
      </trkpt>
      <trkpt lon="135.747201" lat="34.283019">
        <extensions>
          <mytracks:speed>56</mytracks:speed>
        </extensions>
      </trkpt>
      <trkpt lon="135.747164" lat="34.283172">
        <extensions>
          <mytracks:speed>57</mytracks:speed>
        </extensions>
      </trkpt>
      <trkpt lon="135.747069" lat="34.283298">
        <extensions>
          <mytracks:speed>56</mytracks:speed>
        </extensions>
      </trkpt>
      <trkpt lon="135.746997" lat="34.283420">
        <extensions>
          <mytracks:speed>54</mytracks:speed>
        </extensions>
      </trkpt>
      <trkpt lon="135.746904" lat="34.283538">
        <extensions>
          <mytracks:speed>53</mytracks:speed>
        </extensions>
      </trkpt>
      <trkpt lon="135.746810" lat="34.283642">
        <extensions>
          <mytracks:speed>52</mytracks:speed>
        </extensions>
      </trkpt>
      <trkpt lon="135.746708" lat="34.283742">
        <extensions>
          <mytracks:speed>51</mytracks:speed>
        </extensions>
      </trkpt>
      <trkpt lon="135.746612" lat="34.283841">
        <extensions>
          <mytracks:speed>51</mytracks:speed>
        </extensions>
      </trkpt>
      <trkpt lon="135.746525" lat="34.283944">
        <extensions>
          <mytracks:speed>51</mytracks:speed>
        </extensions>
      </trkpt>
      <trkpt lon="135.746409" lat="34.284030">
        <extensions>
          <mytracks:speed>51</mytracks:speed>
        </extensions>
      </trkpt>
      <trkpt lon="135.746289" lat="34.284116">
        <extensions>
          <mytracks:speed>51</mytracks:speed>
        </extensions>
      </trkpt>
      <trkpt lon="135.746176" lat="34.284203">
        <extensions>
          <mytracks:speed>51</mytracks:speed>
        </extensions>
      </trkpt>
      <trkpt lon="135.746055" lat="34.284289">
        <extensions>
          <mytracks:speed>52</mytracks:speed>
        </extensions>
      </trkpt>
      <trkpt lon="135.745938" lat="34.284375">
        <extensions>
          <mytracks:speed>52</mytracks:speed>
        </extensions>
      </trkpt>
      <trkpt lon="135.745818" lat="34.284465">
        <extensions>
          <mytracks:speed>52</mytracks:speed>
        </extensions>
      </trkpt>
      <trkpt lon="135.745691" lat="34.284557">
        <extensions>
          <mytracks:speed>52</mytracks:speed>
        </extensions>
      </trkpt>
      <trkpt lon="135.745579" lat="34.284647">
        <extensions>
          <mytracks:speed>52</mytracks:speed>
        </extensions>
      </trkpt>
      <trkpt lon="135.745442" lat="34.284724">
        <extensions>
          <mytracks:speed>52</mytracks:speed>
        </extensions>
      </trkpt>
      <trkpt lon="135.745305" lat="34.284800">
        <extensions>
          <mytracks:speed>54</mytracks:speed>
        </extensions>
      </trkpt>
      <trkpt lon="135.745173" lat="34.284873">
        <extensions>
          <mytracks:speed>55</mytracks:speed>
        </extensions>
      </trkpt>
      <trkpt lon="135.745025" lat="34.284940">
        <extensions>
          <mytracks:speed>58</mytracks:speed>
        </extensions>
      </trkpt>
      <trkpt lon="135.744880" lat="34.285008">
        <extensions>
          <mytracks:speed>59</mytracks:speed>
        </extensions>
      </trkpt>
      <trkpt lon="135.744736" lat="34.285076">
        <extensions>
          <mytracks:speed>62</mytracks:speed>
        </extensions>
      </trkpt>
      <trkpt lon="135.735736" lat="34.289484">
        <extensions>
          <mytracks:speed>54</mytracks:speed>
        </extensions>
      </trkpt>
      <trkpt lon="135.735610" lat="34.289585">
        <extensions>
          <mytracks:speed>53</mytracks:speed>
        </extensions>
      </trkpt>
      <trkpt lon="135.735521" lat="34.289680">
        <extensions>
          <mytracks:speed>54</mytracks:speed>
        </extensions>
      </trkpt>
      <trkpt lon="135.735403" lat="34.289780">
        <extensions>
          <mytracks:speed>53</mytracks:speed>
        </extensions>
      </trkpt>
      <trkpt lon="135.735285" lat="34.289880">
        <extensions>
          <mytracks:speed>51</mytracks:speed>
        </extensions>
      </trkpt>
      <trkpt lon="135.735177" lat="34.289944">
        <extensions>
          <mytracks:speed>51</mytracks:speed>
        </extensions>
      </trkpt>
      <trkpt lon="135.735048" lat="34.290049">
        <extensions>
          <mytracks:speed>51</mytracks:speed>
        </extensions>
      </trkpt>
      <trkpt lon="135.734940" lat="34.290145">
        <extensions>
          <mytracks:speed>51</mytracks:speed>
        </extensions>
      </trkpt>
      <trkpt lon="135.734812" lat="34.290233">
        <extensions>
          <mytracks:speed>52</mytracks:speed>
        </extensions>
      </trkpt>
      <trkpt lon="135.734736" lat="34.290336">
        <extensions>
          <mytracks:speed>54</mytracks:speed>
        </extensions>
      </trkpt>
      <trkpt lon="135.734595" lat="34.290430">
        <extensions>
          <mytracks:speed>53</mytracks:speed>
        </extensions>
      </trkpt>
      <trkpt lon="135.734460" lat="34.290517">
        <extensions>
          <mytracks:speed>54</mytracks:speed>
        </extensions>
      </trkpt>
      <trkpt lon="135.734305" lat="34.290602">
        <extensions>
          <mytracks:speed>53</mytracks:speed>
        </extensions>
      </trkpt>
      <trkpt lon="135.734167" lat="34.290697">
        <extensions>
          <mytracks:speed>54</mytracks:speed>
        </extensions>
      </trkpt>
      <trkpt lon="135.734028" lat="34.290776">
        <extensions>
          <mytracks:speed>53</mytracks:speed>
        </extensions>
      </trkpt>
      <trkpt lon="135.733902" lat="34.290887">
        <extensions>
          <mytracks:speed>54</mytracks:speed>
        </extensions>
      </trkpt>
      <trkpt lon="135.733768" lat="34.290982">
        <extensions>
          <mytracks:speed>54</mytracks:speed>
        </extensions>
      </trkpt>
      <trkpt lon="135.733687" lat="34.291077">
        <extensions>
          <mytracks:speed>53</mytracks:speed>
        </extensions>
      </trkpt>
      <trkpt lon="135.733565" lat="34.291185">
        <extensions>
          <mytracks:speed>53</mytracks:speed>
        </extensions>
      </trkpt>
      <trkpt lon="135.733457" lat="34.291274">
        <extensions>
          <mytracks:speed>52</mytracks:speed>
        </extensions>
      </trkpt>
      <trkpt lon="135.733361" lat="34.291362">
        <extensions>
          <mytracks:speed>54</mytracks:speed>
        </extensions>
      </trkpt>
      <trkpt lon="135.733242" lat="34.291464">
        <extensions>
          <mytracks:speed>53</mytracks:speed>
        </extensions>
      </trkpt>
      <trkpt lon="135.733122" lat="34.291558">
        <extensions>
          <mytracks:speed>54</mytracks:speed>
        </extensions>
      </trkpt>
      <trkpt lon="135.732990" lat="34.291657">
        <extensions>
          <mytracks:speed>54</mytracks:speed>
        </extensions>
      </trkpt>
      <trkpt lon="135.732861" lat="34.291738">
        <extensions>
          <mytracks:speed>53</mytracks:speed>
        </extensions>
      </trkpt>
      <trkpt lon="135.732700" lat="34.291798">
        <extensions>
          <mytracks:speed>52</mytracks:speed>
        </extensions>
      </trkpt>
      <trkpt lon="135.732546" lat="34.291853">
        <extensions>
          <mytracks:speed>52</mytracks:speed>
        </extensions>
      </trkpt>
      <trkpt lon="135.732400" lat="34.291915">
        <extensions>
          <mytracks:speed>52</mytracks:speed>
        </extensions>
      </trkpt>
      <trkpt lon="135.732263" lat="34.291961">
        <extensions>
          <mytracks:speed>51</mytracks:speed>
        </extensions>
      </trkpt>
      <trkpt lon="135.732122" lat="34.292009">
        <extensions>
          <mytracks:speed>51</mytracks:speed>
        </extensions>
      </trkpt>
      <trkpt lon="135.732008" lat="34.292054">
        <extensions>
          <mytracks:speed>50</mytracks:speed>
        </extensions>
      </trkpt>
      <trkpt lon="135.731874" lat="34.292092">
        <extensions>
          <mytracks:speed>50</mytracks:speed>
        </extensions>
      </trkpt>
      <trkpt lon="135.731731" lat="34.292128">
        <extensions>
          <mytracks:speed>50</mytracks:speed>
        </extensions>
      </trkpt>
      <trkpt lon="135.731586" lat="34.292174">
        <extensions>
          <mytracks:speed>50</mytracks:speed>
        </extensions>
      </trkpt>
      <trkpt lon="135.731441" lat="34.292227">
        <extensions>
          <mytracks:speed>51</mytracks:speed>
        </extensions>
      </trkpt>
      <trkpt lon="135.731296" lat="34.292277">
        <extensions>
          <mytracks:speed>50</mytracks:speed>
        </extensions>
      </trkpt>
      <trkpt lon="135.731158" lat="34.292317">
        <extensions>
          <mytracks:speed>49</mytracks:speed>
        </extensions>
      </trkpt>
      <trkpt lon="135.731025" lat="34.292336">
        <extensions>
          <mytracks:speed>48</mytracks:speed>
        </extensions>
      </trkpt>
      <trkpt lon="135.730876" lat="34.292305">
        <extensions>
          <mytracks:speed>48</mytracks:speed>
        </extensions>
      </trkpt>
      <trkpt lon="135.730726" lat="34.292266">
        <extensions>
          <mytracks:speed>47</mytracks:speed>
        </extensions>
      </trkpt>
      <trkpt lon="135.730594" lat="34.292218">
        <extensions>
          <mytracks:speed>47</mytracks:speed>
        </extensions>
      </trkpt>
      <trkpt lon="135.730462" lat="34.292154">
        <extensions>
          <mytracks:speed>44</mytracks:speed>
        </extensions>
      </trkpt>
      <trkpt lon="135.730351" lat="34.292072">
        <extensions>
          <mytracks:speed>44</mytracks:speed>
        </extensions>
      </trkpt>
      <trkpt lon="135.730248" lat="34.292010">
        <extensions>
          <mytracks:speed>44</mytracks:speed>
        </extensions>
      </trkpt>
      <trkpt lon="135.730151" lat="34.291935">
        <extensions>
          <mytracks:speed>44</mytracks:speed>
        </extensions>
      </trkpt>
      <trkpt lon="135.730055" lat="34.291851">
        <extensions>
          <mytracks:speed>45</mytracks:speed>
        </extensions>
      </trkpt>
      <trkpt lon="135.729944" lat="34.291784">
        <extensions>
          <mytracks:speed>45</mytracks:speed>
        </extensions>
      </trkpt>
      <trkpt lon="135.729919" lat="34.291674">
        <extensions>
          <mytracks:speed>45</mytracks:speed>
        </extensions>
      </trkpt>
      <trkpt lon="135.729867" lat="34.291543">
        <extensions>
          <mytracks:speed>46</mytracks:speed>
        </extensions>
      </trkpt>
      <trkpt lon="135.729812" lat="34.291421">
        <extensions>
          <mytracks:speed>48</mytracks:speed>
        </extensions>
      </trkpt>
      <trkpt lon="135.729755" lat="34.291299">
        <extensions>
          <mytracks:speed>49</mytracks:speed>
        </extensions>
      </trkpt>
      <trkpt lon="135.729709" lat="34.291184">
        <extensions>
          <mytracks:speed>51</mytracks:speed>
        </extensions>
      </trkpt>
      <trkpt lon="135.729666" lat="34.291058">
        <extensions>
          <mytracks:speed>51</mytracks:speed>
        </extensions>
      </trkpt>
      <trkpt lon="135.729624" lat="34.290931">
        <extensions>
          <mytracks:speed>53</mytracks:speed>
        </extensions>
      </trkpt>
      <trkpt lon="135.729579" lat="34.290807">
        <extensions>
          <mytracks:speed>55</mytracks:speed>
        </extensions>
      </trkpt>
      <trkpt lon="135.729543" lat="34.290672">
        <extensions>
          <mytracks:speed>56</mytracks:speed>
        </extensions>
      </trkpt>
      <trkpt lon="135.729506" lat="34.290541">
        <extensions>
          <mytracks:speed>57</mytracks:speed>
        </extensions>
      </trkpt>
      <trkpt lon="135.729478" lat="34.290406">
        <extensions>
          <mytracks:speed>57</mytracks:speed>
        </extensions>
      </trkpt>
      <trkpt lon="135.729471" lat="34.290265">
        <extensions>
          <mytracks:speed>57</mytracks:speed>
        </extensions>
      </trkpt>
      <trkpt lon="135.729444" lat="34.290131">
        <extensions>
          <mytracks:speed>57</mytracks:speed>
        </extensions>
      </trkpt>
      <trkpt lon="135.729418" lat="34.289986">
        <extensions>
          <mytracks:speed>57</mytracks:speed>
        </extensions>
      </trkpt>
      <trkpt lon="135.729394" lat="34.289858">
        <extensions>
          <mytracks:speed>57</mytracks:speed>
        </extensions>
      </trkpt>
      <trkpt lon="135.729371" lat="34.289720">
        <extensions>
          <mytracks:speed>57</mytracks:speed>
        </extensions>
      </trkpt>
      <trkpt lon="135.729364" lat="34.289578">
        <extensions>
          <mytracks:speed>56</mytracks:speed>
        </extensions>
      </trkpt>
      <trkpt lon="135.729362" lat="34.289432">
        <extensions>
          <mytracks:speed>55</mytracks:speed>
        </extensions>
      </trkpt>
      <trkpt lon="135.729368" lat="34.289303">
        <extensions>
          <mytracks:speed>54</mytracks:speed>
        </extensions>
      </trkpt>
      <trkpt lon="135.729365" lat="34.289173">
        <extensions>
          <mytracks:speed>53</mytracks:speed>
        </extensions>
      </trkpt>
      <trkpt lon="135.729364" lat="34.289037">
        <extensions>
          <mytracks:speed>53</mytracks:speed>
        </extensions>
      </trkpt>
      <trkpt lon="135.729352" lat="34.288891">
        <extensions>
          <mytracks:speed>53</mytracks:speed>
        </extensions>
      </trkpt>
      <trkpt lon="135.729307" lat="34.288766">
        <extensions>
          <mytracks:speed>53</mytracks:speed>
        </extensions>
      </trkpt>
      <trkpt lon="135.729316" lat="34.288631">
        <extensions>
          <mytracks:speed>54</mytracks:speed>
        </extensions>
      </trkpt>
      <trkpt lon="135.729330" lat="34.288493">
        <extensions>
          <mytracks:speed>54</mytracks:speed>
        </extensions>
      </trkpt>
      <trkpt lon="135.729292" lat="34.288344">
        <extensions>
          <mytracks:speed>54</mytracks:speed>
        </extensions>
      </trkpt>
      <trkpt lon="135.729210" lat="34.288194">
        <extensions>
          <mytracks:speed>53</mytracks:speed>
        </extensions>
      </trkpt>
      <trkpt lon="135.729185" lat="34.288061">
        <extensions>
          <mytracks:speed>54</mytracks:speed>
        </extensions>
      </trkpt>
      <trkpt lon="135.729033" lat="34.287902">
        <extensions>
          <mytracks:speed>54</mytracks:speed>
        </extensions>
      </trkpt>
      <trkpt lon="135.729001" lat="34.287747">
        <extensions>
          <mytracks:speed>55</mytracks:speed>
        </extensions>
      </trkpt>
      <trkpt lon="135.728887" lat="34.287573">
        <extensions>
          <mytracks:speed>56</mytracks:speed>
        </extensions>
      </trkpt>
      <trkpt lon="135.728812" lat="34.287412">
        <extensions>
          <mytracks:speed>57</mytracks:speed>
        </extensions>
      </trkpt>
      <trkpt lon="135.728733" lat="34.287276">
        <extensions>
          <mytracks:speed>57</mytracks:speed>
        </extensions>
      </trkpt>
      <trkpt lon="135.728735" lat="34.287150">
        <extensions>
          <mytracks:speed>57</mytracks:speed>
        </extensions>
      </trkpt>
      <trkpt lon="135.728663" lat="34.287035">
        <extensions>
          <mytracks:speed>57</mytracks:speed>
        </extensions>
      </trkpt>
      <trkpt lon="135.728610" lat="34.286924">
        <extensions>
          <mytracks:speed>57</mytracks:speed>
        </extensions>
      </trkpt>
      <trkpt lon="135.728460" lat="34.286792">
        <extensions>
          <mytracks:speed>57</mytracks:speed>
        </extensions>
      </trkpt>
      <trkpt lon="135.728369" lat="34.286700">
        <extensions>
          <mytracks:speed>56</mytracks:speed>
        </extensions>
      </trkpt>
      <trkpt lon="135.728167" lat="34.286609">
        <extensions>
          <mytracks:speed>56</mytracks:speed>
        </extensions>
      </trkpt>
      <trkpt lon="135.727876" lat="34.286587">
        <extensions>
          <mytracks:speed>54</mytracks:speed>
        </extensions>
      </trkpt>
      <trkpt lon="135.727723" lat="34.286535">
        <extensions>
          <mytracks:speed>55</mytracks:speed>
        </extensions>
      </trkpt>
      <trkpt lon="135.727540" lat="34.286490">
        <extensions>
          <mytracks:speed>54</mytracks:speed>
        </extensions>
      </trkpt>
      <trkpt lon="135.727356" lat="34.286453">
        <extensions>
          <mytracks:speed>54</mytracks:speed>
        </extensions>
      </trkpt>
      <trkpt lon="135.727193" lat="34.286438">
        <extensions>
          <mytracks:speed>53</mytracks:speed>
        </extensions>
      </trkpt>
      <trkpt lon="135.727021" lat="34.286465">
        <extensions>
          <mytracks:speed>54</mytracks:speed>
        </extensions>
      </trkpt>
      <trkpt lon="135.726840" lat="34.286480">
        <extensions>
          <mytracks:speed>53</mytracks:speed>
        </extensions>
      </trkpt>
      <trkpt lon="135.726660" lat="34.286525">
        <extensions>
          <mytracks:speed>53</mytracks:speed>
        </extensions>
      </trkpt>
      <trkpt lon="135.726476" lat="34.286527">
        <extensions>
          <mytracks:speed>53</mytracks:speed>
        </extensions>
      </trkpt>
      <trkpt lon="135.726315" lat="34.286555">
        <extensions>
          <mytracks:speed>51</mytracks:speed>
        </extensions>
      </trkpt>
      <trkpt lon="135.726149" lat="34.286563">
        <extensions>
          <mytracks:speed>52</mytracks:speed>
        </extensions>
      </trkpt>
      <trkpt lon="135.726002" lat="34.286588">
        <extensions>
          <mytracks:speed>50</mytracks:speed>
        </extensions>
      </trkpt>
      <trkpt lon="135.725847" lat="34.286607">
        <extensions>
          <mytracks:speed>50</mytracks:speed>
        </extensions>
      </trkpt>
      <trkpt lon="135.725682" lat="34.286622">
        <extensions>
          <mytracks:speed>48</mytracks:speed>
        </extensions>
      </trkpt>
      <trkpt lon="135.725528" lat="34.286648">
        <extensions>
          <mytracks:speed>48</mytracks:speed>
        </extensions>
      </trkpt>
      <trkpt lon="135.725361" lat="34.286692">
        <extensions>
          <mytracks:speed>48</mytracks:speed>
        </extensions>
      </trkpt>
      <trkpt lon="135.725223" lat="34.286745">
        <extensions>
          <mytracks:speed>48</mytracks:speed>
        </extensions>
      </trkpt>
      <trkpt lon="135.725105" lat="34.286822">
        <extensions>
          <mytracks:speed>48</mytracks:speed>
        </extensions>
      </trkpt>
      <trkpt lon="135.725004" lat="34.286912">
        <extensions>
          <mytracks:speed>49</mytracks:speed>
        </extensions>
      </trkpt>
      <trkpt lon="135.724911" lat="34.287008">
        <extensions>
          <mytracks:speed>50</mytracks:speed>
        </extensions>
      </trkpt>
      <trkpt lon="135.724840" lat="34.287133">
        <extensions>
          <mytracks:speed>51</mytracks:speed>
        </extensions>
      </trkpt>
      <trkpt lon="135.724762" lat="34.287252">
        <extensions>
          <mytracks:speed>52</mytracks:speed>
        </extensions>
      </trkpt>
      <trkpt lon="135.724677" lat="34.287382">
        <extensions>
          <mytracks:speed>54</mytracks:speed>
        </extensions>
      </trkpt>
      <trkpt lon="135.724597" lat="34.287511">
        <extensions>
          <mytracks:speed>55</mytracks:speed>
        </extensions>
      </trkpt>
      <trkpt lon="135.724518" lat="34.287641">
        <extensions>
          <mytracks:speed>54</mytracks:speed>
        </extensions>
      </trkpt>
      <trkpt lon="135.724468" lat="34.287782">
        <extensions>
          <mytracks:speed>55</mytracks:speed>
        </extensions>
      </trkpt>
      <trkpt lon="135.724422" lat="34.287915">
        <extensions>
          <mytracks:speed>56</mytracks:speed>
        </extensions>
      </trkpt>
      <trkpt lon="135.724370" lat="34.288051">
        <extensions>
          <mytracks:speed>56</mytracks:speed>
        </extensions>
      </trkpt>
      <trkpt lon="135.724331" lat="34.288192">
        <extensions>
          <mytracks:speed>57</mytracks:speed>
        </extensions>
      </trkpt>
      <trkpt lon="135.724353" lat="34.288330">
        <extensions>
          <mytracks:speed>56</mytracks:speed>
        </extensions>
      </trkpt>
      <trkpt lon="135.724340" lat="34.288466">
        <extensions>
          <mytracks:speed>55</mytracks:speed>
        </extensions>
      </trkpt>
      <trkpt lon="135.724353" lat="34.288610">
        <extensions>
          <mytracks:speed>56</mytracks:speed>
        </extensions>
      </trkpt>
      <trkpt lon="135.724372" lat="34.288757">
        <extensions>
          <mytracks:speed>57</mytracks:speed>
        </extensions>
      </trkpt>
      <trkpt lon="135.724382" lat="34.288904">
        <extensions>
          <mytracks:speed>56</mytracks:speed>
        </extensions>
      </trkpt>
      <trkpt lon="135.724387" lat="34.289043">
        <extensions>
          <mytracks:speed>56</mytracks:speed>
        </extensions>
      </trkpt>
      <trkpt lon="135.724393" lat="34.289181">
        <extensions>
          <mytracks:speed>55</mytracks:speed>
        </extensions>
      </trkpt>
      <trkpt lon="135.724404" lat="34.289323">
        <extensions>
          <mytracks:speed>54</mytracks:speed>
        </extensions>
      </trkpt>
      <trkpt lon="135.724419" lat="34.289462">
        <extensions>
          <mytracks:speed>54</mytracks:speed>
        </extensions>
      </trkpt>
      <trkpt lon="135.724434" lat="34.289599">
        <extensions>
          <mytracks:speed>54</mytracks:speed>
        </extensions>
      </trkpt>
      <trkpt lon="135.724456" lat="34.289739">
        <extensions>
          <mytracks:speed>54</mytracks:speed>
        </extensions>
      </trkpt>
      <trkpt lon="135.724480" lat="34.289879">
        <extensions>
          <mytracks:speed>54</mytracks:speed>
        </extensions>
      </trkpt>
      <trkpt lon="135.724506" lat="34.290010">
        <extensions>
          <mytracks:speed>53</mytracks:speed>
        </extensions>
      </trkpt>
      <trkpt lon="135.724528" lat="34.290143">
        <extensions>
          <mytracks:speed>53</mytracks:speed>
        </extensions>
      </trkpt>
      <trkpt lon="135.724546" lat="34.290277">
        <extensions>
          <mytracks:speed>51</mytracks:speed>
        </extensions>
      </trkpt>
      <trkpt lon="135.724578" lat="34.290407">
        <extensions>
          <mytracks:speed>50</mytracks:speed>
        </extensions>
      </trkpt>
      <trkpt lon="135.724598" lat="34.290526">
        <extensions>
          <mytracks:speed>49</mytracks:speed>
        </extensions>
      </trkpt>
      <trkpt lon="135.724572" lat="34.290657">
        <extensions>
          <mytracks:speed>49</mytracks:speed>
        </extensions>
      </trkpt>
      <trkpt lon="135.724580" lat="34.290783">
        <extensions>
          <mytracks:speed>49</mytracks:speed>
        </extensions>
      </trkpt>
      <trkpt lon="135.724557" lat="34.290910">
        <extensions>
          <mytracks:speed>50</mytracks:speed>
        </extensions>
      </trkpt>
      <trkpt lon="135.724534" lat="34.291053">
        <extensions>
          <mytracks:speed>51</mytracks:speed>
        </extensions>
      </trkpt>
      <trkpt lon="135.724512" lat="34.291182">
        <extensions>
          <mytracks:speed>53</mytracks:speed>
        </extensions>
      </trkpt>
      <trkpt lon="135.724501" lat="34.291314">
        <extensions>
          <mytracks:speed>54</mytracks:speed>
        </extensions>
      </trkpt>
      <trkpt lon="135.724474" lat="34.291465">
        <extensions>
          <mytracks:speed>56</mytracks:speed>
        </extensions>
      </trkpt>
      <trkpt lon="135.724454" lat="34.291608">
        <extensions>
          <mytracks:speed>55</mytracks:speed>
        </extensions>
      </trkpt>
      <trkpt lon="135.724430" lat="34.291749">
        <extensions>
          <mytracks:speed>55</mytracks:speed>
        </extensions>
      </trkpt>
      <trkpt lon="135.724406" lat="34.291882">
        <extensions>
          <mytracks:speed>53</mytracks:speed>
        </extensions>
      </trkpt>
      <trkpt lon="135.724383" lat="34.292014">
        <extensions>
          <mytracks:speed>51</mytracks:speed>
        </extensions>
      </trkpt>
      <trkpt lon="135.724357" lat="34.292143">
        <extensions>
          <mytracks:speed>50</mytracks:speed>
        </extensions>
      </trkpt>
      <trkpt lon="135.724340" lat="34.292271">
        <extensions>
          <mytracks:speed>49</mytracks:speed>
        </extensions>
      </trkpt>
      <trkpt lon="135.724317" lat="34.292393">
        <extensions>
          <mytracks:speed>48</mytracks:speed>
        </extensions>
      </trkpt>
      <trkpt lon="135.724294" lat="34.292515">
        <extensions>
          <mytracks:speed>48</mytracks:speed>
        </extensions>
      </trkpt>
      <trkpt lon="135.724262" lat="34.292634">
        <extensions>
          <mytracks:speed>49</mytracks:speed>
        </extensions>
      </trkpt>
      <trkpt lon="135.724234" lat="34.292751">
        <extensions>
          <mytracks:speed>48</mytracks:speed>
        </extensions>
      </trkpt>
      <trkpt lon="135.724211" lat="34.292878">
        <extensions>
          <mytracks:speed>49</mytracks:speed>
        </extensions>
      </trkpt>
      <trkpt lon="135.724185" lat="34.293006">
        <extensions>
          <mytracks:speed>51</mytracks:speed>
        </extensions>
      </trkpt>
      <trkpt lon="135.724160" lat="34.293135">
        <extensions>
          <mytracks:speed>52</mytracks:speed>
        </extensions>
      </trkpt>
      <trkpt lon="135.724137" lat="34.293267">
        <extensions>
          <mytracks:speed>53</mytracks:speed>
        </extensions>
      </trkpt>
      <trkpt lon="135.724116" lat="34.293400">
        <extensions>
          <mytracks:speed>53</mytracks:speed>
        </extensions>
      </trkpt>
      <trkpt lon="135.724090" lat="34.293535">
        <extensions>
          <mytracks:speed>52</mytracks:speed>
        </extensions>
      </trkpt>
      <trkpt lon="135.724060" lat="34.293664">
        <extensions>
          <mytracks:speed>53</mytracks:speed>
        </extensions>
      </trkpt>
      <trkpt lon="135.724029" lat="34.293796">
        <extensions>
          <mytracks:speed>53</mytracks:speed>
        </extensions>
      </trkpt>
      <trkpt lon="135.724003" lat="34.293929">
        <extensions>
          <mytracks:speed>53</mytracks:speed>
        </extensions>
      </trkpt>
      <trkpt lon="135.723971" lat="34.294064">
        <extensions>
          <mytracks:speed>54</mytracks:speed>
        </extensions>
      </trkpt>
      <trkpt lon="135.723944" lat="34.294197">
        <extensions>
          <mytracks:speed>53</mytracks:speed>
        </extensions>
      </trkpt>
      <trkpt lon="135.723906" lat="34.294329">
        <extensions>
          <mytracks:speed>54</mytracks:speed>
        </extensions>
      </trkpt>
      <trkpt lon="135.723867" lat="34.294463">
        <extensions>
          <mytracks:speed>54</mytracks:speed>
        </extensions>
      </trkpt>
      <trkpt lon="135.723832" lat="34.294600">
        <extensions>
          <mytracks:speed>52</mytracks:speed>
        </extensions>
      </trkpt>
      <trkpt lon="135.723795" lat="34.294734">
        <extensions>
          <mytracks:speed>53</mytracks:speed>
        </extensions>
      </trkpt>
      <trkpt lon="135.723757" lat="34.294864">
        <extensions>
          <mytracks:speed>51</mytracks:speed>
        </extensions>
      </trkpt>
      <trkpt lon="135.723716" lat="34.294992">
        <extensions>
          <mytracks:speed>52</mytracks:speed>
        </extensions>
      </trkpt>
      <trkpt lon="135.723681" lat="34.295121">
        <extensions>
          <mytracks:speed>52</mytracks:speed>
        </extensions>
      </trkpt>
      <trkpt lon="135.723635" lat="34.295245">
        <extensions>
          <mytracks:speed>51</mytracks:speed>
        </extensions>
      </trkpt>
      <trkpt lon="135.723586" lat="34.295369">
        <extensions>
          <mytracks:speed>51</mytracks:speed>
        </extensions>
      </trkpt>
      <trkpt lon="135.723522" lat="34.295487">
        <extensions>
          <mytracks:speed>50</mytracks:speed>
        </extensions>
      </trkpt>
      <trkpt lon="135.723379" lat="34.295565">
        <extensions>
          <mytracks:speed>50</mytracks:speed>
        </extensions>
      </trkpt>
      <trkpt lon="135.723276" lat="34.295660">
        <extensions>
          <mytracks:speed>51</mytracks:speed>
        </extensions>
      </trkpt>
      <trkpt lon="135.723166" lat="34.295749">
        <extensions>
          <mytracks:speed>49</mytracks:speed>
        </extensions>
      </trkpt>
      <trkpt lon="135.723055" lat="34.295834">
        <extensions>
          <mytracks:speed>49</mytracks:speed>
        </extensions>
      </trkpt>
      <trkpt lon="135.722936" lat="34.295909">
        <extensions>
          <mytracks:speed>50</mytracks:speed>
        </extensions>
      </trkpt>
      <trkpt lon="135.722804" lat="34.295990">
        <extensions>
          <mytracks:speed>51</mytracks:speed>
        </extensions>
      </trkpt>
      <trkpt lon="135.722683" lat="34.296073">
        <extensions>
          <mytracks:speed>52</mytracks:speed>
        </extensions>
      </trkpt>
      <trkpt lon="135.722557" lat="34.296165">
        <extensions>
          <mytracks:speed>52</mytracks:speed>
        </extensions>
      </trkpt>
      <trkpt lon="135.722428" lat="34.296256">
        <extensions>
          <mytracks:speed>55</mytracks:speed>
        </extensions>
      </trkpt>
      <trkpt lon="135.722285" lat="34.296338">
        <extensions>
          <mytracks:speed>56</mytracks:speed>
        </extensions>
      </trkpt>
      <trkpt lon="135.722152" lat="34.296431">
        <extensions>
          <mytracks:speed>57</mytracks:speed>
        </extensions>
      </trkpt>
      <trkpt lon="135.722019" lat="34.296524">
        <extensions>
          <mytracks:speed>56</mytracks:speed>
        </extensions>
      </trkpt>
      <trkpt lon="135.721890" lat="34.296612">
        <extensions>
          <mytracks:speed>54</mytracks:speed>
        </extensions>
      </trkpt>
      <trkpt lon="135.721766" lat="34.296705">
        <extensions>
          <mytracks:speed>54</mytracks:speed>
        </extensions>
      </trkpt>
      <trkpt lon="135.721652" lat="34.296803">
        <extensions>
          <mytracks:speed>54</mytracks:speed>
        </extensions>
      </trkpt>
      <trkpt lon="135.721542" lat="34.296906">
        <extensions>
          <mytracks:speed>54</mytracks:speed>
        </extensions>
      </trkpt>
      <trkpt lon="135.721440" lat="34.297010">
        <extensions>
          <mytracks:speed>52</mytracks:speed>
        </extensions>
      </trkpt>
      <trkpt lon="135.721332" lat="34.297116">
        <extensions>
          <mytracks:speed>51</mytracks:speed>
        </extensions>
      </trkpt>
      <trkpt lon="135.721222" lat="34.297201">
        <extensions>
          <mytracks:speed>52</mytracks:speed>
        </extensions>
      </trkpt>
      <trkpt lon="135.721106" lat="34.297292">
        <extensions>
          <mytracks:speed>51</mytracks:speed>
        </extensions>
      </trkpt>
      <trkpt lon="135.721000" lat="34.297388">
        <extensions>
          <mytracks:speed>52</mytracks:speed>
        </extensions>
      </trkpt>
      <trkpt lon="135.720884" lat="34.297484">
        <extensions>
          <mytracks:speed>52</mytracks:speed>
        </extensions>
      </trkpt>
      <trkpt lon="135.720774" lat="34.297577">
        <extensions>
          <mytracks:speed>51</mytracks:speed>
        </extensions>
      </trkpt>
      <trkpt lon="135.720660" lat="34.297669">
        <extensions>
          <mytracks:speed>52</mytracks:speed>
        </extensions>
      </trkpt>
      <trkpt lon="135.720536" lat="34.297754">
        <extensions>
          <mytracks:speed>52</mytracks:speed>
        </extensions>
      </trkpt>
      <trkpt lon="135.720410" lat="34.297838">
        <extensions>
          <mytracks:speed>52</mytracks:speed>
        </extensions>
      </trkpt>
      <trkpt lon="135.720286" lat="34.297924">
        <extensions>
          <mytracks:speed>51</mytracks:speed>
        </extensions>
      </trkpt>
      <trkpt lon="135.720159" lat="34.298008">
        <extensions>
          <mytracks:speed>52</mytracks:speed>
        </extensions>
      </trkpt>
      <trkpt lon="135.720024" lat="34.298085">
        <extensions>
          <mytracks:speed>53</mytracks:speed>
        </extensions>
      </trkpt>
      <trkpt lon="135.719865" lat="34.298145">
        <extensions>
          <mytracks:speed>53</mytracks:speed>
        </extensions>
      </trkpt>
      <trkpt lon="135.719719" lat="34.298214">
        <extensions>
          <mytracks:speed>53</mytracks:speed>
        </extensions>
      </trkpt>
      <trkpt lon="135.719568" lat="34.298273">
        <extensions>
          <mytracks:speed>53</mytracks:speed>
        </extensions>
      </trkpt>
      <trkpt lon="135.719416" lat="34.298324">
        <extensions>
          <mytracks:speed>53</mytracks:speed>
        </extensions>
      </trkpt>
      <trkpt lon="135.719263" lat="34.298373">
        <extensions>
          <mytracks:speed>54</mytracks:speed>
        </extensions>
      </trkpt>
      <trkpt lon="135.719100" lat="34.298425">
        <extensions>
          <mytracks:speed>53</mytracks:speed>
        </extensions>
      </trkpt>
      <trkpt lon="135.718952" lat="34.298477">
        <extensions>
          <mytracks:speed>54</mytracks:speed>
        </extensions>
      </trkpt>
      <trkpt lon="135.718801" lat="34.298533">
        <extensions>
          <mytracks:speed>54</mytracks:speed>
        </extensions>
      </trkpt>
      <trkpt lon="135.718646" lat="34.298587">
        <extensions>
          <mytracks:speed>55</mytracks:speed>
        </extensions>
      </trkpt>
      <trkpt lon="135.718487" lat="34.298636">
        <extensions>
          <mytracks:speed>56</mytracks:speed>
        </extensions>
      </trkpt>
      <trkpt lon="135.718330" lat="34.298688">
        <extensions>
          <mytracks:speed>57</mytracks:speed>
        </extensions>
      </trkpt>
      <trkpt lon="135.716891" lat="34.299263">
        <extensions>
          <mytracks:speed>55</mytracks:speed>
        </extensions>
      </trkpt>
      <trkpt lon="135.716801" lat="34.299310">
        <extensions>
          <mytracks:speed>55</mytracks:speed>
        </extensions>
      </trkpt>
      <trkpt lon="135.716652" lat="34.299342">
        <extensions>
          <mytracks:speed>54</mytracks:speed>
        </extensions>
      </trkpt>
      <trkpt lon="135.716497" lat="34.299409">
        <extensions>
          <mytracks:speed>53</mytracks:speed>
        </extensions>
      </trkpt>
      <trkpt lon="135.716362" lat="34.299471">
        <extensions>
          <mytracks:speed>51</mytracks:speed>
        </extensions>
      </trkpt>
      <trkpt lon="135.716231" lat="34.299544">
        <extensions>
          <mytracks:speed>50</mytracks:speed>
        </extensions>
      </trkpt>
      <trkpt lon="135.716097" lat="34.299603">
        <extensions>
          <mytracks:speed>48</mytracks:speed>
        </extensions>
      </trkpt>
      <trkpt lon="135.715970" lat="34.299673">
        <extensions>
          <mytracks:speed>48</mytracks:speed>
        </extensions>
      </trkpt>
      <trkpt lon="135.715855" lat="34.299754">
        <extensions>
          <mytracks:speed>48</mytracks:speed>
        </extensions>
      </trkpt>
      <trkpt lon="135.715743" lat="34.299841">
        <extensions>
          <mytracks:speed>48</mytracks:speed>
        </extensions>
      </trkpt>
      <trkpt lon="135.715684" lat="34.299953">
        <extensions>
          <mytracks:speed>47</mytracks:speed>
        </extensions>
      </trkpt>
      <trkpt lon="135.715635" lat="34.300062">
        <extensions>
          <mytracks:speed>48</mytracks:speed>
        </extensions>
      </trkpt>
      <trkpt lon="135.715606" lat="34.300185">
        <extensions>
          <mytracks:speed>47</mytracks:speed>
        </extensions>
      </trkpt>
      <trkpt lon="135.715601" lat="34.300307">
        <extensions>
          <mytracks:speed>48</mytracks:speed>
        </extensions>
      </trkpt>
      <trkpt lon="135.715598" lat="34.300428">
        <extensions>
          <mytracks:speed>47</mytracks:speed>
        </extensions>
      </trkpt>
      <trkpt lon="135.715602" lat="34.300547">
        <extensions>
          <mytracks:speed>48</mytracks:speed>
        </extensions>
      </trkpt>
      <trkpt lon="135.715596" lat="34.300669">
        <extensions>
          <mytracks:speed>48</mytracks:speed>
        </extensions>
      </trkpt>
      <trkpt lon="135.715587" lat="34.300789">
        <extensions>
          <mytracks:speed>48</mytracks:speed>
        </extensions>
      </trkpt>
      <trkpt lon="135.715574" lat="34.300919">
        <extensions>
          <mytracks:speed>48</mytracks:speed>
        </extensions>
      </trkpt>
      <trkpt lon="135.715535" lat="34.301046">
        <extensions>
          <mytracks:speed>50</mytracks:speed>
        </extensions>
      </trkpt>
      <trkpt lon="135.715493" lat="34.301177">
        <extensions>
          <mytracks:speed>53</mytracks:speed>
        </extensions>
      </trkpt>
      <trkpt lon="135.715440" lat="34.301310">
        <extensions>
          <mytracks:speed>53</mytracks:speed>
        </extensions>
      </trkpt>
      <trkpt lon="135.715370" lat="34.301435">
        <extensions>
          <mytracks:speed>54</mytracks:speed>
        </extensions>
      </trkpt>
      <trkpt lon="135.715297" lat="34.301553">
        <extensions>
          <mytracks:speed>54</mytracks:speed>
        </extensions>
      </trkpt>
      <trkpt lon="135.715197" lat="34.301658">
        <extensions>
          <mytracks:speed>55</mytracks:speed>
        </extensions>
      </trkpt>
      <trkpt lon="135.715041" lat="34.301738">
        <extensions>
          <mytracks:speed>55</mytracks:speed>
        </extensions>
      </trkpt>
      <trkpt lon="135.714918" lat="34.301833">
        <extensions>
          <mytracks:speed>54</mytracks:speed>
        </extensions>
      </trkpt>
      <trkpt lon="135.714800" lat="34.301929">
        <extensions>
          <mytracks:speed>54</mytracks:speed>
        </extensions>
      </trkpt>
      <trkpt lon="135.714692" lat="34.302037">
        <extensions>
          <mytracks:speed>54</mytracks:speed>
        </extensions>
      </trkpt>
      <trkpt lon="135.714664" lat="34.302187">
        <extensions>
          <mytracks:speed>55</mytracks:speed>
        </extensions>
      </trkpt>
      <trkpt lon="135.714597" lat="34.302328">
        <extensions>
          <mytracks:speed>55</mytracks:speed>
        </extensions>
      </trkpt>
      <trkpt lon="135.714526" lat="34.302459">
        <extensions>
          <mytracks:speed>57</mytracks:speed>
        </extensions>
      </trkpt>
      <trkpt lon="135.714462" lat="34.302596">
        <extensions>
          <mytracks:speed>56</mytracks:speed>
        </extensions>
      </trkpt>
      <trkpt lon="135.714395" lat="34.302731">
        <extensions>
          <mytracks:speed>56</mytracks:speed>
        </extensions>
      </trkpt>
      <trkpt lon="135.714337" lat="34.302868">
        <extensions>
          <mytracks:speed>54</mytracks:speed>
        </extensions>
      </trkpt>
      <trkpt lon="135.714271" lat="34.303000">
        <extensions>
          <mytracks:speed>54</mytracks:speed>
        </extensions>
      </trkpt>
      <trkpt lon="135.714198" lat="34.303121">
        <extensions>
          <mytracks:speed>50</mytracks:speed>
        </extensions>
      </trkpt>
      <trkpt lon="135.714112" lat="34.303228">
        <extensions>
          <mytracks:speed>51</mytracks:speed>
        </extensions>
      </trkpt>
      <trkpt lon="135.714017" lat="34.303329">
        <extensions>
          <mytracks:speed>50</mytracks:speed>
        </extensions>
      </trkpt>
      <trkpt lon="135.713848" lat="34.303353">
        <extensions>
          <mytracks:speed>50</mytracks:speed>
        </extensions>
      </trkpt>
      <trkpt lon="135.713701" lat="34.303375">
        <extensions>
          <mytracks:speed>47</mytracks:speed>
        </extensions>
      </trkpt>
      <trkpt lon="135.713558" lat="34.303399">
        <extensions>
          <mytracks:speed>48</mytracks:speed>
        </extensions>
      </trkpt>
      <trkpt lon="135.713421" lat="34.303446">
        <extensions>
          <mytracks:speed>47</mytracks:speed>
        </extensions>
      </trkpt>
      <trkpt lon="135.713298" lat="34.303509">
        <extensions>
          <mytracks:speed>48</mytracks:speed>
        </extensions>
      </trkpt>
      <trkpt lon="135.713183" lat="34.303575">
        <extensions>
          <mytracks:speed>48</mytracks:speed>
        </extensions>
      </trkpt>
      <trkpt lon="135.713117" lat="34.303693">
        <extensions>
          <mytracks:speed>48</mytracks:speed>
        </extensions>
      </trkpt>
      <trkpt lon="135.713048" lat="34.303811">
        <extensions>
          <mytracks:speed>49</mytracks:speed>
        </extensions>
      </trkpt>
      <trkpt lon="135.712974" lat="34.303925">
        <extensions>
          <mytracks:speed>50</mytracks:speed>
        </extensions>
      </trkpt>
      <trkpt lon="135.712907" lat="34.304043">
        <extensions>
          <mytracks:speed>51</mytracks:speed>
        </extensions>
      </trkpt>
      <trkpt lon="135.712836" lat="34.304157">
        <extensions>
          <mytracks:speed>50</mytracks:speed>
        </extensions>
      </trkpt>
      <trkpt lon="135.712755" lat="34.304265">
        <extensions>
          <mytracks:speed>48</mytracks:speed>
        </extensions>
      </trkpt>
      <trkpt lon="135.712653" lat="34.304364">
        <extensions>
          <mytracks:speed>48</mytracks:speed>
        </extensions>
      </trkpt>
      <trkpt lon="135.712522" lat="34.304422">
        <extensions>
          <mytracks:speed>48</mytracks:speed>
        </extensions>
      </trkpt>
      <trkpt lon="135.712381" lat="34.304451">
        <extensions>
          <mytracks:speed>49</mytracks:speed>
        </extensions>
      </trkpt>
      <trkpt lon="135.712243" lat="34.304484">
        <extensions>
          <mytracks:speed>49</mytracks:speed>
        </extensions>
      </trkpt>
      <trkpt lon="135.712100" lat="34.304506">
        <extensions>
          <mytracks:speed>49</mytracks:speed>
        </extensions>
      </trkpt>
      <trkpt lon="135.711941" lat="34.304508">
        <extensions>
          <mytracks:speed>49</mytracks:speed>
        </extensions>
      </trkpt>
      <trkpt lon="135.711802" lat="34.304529">
        <extensions>
          <mytracks:speed>47</mytracks:speed>
        </extensions>
      </trkpt>
      <trkpt lon="135.711679" lat="34.304585">
        <extensions>
          <mytracks:speed>47</mytracks:speed>
        </extensions>
      </trkpt>
      <trkpt lon="135.711555" lat="34.304640">
        <extensions>
          <mytracks:speed>47</mytracks:speed>
        </extensions>
      </trkpt>
      <trkpt lon="135.711444" lat="34.304718">
        <extensions>
          <mytracks:speed>49</mytracks:speed>
        </extensions>
      </trkpt>
      <trkpt lon="135.711360" lat="34.304815">
        <extensions>
          <mytracks:speed>51</mytracks:speed>
        </extensions>
      </trkpt>
      <trkpt lon="135.711264" lat="34.304922">
        <extensions>
          <mytracks:speed>53</mytracks:speed>
        </extensions>
      </trkpt>
      <trkpt lon="135.711157" lat="34.305025">
        <extensions>
          <mytracks:speed>54</mytracks:speed>
        </extensions>
      </trkpt>
      <trkpt lon="135.711088" lat="34.305146">
        <extensions>
          <mytracks:speed>54</mytracks:speed>
        </extensions>
      </trkpt>
      <trkpt lon="135.711008" lat="34.305269">
        <extensions>
          <mytracks:speed>54</mytracks:speed>
        </extensions>
      </trkpt>
      <trkpt lon="135.710954" lat="34.305401">
        <extensions>
          <mytracks:speed>53</mytracks:speed>
        </extensions>
      </trkpt>
      <trkpt lon="135.710867" lat="34.305526">
        <extensions>
          <mytracks:speed>52</mytracks:speed>
        </extensions>
      </trkpt>
      <trkpt lon="135.710815" lat="34.305665">
        <extensions>
          <mytracks:speed>53</mytracks:speed>
        </extensions>
      </trkpt>
      <trkpt lon="135.710756" lat="34.305795">
        <extensions>
          <mytracks:speed>51</mytracks:speed>
        </extensions>
      </trkpt>
      <trkpt lon="135.710723" lat="34.305926">
        <extensions>
          <mytracks:speed>51</mytracks:speed>
        </extensions>
      </trkpt>
      <trkpt lon="135.710709" lat="34.306063">
        <extensions>
          <mytracks:speed>51</mytracks:speed>
        </extensions>
      </trkpt>
      <trkpt lon="135.710720" lat="34.306198">
        <extensions>
          <mytracks:speed>52</mytracks:speed>
        </extensions>
      </trkpt>
      <trkpt lon="135.710739" lat="34.306331">
        <extensions>
          <mytracks:speed>51</mytracks:speed>
        </extensions>
      </trkpt>
      <trkpt lon="135.710754" lat="34.306468">
        <extensions>
          <mytracks:speed>52</mytracks:speed>
        </extensions>
      </trkpt>
      <trkpt lon="135.710816" lat="34.306609">
        <extensions>
          <mytracks:speed>52</mytracks:speed>
        </extensions>
      </trkpt>
      <trkpt lon="135.710833" lat="34.306745">
        <extensions>
          <mytracks:speed>52</mytracks:speed>
        </extensions>
      </trkpt>
      <trkpt lon="135.710853" lat="34.306875">
        <extensions>
          <mytracks:speed>52</mytracks:speed>
        </extensions>
      </trkpt>
      <trkpt lon="135.710882" lat="34.307006">
        <extensions>
          <mytracks:speed>52</mytracks:speed>
        </extensions>
      </trkpt>
      <trkpt lon="135.710924" lat="34.307135">
        <extensions>
          <mytracks:speed>53</mytracks:speed>
        </extensions>
      </trkpt>
      <trkpt lon="135.710972" lat="34.307262">
        <extensions>
          <mytracks:speed>54</mytracks:speed>
        </extensions>
      </trkpt>
      <trkpt lon="135.711080" lat="34.307377">
        <extensions>
          <mytracks:speed>54</mytracks:speed>
        </extensions>
      </trkpt>
      <trkpt lon="135.711163" lat="34.307497">
        <extensions>
          <mytracks:speed>54</mytracks:speed>
        </extensions>
      </trkpt>
      <trkpt lon="135.711242" lat="34.307613">
        <extensions>
          <mytracks:speed>53</mytracks:speed>
        </extensions>
      </trkpt>
      <trkpt lon="135.711329" lat="34.307731">
        <extensions>
          <mytracks:speed>54</mytracks:speed>
        </extensions>
      </trkpt>
      <trkpt lon="135.711415" lat="34.307847">
        <extensions>
          <mytracks:speed>54</mytracks:speed>
        </extensions>
      </trkpt>
      <trkpt lon="135.711499" lat="34.307970">
        <extensions>
          <mytracks:speed>55</mytracks:speed>
        </extensions>
      </trkpt>
      <trkpt lon="135.711585" lat="34.308090">
        <extensions>
          <mytracks:speed>54</mytracks:speed>
        </extensions>
      </trkpt>
      <trkpt lon="135.711670" lat="34.308209">
        <extensions>
          <mytracks:speed>55</mytracks:speed>
        </extensions>
      </trkpt>
      <trkpt lon="135.712634" lat="34.310334">
        <extensions>
          <mytracks:speed>55</mytracks:speed>
        </extensions>
      </trkpt>
      <trkpt lon="135.712689" lat="34.310438">
        <extensions>
          <mytracks:speed>56</mytracks:speed>
        </extensions>
      </trkpt>
      <trkpt lon="135.712646" lat="34.310555">
        <extensions>
          <mytracks:speed>57</mytracks:speed>
        </extensions>
      </trkpt>
      <trkpt lon="135.712576" lat="34.310679">
        <extensions>
          <mytracks:speed>57</mytracks:speed>
        </extensions>
      </trkpt>
      <trkpt lon="135.712483" lat="34.310810">
        <extensions>
          <mytracks:speed>57</mytracks:speed>
        </extensions>
      </trkpt>
      <trkpt lon="135.712387" lat="34.310940">
        <extensions>
          <mytracks:speed>60</mytracks:speed>
        </extensions>
      </trkpt>
      <trkpt lon="135.712294" lat="34.311074">
        <extensions>
          <mytracks:speed>61</mytracks:speed>
        </extensions>
      </trkpt>
      <trkpt lon="135.712183" lat="34.311198">
        <extensions>
          <mytracks:speed>60</mytracks:speed>
        </extensions>
      </trkpt>
      <trkpt lon="135.712071" lat="34.311344">
        <extensions>
          <mytracks:speed>62</mytracks:speed>
        </extensions>
      </trkpt>
      <trkpt lon="135.711972" lat="34.311489">
        <extensions>
          <mytracks:speed>63</mytracks:speed>
        </extensions>
      </trkpt>
      <trkpt lon="135.711873" lat="34.311635">
        <extensions>
          <mytracks:speed>63</mytracks:speed>
        </extensions>
      </trkpt>
      <trkpt lon="135.711800" lat="34.311793">
        <extensions>
          <mytracks:speed>63</mytracks:speed>
        </extensions>
      </trkpt>
      <trkpt lon="135.711742" lat="34.311946">
        <extensions>
          <mytracks:speed>63</mytracks:speed>
        </extensions>
      </trkpt>
      <trkpt lon="135.711703" lat="34.312109">
        <extensions>
          <mytracks:speed>61</mytracks:speed>
        </extensions>
      </trkpt>
      <trkpt lon="135.711688" lat="34.312237">
        <extensions>
          <mytracks:speed>59</mytracks:speed>
        </extensions>
      </trkpt>
      <trkpt lon="135.711665" lat="34.312385">
        <extensions>
          <mytracks:speed>59</mytracks:speed>
        </extensions>
      </trkpt>
      <trkpt lon="135.711658" lat="34.312536">
        <extensions>
          <mytracks:speed>59</mytracks:speed>
        </extensions>
      </trkpt>
      <trkpt lon="135.711635" lat="34.312689">
        <extensions>
          <mytracks:speed>55</mytracks:speed>
        </extensions>
      </trkpt>
      <trkpt lon="135.711637" lat="34.312834">
        <extensions>
          <mytracks:speed>53</mytracks:speed>
        </extensions>
      </trkpt>
      <trkpt lon="135.711651" lat="34.312951">
        <extensions>
          <mytracks:speed>50</mytracks:speed>
        </extensions>
      </trkpt>
      <trkpt lon="135.711644" lat="34.313087">
        <extensions>
          <mytracks:speed>49</mytracks:speed>
        </extensions>
      </trkpt>
      <trkpt lon="135.711629" lat="34.313210">
        <extensions>
          <mytracks:speed>44</mytracks:speed>
        </extensions>
      </trkpt>
      <trkpt lon="135.711620" lat="34.313332">
        <extensions>
          <mytracks:speed>45</mytracks:speed>
        </extensions>
      </trkpt>
      <trkpt lon="135.711575" lat="34.313441">
        <extensions>
          <mytracks:speed>44</mytracks:speed>
        </extensions>
      </trkpt>
      <trkpt lon="135.711504" lat="34.313536">
        <extensions>
          <mytracks:speed>45</mytracks:speed>
        </extensions>
      </trkpt>
      <trkpt lon="135.711424" lat="34.313631">
        <extensions>
          <mytracks:speed>45</mytracks:speed>
        </extensions>
      </trkpt>
      <trkpt lon="135.711336" lat="34.313718">
        <extensions>
          <mytracks:speed>44</mytracks:speed>
        </extensions>
      </trkpt>
      <trkpt lon="135.711245" lat="34.313800">
        <extensions>
          <mytracks:speed>45</mytracks:speed>
        </extensions>
      </trkpt>
      <trkpt lon="135.711145" lat="34.313878">
        <extensions>
          <mytracks:speed>45</mytracks:speed>
        </extensions>
      </trkpt>
      <trkpt lon="135.711038" lat="34.313961">
        <extensions>
          <mytracks:speed>47</mytracks:speed>
        </extensions>
      </trkpt>
      <trkpt lon="135.710930" lat="34.314036">
        <extensions>
          <mytracks:speed>47</mytracks:speed>
        </extensions>
      </trkpt>
      <trkpt lon="135.710827" lat="34.314116">
        <extensions>
          <mytracks:speed>48</mytracks:speed>
        </extensions>
      </trkpt>
      <trkpt lon="135.710722" lat="34.314206">
        <extensions>
          <mytracks:speed>49</mytracks:speed>
        </extensions>
      </trkpt>
      <trkpt lon="135.710612" lat="34.314299">
        <extensions>
          <mytracks:speed>51</mytracks:speed>
        </extensions>
      </trkpt>
      <trkpt lon="135.710461" lat="34.314372">
        <extensions>
          <mytracks:speed>52</mytracks:speed>
        </extensions>
      </trkpt>
      <trkpt lon="135.710334" lat="34.314466">
        <extensions>
          <mytracks:speed>52</mytracks:speed>
        </extensions>
      </trkpt>
      <trkpt lon="135.710214" lat="34.314556">
        <extensions>
          <mytracks:speed>53</mytracks:speed>
        </extensions>
      </trkpt>
      <trkpt lon="135.710060" lat="34.314613">
        <extensions>
          <mytracks:speed>54</mytracks:speed>
        </extensions>
      </trkpt>
      <trkpt lon="135.709918" lat="34.314674">
        <extensions>
          <mytracks:speed>55</mytracks:speed>
        </extensions>
      </trkpt>
      <trkpt lon="135.709768" lat="34.314710">
        <extensions>
          <mytracks:speed>55</mytracks:speed>
        </extensions>
      </trkpt>
      <trkpt lon="135.709611" lat="34.314740">
        <extensions>
          <mytracks:speed>57</mytracks:speed>
        </extensions>
      </trkpt>
      <trkpt lon="135.709444" lat="34.314733">
        <extensions>
          <mytracks:speed>57</mytracks:speed>
        </extensions>
      </trkpt>
      <trkpt lon="135.709274" lat="34.314713">
        <extensions>
          <mytracks:speed>57</mytracks:speed>
        </extensions>
      </trkpt>
      <trkpt lon="135.709097" lat="34.314671">
        <extensions>
          <mytracks:speed>56</mytracks:speed>
        </extensions>
      </trkpt>
      <trkpt lon="135.708928" lat="34.314592">
        <extensions>
          <mytracks:speed>55</mytracks:speed>
        </extensions>
      </trkpt>
      <trkpt lon="135.708792" lat="34.314502">
        <extensions>
          <mytracks:speed>54</mytracks:speed>
        </extensions>
      </trkpt>
      <trkpt lon="135.708659" lat="34.314395">
        <extensions>
          <mytracks:speed>54</mytracks:speed>
        </extensions>
      </trkpt>
      <trkpt lon="135.708558" lat="34.314294">
        <extensions>
          <mytracks:speed>54</mytracks:speed>
        </extensions>
      </trkpt>
      <trkpt lon="135.708429" lat="34.314204">
        <extensions>
          <mytracks:speed>54</mytracks:speed>
        </extensions>
      </trkpt>
      <trkpt lon="135.708278" lat="34.314152">
        <extensions>
          <mytracks:speed>54</mytracks:speed>
        </extensions>
      </trkpt>
      <trkpt lon="135.708104" lat="34.314125">
        <extensions>
          <mytracks:speed>56</mytracks:speed>
        </extensions>
      </trkpt>
      <trkpt lon="135.707933" lat="34.314104">
        <extensions>
          <mytracks:speed>57</mytracks:speed>
        </extensions>
      </trkpt>
      <trkpt lon="135.707767" lat="34.314094">
        <extensions>
          <mytracks:speed>58</mytracks:speed>
        </extensions>
      </trkpt>
      <trkpt lon="135.707595" lat="34.314080">
        <extensions>
          <mytracks:speed>60</mytracks:speed>
        </extensions>
      </trkpt>
      <trkpt lon="135.707384" lat="34.314075">
        <extensions>
          <mytracks:speed>61</mytracks:speed>
        </extensions>
      </trkpt>
      <trkpt lon="135.707198" lat="34.314063">
        <extensions>
          <mytracks:speed>60</mytracks:speed>
        </extensions>
      </trkpt>
      <trkpt lon="135.707011" lat="34.314054">
        <extensions>
          <mytracks:speed>60</mytracks:speed>
        </extensions>
      </trkpt>
      <trkpt lon="135.706831" lat="34.314041">
        <extensions>
          <mytracks:speed>57</mytracks:speed>
        </extensions>
      </trkpt>
      <trkpt lon="135.706663" lat="34.314027">
        <extensions>
          <mytracks:speed>56</mytracks:speed>
        </extensions>
      </trkpt>
      <trkpt lon="135.706484" lat="34.314020">
        <extensions>
          <mytracks:speed>55</mytracks:speed>
        </extensions>
      </trkpt>
      <trkpt lon="135.706312" lat="34.314009">
        <extensions>
          <mytracks:speed>54</mytracks:speed>
        </extensions>
      </trkpt>
      <trkpt lon="135.706144" lat="34.314021">
        <extensions>
          <mytracks:speed>52</mytracks:speed>
        </extensions>
      </trkpt>
      <trkpt lon="135.705996" lat="34.314055">
        <extensions>
          <mytracks:speed>51</mytracks:speed>
        </extensions>
      </trkpt>
      <trkpt lon="135.705850" lat="34.314106">
        <extensions>
          <mytracks:speed>50</mytracks:speed>
        </extensions>
      </trkpt>
      <trkpt lon="135.705717" lat="34.314172">
        <extensions>
          <mytracks:speed>51</mytracks:speed>
        </extensions>
      </trkpt>
      <trkpt lon="135.705580" lat="34.314234">
        <extensions>
          <mytracks:speed>49</mytracks:speed>
        </extensions>
      </trkpt>
      <trkpt lon="135.705456" lat="34.314312">
        <extensions>
          <mytracks:speed>49</mytracks:speed>
        </extensions>
      </trkpt>
      <trkpt lon="135.705341" lat="34.314395">
        <extensions>
          <mytracks:speed>49</mytracks:speed>
        </extensions>
      </trkpt>
      <trkpt lon="135.705219" lat="34.314475">
        <extensions>
          <mytracks:speed>48</mytracks:speed>
        </extensions>
      </trkpt>
      <trkpt lon="135.705106" lat="34.314562">
        <extensions>
          <mytracks:speed>47</mytracks:speed>
        </extensions>
      </trkpt>
      <trkpt lon="135.705000" lat="34.314642">
        <extensions>
          <mytracks:speed>47</mytracks:speed>
        </extensions>
      </trkpt>
      <trkpt lon="135.704891" lat="34.314718">
        <extensions>
          <mytracks:speed>46</mytracks:speed>
        </extensions>
      </trkpt>
      <trkpt lon="135.704774" lat="34.314793">
        <extensions>
          <mytracks:speed>45</mytracks:speed>
        </extensions>
      </trkpt>
      <trkpt lon="135.704672" lat="34.314865">
        <extensions>
          <mytracks:speed>45</mytracks:speed>
        </extensions>
      </trkpt>
      <trkpt lon="135.704562" lat="34.314942">
        <extensions>
          <mytracks:speed>46</mytracks:speed>
        </extensions>
      </trkpt>
      <trkpt lon="135.704473" lat="34.315040">
        <extensions>
          <mytracks:speed>46</mytracks:speed>
        </extensions>
      </trkpt>
      <trkpt lon="135.704379" lat="34.315129">
        <extensions>
          <mytracks:speed>46</mytracks:speed>
        </extensions>
      </trkpt>
      <trkpt lon="135.704284" lat="34.315223">
        <extensions>
          <mytracks:speed>50</mytracks:speed>
        </extensions>
      </trkpt>
      <trkpt lon="135.704202" lat="34.315327">
        <extensions>
          <mytracks:speed>51</mytracks:speed>
        </extensions>
      </trkpt>
      <trkpt lon="135.704104" lat="34.315432">
        <extensions>
          <mytracks:speed>51</mytracks:speed>
        </extensions>
      </trkpt>
      <trkpt lon="135.704024" lat="34.315556">
        <extensions>
          <mytracks:speed>52</mytracks:speed>
        </extensions>
      </trkpt>
      <trkpt lon="135.703948" lat="34.315677">
        <extensions>
          <mytracks:speed>54</mytracks:speed>
        </extensions>
      </trkpt>
      <trkpt lon="135.703870" lat="34.315796">
        <extensions>
          <mytracks:speed>54</mytracks:speed>
        </extensions>
      </trkpt>
      <trkpt lon="135.703786" lat="34.315919">
        <extensions>
          <mytracks:speed>55</mytracks:speed>
        </extensions>
      </trkpt>
      <trkpt lon="135.703719" lat="34.316054">
        <extensions>
          <mytracks:speed>56</mytracks:speed>
        </extensions>
      </trkpt>
      <trkpt lon="135.703653" lat="34.316184">
        <extensions>
          <mytracks:speed>58</mytracks:speed>
        </extensions>
      </trkpt>
      <trkpt lon="135.703595" lat="34.316327">
        <extensions>
          <mytracks:speed>59</mytracks:speed>
        </extensions>
      </trkpt>
      <trkpt lon="135.703560" lat="34.316473">
        <extensions>
          <mytracks:speed>60</mytracks:speed>
        </extensions>
      </trkpt>
      <trkpt lon="135.703536" lat="34.316629">
        <extensions>
          <mytracks:speed>60</mytracks:speed>
        </extensions>
      </trkpt>
      <trkpt lon="135.703505" lat="34.316778">
        <extensions>
          <mytracks:speed>60</mytracks:speed>
        </extensions>
      </trkpt>
      <trkpt lon="135.703477" lat="34.316934">
        <extensions>
          <mytracks:speed>60</mytracks:speed>
        </extensions>
      </trkpt>
      <trkpt lon="135.703455" lat="34.317088">
        <extensions>
          <mytracks:speed>60</mytracks:speed>
        </extensions>
      </trkpt>
      <trkpt lon="135.703431" lat="34.317238">
        <extensions>
          <mytracks:speed>59</mytracks:speed>
        </extensions>
      </trkpt>
      <trkpt lon="135.703405" lat="34.317383">
        <extensions>
          <mytracks:speed>58</mytracks:speed>
        </extensions>
      </trkpt>
      <trkpt lon="135.703378" lat="34.317527">
        <extensions>
          <mytracks:speed>57</mytracks:speed>
        </extensions>
      </trkpt>
      <trkpt lon="135.703352" lat="34.317670">
        <extensions>
          <mytracks:speed>57</mytracks:speed>
        </extensions>
      </trkpt>
      <trkpt lon="135.703324" lat="34.317807">
        <extensions>
          <mytracks:speed>56</mytracks:speed>
        </extensions>
      </trkpt>
      <trkpt lon="135.703297" lat="34.317945">
        <extensions>
          <mytracks:speed>54</mytracks:speed>
        </extensions>
      </trkpt>
      <trkpt lon="135.703273" lat="34.318080">
        <extensions>
          <mytracks:speed>55</mytracks:speed>
        </extensions>
      </trkpt>
      <trkpt lon="135.703251" lat="34.318215">
        <extensions>
          <mytracks:speed>54</mytracks:speed>
        </extensions>
      </trkpt>
      <trkpt lon="135.703232" lat="34.318360">
        <extensions>
          <mytracks:speed>54</mytracks:speed>
        </extensions>
      </trkpt>
      <trkpt lon="135.703203" lat="34.318497">
        <extensions>
          <mytracks:speed>56</mytracks:speed>
        </extensions>
      </trkpt>
      <trkpt lon="135.703175" lat="34.318638">
        <extensions>
          <mytracks:speed>56</mytracks:speed>
        </extensions>
      </trkpt>
      <trkpt lon="135.703146" lat="34.318775">
        <extensions>
          <mytracks:speed>55</mytracks:speed>
        </extensions>
      </trkpt>
      <trkpt lon="135.703137" lat="34.318920">
        <extensions>
          <mytracks:speed>55</mytracks:speed>
        </extensions>
      </trkpt>
      <trkpt lon="135.703127" lat="34.319062">
        <extensions>
          <mytracks:speed>56</mytracks:speed>
        </extensions>
      </trkpt>
      <trkpt lon="135.703116" lat="34.319202">
        <extensions>
          <mytracks:speed>55</mytracks:speed>
        </extensions>
      </trkpt>
      <trkpt lon="135.703100" lat="34.319339">
        <extensions>
          <mytracks:speed>55</mytracks:speed>
        </extensions>
      </trkpt>
      <trkpt lon="135.703088" lat="34.319480">
        <extensions>
          <mytracks:speed>56</mytracks:speed>
        </extensions>
      </trkpt>
      <trkpt lon="135.703071" lat="34.319625">
        <extensions>
          <mytracks:speed>58</mytracks:speed>
        </extensions>
      </trkpt>
      <trkpt lon="135.703060" lat="34.319769">
        <extensions>
          <mytracks:speed>57</mytracks:speed>
        </extensions>
      </trkpt>
      <trkpt lon="135.703046" lat="34.319913">
        <extensions>
          <mytracks:speed>57</mytracks:speed>
        </extensions>
      </trkpt>
      <trkpt lon="135.703039" lat="34.320056">
        <extensions>
          <mytracks:speed>56</mytracks:speed>
        </extensions>
      </trkpt>
      <trkpt lon="135.703030" lat="34.320195">
        <extensions>
          <mytracks:speed>54</mytracks:speed>
        </extensions>
      </trkpt>
      <trkpt lon="135.703015" lat="34.320336">
        <extensions>
          <mytracks:speed>55</mytracks:speed>
        </extensions>
      </trkpt>
      <trkpt lon="135.703001" lat="34.320475">
        <extensions>
          <mytracks:speed>54</mytracks:speed>
        </extensions>
      </trkpt>
      <trkpt lon="135.702991" lat="34.320611">
        <extensions>
          <mytracks:speed>54</mytracks:speed>
        </extensions>
      </trkpt>
      <trkpt lon="135.702988" lat="34.320753">
        <extensions>
          <mytracks:speed>55</mytracks:speed>
        </extensions>
      </trkpt>
      <trkpt lon="135.702981" lat="34.320897">
        <extensions>
          <mytracks:speed>54</mytracks:speed>
        </extensions>
      </trkpt>
      <trkpt lon="135.702967" lat="34.321040">
        <extensions>
          <mytracks:speed>55</mytracks:speed>
        </extensions>
      </trkpt>
      <trkpt lon="135.702944" lat="34.321179">
        <extensions>
          <mytracks:speed>54</mytracks:speed>
        </extensions>
      </trkpt>
      <trkpt lon="135.702917" lat="34.321321">
        <extensions>
          <mytracks:speed>54</mytracks:speed>
        </extensions>
      </trkpt>
      <trkpt lon="135.702893" lat="34.321460">
        <extensions>
          <mytracks:speed>54</mytracks:speed>
        </extensions>
      </trkpt>
      <trkpt lon="135.702863" lat="34.321599">
        <extensions>
          <mytracks:speed>54</mytracks:speed>
        </extensions>
      </trkpt>
      <trkpt lon="135.702837" lat="34.321735">
        <extensions>
          <mytracks:speed>53</mytracks:speed>
        </extensions>
      </trkpt>
      <trkpt lon="135.702814" lat="34.321870">
        <extensions>
          <mytracks:speed>54</mytracks:speed>
        </extensions>
      </trkpt>
      <trkpt lon="135.702791" lat="34.322003">
        <extensions>
          <mytracks:speed>55</mytracks:speed>
        </extensions>
      </trkpt>
      <trkpt lon="135.702804" lat="34.322156">
        <extensions>
          <mytracks:speed>56</mytracks:speed>
        </extensions>
      </trkpt>
      <trkpt lon="135.702801" lat="34.322301">
        <extensions>
          <mytracks:speed>57</mytracks:speed>
        </extensions>
      </trkpt>
      <trkpt lon="135.702801" lat="34.322453">
        <extensions>
          <mytracks:speed>57</mytracks:speed>
        </extensions>
      </trkpt>
      <trkpt lon="135.702805" lat="34.322604">
        <extensions>
          <mytracks:speed>57</mytracks:speed>
        </extensions>
      </trkpt>
      <trkpt lon="135.702803" lat="34.322754">
        <extensions>
          <mytracks:speed>58</mytracks:speed>
        </extensions>
      </trkpt>
      <trkpt lon="135.702806" lat="34.322911">
        <extensions>
          <mytracks:speed>58</mytracks:speed>
        </extensions>
      </trkpt>
      <trkpt lon="135.702801" lat="34.323055">
        <extensions>
          <mytracks:speed>58</mytracks:speed>
        </extensions>
      </trkpt>
      <trkpt lon="135.702795" lat="34.323205">
        <extensions>
          <mytracks:speed>57</mytracks:speed>
        </extensions>
      </trkpt>
      <trkpt lon="135.702785" lat="34.323350">
        <extensions>
          <mytracks:speed>57</mytracks:speed>
        </extensions>
      </trkpt>
      <trkpt lon="135.702770" lat="34.323498">
        <extensions>
          <mytracks:speed>57</mytracks:speed>
        </extensions>
      </trkpt>
      <trkpt lon="135.702744" lat="34.323640">
        <extensions>
          <mytracks:speed>57</mytracks:speed>
        </extensions>
      </trkpt>
      <trkpt lon="135.702706" lat="34.323782">
        <extensions>
          <mytracks:speed>56</mytracks:speed>
        </extensions>
      </trkpt>
      <trkpt lon="135.702662" lat="34.323920">
        <extensions>
          <mytracks:speed>55</mytracks:speed>
        </extensions>
      </trkpt>
      <trkpt lon="135.702614" lat="34.324054">
        <extensions>
          <mytracks:speed>54</mytracks:speed>
        </extensions>
      </trkpt>
      <trkpt lon="135.702568" lat="34.324186">
        <extensions>
          <mytracks:speed>54</mytracks:speed>
        </extensions>
      </trkpt>
      <trkpt lon="135.702518" lat="34.324315">
        <extensions>
          <mytracks:speed>53</mytracks:speed>
        </extensions>
      </trkpt>
      <trkpt lon="135.702458" lat="34.324442">
        <extensions>
          <mytracks:speed>54</mytracks:speed>
        </extensions>
      </trkpt>
      <trkpt lon="135.702398" lat="34.324571">
        <extensions>
          <mytracks:speed>53</mytracks:speed>
        </extensions>
      </trkpt>
      <trkpt lon="135.702333" lat="34.324692">
        <extensions>
          <mytracks:speed>53</mytracks:speed>
        </extensions>
      </trkpt>
      <trkpt lon="135.702266" lat="34.324809">
        <extensions>
          <mytracks:speed>50</mytracks:speed>
        </extensions>
      </trkpt>
      <trkpt lon="135.702195" lat="34.324919">
        <extensions>
          <mytracks:speed>51</mytracks:speed>
        </extensions>
      </trkpt>
      <trkpt lon="135.702134" lat="34.325035">
        <extensions>
          <mytracks:speed>50</mytracks:speed>
        </extensions>
      </trkpt>
      <trkpt lon="135.702074" lat="34.325154">
        <extensions>
          <mytracks:speed>51</mytracks:speed>
        </extensions>
      </trkpt>
      <trkpt lon="135.701997" lat="34.325261">
        <extensions>
          <mytracks:speed>51</mytracks:speed>
        </extensions>
      </trkpt>
      <trkpt lon="135.701926" lat="34.325378">
        <extensions>
          <mytracks:speed>50</mytracks:speed>
        </extensions>
      </trkpt>
      <trkpt lon="135.701874" lat="34.325496">
        <extensions>
          <mytracks:speed>51</mytracks:speed>
        </extensions>
      </trkpt>
      <trkpt lon="135.701838" lat="34.325618">
        <extensions>
          <mytracks:speed>49</mytracks:speed>
        </extensions>
      </trkpt>
      <trkpt lon="135.701774" lat="34.325729">
        <extensions>
          <mytracks:speed>48</mytracks:speed>
        </extensions>
      </trkpt>
      <trkpt lon="135.701733" lat="34.325847">
        <extensions>
          <mytracks:speed>47</mytracks:speed>
        </extensions>
      </trkpt>
      <trkpt lon="135.701705" lat="34.325963">
        <extensions>
          <mytracks:speed>46</mytracks:speed>
        </extensions>
      </trkpt>
      <trkpt lon="135.701656" lat="34.326064">
        <extensions>
          <mytracks:speed>47</mytracks:speed>
        </extensions>
      </trkpt>
      <trkpt lon="135.701620" lat="34.326175">
        <extensions>
          <mytracks:speed>44</mytracks:speed>
        </extensions>
      </trkpt>
      <trkpt lon="135.701594" lat="34.326282">
        <extensions>
          <mytracks:speed>43</mytracks:speed>
        </extensions>
      </trkpt>
      <trkpt lon="135.701569" lat="34.326390">
        <extensions>
          <mytracks:speed>43</mytracks:speed>
        </extensions>
      </trkpt>
      <trkpt lon="135.701539" lat="34.326491">
        <extensions>
          <mytracks:speed>42</mytracks:speed>
        </extensions>
      </trkpt>
      <trkpt lon="135.701515" lat="34.326597">
        <extensions>
          <mytracks:speed>42</mytracks:speed>
        </extensions>
      </trkpt>
      <trkpt lon="135.701492" lat="34.326706">
        <extensions>
          <mytracks:speed>43</mytracks:speed>
        </extensions>
      </trkpt>
      <trkpt lon="135.701475" lat="34.326819">
        <extensions>
          <mytracks:speed>44</mytracks:speed>
        </extensions>
      </trkpt>
      <trkpt lon="135.701452" lat="34.326927">
        <extensions>
          <mytracks:speed>43</mytracks:speed>
        </extensions>
      </trkpt>
      <trkpt lon="135.701426" lat="34.327037">
        <extensions>
          <mytracks:speed>45</mytracks:speed>
        </extensions>
      </trkpt>
      <trkpt lon="135.701405" lat="34.327137">
        <extensions>
          <mytracks:speed>46</mytracks:speed>
        </extensions>
      </trkpt>
      <trkpt lon="135.701381" lat="34.327261">
        <extensions>
          <mytracks:speed>47</mytracks:speed>
        </extensions>
      </trkpt>
      <trkpt lon="135.701346" lat="34.327372">
        <extensions>
          <mytracks:speed>45</mytracks:speed>
        </extensions>
      </trkpt>
      <trkpt lon="135.701316" lat="34.327488">
        <extensions>
          <mytracks:speed>45</mytracks:speed>
        </extensions>
      </trkpt>
      <trkpt lon="135.701296" lat="34.327603">
        <extensions>
          <mytracks:speed>45</mytracks:speed>
        </extensions>
      </trkpt>
      <trkpt lon="135.701274" lat="34.327719">
        <extensions>
          <mytracks:speed>45</mytracks:speed>
        </extensions>
      </trkpt>
      <trkpt lon="135.701253" lat="34.327833">
        <extensions>
          <mytracks:speed>44</mytracks:speed>
        </extensions>
      </trkpt>
      <trkpt lon="135.701229" lat="34.327946">
        <extensions>
          <mytracks:speed>43</mytracks:speed>
        </extensions>
      </trkpt>
      <trkpt lon="135.701209" lat="34.328047">
        <extensions>
          <mytracks:speed>42</mytracks:speed>
        </extensions>
      </trkpt>
      <trkpt lon="135.701196" lat="34.328162">
        <extensions>
          <mytracks:speed>43</mytracks:speed>
        </extensions>
      </trkpt>
      <trkpt lon="135.701201" lat="34.328277">
        <extensions>
          <mytracks:speed>41</mytracks:speed>
        </extensions>
      </trkpt>
      <trkpt lon="135.701207" lat="34.328379">
        <extensions>
          <mytracks:speed>41</mytracks:speed>
        </extensions>
      </trkpt>
      <trkpt lon="135.701220" lat="34.328481">
        <extensions>
          <mytracks:speed>38</mytracks:speed>
        </extensions>
      </trkpt>
      <trkpt lon="135.701227" lat="34.328572">
        <extensions>
          <mytracks:speed>36</mytracks:speed>
        </extensions>
      </trkpt>
      <trkpt lon="135.701236" lat="34.328670">
        <extensions>
          <mytracks:speed>36</mytracks:speed>
        </extensions>
      </trkpt>
      <trkpt lon="135.701242" lat="34.328758">
        <extensions>
          <mytracks:speed>35</mytracks:speed>
        </extensions>
      </trkpt>
      <trkpt lon="135.701240" lat="34.328846">
        <extensions>
          <mytracks:speed>34</mytracks:speed>
        </extensions>
      </trkpt>
      <trkpt lon="135.701257" lat="34.328928">
        <extensions>
          <mytracks:speed>33</mytracks:speed>
        </extensions>
      </trkpt>
      <trkpt lon="135.701269" lat="34.329020">
        <extensions>
          <mytracks:speed>34</mytracks:speed>
        </extensions>
      </trkpt>
      <trkpt lon="135.701278" lat="34.329114">
        <extensions>
          <mytracks:speed>35</mytracks:speed>
        </extensions>
      </trkpt>
      <trkpt lon="135.701287" lat="34.329208">
        <extensions>
          <mytracks:speed>36</mytracks:speed>
        </extensions>
      </trkpt>
      <trkpt lon="135.701296" lat="34.329305">
        <extensions>
          <mytracks:speed>37</mytracks:speed>
        </extensions>
      </trkpt>
      <trkpt lon="135.701310" lat="34.329405">
        <extensions>
          <mytracks:speed>37</mytracks:speed>
        </extensions>
      </trkpt>
      <trkpt lon="135.701325" lat="34.329503">
        <extensions>
          <mytracks:speed>40</mytracks:speed>
        </extensions>
      </trkpt>
      <trkpt lon="135.701327" lat="34.329601">
        <extensions>
          <mytracks:speed>40</mytracks:speed>
        </extensions>
      </trkpt>
      <trkpt lon="135.701335" lat="34.329703">
        <extensions>
          <mytracks:speed>40</mytracks:speed>
        </extensions>
      </trkpt>
      <trkpt lon="135.701340" lat="34.329809">
        <extensions>
          <mytracks:speed>41</mytracks:speed>
        </extensions>
      </trkpt>
      <trkpt lon="135.701352" lat="34.329915">
        <extensions>
          <mytracks:speed>42</mytracks:speed>
        </extensions>
      </trkpt>
      <trkpt lon="135.701363" lat="34.330023">
        <extensions>
          <mytracks:speed>42</mytracks:speed>
        </extensions>
      </trkpt>
      <trkpt lon="135.701372" lat="34.330133">
        <extensions>
          <mytracks:speed>43</mytracks:speed>
        </extensions>
      </trkpt>
      <trkpt lon="135.701379" lat="34.330245">
        <extensions>
          <mytracks:speed>44</mytracks:speed>
        </extensions>
      </trkpt>
      <trkpt lon="135.701371" lat="34.330357">
        <extensions>
          <mytracks:speed>44</mytracks:speed>
        </extensions>
      </trkpt>
      <trkpt lon="135.701370" lat="34.330470">
        <extensions>
          <mytracks:speed>43</mytracks:speed>
        </extensions>
      </trkpt>
      <trkpt lon="135.701346" lat="34.330581">
        <extensions>
          <mytracks:speed>45</mytracks:speed>
        </extensions>
      </trkpt>
      <trkpt lon="135.701312" lat="34.330685">
        <extensions>
          <mytracks:speed>44</mytracks:speed>
        </extensions>
      </trkpt>
      <trkpt lon="135.701272" lat="34.330798">
        <extensions>
          <mytracks:speed>45</mytracks:speed>
        </extensions>
      </trkpt>
      <trkpt lon="135.701227" lat="34.330910">
        <extensions>
          <mytracks:speed>46</mytracks:speed>
        </extensions>
      </trkpt>
      <trkpt lon="135.701170" lat="34.331020">
        <extensions>
          <mytracks:speed>46</mytracks:speed>
        </extensions>
      </trkpt>
      <trkpt lon="135.701112" lat="34.331132">
        <extensions>
          <mytracks:speed>47</mytracks:speed>
        </extensions>
      </trkpt>
      <trkpt lon="135.701041" lat="34.331243">
        <extensions>
          <mytracks:speed>49</mytracks:speed>
        </extensions>
      </trkpt>
      <trkpt lon="135.700967" lat="34.331356">
        <extensions>
          <mytracks:speed>50</mytracks:speed>
        </extensions>
      </trkpt>
      <trkpt lon="135.700900" lat="34.331474">
        <extensions>
          <mytracks:speed>51</mytracks:speed>
        </extensions>
      </trkpt>
      <trkpt lon="135.700831" lat="34.331590">
        <extensions>
          <mytracks:speed>51</mytracks:speed>
        </extensions>
      </trkpt>
      <trkpt lon="135.700763" lat="34.331708">
        <extensions>
          <mytracks:speed>51</mytracks:speed>
        </extensions>
      </trkpt>
      <trkpt lon="135.700694" lat="34.331822">
        <extensions>
          <mytracks:speed>51</mytracks:speed>
        </extensions>
      </trkpt>
      <trkpt lon="135.700620" lat="34.331939">
        <extensions>
          <mytracks:speed>50</mytracks:speed>
        </extensions>
      </trkpt>
      <trkpt lon="135.700539" lat="34.332052">
        <extensions>
          <mytracks:speed>50</mytracks:speed>
        </extensions>
      </trkpt>
      <trkpt lon="135.700451" lat="34.332159">
        <extensions>
          <mytracks:speed>51</mytracks:speed>
        </extensions>
      </trkpt>
      <trkpt lon="135.700363" lat="34.332270">
        <extensions>
          <mytracks:speed>51</mytracks:speed>
        </extensions>
      </trkpt>
      <trkpt lon="135.700253" lat="34.332361">
        <extensions>
          <mytracks:speed>50</mytracks:speed>
        </extensions>
      </trkpt>
      <trkpt lon="135.700141" lat="34.332455">
        <extensions>
          <mytracks:speed>51</mytracks:speed>
        </extensions>
      </trkpt>
      <trkpt lon="135.700028" lat="34.332544">
        <extensions>
          <mytracks:speed>50</mytracks:speed>
        </extensions>
      </trkpt>
      <trkpt lon="135.699909" lat="34.332626">
        <extensions>
          <mytracks:speed>50</mytracks:speed>
        </extensions>
      </trkpt>
      <trkpt lon="135.699792" lat="34.332701">
        <extensions>
          <mytracks:speed>47</mytracks:speed>
        </extensions>
      </trkpt>
      <trkpt lon="135.699676" lat="34.332770">
        <extensions>
          <mytracks:speed>46</mytracks:speed>
        </extensions>
      </trkpt>
      <trkpt lon="135.699556" lat="34.332837">
        <extensions>
          <mytracks:speed>45</mytracks:speed>
        </extensions>
      </trkpt>
      <trkpt lon="135.699430" lat="34.332887">
        <extensions>
          <mytracks:speed>45</mytracks:speed>
        </extensions>
      </trkpt>
      <trkpt lon="135.699296" lat="34.332927">
        <extensions>
          <mytracks:speed>45</mytracks:speed>
        </extensions>
      </trkpt>
      <trkpt lon="135.699163" lat="34.332954">
        <extensions>
          <mytracks:speed>45</mytracks:speed>
        </extensions>
      </trkpt>
      <trkpt lon="135.699031" lat="34.332978">
        <extensions>
          <mytracks:speed>44</mytracks:speed>
        </extensions>
      </trkpt>
      <trkpt lon="135.698896" lat="34.333001">
        <extensions>
          <mytracks:speed>44</mytracks:speed>
        </extensions>
      </trkpt>
      <trkpt lon="135.698766" lat="34.333018">
        <extensions>
          <mytracks:speed>41</mytracks:speed>
        </extensions>
      </trkpt>
      <trkpt lon="135.698646" lat="34.333023">
        <extensions>
          <mytracks:speed>41</mytracks:speed>
        </extensions>
      </trkpt>
      <trkpt lon="135.698526" lat="34.333008">
        <extensions>
          <mytracks:speed>39</mytracks:speed>
        </extensions>
      </trkpt>
      <trkpt lon="135.698408" lat="34.332994">
        <extensions>
          <mytracks:speed>39</mytracks:speed>
        </extensions>
      </trkpt>
      <trkpt lon="135.698312" lat="34.332976">
        <extensions>
          <mytracks:speed>34</mytracks:speed>
        </extensions>
      </trkpt>
      <trkpt lon="135.698228" lat="34.332961">
        <extensions>
          <mytracks:speed>27</mytracks:speed>
        </extensions>
      </trkpt>
      <trkpt lon="135.698177" lat="34.332955">
        <extensions>
          <mytracks:speed>16</mytracks:speed>
        </extensions>
      </trkpt>
      <trkpt lon="135.698151" lat="34.332952">
        <extensions>
          <mytracks:speed>8</mytracks:speed>
        </extensions>
      </trkpt>
      <trkpt lon="135.698143" lat="34.332950">
        <extensions>
          <mytracks:speed>3</mytracks:speed>
        </extensions>
      </trkpt>
      <trkpt lon="135.698142" lat="34.332947">
        <extensions>
          <mytracks:speed>3</mytracks:speed>
        </extensions>
      </trkpt>
      <trkpt lon="135.698142" lat="34.332946">
        <extensions>
          <mytracks:speed>3</mytracks:speed>
        </extensions>
      </trkpt>
      <trkpt lon="135.698139" lat="34.332946">
        <extensions>
          <mytracks:speed>5</mytracks:speed>
        </extensions>
      </trkpt>
      <trkpt lon="135.698120" lat="34.332943">
        <extensions>
          <mytracks:speed>10</mytracks:speed>
        </extensions>
      </trkpt>
      <trkpt lon="135.698069" lat="34.332935">
        <extensions>
          <mytracks:speed>15</mytracks:speed>
        </extensions>
      </trkpt>
      <trkpt lon="135.698007" lat="34.332926">
        <extensions>
          <mytracks:speed>20</mytracks:speed>
        </extensions>
      </trkpt>
      <trkpt lon="135.697937" lat="34.332918">
        <extensions>
          <mytracks:speed>22</mytracks:speed>
        </extensions>
      </trkpt>
      <trkpt lon="135.697867" lat="34.332919">
        <extensions>
          <mytracks:speed>21</mytracks:speed>
        </extensions>
      </trkpt>
      <trkpt lon="135.697810" lat="34.332927">
        <extensions>
          <mytracks:speed>21</mytracks:speed>
        </extensions>
      </trkpt>
      <trkpt lon="135.697739" lat="34.332936">
        <extensions>
          <mytracks:speed>24</mytracks:speed>
        </extensions>
      </trkpt>
      <trkpt lon="135.697665" lat="34.332957">
        <extensions>
          <mytracks:speed>25</mytracks:speed>
        </extensions>
      </trkpt>
      <trkpt lon="135.697593" lat="34.332992">
        <extensions>
          <mytracks:speed>27</mytracks:speed>
        </extensions>
      </trkpt>
      <trkpt lon="135.697526" lat="34.333031">
        <extensions>
          <mytracks:speed>27</mytracks:speed>
        </extensions>
      </trkpt>
      <trkpt lon="135.697473" lat="34.333079">
        <extensions>
          <mytracks:speed>24</mytracks:speed>
        </extensions>
      </trkpt>
      <trkpt lon="135.697435" lat="34.333122">
        <extensions>
          <mytracks:speed>21</mytracks:speed>
        </extensions>
      </trkpt>
      <trkpt lon="135.697406" lat="34.333159">
        <extensions>
          <mytracks:speed>16</mytracks:speed>
        </extensions>
      </trkpt>
      <trkpt lon="135.697386" lat="34.333184">
        <extensions>
          <mytracks:speed>14</mytracks:speed>
        </extensions>
      </trkpt>
      <trkpt lon="135.697373" lat="34.333194">
        <extensions>
          <mytracks:speed>3</mytracks:speed>
        </extensions>
      </trkpt>
      <trkpt lon="135.697370" lat="34.333196">
        <extensions>
          <mytracks:speed>3</mytracks:speed>
        </extensions>
      </trkpt>
      <trkpt lon="135.697369" lat="34.333195">
        <extensions>
          <mytracks:speed>3</mytracks:speed>
        </extensions>
      </trkpt>
      <trkpt lon="135.697369" lat="34.333194">
        <extensions>
          <mytracks:speed>3</mytracks:speed>
        </extensions>
      </trkpt>
      <trkpt lon="135.697368" lat="34.333194">
        <extensions>
          <mytracks:speed>0</mytracks:speed>
        </extensions>
      </trkpt>
      <trkpt lon="135.697368" lat="34.333194">
        <extensions>
          <mytracks:speed>0</mytracks:speed>
        </extensions>
      </trkpt>
      <trkpt lon="135.697367" lat="34.333194">
        <extensions>
          <mytracks:speed>0</mytracks:speed>
        </extensions>
      </trkpt>
      <trkpt lon="135.697366" lat="34.333193">
        <extensions>
          <mytracks:speed>0</mytracks:speed>
        </extensions>
      </trkpt>
      <trkpt lon="135.697366" lat="34.333194">
        <extensions>
          <mytracks:speed>0</mytracks:speed>
        </extensions>
      </trkpt>
      <trkpt lon="135.697366" lat="34.333193">
        <extensions>
          <mytracks:speed>0</mytracks:speed>
        </extensions>
      </trkpt>
      <trkpt lon="135.697364" lat="34.333194">
        <extensions>
          <mytracks:speed>0</mytracks:speed>
        </extensions>
      </trkpt>
      <trkpt lon="135.697364" lat="34.333198">
        <extensions>
          <mytracks:speed>4</mytracks:speed>
        </extensions>
      </trkpt>
      <trkpt lon="135.697362" lat="34.333206">
        <extensions>
          <mytracks:speed>6</mytracks:speed>
        </extensions>
      </trkpt>
      <trkpt lon="135.697360" lat="34.333213">
        <extensions>
          <mytracks:speed>5</mytracks:speed>
        </extensions>
      </trkpt>
      <trkpt lon="135.697348" lat="34.333218">
        <extensions>
          <mytracks:speed>5</mytracks:speed>
        </extensions>
      </trkpt>
      <trkpt lon="135.697349" lat="34.333225">
        <extensions>
          <mytracks:speed>4</mytracks:speed>
        </extensions>
      </trkpt>
      <trkpt lon="135.697344" lat="34.333230">
        <extensions>
          <mytracks:speed>5</mytracks:speed>
        </extensions>
      </trkpt>
      <trkpt lon="135.697335" lat="34.333234">
        <extensions>
          <mytracks:speed>6</mytracks:speed>
        </extensions>
      </trkpt>
      <trkpt lon="135.697318" lat="34.333244">
        <extensions>
          <mytracks:speed>9</mytracks:speed>
        </extensions>
      </trkpt>
      <trkpt lon="135.697301" lat="34.333256">
        <extensions>
          <mytracks:speed>14</mytracks:speed>
        </extensions>
      </trkpt>
      <trkpt lon="135.697290" lat="34.333265">
        <extensions>
          <mytracks:speed>21</mytracks:speed>
        </extensions>
      </trkpt>
      <trkpt lon="135.697247" lat="34.333309">
        <extensions>
          <mytracks:speed>23</mytracks:speed>
        </extensions>
      </trkpt>
      <trkpt lon="135.697163" lat="34.333414">
        <extensions>
          <mytracks:speed>24</mytracks:speed>
        </extensions>
      </trkpt>
      <trkpt lon="135.697109" lat="34.333471">
        <extensions>
          <mytracks:speed>24</mytracks:speed>
        </extensions>
      </trkpt>
      <trkpt lon="135.697054" lat="34.333525">
        <extensions>
          <mytracks:speed>30</mytracks:speed>
        </extensions>
      </trkpt>
      <trkpt lon="135.697001" lat="34.333606">
        <extensions>
          <mytracks:speed>31</mytracks:speed>
        </extensions>
      </trkpt>
      <trkpt lon="135.696963" lat="34.333709">
        <extensions>
          <mytracks:speed>35</mytracks:speed>
        </extensions>
      </trkpt>
      <trkpt lon="135.696998" lat="34.333834">
        <extensions>
          <mytracks:speed>37</mytracks:speed>
        </extensions>
      </trkpt>
      <trkpt lon="135.697000" lat="34.333929">
        <extensions>
          <mytracks:speed>41</mytracks:speed>
        </extensions>
      </trkpt>
      <trkpt lon="135.697038" lat="34.334029">
        <extensions>
          <mytracks:speed>41</mytracks:speed>
        </extensions>
      </trkpt>
      <trkpt lon="135.697051" lat="34.334134">
        <extensions>
          <mytracks:speed>41</mytracks:speed>
        </extensions>
      </trkpt>
      <trkpt lon="135.697065" lat="34.334245">
        <extensions>
          <mytracks:speed>41</mytracks:speed>
        </extensions>
      </trkpt>
      <trkpt lon="135.697090" lat="34.334349">
        <extensions>
          <mytracks:speed>42</mytracks:speed>
        </extensions>
      </trkpt>
      <trkpt lon="135.697132" lat="34.334455">
        <extensions>
          <mytracks:speed>42</mytracks:speed>
        </extensions>
      </trkpt>
      <trkpt lon="135.697166" lat="34.334560">
        <extensions>
          <mytracks:speed>42</mytracks:speed>
        </extensions>
      </trkpt>
      <trkpt lon="135.697199" lat="34.334660">
        <extensions>
          <mytracks:speed>41</mytracks:speed>
        </extensions>
      </trkpt>
      <trkpt lon="135.697231" lat="34.334757">
        <extensions>
          <mytracks:speed>42</mytracks:speed>
        </extensions>
      </trkpt>
      <trkpt lon="135.697270" lat="34.334863">
        <extensions>
          <mytracks:speed>42</mytracks:speed>
        </extensions>
      </trkpt>
      <trkpt lon="135.697313" lat="34.334963">
        <extensions>
          <mytracks:speed>43</mytracks:speed>
        </extensions>
      </trkpt>
      <trkpt lon="135.697352" lat="34.335064">
        <extensions>
          <mytracks:speed>44</mytracks:speed>
        </extensions>
      </trkpt>
      <trkpt lon="135.697387" lat="34.335170">
        <extensions>
          <mytracks:speed>44</mytracks:speed>
        </extensions>
      </trkpt>
      <trkpt lon="135.697423" lat="34.335275">
        <extensions>
          <mytracks:speed>43</mytracks:speed>
        </extensions>
      </trkpt>
      <trkpt lon="135.697462" lat="34.335380">
        <extensions>
          <mytracks:speed>42</mytracks:speed>
        </extensions>
      </trkpt>
      <trkpt lon="135.697499" lat="34.335478">
        <extensions>
          <mytracks:speed>41</mytracks:speed>
        </extensions>
      </trkpt>
      <trkpt lon="135.697552" lat="34.335575">
        <extensions>
          <mytracks:speed>41</mytracks:speed>
        </extensions>
      </trkpt>
      <trkpt lon="135.697609" lat="34.335664">
        <extensions>
          <mytracks:speed>41</mytracks:speed>
        </extensions>
      </trkpt>
      <trkpt lon="135.697682" lat="34.335744">
        <extensions>
          <mytracks:speed>41</mytracks:speed>
        </extensions>
      </trkpt>
      <trkpt lon="135.697759" lat="34.335824">
        <extensions>
          <mytracks:speed>40</mytracks:speed>
        </extensions>
      </trkpt>
      <trkpt lon="135.697835" lat="34.335905">
        <extensions>
          <mytracks:speed>40</mytracks:speed>
        </extensions>
      </trkpt>
      <trkpt lon="135.697902" lat="34.335994">
        <extensions>
          <mytracks:speed>41</mytracks:speed>
        </extensions>
      </trkpt>
      <trkpt lon="135.697966" lat="34.336081">
        <extensions>
          <mytracks:speed>41</mytracks:speed>
        </extensions>
      </trkpt>
      <trkpt lon="135.698021" lat="34.336170">
        <extensions>
          <mytracks:speed>40</mytracks:speed>
        </extensions>
      </trkpt>
      <trkpt lon="135.698063" lat="34.336268">
        <extensions>
          <mytracks:speed>41</mytracks:speed>
        </extensions>
      </trkpt>
      <trkpt lon="135.698092" lat="34.336362">
        <extensions>
          <mytracks:speed>39</mytracks:speed>
        </extensions>
      </trkpt>
      <trkpt lon="135.698116" lat="34.336458">
        <extensions>
          <mytracks:speed>39</mytracks:speed>
        </extensions>
      </trkpt>
      <trkpt lon="135.698129" lat="34.336553">
        <extensions>
          <mytracks:speed>39</mytracks:speed>
        </extensions>
      </trkpt>
      <trkpt lon="135.698146" lat="34.336650">
        <extensions>
          <mytracks:speed>38</mytracks:speed>
        </extensions>
      </trkpt>
      <trkpt lon="135.698167" lat="34.336753">
        <extensions>
          <mytracks:speed>39</mytracks:speed>
        </extensions>
      </trkpt>
      <trkpt lon="135.698186" lat="34.336852">
        <extensions>
          <mytracks:speed>40</mytracks:speed>
        </extensions>
      </trkpt>
      <trkpt lon="135.698203" lat="34.336959">
        <extensions>
          <mytracks:speed>39</mytracks:speed>
        </extensions>
      </trkpt>
      <trkpt lon="135.698224" lat="34.337074">
        <extensions>
          <mytracks:speed>39</mytracks:speed>
        </extensions>
      </trkpt>
      <trkpt lon="135.698223" lat="34.337188">
        <extensions>
          <mytracks:speed>38</mytracks:speed>
        </extensions>
      </trkpt>
      <trkpt lon="135.698220" lat="34.337342">
        <extensions>
          <mytracks:speed>36</mytracks:speed>
        </extensions>
      </trkpt>
      <trkpt lon="135.698233" lat="34.337430">
        <extensions>
          <mytracks:speed>36</mytracks:speed>
        </extensions>
      </trkpt>
      <trkpt lon="135.698191" lat="34.337529">
        <extensions>
          <mytracks:speed>36</mytracks:speed>
        </extensions>
      </trkpt>
      <trkpt lon="135.698177" lat="34.337598">
        <extensions>
          <mytracks:speed>35</mytracks:speed>
        </extensions>
      </trkpt>
      <trkpt lon="135.698159" lat="34.337674">
        <extensions>
          <mytracks:speed>37</mytracks:speed>
        </extensions>
      </trkpt>
      <trkpt lon="135.698143" lat="34.337772">
        <extensions>
          <mytracks:speed>36</mytracks:speed>
        </extensions>
      </trkpt>
      <trkpt lon="135.698111" lat="34.337872">
        <extensions>
          <mytracks:speed>38</mytracks:speed>
        </extensions>
      </trkpt>
      <trkpt lon="135.698081" lat="34.337966">
        <extensions>
          <mytracks:speed>41</mytracks:speed>
        </extensions>
      </trkpt>
      <trkpt lon="135.698054" lat="34.338063">
        <extensions>
          <mytracks:speed>41</mytracks:speed>
        </extensions>
      </trkpt>
      <trkpt lon="135.698038" lat="34.338160">
        <extensions>
          <mytracks:speed>42</mytracks:speed>
        </extensions>
      </trkpt>
      <trkpt lon="135.698000" lat="34.338251">
        <extensions>
          <mytracks:speed>42</mytracks:speed>
        </extensions>
      </trkpt>
      <trkpt lon="135.698009" lat="34.338360">
        <extensions>
          <mytracks:speed>44</mytracks:speed>
        </extensions>
      </trkpt>
      <trkpt lon="135.698022" lat="34.338477">
        <extensions>
          <mytracks:speed>45</mytracks:speed>
        </extensions>
      </trkpt>
      <trkpt lon="135.698025" lat="34.338591">
        <extensions>
          <mytracks:speed>45</mytracks:speed>
        </extensions>
      </trkpt>
      <trkpt lon="135.698030" lat="34.338704">
        <extensions>
          <mytracks:speed>45</mytracks:speed>
        </extensions>
      </trkpt>
      <trkpt lon="135.698152" lat="34.338798">
        <extensions>
          <mytracks:speed>44</mytracks:speed>
        </extensions>
      </trkpt>
      <trkpt lon="135.698215" lat="34.338896">
        <extensions>
          <mytracks:speed>43</mytracks:speed>
        </extensions>
      </trkpt>
      <trkpt lon="135.698284" lat="34.338990">
        <extensions>
          <mytracks:speed>44</mytracks:speed>
        </extensions>
      </trkpt>
      <trkpt lon="135.698363" lat="34.339065">
        <extensions>
          <mytracks:speed>44</mytracks:speed>
        </extensions>
      </trkpt>
      <trkpt lon="135.698446" lat="34.339145">
        <extensions>
          <mytracks:speed>44</mytracks:speed>
        </extensions>
      </trkpt>
      <trkpt lon="135.698527" lat="34.339229">
        <extensions>
          <mytracks:speed>42</mytracks:speed>
        </extensions>
      </trkpt>
      <trkpt lon="135.698618" lat="34.339303">
        <extensions>
          <mytracks:speed>42</mytracks:speed>
        </extensions>
      </trkpt>
      <trkpt lon="135.698699" lat="34.339380">
        <extensions>
          <mytracks:speed>41</mytracks:speed>
        </extensions>
      </trkpt>
      <trkpt lon="135.698765" lat="34.339462">
        <extensions>
          <mytracks:speed>38</mytracks:speed>
        </extensions>
      </trkpt>
      <trkpt lon="135.698822" lat="34.339545">
        <extensions>
          <mytracks:speed>38</mytracks:speed>
        </extensions>
      </trkpt>
      <trkpt lon="135.698857" lat="34.339624">
        <extensions>
          <mytracks:speed>38</mytracks:speed>
        </extensions>
      </trkpt>
      <trkpt lon="135.698918" lat="34.339715">
        <extensions>
          <mytracks:speed>38</mytracks:speed>
        </extensions>
      </trkpt>
      <trkpt lon="135.698960" lat="34.339802">
        <extensions>
          <mytracks:speed>36</mytracks:speed>
        </extensions>
      </trkpt>
      <trkpt lon="135.698983" lat="34.339890">
        <extensions>
          <mytracks:speed>37</mytracks:speed>
        </extensions>
      </trkpt>
      <trkpt lon="135.699013" lat="34.339997">
        <extensions>
          <mytracks:speed>36</mytracks:speed>
        </extensions>
      </trkpt>
      <trkpt lon="135.698894" lat="34.340088">
        <extensions>
          <mytracks:speed>35</mytracks:speed>
        </extensions>
      </trkpt>
      <trkpt lon="135.698864" lat="34.340171">
        <extensions>
          <mytracks:speed>35</mytracks:speed>
        </extensions>
      </trkpt>
      <trkpt lon="135.698827" lat="34.340255">
        <extensions>
          <mytracks:speed>34</mytracks:speed>
        </extensions>
      </trkpt>
      <trkpt lon="135.698804" lat="34.340339">
        <extensions>
          <mytracks:speed>35</mytracks:speed>
        </extensions>
      </trkpt>
      <trkpt lon="135.698772" lat="34.340432">
        <extensions>
          <mytracks:speed>33</mytracks:speed>
        </extensions>
      </trkpt>
      <trkpt lon="135.698741" lat="34.340510">
        <extensions>
          <mytracks:speed>29</mytracks:speed>
        </extensions>
      </trkpt>
      <trkpt lon="135.698726" lat="34.340572">
        <extensions>
          <mytracks:speed>26</mytracks:speed>
        </extensions>
      </trkpt>
      <trkpt lon="135.698715" lat="34.340632">
        <extensions>
          <mytracks:speed>22</mytracks:speed>
        </extensions>
      </trkpt>
      <trkpt lon="135.698696" lat="34.340681">
        <extensions>
          <mytracks:speed>20</mytracks:speed>
        </extensions>
      </trkpt>
      <trkpt lon="135.698694" lat="34.340711">
        <extensions>
          <mytracks:speed>11</mytracks:speed>
        </extensions>
      </trkpt>
      <trkpt lon="135.698693" lat="34.340744">
        <extensions>
          <mytracks:speed>8</mytracks:speed>
        </extensions>
      </trkpt>
      <trkpt lon="135.698683" lat="34.340756">
        <extensions>
          <mytracks:speed>7</mytracks:speed>
        </extensions>
      </trkpt>
      <trkpt lon="135.698678" lat="34.340773">
        <extensions>
          <mytracks:speed>7</mytracks:speed>
        </extensions>
      </trkpt>
      <trkpt lon="135.698672" lat="34.340787">
        <extensions>
          <mytracks:speed>5</mytracks:speed>
        </extensions>
      </trkpt>
      <trkpt lon="135.698672" lat="34.340792">
        <extensions>
          <mytracks:speed>3</mytracks:speed>
        </extensions>
      </trkpt>
      <trkpt lon="135.698661" lat="34.340791">
        <extensions>
          <mytracks:speed>3</mytracks:speed>
        </extensions>
      </trkpt>
      <trkpt lon="135.698662" lat="34.340792">
        <extensions>
          <mytracks:speed>3</mytracks:speed>
        </extensions>
      </trkpt>
      <trkpt lon="135.698661" lat="34.340793">
        <extensions>
          <mytracks:speed>0</mytracks:speed>
        </extensions>
      </trkpt>
      <trkpt lon="135.698663" lat="34.340793">
        <extensions>
          <mytracks:speed>0</mytracks:speed>
        </extensions>
      </trkpt>
      <trkpt lon="135.698663" lat="34.340794">
        <extensions>
          <mytracks:speed>0</mytracks:speed>
        </extensions>
      </trkpt>
      <trkpt lon="135.698664" lat="34.340793">
        <extensions>
          <mytracks:speed>0</mytracks:speed>
        </extensions>
      </trkpt>
      <trkpt lon="135.698664" lat="34.340793">
        <extensions>
          <mytracks:speed>0</mytracks:speed>
        </extensions>
      </trkpt>
      <trkpt lon="135.698662" lat="34.340793">
        <extensions>
          <mytracks:speed>0</mytracks:speed>
        </extensions>
      </trkpt>
      <trkpt lon="135.698662" lat="34.340792">
        <extensions>
          <mytracks:speed>0</mytracks:speed>
        </extensions>
      </trkpt>
      <trkpt lon="135.698662" lat="34.340792">
        <extensions>
          <mytracks:speed>0</mytracks:speed>
        </extensions>
      </trkpt>
      <trkpt lon="135.698661" lat="34.340792">
        <extensions>
          <mytracks:speed>0</mytracks:speed>
        </extensions>
      </trkpt>
      <trkpt lon="135.698662" lat="34.340789">
        <extensions>
          <mytracks:speed>0</mytracks:speed>
        </extensions>
      </trkpt>
      <trkpt lon="135.698662" lat="34.340788">
        <extensions>
          <mytracks:speed>0</mytracks:speed>
        </extensions>
      </trkpt>
      <trkpt lon="135.698662" lat="34.340788">
        <extensions>
          <mytracks:speed>0</mytracks:speed>
        </extensions>
      </trkpt>
      <trkpt lon="135.698662" lat="34.340788">
        <extensions>
          <mytracks:speed>0</mytracks:speed>
        </extensions>
      </trkpt>
      <trkpt lon="135.698662" lat="34.340788">
        <extensions>
          <mytracks:speed>0</mytracks:speed>
        </extensions>
      </trkpt>
      <trkpt lon="135.698662" lat="34.340788">
        <extensions>
          <mytracks:speed>0</mytracks:speed>
        </extensions>
      </trkpt>
      <trkpt lon="135.698662" lat="34.340788">
        <extensions>
          <mytracks:speed>0</mytracks:speed>
        </extensions>
      </trkpt>
      <trkpt lon="135.698662" lat="34.340788">
        <extensions>
          <mytracks:speed>0</mytracks:speed>
        </extensions>
      </trkpt>
      <trkpt lon="135.698662" lat="34.340788">
        <extensions>
          <mytracks:speed>0</mytracks:speed>
        </extensions>
      </trkpt>
      <trkpt lon="135.698662" lat="34.340788">
        <extensions>
          <mytracks:speed>0</mytracks:speed>
        </extensions>
      </trkpt>
      <trkpt lon="135.698662" lat="34.340788">
        <extensions>
          <mytracks:speed>0</mytracks:speed>
        </extensions>
      </trkpt>
      <trkpt lon="135.698662" lat="34.340788">
        <extensions>
          <mytracks:speed>0</mytracks:speed>
        </extensions>
      </trkpt>
      <trkpt lon="135.698662" lat="34.340788">
        <extensions>
          <mytracks:speed>0</mytracks:speed>
        </extensions>
      </trkpt>
      <trkpt lon="135.698662" lat="34.340788">
        <extensions>
          <mytracks:speed>0</mytracks:speed>
        </extensions>
      </trkpt>
      <trkpt lon="135.698662" lat="34.340788">
        <extensions>
          <mytracks:speed>0</mytracks:speed>
        </extensions>
      </trkpt>
      <trkpt lon="135.698662" lat="34.340788">
        <extensions>
          <mytracks:speed>0</mytracks:speed>
        </extensions>
      </trkpt>
      <trkpt lon="135.698667" lat="34.340791">
        <extensions>
          <mytracks:speed>0</mytracks:speed>
        </extensions>
      </trkpt>
      <trkpt lon="135.698673" lat="34.340794">
        <extensions>
          <mytracks:speed>0</mytracks:speed>
        </extensions>
      </trkpt>
      <trkpt lon="135.698671" lat="34.340793">
        <extensions>
          <mytracks:speed>0</mytracks:speed>
        </extensions>
      </trkpt>
      <trkpt lon="135.698674" lat="34.340794">
        <extensions>
          <mytracks:speed>0</mytracks:speed>
        </extensions>
      </trkpt>
      <trkpt lon="135.698674" lat="34.340794">
        <extensions>
          <mytracks:speed>0</mytracks:speed>
        </extensions>
      </trkpt>
      <trkpt lon="135.698674" lat="34.340794">
        <extensions>
          <mytracks:speed>0</mytracks:speed>
        </extensions>
      </trkpt>
      <trkpt lon="135.698674" lat="34.340791">
        <extensions>
          <mytracks:speed>0</mytracks:speed>
        </extensions>
      </trkpt>
      <trkpt lon="135.698674" lat="34.340791">
        <extensions>
          <mytracks:speed>0</mytracks:speed>
        </extensions>
      </trkpt>
      <trkpt lon="135.698674" lat="34.340791">
        <extensions>
          <mytracks:speed>0</mytracks:speed>
        </extensions>
      </trkpt>
      <trkpt lon="135.698674" lat="34.340794">
        <extensions>
          <mytracks:speed>0</mytracks:speed>
        </extensions>
      </trkpt>
      <trkpt lon="135.698675" lat="34.340796">
        <extensions>
          <mytracks:speed>3</mytracks:speed>
        </extensions>
      </trkpt>
      <trkpt lon="135.698674" lat="34.340797">
        <extensions>
          <mytracks:speed>8</mytracks:speed>
        </extensions>
      </trkpt>
      <trkpt lon="135.698666" lat="34.340816">
        <extensions>
          <mytracks:speed>12</mytracks:speed>
        </extensions>
      </trkpt>
      <trkpt lon="135.698654" lat="34.340856">
        <extensions>
          <mytracks:speed>17</mytracks:speed>
        </extensions>
      </trkpt>
      <trkpt lon="135.698632" lat="34.340905">
        <extensions>
          <mytracks:speed>19</mytracks:speed>
        </extensions>
      </trkpt>
      <trkpt lon="135.698609" lat="34.340961">
        <extensions>
          <mytracks:speed>23</mytracks:speed>
        </extensions>
      </trkpt>
      <trkpt lon="135.698567" lat="34.341022">
        <extensions>
          <mytracks:speed>26</mytracks:speed>
        </extensions>
      </trkpt>
      <trkpt lon="135.698528" lat="34.341097">
        <extensions>
          <mytracks:speed>27</mytracks:speed>
        </extensions>
      </trkpt>
      <trkpt lon="135.698473" lat="34.341166">
        <extensions>
          <mytracks:speed>30</mytracks:speed>
        </extensions>
      </trkpt>
      <trkpt lon="135.698425" lat="34.341239">
        <extensions>
          <mytracks:speed>34</mytracks:speed>
        </extensions>
      </trkpt>
      <trkpt lon="135.698359" lat="34.341309">
        <extensions>
          <mytracks:speed>36</mytracks:speed>
        </extensions>
      </trkpt>
      <trkpt lon="135.698305" lat="34.341388">
        <extensions>
          <mytracks:speed>36</mytracks:speed>
        </extensions>
      </trkpt>
      <trkpt lon="135.698230" lat="34.341469">
        <extensions>
          <mytracks:speed>38</mytracks:speed>
        </extensions>
      </trkpt>
      <trkpt lon="135.698145" lat="34.341564">
        <extensions>
          <mytracks:speed>42</mytracks:speed>
        </extensions>
      </trkpt>
      <trkpt lon="135.698079" lat="34.341660">
        <extensions>
          <mytracks:speed>42</mytracks:speed>
        </extensions>
      </trkpt>
      <trkpt lon="135.697996" lat="34.341758">
        <extensions>
          <mytracks:speed>42</mytracks:speed>
        </extensions>
      </trkpt>
      <trkpt lon="135.697915" lat="34.341849">
        <extensions>
          <mytracks:speed>42</mytracks:speed>
        </extensions>
      </trkpt>
      <trkpt lon="135.697844" lat="34.341930">
        <extensions>
          <mytracks:speed>41</mytracks:speed>
        </extensions>
      </trkpt>
      <trkpt lon="135.697778" lat="34.342015">
        <extensions>
          <mytracks:speed>41</mytracks:speed>
        </extensions>
      </trkpt>
      <trkpt lon="135.697705" lat="34.342095">
        <extensions>
          <mytracks:speed>41</mytracks:speed>
        </extensions>
      </trkpt>
      <trkpt lon="135.697649" lat="34.342189">
        <extensions>
          <mytracks:speed>41</mytracks:speed>
        </extensions>
      </trkpt>
      <trkpt lon="135.697574" lat="34.342280">
        <extensions>
          <mytracks:speed>43</mytracks:speed>
        </extensions>
      </trkpt>
      <trkpt lon="135.697506" lat="34.342373">
        <extensions>
          <mytracks:speed>43</mytracks:speed>
        </extensions>
      </trkpt>
      <trkpt lon="135.697431" lat="34.342462">
        <extensions>
          <mytracks:speed>44</mytracks:speed>
        </extensions>
      </trkpt>
      <trkpt lon="135.697361" lat="34.342568">
        <extensions>
          <mytracks:speed>45</mytracks:speed>
        </extensions>
      </trkpt>
      <trkpt lon="135.697289" lat="34.342678">
        <extensions>
          <mytracks:speed>43</mytracks:speed>
        </extensions>
      </trkpt>
      <trkpt lon="135.697221" lat="34.342769">
        <extensions>
          <mytracks:speed>45</mytracks:speed>
        </extensions>
      </trkpt>
      <trkpt lon="135.697138" lat="34.342856">
        <extensions>
          <mytracks:speed>44</mytracks:speed>
        </extensions>
      </trkpt>
      <trkpt lon="135.697063" lat="34.342951">
        <extensions>
          <mytracks:speed>45</mytracks:speed>
        </extensions>
      </trkpt>
      <trkpt lon="135.696987" lat="34.343051">
        <extensions>
          <mytracks:speed>44</mytracks:speed>
        </extensions>
      </trkpt>
      <trkpt lon="135.696916" lat="34.343152">
        <extensions>
          <mytracks:speed>44</mytracks:speed>
        </extensions>
      </trkpt>
      <trkpt lon="135.696860" lat="34.343253">
        <extensions>
          <mytracks:speed>43</mytracks:speed>
        </extensions>
      </trkpt>
      <trkpt lon="135.696803" lat="34.343359">
        <extensions>
          <mytracks:speed>43</mytracks:speed>
        </extensions>
      </trkpt>
      <trkpt lon="135.696742" lat="34.343446">
        <extensions>
          <mytracks:speed>45</mytracks:speed>
        </extensions>
      </trkpt>
      <trkpt lon="135.696681" lat="34.343539">
        <extensions>
          <mytracks:speed>45</mytracks:speed>
        </extensions>
      </trkpt>
      <trkpt lon="135.696644" lat="34.343650">
        <extensions>
          <mytracks:speed>45</mytracks:speed>
        </extensions>
      </trkpt>
      <trkpt lon="135.696606" lat="34.343760">
        <extensions>
          <mytracks:speed>44</mytracks:speed>
        </extensions>
      </trkpt>
      <trkpt lon="135.696571" lat="34.343880">
        <extensions>
          <mytracks:speed>42</mytracks:speed>
        </extensions>
      </trkpt>
      <trkpt lon="135.696543" lat="34.343993">
        <extensions>
          <mytracks:speed>42</mytracks:speed>
        </extensions>
      </trkpt>
      <trkpt lon="135.696525" lat="34.344094">
        <extensions>
          <mytracks:speed>41</mytracks:speed>
        </extensions>
      </trkpt>
      <trkpt lon="135.696511" lat="34.344201">
        <extensions>
          <mytracks:speed>40</mytracks:speed>
        </extensions>
      </trkpt>
      <trkpt lon="135.696493" lat="34.344296">
        <extensions>
          <mytracks:speed>37</mytracks:speed>
        </extensions>
      </trkpt>
      <trkpt lon="135.696479" lat="34.344387">
        <extensions>
          <mytracks:speed>35</mytracks:speed>
        </extensions>
      </trkpt>
      <trkpt lon="135.696459" lat="34.344461">
        <extensions>
          <mytracks:speed>32</mytracks:speed>
        </extensions>
      </trkpt>
      <trkpt lon="135.696446" lat="34.344530">
        <extensions>
          <mytracks:speed>28</mytracks:speed>
        </extensions>
      </trkpt>
      <trkpt lon="135.696432" lat="34.344600">
        <extensions>
          <mytracks:speed>27</mytracks:speed>
        </extensions>
      </trkpt>
      <trkpt lon="135.696418" lat="34.344666">
        <extensions>
          <mytracks:speed>26</mytracks:speed>
        </extensions>
      </trkpt>
      <trkpt lon="135.696406" lat="34.344735">
        <extensions>
          <mytracks:speed>27</mytracks:speed>
        </extensions>
      </trkpt>
      <trkpt lon="135.696388" lat="34.344799">
        <extensions>
          <mytracks:speed>27</mytracks:speed>
        </extensions>
      </trkpt>
      <trkpt lon="135.696376" lat="34.344862">
        <extensions>
          <mytracks:speed>29</mytracks:speed>
        </extensions>
      </trkpt>
      <trkpt lon="135.696364" lat="34.344959">
        <extensions>
          <mytracks:speed>33</mytracks:speed>
        </extensions>
      </trkpt>
      <trkpt lon="135.696351" lat="34.345053">
        <extensions>
          <mytracks:speed>34</mytracks:speed>
        </extensions>
      </trkpt>
      <trkpt lon="135.696340" lat="34.345147">
        <extensions>
          <mytracks:speed>36</mytracks:speed>
        </extensions>
      </trkpt>
      <trkpt lon="135.696325" lat="34.345243">
        <extensions>
          <mytracks:speed>37</mytracks:speed>
        </extensions>
      </trkpt>
      <trkpt lon="135.696306" lat="34.345335">
        <extensions>
          <mytracks:speed>39</mytracks:speed>
        </extensions>
      </trkpt>
      <trkpt lon="135.696289" lat="34.345432">
        <extensions>
          <mytracks:speed>39</mytracks:speed>
        </extensions>
      </trkpt>
      <trkpt lon="135.696273" lat="34.345535">
        <extensions>
          <mytracks:speed>41</mytracks:speed>
        </extensions>
      </trkpt>
      <trkpt lon="135.696249" lat="34.345638">
        <extensions>
          <mytracks:speed>42</mytracks:speed>
        </extensions>
      </trkpt>
      <trkpt lon="135.696232" lat="34.345747">
        <extensions>
          <mytracks:speed>44</mytracks:speed>
        </extensions>
      </trkpt>
      <trkpt lon="135.696210" lat="34.345860">
        <extensions>
          <mytracks:speed>44</mytracks:speed>
        </extensions>
      </trkpt>
      <trkpt lon="135.696191" lat="34.345975">
        <extensions>
          <mytracks:speed>45</mytracks:speed>
        </extensions>
      </trkpt>
      <trkpt lon="135.696171" lat="34.346081">
        <extensions>
          <mytracks:speed>45</mytracks:speed>
        </extensions>
      </trkpt>
      <trkpt lon="135.696157" lat="34.346207">
        <extensions>
          <mytracks:speed>47</mytracks:speed>
        </extensions>
      </trkpt>
      <trkpt lon="135.696128" lat="34.346325">
        <extensions>
          <mytracks:speed>46</mytracks:speed>
        </extensions>
      </trkpt>
      <trkpt lon="135.696124" lat="34.346435">
        <extensions>
          <mytracks:speed>44</mytracks:speed>
        </extensions>
      </trkpt>
      <trkpt lon="135.696111" lat="34.346547">
        <extensions>
          <mytracks:speed>41</mytracks:speed>
        </extensions>
      </trkpt>
      <trkpt lon="135.696084" lat="34.346634">
        <extensions>
          <mytracks:speed>36</mytracks:speed>
        </extensions>
      </trkpt>
      <trkpt lon="135.696063" lat="34.346714">
        <extensions>
          <mytracks:speed>33</mytracks:speed>
        </extensions>
      </trkpt>
      <trkpt lon="135.696063" lat="34.346798">
        <extensions>
          <mytracks:speed>29</mytracks:speed>
        </extensions>
      </trkpt>
      <trkpt lon="135.696046" lat="34.346830">
        <extensions>
          <mytracks:speed>28</mytracks:speed>
        </extensions>
      </trkpt>
      <trkpt lon="135.696055" lat="34.346892">
        <extensions>
          <mytracks:speed>25</mytracks:speed>
        </extensions>
      </trkpt>
      <trkpt lon="135.696061" lat="34.346954">
        <extensions>
          <mytracks:speed>24</mytracks:speed>
        </extensions>
      </trkpt>
      <trkpt lon="135.696046" lat="34.347015">
        <extensions>
          <mytracks:speed>24</mytracks:speed>
        </extensions>
      </trkpt>
      <trkpt lon="135.696051" lat="34.347089">
        <extensions>
          <mytracks:speed>27</mytracks:speed>
        </extensions>
      </trkpt>
      <trkpt lon="135.696041" lat="34.347178">
        <extensions>
          <mytracks:speed>31</mytracks:speed>
        </extensions>
      </trkpt>
      <trkpt lon="135.696030" lat="34.347257">
        <extensions>
          <mytracks:speed>34</mytracks:speed>
        </extensions>
      </trkpt>
      <trkpt lon="135.696030" lat="34.347351">
        <extensions>
          <mytracks:speed>37</mytracks:speed>
        </extensions>
      </trkpt>
      <trkpt lon="135.696038" lat="34.347445">
        <extensions>
          <mytracks:speed>38</mytracks:speed>
        </extensions>
      </trkpt>
      <trkpt lon="135.696028" lat="34.347549">
        <extensions>
          <mytracks:speed>36</mytracks:speed>
        </extensions>
      </trkpt>
      <trkpt lon="135.696020" lat="34.347641">
        <extensions>
          <mytracks:speed>35</mytracks:speed>
        </extensions>
      </trkpt>
      <trkpt lon="135.696020" lat="34.347737">
        <extensions>
          <mytracks:speed>33</mytracks:speed>
        </extensions>
      </trkpt>
      <trkpt lon="135.696053" lat="34.347824">
        <extensions>
          <mytracks:speed>30</mytracks:speed>
        </extensions>
      </trkpt>
      <trkpt lon="135.696050" lat="34.347897">
        <extensions>
          <mytracks:speed>26</mytracks:speed>
        </extensions>
      </trkpt>
      <trkpt lon="135.696044" lat="34.347967">
        <extensions>
          <mytracks:speed>24</mytracks:speed>
        </extensions>
      </trkpt>
      <trkpt lon="135.696040" lat="34.348032">
        <extensions>
          <mytracks:speed>23</mytracks:speed>
        </extensions>
      </trkpt>
      <trkpt lon="135.696031" lat="34.348083">
        <extensions>
          <mytracks:speed>22</mytracks:speed>
        </extensions>
      </trkpt>
      <trkpt lon="135.696026" lat="34.348145">
        <extensions>
          <mytracks:speed>21</mytracks:speed>
        </extensions>
      </trkpt>
      <trkpt lon="135.696031" lat="34.348203">
        <extensions>
          <mytracks:speed>21</mytracks:speed>
        </extensions>
      </trkpt>
      <trkpt lon="135.696024" lat="34.348256">
        <extensions>
          <mytracks:speed>23</mytracks:speed>
        </extensions>
      </trkpt>
      <trkpt lon="135.696017" lat="34.348312">
        <extensions>
          <mytracks:speed>23</mytracks:speed>
        </extensions>
      </trkpt>
      <trkpt lon="135.696006" lat="34.348367">
        <extensions>
          <mytracks:speed>23</mytracks:speed>
        </extensions>
      </trkpt>
      <trkpt lon="135.695999" lat="34.348426">
        <extensions>
          <mytracks:speed>21</mytracks:speed>
        </extensions>
      </trkpt>
      <trkpt lon="135.695994" lat="34.348479">
        <extensions>
          <mytracks:speed>21</mytracks:speed>
        </extensions>
      </trkpt>
      <trkpt lon="135.695995" lat="34.348538">
        <extensions>
          <mytracks:speed>20</mytracks:speed>
        </extensions>
      </trkpt>
      <trkpt lon="135.695986" lat="34.348584">
        <extensions>
          <mytracks:speed>19</mytracks:speed>
        </extensions>
      </trkpt>
      <trkpt lon="135.695978" lat="34.348626">
        <extensions>
          <mytracks:speed>18</mytracks:speed>
        </extensions>
      </trkpt>
      <trkpt lon="135.695971" lat="34.348670">
        <extensions>
          <mytracks:speed>18</mytracks:speed>
        </extensions>
      </trkpt>
      <trkpt lon="135.695964" lat="34.348708">
        <extensions>
          <mytracks:speed>16</mytracks:speed>
        </extensions>
      </trkpt>
      <trkpt lon="135.695961" lat="34.348731">
        <extensions>
          <mytracks:speed>12</mytracks:speed>
        </extensions>
      </trkpt>
      <trkpt lon="135.695952" lat="34.348764">
        <extensions>
          <mytracks:speed>10</mytracks:speed>
        </extensions>
      </trkpt>
      <trkpt lon="135.695949" lat="34.348786">
        <extensions>
          <mytracks:speed>8</mytracks:speed>
        </extensions>
      </trkpt>
      <trkpt lon="135.695929" lat="34.348791">
        <extensions>
          <mytracks:speed>7</mytracks:speed>
        </extensions>
      </trkpt>
      <trkpt lon="135.695936" lat="34.348825">
        <extensions>
          <mytracks:speed>10</mytracks:speed>
        </extensions>
      </trkpt>
      <trkpt lon="135.695922" lat="34.348856">
        <extensions>
          <mytracks:speed>12</mytracks:speed>
        </extensions>
      </trkpt>
      <trkpt lon="135.695920" lat="34.348889">
        <extensions>
          <mytracks:speed>17</mytracks:speed>
        </extensions>
      </trkpt>
      <trkpt lon="135.695911" lat="34.348949">
        <extensions>
          <mytracks:speed>20</mytracks:speed>
        </extensions>
      </trkpt>
      <trkpt lon="135.695910" lat="34.349022">
        <extensions>
          <mytracks:speed>26</mytracks:speed>
        </extensions>
      </trkpt>
      <trkpt lon="135.695910" lat="34.349095">
        <extensions>
          <mytracks:speed>29</mytracks:speed>
        </extensions>
      </trkpt>
      <trkpt lon="135.695905" lat="34.349167">
        <extensions>
          <mytracks:speed>31</mytracks:speed>
        </extensions>
      </trkpt>
      <trkpt lon="135.695901" lat="34.349249">
        <extensions>
          <mytracks:speed>32</mytracks:speed>
        </extensions>
      </trkpt>
      <trkpt lon="135.695890" lat="34.349339">
        <extensions>
          <mytracks:speed>38</mytracks:speed>
        </extensions>
      </trkpt>
      <trkpt lon="135.695884" lat="34.349444">
        <extensions>
          <mytracks:speed>40</mytracks:speed>
        </extensions>
      </trkpt>
      <trkpt lon="135.695868" lat="34.349559">
        <extensions>
          <mytracks:speed>44</mytracks:speed>
        </extensions>
      </trkpt>
      <trkpt lon="135.695852" lat="34.349682">
        <extensions>
          <mytracks:speed>47</mytracks:speed>
        </extensions>
      </trkpt>
      <trkpt lon="135.695841" lat="34.349804">
        <extensions>
          <mytracks:speed>52</mytracks:speed>
        </extensions>
      </trkpt>
      <trkpt lon="135.695808" lat="34.349950">
        <extensions>
          <mytracks:speed>53</mytracks:speed>
        </extensions>
      </trkpt>
      <trkpt lon="135.695783" lat="34.350084">
        <extensions>
          <mytracks:speed>51</mytracks:speed>
        </extensions>
      </trkpt>
      <trkpt lon="135.695765" lat="34.350220">
        <extensions>
          <mytracks:speed>51</mytracks:speed>
        </extensions>
      </trkpt>
      <trkpt lon="135.695742" lat="34.350338">
        <extensions>
          <mytracks:speed>48</mytracks:speed>
        </extensions>
      </trkpt>
      <trkpt lon="135.695717" lat="34.350444">
        <extensions>
          <mytracks:speed>47</mytracks:speed>
        </extensions>
      </trkpt>
      <trkpt lon="135.695699" lat="34.350554">
        <extensions>
          <mytracks:speed>44</mytracks:speed>
        </extensions>
      </trkpt>
      <trkpt lon="135.695687" lat="34.350657">
        <extensions>
          <mytracks:speed>41</mytracks:speed>
        </extensions>
      </trkpt>
      <trkpt lon="135.695677" lat="34.350754">
        <extensions>
          <mytracks:speed>37</mytracks:speed>
        </extensions>
      </trkpt>
      <trkpt lon="135.695659" lat="34.350840">
        <extensions>
          <mytracks:speed>33</mytracks:speed>
        </extensions>
      </trkpt>
      <trkpt lon="135.695649" lat="34.350917">
        <extensions>
          <mytracks:speed>30</mytracks:speed>
        </extensions>
      </trkpt>
      <trkpt lon="135.695651" lat="34.350989">
        <extensions>
          <mytracks:speed>27</mytracks:speed>
        </extensions>
      </trkpt>
      <trkpt lon="135.695643" lat="34.351027">
        <extensions>
          <mytracks:speed>17</mytracks:speed>
        </extensions>
      </trkpt>
      <trkpt lon="135.695637" lat="34.351051">
        <extensions>
          <mytracks:speed>14</mytracks:speed>
        </extensions>
      </trkpt>
      <trkpt lon="135.695629" lat="34.351073">
        <extensions>
          <mytracks:speed>11</mytracks:speed>
        </extensions>
      </trkpt>
      <trkpt lon="135.695633" lat="34.351088">
        <extensions>
          <mytracks:speed>8</mytracks:speed>
        </extensions>
      </trkpt>
      <trkpt lon="135.695630" lat="34.351105">
        <extensions>
          <mytracks:speed>4</mytracks:speed>
        </extensions>
      </trkpt>
      <trkpt lon="135.695631" lat="34.351121">
        <extensions>
          <mytracks:speed>3</mytracks:speed>
        </extensions>
      </trkpt>
      <trkpt lon="135.695639" lat="34.351111">
        <extensions>
          <mytracks:speed>3</mytracks:speed>
        </extensions>
      </trkpt>
      <trkpt lon="135.695650" lat="34.351109">
        <extensions>
          <mytracks:speed>3</mytracks:speed>
        </extensions>
      </trkpt>
      <trkpt lon="135.695653" lat="34.351111">
        <extensions>
          <mytracks:speed>0</mytracks:speed>
        </extensions>
      </trkpt>
      <trkpt lon="135.695659" lat="34.351112">
        <extensions>
          <mytracks:speed>0</mytracks:speed>
        </extensions>
      </trkpt>
      <trkpt lon="135.695663" lat="34.351117">
        <extensions>
          <mytracks:speed>0</mytracks:speed>
        </extensions>
      </trkpt>
      <trkpt lon="135.695663" lat="34.351117">
        <extensions>
          <mytracks:speed>0</mytracks:speed>
        </extensions>
      </trkpt>
      <trkpt lon="135.695662" lat="34.351119">
        <extensions>
          <mytracks:speed>0</mytracks:speed>
        </extensions>
      </trkpt>
      <trkpt lon="135.695664" lat="34.351122">
        <extensions>
          <mytracks:speed>0</mytracks:speed>
        </extensions>
      </trkpt>
      <trkpt lon="135.695664" lat="34.351122">
        <extensions>
          <mytracks:speed>0</mytracks:speed>
        </extensions>
      </trkpt>
      <trkpt lon="135.695663" lat="34.351125">
        <extensions>
          <mytracks:speed>0</mytracks:speed>
        </extensions>
      </trkpt>
      <trkpt lon="135.695662" lat="34.351125">
        <extensions>
          <mytracks:speed>0</mytracks:speed>
        </extensions>
      </trkpt>
      <trkpt lon="135.695661" lat="34.351125">
        <extensions>
          <mytracks:speed>0</mytracks:speed>
        </extensions>
      </trkpt>
      <trkpt lon="135.695660" lat="34.351125">
        <extensions>
          <mytracks:speed>0</mytracks:speed>
        </extensions>
      </trkpt>
      <trkpt lon="135.695658" lat="34.351126">
        <extensions>
          <mytracks:speed>0</mytracks:speed>
        </extensions>
      </trkpt>
      <trkpt lon="135.695658" lat="34.351125">
        <extensions>
          <mytracks:speed>0</mytracks:speed>
        </extensions>
      </trkpt>
      <trkpt lon="135.695658" lat="34.351124">
        <extensions>
          <mytracks:speed>0</mytracks:speed>
        </extensions>
      </trkpt>
      <trkpt lon="135.695658" lat="34.351124">
        <extensions>
          <mytracks:speed>0</mytracks:speed>
        </extensions>
      </trkpt>
      <trkpt lon="135.695658" lat="34.351124">
        <extensions>
          <mytracks:speed>0</mytracks:speed>
        </extensions>
      </trkpt>
      <trkpt lon="135.695658" lat="34.351124">
        <extensions>
          <mytracks:speed>0</mytracks:speed>
        </extensions>
      </trkpt>
      <trkpt lon="135.695658" lat="34.351124">
        <extensions>
          <mytracks:speed>0</mytracks:speed>
        </extensions>
      </trkpt>
      <trkpt lon="135.695658" lat="34.351124">
        <extensions>
          <mytracks:speed>0</mytracks:speed>
        </extensions>
      </trkpt>
      <trkpt lon="135.695658" lat="34.351124">
        <extensions>
          <mytracks:speed>0</mytracks:speed>
        </extensions>
      </trkpt>
      <trkpt lon="135.695658" lat="34.351124">
        <extensions>
          <mytracks:speed>0</mytracks:speed>
        </extensions>
      </trkpt>
      <trkpt lon="135.695658" lat="34.351124">
        <extensions>
          <mytracks:speed>0</mytracks:speed>
        </extensions>
      </trkpt>
      <trkpt lon="135.695658" lat="34.351124">
        <extensions>
          <mytracks:speed>0</mytracks:speed>
        </extensions>
      </trkpt>
      <trkpt lon="135.695658" lat="34.351124">
        <extensions>
          <mytracks:speed>0</mytracks:speed>
        </extensions>
      </trkpt>
      <trkpt lon="135.695658" lat="34.351124">
        <extensions>
          <mytracks:speed>0</mytracks:speed>
        </extensions>
      </trkpt>
      <trkpt lon="135.695658" lat="34.351124">
        <extensions>
          <mytracks:speed>0</mytracks:speed>
        </extensions>
      </trkpt>
      <trkpt lon="135.695658" lat="34.351124">
        <extensions>
          <mytracks:speed>0</mytracks:speed>
        </extensions>
      </trkpt>
      <trkpt lon="135.695659" lat="34.351124">
        <extensions>
          <mytracks:speed>0</mytracks:speed>
        </extensions>
      </trkpt>
      <trkpt lon="135.695659" lat="34.351124">
        <extensions>
          <mytracks:speed>0</mytracks:speed>
        </extensions>
      </trkpt>
      <trkpt lon="135.695659" lat="34.351124">
        <extensions>
          <mytracks:speed>0</mytracks:speed>
        </extensions>
      </trkpt>
      <trkpt lon="135.695659" lat="34.351124">
        <extensions>
          <mytracks:speed>0</mytracks:speed>
        </extensions>
      </trkpt>
      <trkpt lon="135.695659" lat="34.351124">
        <extensions>
          <mytracks:speed>0</mytracks:speed>
        </extensions>
      </trkpt>
      <trkpt lon="135.695659" lat="34.351124">
        <extensions>
          <mytracks:speed>0</mytracks:speed>
        </extensions>
      </trkpt>
      <trkpt lon="135.695659" lat="34.351124">
        <extensions>
          <mytracks:speed>0</mytracks:speed>
        </extensions>
      </trkpt>
      <trkpt lon="135.695659" lat="34.351124">
        <extensions>
          <mytracks:speed>0</mytracks:speed>
        </extensions>
      </trkpt>
      <trkpt lon="135.695659" lat="34.351124">
        <extensions>
          <mytracks:speed>0</mytracks:speed>
        </extensions>
      </trkpt>
      <trkpt lon="135.695659" lat="34.351124">
        <extensions>
          <mytracks:speed>0</mytracks:speed>
        </extensions>
      </trkpt>
      <trkpt lon="135.695659" lat="34.351124">
        <extensions>
          <mytracks:speed>0</mytracks:speed>
        </extensions>
      </trkpt>
      <trkpt lon="135.695659" lat="34.351124">
        <extensions>
          <mytracks:speed>0</mytracks:speed>
        </extensions>
      </trkpt>
      <trkpt lon="135.695659" lat="34.351124">
        <extensions>
          <mytracks:speed>0</mytracks:speed>
        </extensions>
      </trkpt>
      <trkpt lon="135.695659" lat="34.351124">
        <extensions>
          <mytracks:speed>0</mytracks:speed>
        </extensions>
      </trkpt>
      <trkpt lon="135.695659" lat="34.351124">
        <extensions>
          <mytracks:speed>0</mytracks:speed>
        </extensions>
      </trkpt>
      <trkpt lon="135.695659" lat="34.351124">
        <extensions>
          <mytracks:speed>0</mytracks:speed>
        </extensions>
      </trkpt>
      <trkpt lon="135.695659" lat="34.351124">
        <extensions>
          <mytracks:speed>0</mytracks:speed>
        </extensions>
      </trkpt>
      <trkpt lon="135.695659" lat="34.351124">
        <extensions>
          <mytracks:speed>0</mytracks:speed>
        </extensions>
      </trkpt>
      <trkpt lon="135.695659" lat="34.351124">
        <extensions>
          <mytracks:speed>0</mytracks:speed>
        </extensions>
      </trkpt>
      <trkpt lon="135.695659" lat="34.351124">
        <extensions>
          <mytracks:speed>0</mytracks:speed>
        </extensions>
      </trkpt>
      <trkpt lon="135.695659" lat="34.351124">
        <extensions>
          <mytracks:speed>0</mytracks:speed>
        </extensions>
      </trkpt>
      <trkpt lon="135.695659" lat="34.351124">
        <extensions>
          <mytracks:speed>0</mytracks:speed>
        </extensions>
      </trkpt>
      <trkpt lon="135.695659" lat="34.351124">
        <extensions>
          <mytracks:speed>0</mytracks:speed>
        </extensions>
      </trkpt>
      <trkpt lon="135.695659" lat="34.351124">
        <extensions>
          <mytracks:speed>0</mytracks:speed>
        </extensions>
      </trkpt>
      <trkpt lon="135.695659" lat="34.351126">
        <extensions>
          <mytracks:speed>0</mytracks:speed>
        </extensions>
      </trkpt>
      <trkpt lon="135.695653" lat="34.351127">
        <extensions>
          <mytracks:speed>3</mytracks:speed>
        </extensions>
      </trkpt>
      <trkpt lon="135.695654" lat="34.351142">
        <extensions>
          <mytracks:speed>6</mytracks:speed>
        </extensions>
      </trkpt>
      <trkpt lon="135.695646" lat="34.351165">
        <extensions>
          <mytracks:speed>8</mytracks:speed>
        </extensions>
      </trkpt>
      <trkpt lon="135.695649" lat="34.351192">
        <extensions>
          <mytracks:speed>10</mytracks:speed>
        </extensions>
      </trkpt>
      <trkpt lon="135.695648" lat="34.351216">
        <extensions>
          <mytracks:speed>14</mytracks:speed>
        </extensions>
      </trkpt>
      <trkpt lon="135.695639" lat="34.351247">
        <extensions>
          <mytracks:speed>16</mytracks:speed>
        </extensions>
      </trkpt>
      <trkpt lon="135.695631" lat="34.351280">
        <extensions>
          <mytracks:speed>17</mytracks:speed>
        </extensions>
      </trkpt>
      <trkpt lon="135.695623" lat="34.351315">
        <extensions>
          <mytracks:speed>18</mytracks:speed>
        </extensions>
      </trkpt>
      <trkpt lon="135.695616" lat="34.351352">
        <extensions>
          <mytracks:speed>18</mytracks:speed>
        </extensions>
      </trkpt>
      <trkpt lon="135.695606" lat="34.351391">
        <extensions>
          <mytracks:speed>18</mytracks:speed>
        </extensions>
      </trkpt>
      <trkpt lon="135.695595" lat="34.351430">
        <extensions>
          <mytracks:speed>18</mytracks:speed>
        </extensions>
      </trkpt>
      <trkpt lon="135.695573" lat="34.351471">
        <extensions>
          <mytracks:speed>18</mytracks:speed>
        </extensions>
      </trkpt>
      <trkpt lon="135.695561" lat="34.351508">
        <extensions>
          <mytracks:speed>18</mytracks:speed>
        </extensions>
      </trkpt>
      <trkpt lon="135.695412" lat="34.351570">
        <extensions>
          <mytracks:speed>23</mytracks:speed>
        </extensions>
      </trkpt>
      <trkpt lon="135.695353" lat="34.351607">
        <extensions>
          <mytracks:speed>27</mytracks:speed>
        </extensions>
      </trkpt>
      <trkpt lon="135.695258" lat="34.351647">
        <extensions>
          <mytracks:speed>31</mytracks:speed>
        </extensions>
      </trkpt>
      <trkpt lon="135.695186" lat="34.351687">
        <extensions>
          <mytracks:speed>38</mytracks:speed>
        </extensions>
      </trkpt>
      <trkpt lon="135.695084" lat="34.351791">
        <extensions>
          <mytracks:speed>42</mytracks:speed>
        </extensions>
      </trkpt>
      <trkpt lon="135.694989" lat="34.351876">
        <extensions>
          <mytracks:speed>46</mytracks:speed>
        </extensions>
      </trkpt>
      <trkpt lon="135.694891" lat="34.351962">
        <extensions>
          <mytracks:speed>48</mytracks:speed>
        </extensions>
      </trkpt>
      <trkpt lon="135.694780" lat="34.352054">
        <extensions>
          <mytracks:speed>51</mytracks:speed>
        </extensions>
      </trkpt>
      <trkpt lon="135.694657" lat="34.352148">
        <extensions>
          <mytracks:speed>54</mytracks:speed>
        </extensions>
      </trkpt>
      <trkpt lon="135.694538" lat="34.352253">
        <extensions>
          <mytracks:speed>54</mytracks:speed>
        </extensions>
      </trkpt>
      <trkpt lon="135.694424" lat="34.352354">
        <extensions>
          <mytracks:speed>56</mytracks:speed>
        </extensions>
      </trkpt>
      <trkpt lon="135.694309" lat="34.352455">
        <extensions>
          <mytracks:speed>57</mytracks:speed>
        </extensions>
      </trkpt>
      <trkpt lon="135.694186" lat="34.352558">
        <extensions>
          <mytracks:speed>57</mytracks:speed>
        </extensions>
      </trkpt>
      <trkpt lon="135.694059" lat="34.352663">
        <extensions>
          <mytracks:speed>58</mytracks:speed>
        </extensions>
      </trkpt>
      <trkpt lon="135.693933" lat="34.352767">
        <extensions>
          <mytracks:speed>57</mytracks:speed>
        </extensions>
      </trkpt>
      <trkpt lon="135.693804" lat="34.352868">
        <extensions>
          <mytracks:speed>55</mytracks:speed>
        </extensions>
      </trkpt>
      <trkpt lon="135.693687" lat="34.352964">
        <extensions>
          <mytracks:speed>50</mytracks:speed>
        </extensions>
      </trkpt>
      <trkpt lon="135.693570" lat="34.353050">
        <extensions>
          <mytracks:speed>49</mytracks:speed>
        </extensions>
      </trkpt>
      <trkpt lon="135.693455" lat="34.353143">
        <extensions>
          <mytracks:speed>47</mytracks:speed>
        </extensions>
      </trkpt>
      <trkpt lon="135.693384" lat="34.353236">
        <extensions>
          <mytracks:speed>44</mytracks:speed>
        </extensions>
      </trkpt>
      <trkpt lon="135.693250" lat="34.353326">
        <extensions>
          <mytracks:speed>43</mytracks:speed>
        </extensions>
      </trkpt>
      <trkpt lon="135.693148" lat="34.353385">
        <extensions>
          <mytracks:speed>41</mytracks:speed>
        </extensions>
      </trkpt>
      <trkpt lon="135.693062" lat="34.353455">
        <extensions>
          <mytracks:speed>42</mytracks:speed>
        </extensions>
      </trkpt>
      <trkpt lon="135.692976" lat="34.353522">
        <extensions>
          <mytracks:speed>42</mytracks:speed>
        </extensions>
      </trkpt>
      <trkpt lon="135.692877" lat="34.353595">
        <extensions>
          <mytracks:speed>43</mytracks:speed>
        </extensions>
      </trkpt>
      <trkpt lon="135.692788" lat="34.353671">
        <extensions>
          <mytracks:speed>45</mytracks:speed>
        </extensions>
      </trkpt>
      <trkpt lon="135.692694" lat="34.353760">
        <extensions>
          <mytracks:speed>48</mytracks:speed>
        </extensions>
      </trkpt>
      <trkpt lon="135.692594" lat="34.353858">
        <extensions>
          <mytracks:speed>51</mytracks:speed>
        </extensions>
      </trkpt>
      <trkpt lon="135.692487" lat="34.353975">
        <extensions>
          <mytracks:speed>56</mytracks:speed>
        </extensions>
      </trkpt>
      <trkpt lon="135.692379" lat="34.354088">
        <extensions>
          <mytracks:speed>58</mytracks:speed>
        </extensions>
      </trkpt>
      <trkpt lon="135.692267" lat="34.354202">
        <extensions>
          <mytracks:speed>59</mytracks:speed>
        </extensions>
      </trkpt>
      <trkpt lon="135.692160" lat="34.354321">
        <extensions>
          <mytracks:speed>60</mytracks:speed>
        </extensions>
      </trkpt>
      <trkpt lon="135.692059" lat="34.354451">
        <extensions>
          <mytracks:speed>58</mytracks:speed>
        </extensions>
      </trkpt>
      <trkpt lon="135.691957" lat="34.354581">
        <extensions>
          <mytracks:speed>57</mytracks:speed>
        </extensions>
      </trkpt>
      <trkpt lon="135.691845" lat="34.354684">
        <extensions>
          <mytracks:speed>57</mytracks:speed>
        </extensions>
      </trkpt>
      <trkpt lon="135.691742" lat="34.354798">
        <extensions>
          <mytracks:speed>56</mytracks:speed>
        </extensions>
      </trkpt>
      <trkpt lon="135.691626" lat="34.354899">
        <extensions>
          <mytracks:speed>54</mytracks:speed>
        </extensions>
      </trkpt>
      <trkpt lon="135.691520" lat="34.355008">
        <extensions>
          <mytracks:speed>54</mytracks:speed>
        </extensions>
      </trkpt>
      <trkpt lon="135.691389" lat="34.355099">
        <extensions>
          <mytracks:speed>54</mytracks:speed>
        </extensions>
      </trkpt>
      <trkpt lon="135.691247" lat="34.355191">
        <extensions>
          <mytracks:speed>55</mytracks:speed>
        </extensions>
      </trkpt>
      <trkpt lon="135.691093" lat="34.355210">
        <extensions>
          <mytracks:speed>53</mytracks:speed>
        </extensions>
      </trkpt>
      <trkpt lon="135.690946" lat="34.355267">
        <extensions>
          <mytracks:speed>51</mytracks:speed>
        </extensions>
      </trkpt>
      <trkpt lon="135.690805" lat="34.355332">
        <extensions>
          <mytracks:speed>52</mytracks:speed>
        </extensions>
      </trkpt>
      <trkpt lon="135.690655" lat="34.355386">
        <extensions>
          <mytracks:speed>54</mytracks:speed>
        </extensions>
      </trkpt>
      <trkpt lon="135.690509" lat="34.355443">
        <extensions>
          <mytracks:speed>56</mytracks:speed>
        </extensions>
      </trkpt>
      <trkpt lon="135.690377" lat="34.355529">
        <extensions>
          <mytracks:speed>57</mytracks:speed>
        </extensions>
      </trkpt>
      <trkpt lon="135.690207" lat="34.355602">
        <extensions>
          <mytracks:speed>58</mytracks:speed>
        </extensions>
      </trkpt>
      <trkpt lon="135.690038" lat="34.355669">
        <extensions>
          <mytracks:speed>59</mytracks:speed>
        </extensions>
      </trkpt>
      <trkpt lon="135.689893" lat="34.355720">
        <extensions>
          <mytracks:speed>60</mytracks:speed>
        </extensions>
      </trkpt>
      <trkpt lon="135.689734" lat="34.355805">
        <extensions>
          <mytracks:speed>59</mytracks:speed>
        </extensions>
      </trkpt>
      <trkpt lon="135.689576" lat="34.355870">
        <extensions>
          <mytracks:speed>56</mytracks:speed>
        </extensions>
      </trkpt>
      <trkpt lon="135.689423" lat="34.355940">
        <extensions>
          <mytracks:speed>54</mytracks:speed>
        </extensions>
      </trkpt>
      <trkpt lon="135.689278" lat="34.355994">
        <extensions>
          <mytracks:speed>54</mytracks:speed>
        </extensions>
      </trkpt>
      <trkpt lon="135.689127" lat="34.356047">
        <extensions>
          <mytracks:speed>52</mytracks:speed>
        </extensions>
      </trkpt>
      <trkpt lon="135.688987" lat="34.356104">
        <extensions>
          <mytracks:speed>53</mytracks:speed>
        </extensions>
      </trkpt>
      <trkpt lon="135.688876" lat="34.356172">
        <extensions>
          <mytracks:speed>50</mytracks:speed>
        </extensions>
      </trkpt>
      <trkpt lon="135.688752" lat="34.356249">
        <extensions>
          <mytracks:speed>47</mytracks:speed>
        </extensions>
      </trkpt>
      <trkpt lon="135.688650" lat="34.356324">
        <extensions>
          <mytracks:speed>47</mytracks:speed>
        </extensions>
      </trkpt>
      <trkpt lon="135.688563" lat="34.356403">
        <extensions>
          <mytracks:speed>44</mytracks:speed>
        </extensions>
      </trkpt>
      <trkpt lon="135.688492" lat="34.356499">
        <extensions>
          <mytracks:speed>45</mytracks:speed>
        </extensions>
      </trkpt>
      <trkpt lon="135.688423" lat="34.356588">
        <extensions>
          <mytracks:speed>45</mytracks:speed>
        </extensions>
      </trkpt>
      <trkpt lon="135.688337" lat="34.356681">
        <extensions>
          <mytracks:speed>45</mytracks:speed>
        </extensions>
      </trkpt>
      <trkpt lon="135.688282" lat="34.356776">
        <extensions>
          <mytracks:speed>45</mytracks:speed>
        </extensions>
      </trkpt>
      <trkpt lon="135.688189" lat="34.356859">
        <extensions>
          <mytracks:speed>45</mytracks:speed>
        </extensions>
      </trkpt>
      <trkpt lon="135.688092" lat="34.356954">
        <extensions>
          <mytracks:speed>46</mytracks:speed>
        </extensions>
      </trkpt>
      <trkpt lon="135.688004" lat="34.357035">
        <extensions>
          <mytracks:speed>45</mytracks:speed>
        </extensions>
      </trkpt>
      <trkpt lon="135.687892" lat="34.357119">
        <extensions>
          <mytracks:speed>45</mytracks:speed>
        </extensions>
      </trkpt>
      <trkpt lon="135.687771" lat="34.357209">
        <extensions>
          <mytracks:speed>46</mytracks:speed>
        </extensions>
      </trkpt>
      <trkpt lon="135.687655" lat="34.357274">
        <extensions>
          <mytracks:speed>45</mytracks:speed>
        </extensions>
      </trkpt>
      <trkpt lon="135.687546" lat="34.357353">
        <extensions>
          <mytracks:speed>43</mytracks:speed>
        </extensions>
      </trkpt>
      <trkpt lon="135.687455" lat="34.357419">
        <extensions>
          <mytracks:speed>41</mytracks:speed>
        </extensions>
      </trkpt>
      <trkpt lon="135.687376" lat="34.357466">
        <extensions>
          <mytracks:speed>35</mytracks:speed>
        </extensions>
      </trkpt>
      <trkpt lon="135.687300" lat="34.357509">
        <extensions>
          <mytracks:speed>27</mytracks:speed>
        </extensions>
      </trkpt>
      <trkpt lon="135.687230" lat="34.357548">
        <extensions>
          <mytracks:speed>24</mytracks:speed>
        </extensions>
      </trkpt>
      <trkpt lon="135.687183" lat="34.357577">
        <extensions>
          <mytracks:speed>21</mytracks:speed>
        </extensions>
      </trkpt>
      <trkpt lon="135.687141" lat="34.357617">
        <extensions>
          <mytracks:speed>20</mytracks:speed>
        </extensions>
      </trkpt>
      <trkpt lon="135.687092" lat="34.357654">
        <extensions>
          <mytracks:speed>20</mytracks:speed>
        </extensions>
      </trkpt>
      <trkpt lon="135.687036" lat="34.357683">
        <extensions>
          <mytracks:speed>20</mytracks:speed>
        </extensions>
      </trkpt>
      <trkpt lon="135.686976" lat="34.357703">
        <extensions>
          <mytracks:speed>19</mytracks:speed>
        </extensions>
      </trkpt>
      <trkpt lon="135.686914" lat="34.357721">
        <extensions>
          <mytracks:speed>21</mytracks:speed>
        </extensions>
      </trkpt>
      <trkpt lon="135.686859" lat="34.357754">
        <extensions>
          <mytracks:speed>21</mytracks:speed>
        </extensions>
      </trkpt>
      <trkpt lon="135.686807" lat="34.357787">
        <extensions>
          <mytracks:speed>20</mytracks:speed>
        </extensions>
      </trkpt>
      <trkpt lon="135.686770" lat="34.357814">
        <extensions>
          <mytracks:speed>18</mytracks:speed>
        </extensions>
      </trkpt>
      <trkpt lon="135.686726" lat="34.357836">
        <extensions>
          <mytracks:speed>17</mytracks:speed>
        </extensions>
      </trkpt>
      <trkpt lon="135.686689" lat="34.357861">
        <extensions>
          <mytracks:speed>15</mytracks:speed>
        </extensions>
      </trkpt>
      <trkpt lon="135.686644" lat="34.357884">
        <extensions>
          <mytracks:speed>17</mytracks:speed>
        </extensions>
      </trkpt>
      <trkpt lon="135.686606" lat="34.357908">
        <extensions>
          <mytracks:speed>19</mytracks:speed>
        </extensions>
      </trkpt>
      <trkpt lon="135.686562" lat="34.357931">
        <extensions>
          <mytracks:speed>23</mytracks:speed>
        </extensions>
      </trkpt>
      <trkpt lon="135.686456" lat="34.357964">
        <extensions>
          <mytracks:speed>30</mytracks:speed>
        </extensions>
      </trkpt>
      <trkpt lon="135.686382" lat="34.358011">
        <extensions>
          <mytracks:speed>32</mytracks:speed>
        </extensions>
      </trkpt>
      <trkpt lon="135.686278" lat="34.358078">
        <extensions>
          <mytracks:speed>34</mytracks:speed>
        </extensions>
      </trkpt>
      <trkpt lon="135.686182" lat="34.358178">
        <extensions>
          <mytracks:speed>35</mytracks:speed>
        </extensions>
      </trkpt>
      <trkpt lon="135.686088" lat="34.358236">
        <extensions>
          <mytracks:speed>42</mytracks:speed>
        </extensions>
      </trkpt>
      <trkpt lon="135.685977" lat="34.358318">
        <extensions>
          <mytracks:speed>44</mytracks:speed>
        </extensions>
      </trkpt>
      <trkpt lon="135.685869" lat="34.358393">
        <extensions>
          <mytracks:speed>45</mytracks:speed>
        </extensions>
      </trkpt>
      <trkpt lon="135.685752" lat="34.358450">
        <extensions>
          <mytracks:speed>46</mytracks:speed>
        </extensions>
      </trkpt>
      <trkpt lon="135.685634" lat="34.358519">
        <extensions>
          <mytracks:speed>47</mytracks:speed>
        </extensions>
      </trkpt>
      <trkpt lon="135.685502" lat="34.358583">
        <extensions>
          <mytracks:speed>47</mytracks:speed>
        </extensions>
      </trkpt>
      <trkpt lon="135.685380" lat="34.358646">
        <extensions>
          <mytracks:speed>47</mytracks:speed>
        </extensions>
      </trkpt>
      <trkpt lon="135.685260" lat="34.358725">
        <extensions>
          <mytracks:speed>46</mytracks:speed>
        </extensions>
      </trkpt>
      <trkpt lon="135.685155" lat="34.358792">
        <extensions>
          <mytracks:speed>44</mytracks:speed>
        </extensions>
      </trkpt>
      <trkpt lon="135.685046" lat="34.358861">
        <extensions>
          <mytracks:speed>42</mytracks:speed>
        </extensions>
      </trkpt>
      <trkpt lon="135.684954" lat="34.358923">
        <extensions>
          <mytracks:speed>42</mytracks:speed>
        </extensions>
      </trkpt>
      <trkpt lon="135.684866" lat="34.358981">
        <extensions>
          <mytracks:speed>40</mytracks:speed>
        </extensions>
      </trkpt>
      <trkpt lon="135.684765" lat="34.359049">
        <extensions>
          <mytracks:speed>39</mytracks:speed>
        </extensions>
      </trkpt>
      <trkpt lon="135.684671" lat="34.359117">
        <extensions>
          <mytracks:speed>39</mytracks:speed>
        </extensions>
      </trkpt>
      <trkpt lon="135.684571" lat="34.359171">
        <extensions>
          <mytracks:speed>39</mytracks:speed>
        </extensions>
      </trkpt>
      <trkpt lon="135.684496" lat="34.359226">
        <extensions>
          <mytracks:speed>37</mytracks:speed>
        </extensions>
      </trkpt>
      <trkpt lon="135.684406" lat="34.359282">
        <extensions>
          <mytracks:speed>37</mytracks:speed>
        </extensions>
      </trkpt>
      <trkpt lon="135.684308" lat="34.359333">
        <extensions>
          <mytracks:speed>38</mytracks:speed>
        </extensions>
      </trkpt>
      <trkpt lon="135.684211" lat="34.359384">
        <extensions>
          <mytracks:speed>38</mytracks:speed>
        </extensions>
      </trkpt>
      <trkpt lon="135.684121" lat="34.359447">
        <extensions>
          <mytracks:speed>38</mytracks:speed>
        </extensions>
      </trkpt>
      <trkpt lon="135.684024" lat="34.359510">
        <extensions>
          <mytracks:speed>39</mytracks:speed>
        </extensions>
      </trkpt>
      <trkpt lon="135.683927" lat="34.359570">
        <extensions>
          <mytracks:speed>40</mytracks:speed>
        </extensions>
      </trkpt>
      <trkpt lon="135.683835" lat="34.359631">
        <extensions>
          <mytracks:speed>40</mytracks:speed>
        </extensions>
      </trkpt>
      <trkpt lon="135.683735" lat="34.359695">
        <extensions>
          <mytracks:speed>41</mytracks:speed>
        </extensions>
      </trkpt>
      <trkpt lon="135.683635" lat="34.359761">
        <extensions>
          <mytracks:speed>42</mytracks:speed>
        </extensions>
      </trkpt>
      <trkpt lon="135.683528" lat="34.359825">
        <extensions>
          <mytracks:speed>43</mytracks:speed>
        </extensions>
      </trkpt>
      <trkpt lon="135.683424" lat="34.359881">
        <extensions>
          <mytracks:speed>43</mytracks:speed>
        </extensions>
      </trkpt>
      <trkpt lon="135.683317" lat="34.359938">
        <extensions>
          <mytracks:speed>42</mytracks:speed>
        </extensions>
      </trkpt>
      <trkpt lon="135.683212" lat="34.359957">
        <extensions>
          <mytracks:speed>34</mytracks:speed>
        </extensions>
      </trkpt>
      <trkpt lon="135.683121" lat="34.359962">
        <extensions>
          <mytracks:speed>32</mytracks:speed>
        </extensions>
      </trkpt>
      <trkpt lon="135.683036" lat="34.359989">
        <extensions>
          <mytracks:speed>28</mytracks:speed>
        </extensions>
      </trkpt>
      <trkpt lon="135.682954" lat="34.360011">
        <extensions>
          <mytracks:speed>25</mytracks:speed>
        </extensions>
      </trkpt>
      <trkpt lon="135.682886" lat="34.360023">
        <extensions>
          <mytracks:speed>19</mytracks:speed>
        </extensions>
      </trkpt>
      <trkpt lon="135.682840" lat="34.360037">
        <extensions>
          <mytracks:speed>16</mytracks:speed>
        </extensions>
      </trkpt>
      <trkpt lon="135.682786" lat="34.360050">
        <extensions>
          <mytracks:speed>15</mytracks:speed>
        </extensions>
      </trkpt>
      <trkpt lon="135.682767" lat="34.360067">
        <extensions>
          <mytracks:speed>13</mytracks:speed>
        </extensions>
      </trkpt>
      <trkpt lon="135.682729" lat="34.360076">
        <extensions>
          <mytracks:speed>12</mytracks:speed>
        </extensions>
      </trkpt>
      <trkpt lon="135.682704" lat="34.360087">
        <extensions>
          <mytracks:speed>12</mytracks:speed>
        </extensions>
      </trkpt>
      <trkpt lon="135.682665" lat="34.360098">
        <extensions>
          <mytracks:speed>14</mytracks:speed>
        </extensions>
      </trkpt>
      <trkpt lon="135.682619" lat="34.360119">
        <extensions>
          <mytracks:speed>17</mytracks:speed>
        </extensions>
      </trkpt>
      <trkpt lon="135.682555" lat="34.360130">
        <extensions>
          <mytracks:speed>20</mytracks:speed>
        </extensions>
      </trkpt>
      <trkpt lon="135.682503" lat="34.360164">
        <extensions>
          <mytracks:speed>22</mytracks:speed>
        </extensions>
      </trkpt>
      <trkpt lon="135.682429" lat="34.360203">
        <extensions>
          <mytracks:speed>23</mytracks:speed>
        </extensions>
      </trkpt>
      <trkpt lon="135.682364" lat="34.360233">
        <extensions>
          <mytracks:speed>25</mytracks:speed>
        </extensions>
      </trkpt>
      <trkpt lon="135.682316" lat="34.360283">
        <extensions>
          <mytracks:speed>27</mytracks:speed>
        </extensions>
      </trkpt>
      <trkpt lon="135.682251" lat="34.360328">
        <extensions>
          <mytracks:speed>29</mytracks:speed>
        </extensions>
      </trkpt>
      <trkpt lon="135.682188" lat="34.360382">
        <extensions>
          <mytracks:speed>30</mytracks:speed>
        </extensions>
      </trkpt>
      <trkpt lon="135.682125" lat="34.360427">
        <extensions>
          <mytracks:speed>31</mytracks:speed>
        </extensions>
      </trkpt>
      <trkpt lon="135.682039" lat="34.360497">
        <extensions>
          <mytracks:speed>33</mytracks:speed>
        </extensions>
      </trkpt>
      <trkpt lon="135.681951" lat="34.360562">
        <extensions>
          <mytracks:speed>33</mytracks:speed>
        </extensions>
      </trkpt>
      <trkpt lon="135.681869" lat="34.360618">
        <extensions>
          <mytracks:speed>32</mytracks:speed>
        </extensions>
      </trkpt>
      <trkpt lon="135.681801" lat="34.360673">
        <extensions>
          <mytracks:speed>31</mytracks:speed>
        </extensions>
      </trkpt>
      <trkpt lon="135.681728" lat="34.360712">
        <extensions>
          <mytracks:speed>28</mytracks:speed>
        </extensions>
      </trkpt>
      <trkpt lon="135.681656" lat="34.360767">
        <extensions>
          <mytracks:speed>26</mytracks:speed>
        </extensions>
      </trkpt>
      <trkpt lon="135.681602" lat="34.360803">
        <extensions>
          <mytracks:speed>23</mytracks:speed>
        </extensions>
      </trkpt>
      <trkpt lon="135.681550" lat="34.360839">
        <extensions>
          <mytracks:speed>19</mytracks:speed>
        </extensions>
      </trkpt>
      <trkpt lon="135.681516" lat="34.360863">
        <extensions>
          <mytracks:speed>12</mytracks:speed>
        </extensions>
      </trkpt>
      <trkpt lon="135.681491" lat="34.360879">
        <extensions>
          <mytracks:speed>7</mytracks:speed>
        </extensions>
      </trkpt>
      <trkpt lon="135.681477" lat="34.360880">
        <extensions>
          <mytracks:speed>5</mytracks:speed>
        </extensions>
      </trkpt>
      <trkpt lon="135.681468" lat="34.360880">
        <extensions>
          <mytracks:speed>3</mytracks:speed>
        </extensions>
      </trkpt>
      <trkpt lon="135.681478" lat="34.360888">
        <extensions>
          <mytracks:speed>3</mytracks:speed>
        </extensions>
      </trkpt>
      <trkpt lon="135.681481" lat="34.360884">
        <extensions>
          <mytracks:speed>0</mytracks:speed>
        </extensions>
      </trkpt>
      <trkpt lon="135.681484" lat="34.360890">
        <extensions>
          <mytracks:speed>0</mytracks:speed>
        </extensions>
      </trkpt>
      <trkpt lon="135.681491" lat="34.360872">
        <extensions>
          <mytracks:speed>0</mytracks:speed>
        </extensions>
      </trkpt>
      <trkpt lon="135.681494" lat="34.360851">
        <extensions>
          <mytracks:speed>0</mytracks:speed>
        </extensions>
      </trkpt>
      <trkpt lon="135.681490" lat="34.360847">
        <extensions>
          <mytracks:speed>0</mytracks:speed>
        </extensions>
      </trkpt>
      <trkpt lon="135.681496" lat="34.360842">
        <extensions>
          <mytracks:speed>0</mytracks:speed>
        </extensions>
      </trkpt>
      <trkpt lon="135.681490" lat="34.360841">
        <extensions>
          <mytracks:speed>0</mytracks:speed>
        </extensions>
      </trkpt>
      <trkpt lon="135.681486" lat="34.360845">
        <extensions>
          <mytracks:speed>0</mytracks:speed>
        </extensions>
      </trkpt>
      <trkpt lon="135.681478" lat="34.360850">
        <extensions>
          <mytracks:speed>4</mytracks:speed>
        </extensions>
      </trkpt>
      <trkpt lon="135.681469" lat="34.360858">
        <extensions>
          <mytracks:speed>9</mytracks:speed>
        </extensions>
      </trkpt>
      <trkpt lon="135.681449" lat="34.360873">
        <extensions>
          <mytracks:speed>13</mytracks:speed>
        </extensions>
      </trkpt>
      <trkpt lon="135.681418" lat="34.360884">
        <extensions>
          <mytracks:speed>15</mytracks:speed>
        </extensions>
      </trkpt>
      <trkpt lon="135.681340" lat="34.360922">
        <extensions>
          <mytracks:speed>19</mytracks:speed>
        </extensions>
      </trkpt>
      <trkpt lon="135.681308" lat="34.360954">
        <extensions>
          <mytracks:speed>21</mytracks:speed>
        </extensions>
      </trkpt>
      <trkpt lon="135.681289" lat="34.361006">
        <extensions>
          <mytracks:speed>22</mytracks:speed>
        </extensions>
      </trkpt>
      <trkpt lon="135.681333" lat="34.361098">
        <extensions>
          <mytracks:speed>26</mytracks:speed>
        </extensions>
      </trkpt>
      <trkpt lon="135.681384" lat="34.361175">
        <extensions>
          <mytracks:speed>29</mytracks:speed>
        </extensions>
      </trkpt>
      <trkpt lon="135.681437" lat="34.361234">
        <extensions>
          <mytracks:speed>33</mytracks:speed>
        </extensions>
      </trkpt>
      <trkpt lon="135.681508" lat="34.361298">
        <extensions>
          <mytracks:speed>37</mytracks:speed>
        </extensions>
      </trkpt>
      <trkpt lon="135.681577" lat="34.361377">
        <extensions>
          <mytracks:speed>39</mytracks:speed>
        </extensions>
      </trkpt>
      <trkpt lon="135.681658" lat="34.361460">
        <extensions>
          <mytracks:speed>42</mytracks:speed>
        </extensions>
      </trkpt>
      <trkpt lon="135.681744" lat="34.361544">
        <extensions>
          <mytracks:speed>42</mytracks:speed>
        </extensions>
      </trkpt>
      <trkpt lon="135.681824" lat="34.361635">
        <extensions>
          <mytracks:speed>42</mytracks:speed>
        </extensions>
      </trkpt>
      <trkpt lon="135.681901" lat="34.361717">
        <extensions>
          <mytracks:speed>42</mytracks:speed>
        </extensions>
      </trkpt>
      <trkpt lon="135.681979" lat="34.361799">
        <extensions>
          <mytracks:speed>42</mytracks:speed>
        </extensions>
      </trkpt>
      <trkpt lon="135.682049" lat="34.361884">
        <extensions>
          <mytracks:speed>42</mytracks:speed>
        </extensions>
      </trkpt>
      <trkpt lon="135.682122" lat="34.361978">
        <extensions>
          <mytracks:speed>42</mytracks:speed>
        </extensions>
      </trkpt>
      <trkpt lon="135.682182" lat="34.362071">
        <extensions>
          <mytracks:speed>42</mytracks:speed>
        </extensions>
      </trkpt>
      <trkpt lon="135.682237" lat="34.362174">
        <extensions>
          <mytracks:speed>44</mytracks:speed>
        </extensions>
      </trkpt>
      <trkpt lon="135.682289" lat="34.362278">
        <extensions>
          <mytracks:speed>43</mytracks:speed>
        </extensions>
      </trkpt>
      <trkpt lon="135.682331" lat="34.362385">
        <extensions>
          <mytracks:speed>43</mytracks:speed>
        </extensions>
      </trkpt>
      <trkpt lon="135.682366" lat="34.362494">
        <extensions>
          <mytracks:speed>43</mytracks:speed>
        </extensions>
      </trkpt>
      <trkpt lon="135.682388" lat="34.362595">
        <extensions>
          <mytracks:speed>42</mytracks:speed>
        </extensions>
      </trkpt>
      <trkpt lon="135.682413" lat="34.362703">
        <extensions>
          <mytracks:speed>42</mytracks:speed>
        </extensions>
      </trkpt>
      <trkpt lon="135.682437" lat="34.362809">
        <extensions>
          <mytracks:speed>41</mytracks:speed>
        </extensions>
      </trkpt>
      <trkpt lon="135.682465" lat="34.362916">
        <extensions>
          <mytracks:speed>41</mytracks:speed>
        </extensions>
      </trkpt>
      <trkpt lon="135.682494" lat="34.363020">
        <extensions>
          <mytracks:speed>41</mytracks:speed>
        </extensions>
      </trkpt>
      <trkpt lon="135.682517" lat="34.363127">
        <extensions>
          <mytracks:speed>42</mytracks:speed>
        </extensions>
      </trkpt>
      <trkpt lon="135.682545" lat="34.363232">
        <extensions>
          <mytracks:speed>42</mytracks:speed>
        </extensions>
      </trkpt>
      <trkpt lon="135.682571" lat="34.363341">
        <extensions>
          <mytracks:speed>42</mytracks:speed>
        </extensions>
      </trkpt>
      <trkpt lon="135.682600" lat="34.363451">
        <extensions>
          <mytracks:speed>43</mytracks:speed>
        </extensions>
      </trkpt>
      <trkpt lon="135.682620" lat="34.363555">
        <extensions>
          <mytracks:speed>42</mytracks:speed>
        </extensions>
      </trkpt>
      <trkpt lon="135.682633" lat="34.363661">
        <extensions>
          <mytracks:speed>43</mytracks:speed>
        </extensions>
      </trkpt>
      <trkpt lon="135.682648" lat="34.363768">
        <extensions>
          <mytracks:speed>43</mytracks:speed>
        </extensions>
      </trkpt>
      <trkpt lon="135.682645" lat="34.363882">
        <extensions>
          <mytracks:speed>45</mytracks:speed>
        </extensions>
      </trkpt>
      <trkpt lon="135.682638" lat="34.363999">
        <extensions>
          <mytracks:speed>45</mytracks:speed>
        </extensions>
      </trkpt>
      <trkpt lon="135.682622" lat="34.364116">
        <extensions>
          <mytracks:speed>45</mytracks:speed>
        </extensions>
      </trkpt>
      <trkpt lon="135.682593" lat="34.364229">
        <extensions>
          <mytracks:speed>44</mytracks:speed>
        </extensions>
      </trkpt>
      <trkpt lon="135.682556" lat="34.364338">
        <extensions>
          <mytracks:speed>45</mytracks:speed>
        </extensions>
      </trkpt>
      <trkpt lon="135.682519" lat="34.364444">
        <extensions>
          <mytracks:speed>43</mytracks:speed>
        </extensions>
      </trkpt>
      <trkpt lon="135.682481" lat="34.364545">
        <extensions>
          <mytracks:speed>41</mytracks:speed>
        </extensions>
      </trkpt>
      <trkpt lon="135.682448" lat="34.364648">
        <extensions>
          <mytracks:speed>41</mytracks:speed>
        </extensions>
      </trkpt>
      <trkpt lon="135.682414" lat="34.364743">
        <extensions>
          <mytracks:speed>41</mytracks:speed>
        </extensions>
      </trkpt>
      <trkpt lon="135.682378" lat="34.364843">
        <extensions>
          <mytracks:speed>40</mytracks:speed>
        </extensions>
      </trkpt>
      <trkpt lon="135.682349" lat="34.364935">
        <extensions>
          <mytracks:speed>39</mytracks:speed>
        </extensions>
      </trkpt>
      <trkpt lon="135.682317" lat="34.365028">
        <extensions>
          <mytracks:speed>39</mytracks:speed>
        </extensions>
      </trkpt>
      <trkpt lon="135.682282" lat="34.365124">
        <extensions>
          <mytracks:speed>40</mytracks:speed>
        </extensions>
      </trkpt>
      <trkpt lon="135.682239" lat="34.365220">
        <extensions>
          <mytracks:speed>41</mytracks:speed>
        </extensions>
      </trkpt>
      <trkpt lon="135.682208" lat="34.365321">
        <extensions>
          <mytracks:speed>42</mytracks:speed>
        </extensions>
      </trkpt>
      <trkpt lon="135.682183" lat="34.365432">
        <extensions>
          <mytracks:speed>43</mytracks:speed>
        </extensions>
      </trkpt>
      <trkpt lon="135.682220" lat="34.365551">
        <extensions>
          <mytracks:speed>45</mytracks:speed>
        </extensions>
      </trkpt>
      <trkpt lon="135.682232" lat="34.365663">
        <extensions>
          <mytracks:speed>45</mytracks:speed>
        </extensions>
      </trkpt>
      <trkpt lon="135.682314" lat="34.365769">
        <extensions>
          <mytracks:speed>46</mytracks:speed>
        </extensions>
      </trkpt>
      <trkpt lon="135.682375" lat="34.365867">
        <extensions>
          <mytracks:speed>45</mytracks:speed>
        </extensions>
      </trkpt>
      <trkpt lon="135.682434" lat="34.365971">
        <extensions>
          <mytracks:speed>45</mytracks:speed>
        </extensions>
      </trkpt>
      <trkpt lon="135.682613" lat="34.366000">
        <extensions>
          <mytracks:speed>45</mytracks:speed>
        </extensions>
      </trkpt>
      <trkpt lon="135.682769" lat="34.366031">
        <extensions>
          <mytracks:speed>46</mytracks:speed>
        </extensions>
      </trkpt>
      <trkpt lon="135.682904" lat="34.366076">
        <extensions>
          <mytracks:speed>47</mytracks:speed>
        </extensions>
      </trkpt>
      <trkpt lon="135.683044" lat="34.366107">
        <extensions>
          <mytracks:speed>49</mytracks:speed>
        </extensions>
      </trkpt>
      <trkpt lon="135.683185" lat="34.366134">
        <extensions>
          <mytracks:speed>50</mytracks:speed>
        </extensions>
      </trkpt>
      <trkpt lon="135.683328" lat="34.366162">
        <extensions>
          <mytracks:speed>49</mytracks:speed>
        </extensions>
      </trkpt>
      <trkpt lon="135.683479" lat="34.366189">
        <extensions>
          <mytracks:speed>49</mytracks:speed>
        </extensions>
      </trkpt>
      <trkpt lon="135.683622" lat="34.366215">
        <extensions>
          <mytracks:speed>50</mytracks:speed>
        </extensions>
      </trkpt>
      <trkpt lon="135.683763" lat="34.366248">
        <extensions>
          <mytracks:speed>50</mytracks:speed>
        </extensions>
      </trkpt>
      <trkpt lon="135.683913" lat="34.366282">
        <extensions>
          <mytracks:speed>48</mytracks:speed>
        </extensions>
      </trkpt>
      <trkpt lon="135.684057" lat="34.366314">
        <extensions>
          <mytracks:speed>48</mytracks:speed>
        </extensions>
      </trkpt>
      <trkpt lon="135.684196" lat="34.366349">
        <extensions>
          <mytracks:speed>49</mytracks:speed>
        </extensions>
      </trkpt>
      <trkpt lon="135.684345" lat="34.366387">
        <extensions>
          <mytracks:speed>49</mytracks:speed>
        </extensions>
      </trkpt>
      <trkpt lon="135.684493" lat="34.366418">
        <extensions>
          <mytracks:speed>50</mytracks:speed>
        </extensions>
      </trkpt>
      <trkpt lon="135.684645" lat="34.366445">
        <extensions>
          <mytracks:speed>51</mytracks:speed>
        </extensions>
      </trkpt>
      <trkpt lon="135.684790" lat="34.366471">
        <extensions>
          <mytracks:speed>52</mytracks:speed>
        </extensions>
      </trkpt>
      <trkpt lon="135.684933" lat="34.366507">
        <extensions>
          <mytracks:speed>50</mytracks:speed>
        </extensions>
      </trkpt>
      <trkpt lon="135.685085" lat="34.366537">
        <extensions>
          <mytracks:speed>51</mytracks:speed>
        </extensions>
      </trkpt>
      <trkpt lon="135.685219" lat="34.366589">
        <extensions>
          <mytracks:speed>50</mytracks:speed>
        </extensions>
      </trkpt>
      <trkpt lon="135.685357" lat="34.366629">
        <extensions>
          <mytracks:speed>49</mytracks:speed>
        </extensions>
      </trkpt>
      <trkpt lon="135.685496" lat="34.366659">
        <extensions>
          <mytracks:speed>48</mytracks:speed>
        </extensions>
      </trkpt>
      <trkpt lon="135.685649" lat="34.366688">
        <extensions>
          <mytracks:speed>49</mytracks:speed>
        </extensions>
      </trkpt>
      <trkpt lon="135.685797" lat="34.366729">
        <extensions>
          <mytracks:speed>50</mytracks:speed>
        </extensions>
      </trkpt>
      <trkpt lon="135.685960" lat="34.366763">
        <extensions>
          <mytracks:speed>51</mytracks:speed>
        </extensions>
      </trkpt>
      <trkpt lon="135.686108" lat="34.366814">
        <extensions>
          <mytracks:speed>50</mytracks:speed>
        </extensions>
      </trkpt>
      <trkpt lon="135.686262" lat="34.366870">
        <extensions>
          <mytracks:speed>49</mytracks:speed>
        </extensions>
      </trkpt>
      <trkpt lon="135.686421" lat="34.366931">
        <extensions>
          <mytracks:speed>50</mytracks:speed>
        </extensions>
      </trkpt>
      <trkpt lon="135.686530" lat="34.367010">
        <extensions>
          <mytracks:speed>48</mytracks:speed>
        </extensions>
      </trkpt>
      <trkpt lon="135.686646" lat="34.367091">
        <extensions>
          <mytracks:speed>47</mytracks:speed>
        </extensions>
      </trkpt>
      <trkpt lon="135.686733" lat="34.367164">
        <extensions>
          <mytracks:speed>46</mytracks:speed>
        </extensions>
      </trkpt>
      <trkpt lon="135.686816" lat="34.367267">
        <extensions>
          <mytracks:speed>45</mytracks:speed>
        </extensions>
      </trkpt>
      <trkpt lon="135.686861" lat="34.367376">
        <extensions>
          <mytracks:speed>43</mytracks:speed>
        </extensions>
      </trkpt>
      <trkpt lon="135.686906" lat="34.367478">
        <extensions>
          <mytracks:speed>42</mytracks:speed>
        </extensions>
      </trkpt>
      <trkpt lon="135.686945" lat="34.367588">
        <extensions>
          <mytracks:speed>42</mytracks:speed>
        </extensions>
      </trkpt>
      <trkpt lon="135.686984" lat="34.367700">
        <extensions>
          <mytracks:speed>42</mytracks:speed>
        </extensions>
      </trkpt>
      <trkpt lon="135.687001" lat="34.367819">
        <extensions>
          <mytracks:speed>42</mytracks:speed>
        </extensions>
      </trkpt>
      <trkpt lon="135.686972" lat="34.367917">
        <extensions>
          <mytracks:speed>40</mytracks:speed>
        </extensions>
      </trkpt>
      <trkpt lon="135.686979" lat="34.368022">
        <extensions>
          <mytracks:speed>39</mytracks:speed>
        </extensions>
      </trkpt>
      <trkpt lon="135.686977" lat="34.368126">
        <extensions>
          <mytracks:speed>39</mytracks:speed>
        </extensions>
      </trkpt>
      <trkpt lon="135.686917" lat="34.368219">
        <extensions>
          <mytracks:speed>41</mytracks:speed>
        </extensions>
      </trkpt>
      <trkpt lon="135.686889" lat="34.368329">
        <extensions>
          <mytracks:speed>42</mytracks:speed>
        </extensions>
      </trkpt>
      <trkpt lon="135.686846" lat="34.368435">
        <extensions>
          <mytracks:speed>43</mytracks:speed>
        </extensions>
      </trkpt>
      <trkpt lon="135.686807" lat="34.368544">
        <extensions>
          <mytracks:speed>44</mytracks:speed>
        </extensions>
      </trkpt>
      <trkpt lon="135.686770" lat="34.368651">
        <extensions>
          <mytracks:speed>47</mytracks:speed>
        </extensions>
      </trkpt>
      <trkpt lon="135.686728" lat="34.368770">
        <extensions>
          <mytracks:speed>50</mytracks:speed>
        </extensions>
      </trkpt>
      <trkpt lon="135.686664" lat="34.368894">
        <extensions>
          <mytracks:speed>52</mytracks:speed>
        </extensions>
      </trkpt>
      <trkpt lon="135.686620" lat="34.369031">
        <extensions>
          <mytracks:speed>53</mytracks:speed>
        </extensions>
      </trkpt>
      <trkpt lon="135.686569" lat="34.369164">
        <extensions>
          <mytracks:speed>55</mytracks:speed>
        </extensions>
      </trkpt>
      <trkpt lon="135.686520" lat="34.369296">
        <extensions>
          <mytracks:speed>56</mytracks:speed>
        </extensions>
      </trkpt>
      <trkpt lon="135.686475" lat="34.369438">
        <extensions>
          <mytracks:speed>56</mytracks:speed>
        </extensions>
      </trkpt>
      <trkpt lon="135.686429" lat="34.369576">
        <extensions>
          <mytracks:speed>57</mytracks:speed>
        </extensions>
      </trkpt>
      <trkpt lon="135.686378" lat="34.369720">
        <extensions>
          <mytracks:speed>57</mytracks:speed>
        </extensions>
      </trkpt>
      <trkpt lon="135.686337" lat="34.369865">
        <extensions>
          <mytracks:speed>58</mytracks:speed>
        </extensions>
      </trkpt>
      <trkpt lon="135.686294" lat="34.370012">
        <extensions>
          <mytracks:speed>59</mytracks:speed>
        </extensions>
      </trkpt>
      <trkpt lon="135.686251" lat="34.370161">
        <extensions>
          <mytracks:speed>59</mytracks:speed>
        </extensions>
      </trkpt>
      <trkpt lon="135.686199" lat="34.370310">
        <extensions>
          <mytracks:speed>60</mytracks:speed>
        </extensions>
      </trkpt>
      <trkpt lon="135.686150" lat="34.370456">
        <extensions>
          <mytracks:speed>60</mytracks:speed>
        </extensions>
      </trkpt>
      <trkpt lon="135.686103" lat="34.370605">
        <extensions>
          <mytracks:speed>60</mytracks:speed>
        </extensions>
      </trkpt>
      <trkpt lon="135.686051" lat="34.370749">
        <extensions>
          <mytracks:speed>60</mytracks:speed>
        </extensions>
      </trkpt>
      <trkpt lon="135.686012" lat="34.370902">
        <extensions>
          <mytracks:speed>61</mytracks:speed>
        </extensions>
      </trkpt>
      <trkpt lon="135.685959" lat="34.371053">
        <extensions>
          <mytracks:speed>61</mytracks:speed>
        </extensions>
      </trkpt>
      <trkpt lon="135.685893" lat="34.371199">
        <extensions>
          <mytracks:speed>61</mytracks:speed>
        </extensions>
      </trkpt>
      <trkpt lon="135.685832" lat="34.371342">
        <extensions>
          <mytracks:speed>62</mytracks:speed>
        </extensions>
      </trkpt>
      <trkpt lon="135.685764" lat="34.371498">
        <extensions>
          <mytracks:speed>63</mytracks:speed>
        </extensions>
      </trkpt>
      <trkpt lon="135.685725" lat="34.371646">
        <extensions>
          <mytracks:speed>62</mytracks:speed>
        </extensions>
      </trkpt>
      <trkpt lon="135.685663" lat="34.371820">
        <extensions>
          <mytracks:speed>62</mytracks:speed>
        </extensions>
      </trkpt>
      <trkpt lon="135.685619" lat="34.371971">
        <extensions>
          <mytracks:speed>62</mytracks:speed>
        </extensions>
      </trkpt>
      <trkpt lon="135.685561" lat="34.372118">
        <extensions>
          <mytracks:speed>62</mytracks:speed>
        </extensions>
      </trkpt>
      <trkpt lon="135.685492" lat="34.372263">
        <extensions>
          <mytracks:speed>63</mytracks:speed>
        </extensions>
      </trkpt>
      <trkpt lon="135.685435" lat="34.372418">
        <extensions>
          <mytracks:speed>63</mytracks:speed>
        </extensions>
      </trkpt>
      <trkpt lon="135.685375" lat="34.372565">
        <extensions>
          <mytracks:speed>62</mytracks:speed>
        </extensions>
      </trkpt>
      <trkpt lon="135.685328" lat="34.372725">
        <extensions>
          <mytracks:speed>63</mytracks:speed>
        </extensions>
      </trkpt>
      <trkpt lon="135.685291" lat="34.372876">
        <extensions>
          <mytracks:speed>64</mytracks:speed>
        </extensions>
      </trkpt>
      <trkpt lon="135.685229" lat="34.373010">
        <extensions>
          <mytracks:speed>63</mytracks:speed>
        </extensions>
      </trkpt>
      <trkpt lon="135.685154" lat="34.373146">
        <extensions>
          <mytracks:speed>63</mytracks:speed>
        </extensions>
      </trkpt>
      <trkpt lon="135.685111" lat="34.373308">
        <extensions>
          <mytracks:speed>63</mytracks:speed>
        </extensions>
      </trkpt>
      <trkpt lon="135.685063" lat="34.373472">
        <extensions>
          <mytracks:speed>63</mytracks:speed>
        </extensions>
      </trkpt>
      <trkpt lon="135.685025" lat="34.373641">
        <extensions>
          <mytracks:speed>64</mytracks:speed>
        </extensions>
      </trkpt>
      <trkpt lon="135.684969" lat="34.373798">
        <extensions>
          <mytracks:speed>65</mytracks:speed>
        </extensions>
      </trkpt>
      <trkpt lon="135.684907" lat="34.373954">
        <extensions>
          <mytracks:speed>64</mytracks:speed>
        </extensions>
      </trkpt>
      <trkpt lon="135.684812" lat="34.374089">
        <extensions>
          <mytracks:speed>63</mytracks:speed>
        </extensions>
      </trkpt>
      <trkpt lon="135.684711" lat="34.374238">
        <extensions>
          <mytracks:speed>65</mytracks:speed>
        </extensions>
      </trkpt>
      <trkpt lon="135.684589" lat="34.374372">
        <extensions>
          <mytracks:speed>66</mytracks:speed>
        </extensions>
      </trkpt>
      <trkpt lon="135.684461" lat="34.374496">
        <extensions>
          <mytracks:speed>67</mytracks:speed>
        </extensions>
      </trkpt>
      <trkpt lon="135.684298" lat="34.374607">
        <extensions>
          <mytracks:speed>68</mytracks:speed>
        </extensions>
      </trkpt>
      <trkpt lon="135.684158" lat="34.374729">
        <extensions>
          <mytracks:speed>67</mytracks:speed>
        </extensions>
      </trkpt>
      <trkpt lon="135.684014" lat="34.374851">
        <extensions>
          <mytracks:speed>67</mytracks:speed>
        </extensions>
      </trkpt>
      <trkpt lon="135.683886" lat="34.374977">
        <extensions>
          <mytracks:speed>68</mytracks:speed>
        </extensions>
      </trkpt>
      <trkpt lon="135.683745" lat="34.375106">
        <extensions>
          <mytracks:speed>66</mytracks:speed>
        </extensions>
      </trkpt>
      <trkpt lon="135.683602" lat="34.375226">
        <extensions>
          <mytracks:speed>66</mytracks:speed>
        </extensions>
      </trkpt>
      <trkpt lon="135.683468" lat="34.375355">
        <extensions>
          <mytracks:speed>65</mytracks:speed>
        </extensions>
      </trkpt>
      <trkpt lon="135.683327" lat="34.375473">
        <extensions>
          <mytracks:speed>62</mytracks:speed>
        </extensions>
      </trkpt>
      <trkpt lon="135.683197" lat="34.375595">
        <extensions>
          <mytracks:speed>61</mytracks:speed>
        </extensions>
      </trkpt>
      <trkpt lon="135.683065" lat="34.375708">
        <extensions>
          <mytracks:speed>61</mytracks:speed>
        </extensions>
      </trkpt>
      <trkpt lon="135.682932" lat="34.375815">
        <extensions>
          <mytracks:speed>60</mytracks:speed>
        </extensions>
      </trkpt>
      <trkpt lon="135.682805" lat="34.375935">
        <extensions>
          <mytracks:speed>60</mytracks:speed>
        </extensions>
      </trkpt>
      <trkpt lon="135.682717" lat="34.376061">
        <extensions>
          <mytracks:speed>61</mytracks:speed>
        </extensions>
      </trkpt>
      <trkpt lon="135.682736" lat="34.376233">
        <extensions>
          <mytracks:speed>61</mytracks:speed>
        </extensions>
      </trkpt>
      <trkpt lon="135.682701" lat="34.376402">
        <extensions>
          <mytracks:speed>61</mytracks:speed>
        </extensions>
      </trkpt>
      <trkpt lon="135.682758" lat="34.376576">
        <extensions>
          <mytracks:speed>63</mytracks:speed>
        </extensions>
      </trkpt>
      <trkpt lon="135.682735" lat="34.376735">
        <extensions>
          <mytracks:speed>64</mytracks:speed>
        </extensions>
      </trkpt>
      <trkpt lon="135.682743" lat="34.376897">
        <extensions>
          <mytracks:speed>65</mytracks:speed>
        </extensions>
      </trkpt>
      <trkpt lon="135.682754" lat="34.377074">
        <extensions>
          <mytracks:speed>67</mytracks:speed>
        </extensions>
      </trkpt>
      <trkpt lon="135.682753" lat="34.377253">
        <extensions>
          <mytracks:speed>66</mytracks:speed>
        </extensions>
      </trkpt>
      <trkpt lon="135.682761" lat="34.377428">
        <extensions>
          <mytracks:speed>66</mytracks:speed>
        </extensions>
      </trkpt>
      <trkpt lon="135.682758" lat="34.377594">
        <extensions>
          <mytracks:speed>64</mytracks:speed>
        </extensions>
      </trkpt>
      <trkpt lon="135.682744" lat="34.377748">
        <extensions>
          <mytracks:speed>63</mytracks:speed>
        </extensions>
      </trkpt>
      <trkpt lon="135.682699" lat="34.377896">
        <extensions>
          <mytracks:speed>61</mytracks:speed>
        </extensions>
      </trkpt>
      <trkpt lon="135.682684" lat="34.378052">
        <extensions>
          <mytracks:speed>60</mytracks:speed>
        </extensions>
      </trkpt>
      <trkpt lon="135.682657" lat="34.378201">
        <extensions>
          <mytracks:speed>60</mytracks:speed>
        </extensions>
      </trkpt>
      <trkpt lon="135.682636" lat="34.378355">
        <extensions>
          <mytracks:speed>61</mytracks:speed>
        </extensions>
      </trkpt>
      <trkpt lon="135.682662" lat="34.378513">
        <extensions>
          <mytracks:speed>62</mytracks:speed>
        </extensions>
      </trkpt>
      <trkpt lon="135.682696" lat="34.378669">
        <extensions>
          <mytracks:speed>61</mytracks:speed>
        </extensions>
      </trkpt>
      <trkpt lon="135.682731" lat="34.378820">
        <extensions>
          <mytracks:speed>61</mytracks:speed>
        </extensions>
      </trkpt>
      <trkpt lon="135.682784" lat="34.378968">
        <extensions>
          <mytracks:speed>60</mytracks:speed>
        </extensions>
      </trkpt>
      <trkpt lon="135.682868" lat="34.379099">
        <extensions>
          <mytracks:speed>59</mytracks:speed>
        </extensions>
      </trkpt>
      <trkpt lon="135.682950" lat="34.379231">
        <extensions>
          <mytracks:speed>58</mytracks:speed>
        </extensions>
      </trkpt>
      <trkpt lon="135.683038" lat="34.379336">
        <extensions>
          <mytracks:speed>59</mytracks:speed>
        </extensions>
      </trkpt>
      <trkpt lon="135.683169" lat="34.379440">
        <extensions>
          <mytracks:speed>57</mytracks:speed>
        </extensions>
      </trkpt>
      <trkpt lon="135.683339" lat="34.379515">
        <extensions>
          <mytracks:speed>57</mytracks:speed>
        </extensions>
      </trkpt>
      <trkpt lon="135.683458" lat="34.379599">
        <extensions>
          <mytracks:speed>57</mytracks:speed>
        </extensions>
      </trkpt>
      <trkpt lon="135.683587" lat="34.379683">
        <extensions>
          <mytracks:speed>57</mytracks:speed>
        </extensions>
      </trkpt>
      <trkpt lon="135.683712" lat="34.379762">
        <extensions>
          <mytracks:speed>57</mytracks:speed>
        </extensions>
      </trkpt>
      <trkpt lon="135.683850" lat="34.379835">
        <extensions>
          <mytracks:speed>56</mytracks:speed>
        </extensions>
      </trkpt>
      <trkpt lon="135.683988" lat="34.379908">
        <extensions>
          <mytracks:speed>55</mytracks:speed>
        </extensions>
      </trkpt>
      <trkpt lon="135.684116" lat="34.379977">
        <extensions>
          <mytracks:speed>55</mytracks:speed>
        </extensions>
      </trkpt>
      <trkpt lon="135.684269" lat="34.380042">
        <extensions>
          <mytracks:speed>54</mytracks:speed>
        </extensions>
      </trkpt>
      <trkpt lon="135.684399" lat="34.380106">
        <extensions>
          <mytracks:speed>54</mytracks:speed>
        </extensions>
      </trkpt>
      <trkpt lon="135.684551" lat="34.380181">
        <extensions>
          <mytracks:speed>54</mytracks:speed>
        </extensions>
      </trkpt>
      <trkpt lon="135.684685" lat="34.380254">
        <extensions>
          <mytracks:speed>54</mytracks:speed>
        </extensions>
      </trkpt>
      <trkpt lon="135.684832" lat="34.380324">
        <extensions>
          <mytracks:speed>54</mytracks:speed>
        </extensions>
      </trkpt>
      <trkpt lon="135.684991" lat="34.380380">
        <extensions>
          <mytracks:speed>54</mytracks:speed>
        </extensions>
      </trkpt>
      <trkpt lon="135.685113" lat="34.380455">
        <extensions>
          <mytracks:speed>55</mytracks:speed>
        </extensions>
      </trkpt>
      <trkpt lon="135.685256" lat="34.380524">
        <extensions>
          <mytracks:speed>55</mytracks:speed>
        </extensions>
      </trkpt>
      <trkpt lon="135.685399" lat="34.380593">
        <extensions>
          <mytracks:speed>57</mytracks:speed>
        </extensions>
      </trkpt>
      <trkpt lon="135.685558" lat="34.380660">
        <extensions>
          <mytracks:speed>57</mytracks:speed>
        </extensions>
      </trkpt>
      <trkpt lon="135.685731" lat="34.380734">
        <extensions>
          <mytracks:speed>57</mytracks:speed>
        </extensions>
      </trkpt>
      <trkpt lon="135.685906" lat="34.380804">
        <extensions>
          <mytracks:speed>59</mytracks:speed>
        </extensions>
      </trkpt>
      <trkpt lon="135.686057" lat="34.380883">
        <extensions>
          <mytracks:speed>59</mytracks:speed>
        </extensions>
      </trkpt>
      <trkpt lon="135.686212" lat="34.380958">
        <extensions>
          <mytracks:speed>58</mytracks:speed>
        </extensions>
      </trkpt>
      <trkpt lon="135.686360" lat="34.381036">
        <extensions>
          <mytracks:speed>57</mytracks:speed>
        </extensions>
      </trkpt>
      <trkpt lon="135.686509" lat="34.381114">
        <extensions>
          <mytracks:speed>57</mytracks:speed>
        </extensions>
      </trkpt>
      <trkpt lon="135.686653" lat="34.381194">
        <extensions>
          <mytracks:speed>56</mytracks:speed>
        </extensions>
      </trkpt>
      <trkpt lon="135.686789" lat="34.381275">
        <extensions>
          <mytracks:speed>56</mytracks:speed>
        </extensions>
      </trkpt>
      <trkpt lon="135.686923" lat="34.381366">
        <extensions>
          <mytracks:speed>57</mytracks:speed>
        </extensions>
      </trkpt>
      <trkpt lon="135.687054" lat="34.381464">
        <extensions>
          <mytracks:speed>57</mytracks:speed>
        </extensions>
      </trkpt>
      <trkpt lon="135.687187" lat="34.381567">
        <extensions>
          <mytracks:speed>59</mytracks:speed>
        </extensions>
      </trkpt>
      <trkpt lon="135.687317" lat="34.381680">
        <extensions>
          <mytracks:speed>60</mytracks:speed>
        </extensions>
      </trkpt>
      <trkpt lon="135.687446" lat="34.381799">
        <extensions>
          <mytracks:speed>60</mytracks:speed>
        </extensions>
      </trkpt>
      <trkpt lon="135.687572" lat="34.381911">
        <extensions>
          <mytracks:speed>60</mytracks:speed>
        </extensions>
      </trkpt>
      <trkpt lon="135.687697" lat="34.382019">
        <extensions>
          <mytracks:speed>60</mytracks:speed>
        </extensions>
      </trkpt>
      <trkpt lon="135.687821" lat="34.382131">
        <extensions>
          <mytracks:speed>60</mytracks:speed>
        </extensions>
      </trkpt>
      <trkpt lon="135.687947" lat="34.382246">
        <extensions>
          <mytracks:speed>62</mytracks:speed>
        </extensions>
      </trkpt>
      <trkpt lon="135.688073" lat="34.382360">
        <extensions>
          <mytracks:speed>62</mytracks:speed>
        </extensions>
      </trkpt>
      <trkpt lon="135.688206" lat="34.382473">
        <extensions>
          <mytracks:speed>63</mytracks:speed>
        </extensions>
      </trkpt>
      <trkpt lon="135.688332" lat="34.382593">
        <extensions>
          <mytracks:speed>62</mytracks:speed>
        </extensions>
      </trkpt>
      <trkpt lon="135.688459" lat="34.382708">
        <extensions>
          <mytracks:speed>63</mytracks:speed>
        </extensions>
      </trkpt>
      <trkpt lon="135.688586" lat="34.382828">
        <extensions>
          <mytracks:speed>62</mytracks:speed>
        </extensions>
      </trkpt>
      <trkpt lon="135.688714" lat="34.382942">
        <extensions>
          <mytracks:speed>61</mytracks:speed>
        </extensions>
      </trkpt>
      <trkpt lon="135.688837" lat="34.383062">
        <extensions>
          <mytracks:speed>63</mytracks:speed>
        </extensions>
      </trkpt>
      <trkpt lon="135.688951" lat="34.383191">
        <extensions>
          <mytracks:speed>63</mytracks:speed>
        </extensions>
      </trkpt>
      <trkpt lon="135.689090" lat="34.383311">
        <extensions>
          <mytracks:speed>63</mytracks:speed>
        </extensions>
      </trkpt>
      <trkpt lon="135.689229" lat="34.383431">
        <extensions>
          <mytracks:speed>64</mytracks:speed>
        </extensions>
      </trkpt>
      <trkpt lon="135.689376" lat="34.383548">
        <extensions>
          <mytracks:speed>65</mytracks:speed>
        </extensions>
      </trkpt>
      <trkpt lon="135.689516" lat="34.383662">
        <extensions>
          <mytracks:speed>66</mytracks:speed>
        </extensions>
      </trkpt>
      <trkpt lon="135.689672" lat="34.383792">
        <extensions>
          <mytracks:speed>65</mytracks:speed>
        </extensions>
      </trkpt>
      <trkpt lon="135.689821" lat="34.383911">
        <extensions>
          <mytracks:speed>66</mytracks:speed>
        </extensions>
      </trkpt>
      <trkpt lon="135.689961" lat="34.384033">
        <extensions>
          <mytracks:speed>66</mytracks:speed>
        </extensions>
      </trkpt>
      <trkpt lon="135.690102" lat="34.384151">
        <extensions>
          <mytracks:speed>67</mytracks:speed>
        </extensions>
      </trkpt>
      <trkpt lon="135.690241" lat="34.384278">
        <extensions>
          <mytracks:speed>68</mytracks:speed>
        </extensions>
      </trkpt>
      <trkpt lon="135.690390" lat="34.384418">
        <extensions>
          <mytracks:speed>67</mytracks:speed>
        </extensions>
      </trkpt>
      <trkpt lon="135.690531" lat="34.384546">
        <extensions>
          <mytracks:speed>69</mytracks:speed>
        </extensions>
      </trkpt>
      <trkpt lon="135.690681" lat="34.384673">
        <extensions>
          <mytracks:speed>66</mytracks:speed>
        </extensions>
      </trkpt>
      <trkpt lon="135.690824" lat="34.384798">
        <extensions>
          <mytracks:speed>66</mytracks:speed>
        </extensions>
      </trkpt>
      <trkpt lon="135.690959" lat="34.384926">
        <extensions>
          <mytracks:speed>67</mytracks:speed>
        </extensions>
      </trkpt>
      <trkpt lon="135.691100" lat="34.385049">
        <extensions>
          <mytracks:speed>66</mytracks:speed>
        </extensions>
      </trkpt>
      <trkpt lon="135.691237" lat="34.385172">
        <extensions>
          <mytracks:speed>65</mytracks:speed>
        </extensions>
      </trkpt>
      <trkpt lon="135.691374" lat="34.385297">
        <extensions>
          <mytracks:speed>66</mytracks:speed>
        </extensions>
      </trkpt>
      <trkpt lon="135.691510" lat="34.385418">
        <extensions>
          <mytracks:speed>66</mytracks:speed>
        </extensions>
      </trkpt>
      <trkpt lon="135.691646" lat="34.385541">
        <extensions>
          <mytracks:speed>65</mytracks:speed>
        </extensions>
      </trkpt>
      <trkpt lon="135.691781" lat="34.385670">
        <extensions>
          <mytracks:speed>66</mytracks:speed>
        </extensions>
      </trkpt>
      <trkpt lon="135.691921" lat="34.385796">
        <extensions>
          <mytracks:speed>66</mytracks:speed>
        </extensions>
      </trkpt>
      <trkpt lon="135.692066" lat="34.385929">
        <extensions>
          <mytracks:speed>67</mytracks:speed>
        </extensions>
      </trkpt>
      <trkpt lon="135.692206" lat="34.386055">
        <extensions>
          <mytracks:speed>69</mytracks:speed>
        </extensions>
      </trkpt>
      <trkpt lon="135.692345" lat="34.386178">
        <extensions>
          <mytracks:speed>69</mytracks:speed>
        </extensions>
      </trkpt>
      <trkpt lon="135.692486" lat="34.386310">
        <extensions>
          <mytracks:speed>68</mytracks:speed>
        </extensions>
      </trkpt>
      <trkpt lon="135.692622" lat="34.386440">
        <extensions>
          <mytracks:speed>68</mytracks:speed>
        </extensions>
      </trkpt>
      <trkpt lon="135.692770" lat="34.386579">
        <extensions>
          <mytracks:speed>68</mytracks:speed>
        </extensions>
      </trkpt>
      <trkpt lon="135.692914" lat="34.386713">
        <extensions>
          <mytracks:speed>70</mytracks:speed>
        </extensions>
      </trkpt>
      <trkpt lon="135.693058" lat="34.386848">
        <extensions>
          <mytracks:speed>70</mytracks:speed>
        </extensions>
      </trkpt>
      <trkpt lon="135.693203" lat="34.386983">
        <extensions>
          <mytracks:speed>70</mytracks:speed>
        </extensions>
      </trkpt>
      <trkpt lon="135.693352" lat="34.387117">
        <extensions>
          <mytracks:speed>70</mytracks:speed>
        </extensions>
      </trkpt>
      <trkpt lon="135.693503" lat="34.387252">
        <extensions>
          <mytracks:speed>69</mytracks:speed>
        </extensions>
      </trkpt>
      <trkpt lon="135.693649" lat="34.387386">
        <extensions>
          <mytracks:speed>69</mytracks:speed>
        </extensions>
      </trkpt>
      <trkpt lon="135.693795" lat="34.387521">
        <extensions>
          <mytracks:speed>70</mytracks:speed>
        </extensions>
      </trkpt>
      <trkpt lon="135.693943" lat="34.387662">
        <extensions>
          <mytracks:speed>70</mytracks:speed>
        </extensions>
      </trkpt>
      <trkpt lon="135.694092" lat="34.387799">
        <extensions>
          <mytracks:speed>70</mytracks:speed>
        </extensions>
      </trkpt>
      <trkpt lon="135.694240" lat="34.387931">
        <extensions>
          <mytracks:speed>71</mytracks:speed>
        </extensions>
      </trkpt>
      <trkpt lon="135.694385" lat="34.388068">
        <extensions>
          <mytracks:speed>71</mytracks:speed>
        </extensions>
      </trkpt>
      <trkpt lon="135.694519" lat="34.388208">
        <extensions>
          <mytracks:speed>72</mytracks:speed>
        </extensions>
      </trkpt>
      <trkpt lon="135.694672" lat="34.388333">
        <extensions>
          <mytracks:speed>72</mytracks:speed>
        </extensions>
      </trkpt>
      <trkpt lon="135.694811" lat="34.388469">
        <extensions>
          <mytracks:speed>73</mytracks:speed>
        </extensions>
      </trkpt>
      <trkpt lon="135.694982" lat="34.388603">
        <extensions>
          <mytracks:speed>75</mytracks:speed>
        </extensions>
      </trkpt>
      <trkpt lon="135.695136" lat="34.388742">
        <extensions>
          <mytracks:speed>75</mytracks:speed>
        </extensions>
      </trkpt>
      <trkpt lon="135.695291" lat="34.388887">
        <extensions>
          <mytracks:speed>77</mytracks:speed>
        </extensions>
      </trkpt>
      <trkpt lon="135.695465" lat="34.389029">
        <extensions>
          <mytracks:speed>78</mytracks:speed>
        </extensions>
      </trkpt>
      <trkpt lon="135.695633" lat="34.389176">
        <extensions>
          <mytracks:speed>78</mytracks:speed>
        </extensions>
      </trkpt>
      <trkpt lon="135.695796" lat="34.389324">
        <extensions>
          <mytracks:speed>79</mytracks:speed>
        </extensions>
      </trkpt>
      <trkpt lon="135.695960" lat="34.389477">
        <extensions>
          <mytracks:speed>80</mytracks:speed>
        </extensions>
      </trkpt>
      <trkpt lon="135.696119" lat="34.389633">
        <extensions>
          <mytracks:speed>81</mytracks:speed>
        </extensions>
      </trkpt>
      <trkpt lon="135.696286" lat="34.389784">
        <extensions>
          <mytracks:speed>80</mytracks:speed>
        </extensions>
      </trkpt>
      <trkpt lon="135.696452" lat="34.389936">
        <extensions>
          <mytracks:speed>81</mytracks:speed>
        </extensions>
      </trkpt>
      <trkpt lon="135.696624" lat="34.390088">
        <extensions>
          <mytracks:speed>80</mytracks:speed>
        </extensions>
      </trkpt>
      <trkpt lon="135.696800" lat="34.390243">
        <extensions>
          <mytracks:speed>80</mytracks:speed>
        </extensions>
      </trkpt>
      <trkpt lon="135.696976" lat="34.390385">
        <extensions>
          <mytracks:speed>80</mytracks:speed>
        </extensions>
      </trkpt>
      <trkpt lon="135.697156" lat="34.390528">
        <extensions>
          <mytracks:speed>80</mytracks:speed>
        </extensions>
      </trkpt>
      <trkpt lon="135.697341" lat="34.390670">
        <extensions>
          <mytracks:speed>80</mytracks:speed>
        </extensions>
      </trkpt>
      <trkpt lon="135.697522" lat="34.390813">
        <extensions>
          <mytracks:speed>80</mytracks:speed>
        </extensions>
      </trkpt>
      <trkpt lon="135.697705" lat="34.390957">
        <extensions>
          <mytracks:speed>81</mytracks:speed>
        </extensions>
      </trkpt>
      <trkpt lon="135.697902" lat="34.391091">
        <extensions>
          <mytracks:speed>80</mytracks:speed>
        </extensions>
      </trkpt>
      <trkpt lon="135.698066" lat="34.391231">
        <extensions>
          <mytracks:speed>77</mytracks:speed>
        </extensions>
      </trkpt>
      <trkpt lon="135.698255" lat="34.391360">
        <extensions>
          <mytracks:speed>76</mytracks:speed>
        </extensions>
      </trkpt>
      <trkpt lon="135.698429" lat="34.391487">
        <extensions>
          <mytracks:speed>75</mytracks:speed>
        </extensions>
      </trkpt>
      <trkpt lon="135.698600" lat="34.391610">
        <extensions>
          <mytracks:speed>74</mytracks:speed>
        </extensions>
      </trkpt>
      <trkpt lon="135.698767" lat="34.391732">
        <extensions>
          <mytracks:speed>72</mytracks:speed>
        </extensions>
      </trkpt>
      <trkpt lon="135.698937" lat="34.391856">
        <extensions>
          <mytracks:speed>72</mytracks:speed>
        </extensions>
      </trkpt>
      <trkpt lon="135.699087" lat="34.391990">
        <extensions>
          <mytracks:speed>72</mytracks:speed>
        </extensions>
      </trkpt>
      <trkpt lon="135.699244" lat="34.392119">
        <extensions>
          <mytracks:speed>73</mytracks:speed>
        </extensions>
      </trkpt>
      <trkpt lon="135.699386" lat="34.392266">
        <extensions>
          <mytracks:speed>73</mytracks:speed>
        </extensions>
      </trkpt>
      <trkpt lon="135.699523" lat="34.392414">
        <extensions>
          <mytracks:speed>72</mytracks:speed>
        </extensions>
      </trkpt>
      <trkpt lon="135.699647" lat="34.392559">
        <extensions>
          <mytracks:speed>73</mytracks:speed>
        </extensions>
      </trkpt>
      <trkpt lon="135.699766" lat="34.392716">
        <extensions>
          <mytracks:speed>73</mytracks:speed>
        </extensions>
      </trkpt>
      <trkpt lon="135.699882" lat="34.392878">
        <extensions>
          <mytracks:speed>72</mytracks:speed>
        </extensions>
      </trkpt>
      <trkpt lon="135.700004" lat="34.393041">
        <extensions>
          <mytracks:speed>72</mytracks:speed>
        </extensions>
      </trkpt>
      <trkpt lon="135.700109" lat="34.393197">
        <extensions>
          <mytracks:speed>72</mytracks:speed>
        </extensions>
      </trkpt>
      <trkpt lon="135.700214" lat="34.393350">
        <extensions>
          <mytracks:speed>71</mytracks:speed>
        </extensions>
      </trkpt>
      <trkpt lon="135.700322" lat="34.393504">
        <extensions>
          <mytracks:speed>69</mytracks:speed>
        </extensions>
      </trkpt>
      <trkpt lon="135.700422" lat="34.393658">
        <extensions>
          <mytracks:speed>68</mytracks:speed>
        </extensions>
      </trkpt>
      <trkpt lon="135.700517" lat="34.393806">
        <extensions>
          <mytracks:speed>69</mytracks:speed>
        </extensions>
      </trkpt>
      <trkpt lon="135.700619" lat="34.393957">
        <extensions>
          <mytracks:speed>68</mytracks:speed>
        </extensions>
      </trkpt>
      <trkpt lon="135.700721" lat="34.394107">
        <extensions>
          <mytracks:speed>68</mytracks:speed>
        </extensions>
      </trkpt>
      <trkpt lon="135.700820" lat="34.394257">
        <extensions>
          <mytracks:speed>67</mytracks:speed>
        </extensions>
      </trkpt>
      <trkpt lon="135.700922" lat="34.394403">
        <extensions>
          <mytracks:speed>66</mytracks:speed>
        </extensions>
      </trkpt>
      <trkpt lon="135.701019" lat="34.394548">
        <extensions>
          <mytracks:speed>65</mytracks:speed>
        </extensions>
      </trkpt>
      <trkpt lon="135.701118" lat="34.394692">
        <extensions>
          <mytracks:speed>64</mytracks:speed>
        </extensions>
      </trkpt>
      <trkpt lon="135.701216" lat="34.394832">
        <extensions>
          <mytracks:speed>63</mytracks:speed>
        </extensions>
      </trkpt>
      <trkpt lon="135.701316" lat="34.394973">
        <extensions>
          <mytracks:speed>63</mytracks:speed>
        </extensions>
      </trkpt>
      <trkpt lon="135.701406" lat="34.395111">
        <extensions>
          <mytracks:speed>62</mytracks:speed>
        </extensions>
      </trkpt>
      <trkpt lon="135.701485" lat="34.395252">
        <extensions>
          <mytracks:speed>62</mytracks:speed>
        </extensions>
      </trkpt>
      <trkpt lon="135.701570" lat="34.395394">
        <extensions>
          <mytracks:speed>61</mytracks:speed>
        </extensions>
      </trkpt>
      <trkpt lon="135.701607" lat="34.395546">
        <extensions>
          <mytracks:speed>63</mytracks:speed>
        </extensions>
      </trkpt>
      <trkpt lon="135.701626" lat="34.395716">
        <extensions>
          <mytracks:speed>63</mytracks:speed>
        </extensions>
      </trkpt>
      <trkpt lon="135.701654" lat="34.395872">
        <extensions>
          <mytracks:speed>63</mytracks:speed>
        </extensions>
      </trkpt>
      <trkpt lon="135.701693" lat="34.396026">
        <extensions>
          <mytracks:speed>63</mytracks:speed>
        </extensions>
      </trkpt>
      <trkpt lon="135.701658" lat="34.396204">
        <extensions>
          <mytracks:speed>64</mytracks:speed>
        </extensions>
      </trkpt>
      <trkpt lon="135.701555" lat="34.396364">
        <extensions>
          <mytracks:speed>64</mytracks:speed>
        </extensions>
      </trkpt>
      <trkpt lon="135.701512" lat="34.396530">
        <extensions>
          <mytracks:speed>64</mytracks:speed>
        </extensions>
      </trkpt>
      <trkpt lon="135.701473" lat="34.396691">
        <extensions>
          <mytracks:speed>64</mytracks:speed>
        </extensions>
      </trkpt>
      <trkpt lon="135.701444" lat="34.396849">
        <extensions>
          <mytracks:speed>64</mytracks:speed>
        </extensions>
      </trkpt>
      <trkpt lon="135.701402" lat="34.396995">
        <extensions>
          <mytracks:speed>64</mytracks:speed>
        </extensions>
      </trkpt>
      <trkpt lon="135.701361" lat="34.397157">
        <extensions>
          <mytracks:speed>63</mytracks:speed>
        </extensions>
      </trkpt>
      <trkpt lon="135.701316" lat="34.397314">
        <extensions>
          <mytracks:speed>63</mytracks:speed>
        </extensions>
      </trkpt>
      <trkpt lon="135.701288" lat="34.397470">
        <extensions>
          <mytracks:speed>63</mytracks:speed>
        </extensions>
      </trkpt>
      <trkpt lon="135.701241" lat="34.397621">
        <extensions>
          <mytracks:speed>63</mytracks:speed>
        </extensions>
      </trkpt>
      <trkpt lon="135.701195" lat="34.397773">
        <extensions>
          <mytracks:speed>63</mytracks:speed>
        </extensions>
      </trkpt>
      <trkpt lon="135.701135" lat="34.397930">
        <extensions>
          <mytracks:speed>63</mytracks:speed>
        </extensions>
      </trkpt>
      <trkpt lon="135.701095" lat="34.398102">
        <extensions>
          <mytracks:speed>64</mytracks:speed>
        </extensions>
      </trkpt>
      <trkpt lon="135.701057" lat="34.398261">
        <extensions>
          <mytracks:speed>64</mytracks:speed>
        </extensions>
      </trkpt>
      <trkpt lon="135.701027" lat="34.398418">
        <extensions>
          <mytracks:speed>63</mytracks:speed>
        </extensions>
      </trkpt>
      <trkpt lon="135.700982" lat="34.398585">
        <extensions>
          <mytracks:speed>65</mytracks:speed>
        </extensions>
      </trkpt>
      <trkpt lon="135.700955" lat="34.398751">
        <extensions>
          <mytracks:speed>65</mytracks:speed>
        </extensions>
      </trkpt>
      <trkpt lon="135.700934" lat="34.398916">
        <extensions>
          <mytracks:speed>65</mytracks:speed>
        </extensions>
      </trkpt>
      <trkpt lon="135.700923" lat="34.399083">
        <extensions>
          <mytracks:speed>66</mytracks:speed>
        </extensions>
      </trkpt>
      <trkpt lon="135.700922" lat="34.399247">
        <extensions>
          <mytracks:speed>65</mytracks:speed>
        </extensions>
      </trkpt>
      <trkpt lon="135.700938" lat="34.399414">
        <extensions>
          <mytracks:speed>66</mytracks:speed>
        </extensions>
      </trkpt>
      <trkpt lon="135.700962" lat="34.399582">
        <extensions>
          <mytracks:speed>66</mytracks:speed>
        </extensions>
      </trkpt>
      <trkpt lon="135.700997" lat="34.399750">
        <extensions>
          <mytracks:speed>66</mytracks:speed>
        </extensions>
      </trkpt>
      <trkpt lon="135.701040" lat="34.399912">
        <extensions>
          <mytracks:speed>66</mytracks:speed>
        </extensions>
      </trkpt>
      <trkpt lon="135.701091" lat="34.400076">
        <extensions>
          <mytracks:speed>67</mytracks:speed>
        </extensions>
      </trkpt>
      <trkpt lon="135.701144" lat="34.400234">
        <extensions>
          <mytracks:speed>66</mytracks:speed>
        </extensions>
      </trkpt>
      <trkpt lon="135.701200" lat="34.400400">
        <extensions>
          <mytracks:speed>66</mytracks:speed>
        </extensions>
      </trkpt>
      <trkpt lon="135.701257" lat="34.400567">
        <extensions>
          <mytracks:speed>66</mytracks:speed>
        </extensions>
      </trkpt>
      <trkpt lon="135.701311" lat="34.400726">
        <extensions>
          <mytracks:speed>65</mytracks:speed>
        </extensions>
      </trkpt>
      <trkpt lon="135.701369" lat="34.400884">
        <extensions>
          <mytracks:speed>65</mytracks:speed>
        </extensions>
      </trkpt>
      <trkpt lon="135.701419" lat="34.401046">
        <extensions>
          <mytracks:speed>65</mytracks:speed>
        </extensions>
      </trkpt>
      <trkpt lon="135.701451" lat="34.401211">
        <extensions>
          <mytracks:speed>65</mytracks:speed>
        </extensions>
      </trkpt>
      <trkpt lon="135.701476" lat="34.401379">
        <extensions>
          <mytracks:speed>66</mytracks:speed>
        </extensions>
      </trkpt>
      <trkpt lon="135.701486" lat="34.401548">
        <extensions>
          <mytracks:speed>66</mytracks:speed>
        </extensions>
      </trkpt>
      <trkpt lon="135.701496" lat="34.401720">
        <extensions>
          <mytracks:speed>66</mytracks:speed>
        </extensions>
      </trkpt>
      <trkpt lon="135.701509" lat="34.401888">
        <extensions>
          <mytracks:speed>66</mytracks:speed>
        </extensions>
      </trkpt>
      <trkpt lon="135.701519" lat="34.402059">
        <extensions>
          <mytracks:speed>66</mytracks:speed>
        </extensions>
      </trkpt>
      <trkpt lon="135.701529" lat="34.402223">
        <extensions>
          <mytracks:speed>66</mytracks:speed>
        </extensions>
      </trkpt>
      <trkpt lon="135.701537" lat="34.402382">
        <extensions>
          <mytracks:speed>64</mytracks:speed>
        </extensions>
      </trkpt>
      <trkpt lon="135.701546" lat="34.402544">
        <extensions>
          <mytracks:speed>63</mytracks:speed>
        </extensions>
      </trkpt>
      <trkpt lon="135.701576" lat="34.402705">
        <extensions>
          <mytracks:speed>63</mytracks:speed>
        </extensions>
      </trkpt>
      <trkpt lon="135.701621" lat="34.402870">
        <extensions>
          <mytracks:speed>64</mytracks:speed>
        </extensions>
      </trkpt>
      <trkpt lon="135.701661" lat="34.403034">
        <extensions>
          <mytracks:speed>65</mytracks:speed>
        </extensions>
      </trkpt>
      <trkpt lon="135.701698" lat="34.403199">
        <extensions>
          <mytracks:speed>65</mytracks:speed>
        </extensions>
      </trkpt>
      <trkpt lon="135.701736" lat="34.403359">
        <extensions>
          <mytracks:speed>65</mytracks:speed>
        </extensions>
      </trkpt>
      <trkpt lon="135.701809" lat="34.403510">
        <extensions>
          <mytracks:speed>64</mytracks:speed>
        </extensions>
      </trkpt>
      <trkpt lon="135.701874" lat="34.403661">
        <extensions>
          <mytracks:speed>63</mytracks:speed>
        </extensions>
      </trkpt>
      <trkpt lon="135.701936" lat="34.403813">
        <extensions>
          <mytracks:speed>63</mytracks:speed>
        </extensions>
      </trkpt>
      <trkpt lon="135.702019" lat="34.403959">
        <extensions>
          <mytracks:speed>63</mytracks:speed>
        </extensions>
      </trkpt>
      <trkpt lon="135.702088" lat="34.404107">
        <extensions>
          <mytracks:speed>63</mytracks:speed>
        </extensions>
      </trkpt>
      <trkpt lon="135.702163" lat="34.404261">
        <extensions>
          <mytracks:speed>62</mytracks:speed>
        </extensions>
      </trkpt>
      <trkpt lon="135.702220" lat="34.404407">
        <extensions>
          <mytracks:speed>58</mytracks:speed>
        </extensions>
      </trkpt>
      <trkpt lon="135.702276" lat="34.404551">
        <extensions>
          <mytracks:speed>54</mytracks:speed>
        </extensions>
      </trkpt>
      <trkpt lon="135.702331" lat="34.404695">
        <extensions>
          <mytracks:speed>51</mytracks:speed>
        </extensions>
      </trkpt>
      <trkpt lon="135.702345" lat="34.404816">
        <extensions>
          <mytracks:speed>46</mytracks:speed>
        </extensions>
      </trkpt>
      <trkpt lon="135.702330" lat="34.404910">
        <extensions>
          <mytracks:speed>37</mytracks:speed>
        </extensions>
      </trkpt>
      <trkpt lon="135.702339" lat="34.405024">
        <extensions>
          <mytracks:speed>32</mytracks:speed>
        </extensions>
      </trkpt>
      <trkpt lon="135.702298" lat="34.405021">
        <extensions>
          <mytracks:speed>25</mytracks:speed>
        </extensions>
      </trkpt>
      <trkpt lon="135.702253" lat="34.405061">
        <extensions>
          <mytracks:speed>21</mytracks:speed>
        </extensions>
      </trkpt>
      <trkpt lon="135.702252" lat="34.405076">
        <extensions>
          <mytracks:speed>8</mytracks:speed>
        </extensions>
      </trkpt>
      <trkpt lon="135.702251" lat="34.405094">
        <extensions>
          <mytracks:speed>3</mytracks:speed>
        </extensions>
      </trkpt>
      <trkpt lon="135.702239" lat="34.405093">
        <extensions>
          <mytracks:speed>3</mytracks:speed>
        </extensions>
      </trkpt>
      <trkpt lon="135.702241" lat="34.405085">
        <extensions>
          <mytracks:speed>3</mytracks:speed>
        </extensions>
      </trkpt>
      <trkpt lon="135.702237" lat="34.405081">
        <extensions>
          <mytracks:speed>0</mytracks:speed>
        </extensions>
      </trkpt>
      <trkpt lon="135.702236" lat="34.405085">
        <extensions>
          <mytracks:speed>3</mytracks:speed>
        </extensions>
      </trkpt>
      <trkpt lon="135.702222" lat="34.405151">
        <extensions>
          <mytracks:speed>11</mytracks:speed>
        </extensions>
      </trkpt>
      <trkpt lon="135.702212" lat="34.405186">
        <extensions>
          <mytracks:speed>14</mytracks:speed>
        </extensions>
      </trkpt>
      <trkpt lon="135.702196" lat="34.405221">
        <extensions>
          <mytracks:speed>28</mytracks:speed>
        </extensions>
      </trkpt>
      <trkpt lon="135.702168" lat="34.405305">
        <extensions>
          <mytracks:speed>33</mytracks:speed>
        </extensions>
      </trkpt>
      <trkpt lon="135.702125" lat="34.405382">
        <extensions>
          <mytracks:speed>36</mytracks:speed>
        </extensions>
      </trkpt>
      <trkpt lon="135.702067" lat="34.405468">
        <extensions>
          <mytracks:speed>41</mytracks:speed>
        </extensions>
      </trkpt>
      <trkpt lon="135.702015" lat="34.405565">
        <extensions>
          <mytracks:speed>46</mytracks:speed>
        </extensions>
      </trkpt>
      <trkpt lon="135.701954" lat="34.405682">
        <extensions>
          <mytracks:speed>49</mytracks:speed>
        </extensions>
      </trkpt>
      <trkpt lon="135.701900" lat="34.405802">
        <extensions>
          <mytracks:speed>50</mytracks:speed>
        </extensions>
      </trkpt>
      <trkpt lon="135.701833" lat="34.405921">
        <extensions>
          <mytracks:speed>50</mytracks:speed>
        </extensions>
      </trkpt>
      <trkpt lon="135.701802" lat="34.406060">
        <extensions>
          <mytracks:speed>51</mytracks:speed>
        </extensions>
      </trkpt>
      <trkpt lon="135.701777" lat="34.406198">
        <extensions>
          <mytracks:speed>51</mytracks:speed>
        </extensions>
      </trkpt>
      <trkpt lon="135.701778" lat="34.406345">
        <extensions>
          <mytracks:speed>53</mytracks:speed>
        </extensions>
      </trkpt>
      <trkpt lon="135.701784" lat="34.406480">
        <extensions>
          <mytracks:speed>54</mytracks:speed>
        </extensions>
      </trkpt>
      <trkpt lon="135.701803" lat="34.406617">
        <extensions>
          <mytracks:speed>54</mytracks:speed>
        </extensions>
      </trkpt>
      <trkpt lon="135.701819" lat="34.406753">
        <extensions>
          <mytracks:speed>54</mytracks:speed>
        </extensions>
      </trkpt>
      <trkpt lon="135.701954" lat="34.406861">
        <extensions>
          <mytracks:speed>55</mytracks:speed>
        </extensions>
      </trkpt>
      <trkpt lon="135.702060" lat="34.406972">
        <extensions>
          <mytracks:speed>55</mytracks:speed>
        </extensions>
      </trkpt>
      <trkpt lon="135.702197" lat="34.407082">
        <extensions>
          <mytracks:speed>59</mytracks:speed>
        </extensions>
      </trkpt>
      <trkpt lon="135.702326" lat="34.407183">
        <extensions>
          <mytracks:speed>60</mytracks:speed>
        </extensions>
      </trkpt>
      <trkpt lon="135.702464" lat="34.407295">
        <extensions>
          <mytracks:speed>60</mytracks:speed>
        </extensions>
      </trkpt>
      <trkpt lon="135.702606" lat="34.407419">
        <extensions>
          <mytracks:speed>61</mytracks:speed>
        </extensions>
      </trkpt>
      <trkpt lon="135.702740" lat="34.407532">
        <extensions>
          <mytracks:speed>62</mytracks:speed>
        </extensions>
      </trkpt>
      <trkpt lon="135.702871" lat="34.407652">
        <extensions>
          <mytracks:speed>61</mytracks:speed>
        </extensions>
      </trkpt>
      <trkpt lon="135.702982" lat="34.407778">
        <extensions>
          <mytracks:speed>60</mytracks:speed>
        </extensions>
      </trkpt>
      <trkpt lon="135.703088" lat="34.407899">
        <extensions>
          <mytracks:speed>60</mytracks:speed>
        </extensions>
      </trkpt>
      <trkpt lon="135.703170" lat="34.408036">
        <extensions>
          <mytracks:speed>61</mytracks:speed>
        </extensions>
      </trkpt>
      <trkpt lon="135.703252" lat="34.408177">
        <extensions>
          <mytracks:speed>62</mytracks:speed>
        </extensions>
      </trkpt>
      <trkpt lon="135.703336" lat="34.408320">
        <extensions>
          <mytracks:speed>61</mytracks:speed>
        </extensions>
      </trkpt>
      <trkpt lon="135.703396" lat="34.408467">
        <extensions>
          <mytracks:speed>61</mytracks:speed>
        </extensions>
      </trkpt>
      <trkpt lon="135.703456" lat="34.408614">
        <extensions>
          <mytracks:speed>62</mytracks:speed>
        </extensions>
      </trkpt>
      <trkpt lon="135.703507" lat="34.408770">
        <extensions>
          <mytracks:speed>60</mytracks:speed>
        </extensions>
      </trkpt>
      <trkpt lon="135.703564" lat="34.408919">
        <extensions>
          <mytracks:speed>61</mytracks:speed>
        </extensions>
      </trkpt>
      <trkpt lon="135.703586" lat="34.409081">
        <extensions>
          <mytracks:speed>62</mytracks:speed>
        </extensions>
      </trkpt>
      <trkpt lon="135.703629" lat="34.409234">
        <extensions>
          <mytracks:speed>63</mytracks:speed>
        </extensions>
      </trkpt>
      <trkpt lon="135.703549" lat="34.409404">
        <extensions>
          <mytracks:speed>63</mytracks:speed>
        </extensions>
      </trkpt>
      <trkpt lon="135.703495" lat="34.409560">
        <extensions>
          <mytracks:speed>63</mytracks:speed>
        </extensions>
      </trkpt>
      <trkpt lon="135.703454" lat="34.409728">
        <extensions>
          <mytracks:speed>64</mytracks:speed>
        </extensions>
      </trkpt>
      <trkpt lon="135.703426" lat="34.409892">
        <extensions>
          <mytracks:speed>67</mytracks:speed>
        </extensions>
      </trkpt>
      <trkpt lon="135.703398" lat="34.410051">
        <extensions>
          <mytracks:speed>68</mytracks:speed>
        </extensions>
      </trkpt>
      <trkpt lon="135.703373" lat="34.410258">
        <extensions>
          <mytracks:speed>68</mytracks:speed>
        </extensions>
      </trkpt>
      <trkpt lon="135.703337" lat="34.410428">
        <extensions>
          <mytracks:speed>67</mytracks:speed>
        </extensions>
      </trkpt>
      <trkpt lon="135.703308" lat="34.410590">
        <extensions>
          <mytracks:speed>65</mytracks:speed>
        </extensions>
      </trkpt>
      <trkpt lon="135.703277" lat="34.410760">
        <extensions>
          <mytracks:speed>65</mytracks:speed>
        </extensions>
      </trkpt>
      <trkpt lon="135.703254" lat="34.410928">
        <extensions>
          <mytracks:speed>66</mytracks:speed>
        </extensions>
      </trkpt>
      <trkpt lon="135.703226" lat="34.411092">
        <extensions>
          <mytracks:speed>66</mytracks:speed>
        </extensions>
      </trkpt>
      <trkpt lon="135.703210" lat="34.411253">
        <extensions>
          <mytracks:speed>66</mytracks:speed>
        </extensions>
      </trkpt>
      <trkpt lon="135.703208" lat="34.411421">
        <extensions>
          <mytracks:speed>67</mytracks:speed>
        </extensions>
      </trkpt>
      <trkpt lon="135.703208" lat="34.411590">
        <extensions>
          <mytracks:speed>66</mytracks:speed>
        </extensions>
      </trkpt>
      <trkpt lon="135.703256" lat="34.411756">
        <extensions>
          <mytracks:speed>66</mytracks:speed>
        </extensions>
      </trkpt>
      <trkpt lon="135.703280" lat="34.411918">
        <extensions>
          <mytracks:speed>66</mytracks:speed>
        </extensions>
      </trkpt>
      <trkpt lon="135.703297" lat="34.412089">
        <extensions>
          <mytracks:speed>66</mytracks:speed>
        </extensions>
      </trkpt>
      <trkpt lon="135.703316" lat="34.412257">
        <extensions>
          <mytracks:speed>66</mytracks:speed>
        </extensions>
      </trkpt>
      <trkpt lon="135.703325" lat="34.412427">
        <extensions>
          <mytracks:speed>66</mytracks:speed>
        </extensions>
      </trkpt>
      <trkpt lon="135.703335" lat="34.412594">
        <extensions>
          <mytracks:speed>66</mytracks:speed>
        </extensions>
      </trkpt>
      <trkpt lon="135.703339" lat="34.412770">
        <extensions>
          <mytracks:speed>68</mytracks:speed>
        </extensions>
      </trkpt>
      <trkpt lon="135.703342" lat="34.412948">
        <extensions>
          <mytracks:speed>69</mytracks:speed>
        </extensions>
      </trkpt>
      <trkpt lon="135.703356" lat="34.413138">
        <extensions>
          <mytracks:speed>69</mytracks:speed>
        </extensions>
      </trkpt>
      <trkpt lon="135.703370" lat="34.413316">
        <extensions>
          <mytracks:speed>70</mytracks:speed>
        </extensions>
      </trkpt>
      <trkpt lon="135.703385" lat="34.413492">
        <extensions>
          <mytracks:speed>68</mytracks:speed>
        </extensions>
      </trkpt>
      <trkpt lon="135.703394" lat="34.413674">
        <extensions>
          <mytracks:speed>67</mytracks:speed>
        </extensions>
      </trkpt>
      <trkpt lon="135.703406" lat="34.413850">
        <extensions>
          <mytracks:speed>66</mytracks:speed>
        </extensions>
      </trkpt>
      <trkpt lon="135.703417" lat="34.414025">
        <extensions>
          <mytracks:speed>66</mytracks:speed>
        </extensions>
      </trkpt>
      <trkpt lon="135.703428" lat="34.414192">
        <extensions>
          <mytracks:speed>66</mytracks:speed>
        </extensions>
      </trkpt>
      <trkpt lon="135.703435" lat="34.414354">
        <extensions>
          <mytracks:speed>65</mytracks:speed>
        </extensions>
      </trkpt>
      <trkpt lon="135.703447" lat="34.414521">
        <extensions>
          <mytracks:speed>64</mytracks:speed>
        </extensions>
      </trkpt>
      <trkpt lon="135.703467" lat="34.414677">
        <extensions>
          <mytracks:speed>64</mytracks:speed>
        </extensions>
      </trkpt>
      <trkpt lon="135.703498" lat="34.414840">
        <extensions>
          <mytracks:speed>65</mytracks:speed>
        </extensions>
      </trkpt>
      <trkpt lon="135.703544" lat="34.414997">
        <extensions>
          <mytracks:speed>66</mytracks:speed>
        </extensions>
      </trkpt>
      <trkpt lon="135.703617" lat="34.415155">
        <extensions>
          <mytracks:speed>67</mytracks:speed>
        </extensions>
      </trkpt>
      <trkpt lon="135.703712" lat="34.415300">
        <extensions>
          <mytracks:speed>66</mytracks:speed>
        </extensions>
      </trkpt>
      <trkpt lon="135.703797" lat="34.415452">
        <extensions>
          <mytracks:speed>67</mytracks:speed>
        </extensions>
      </trkpt>
      <trkpt lon="135.703887" lat="34.415610">
        <extensions>
          <mytracks:speed>67</mytracks:speed>
        </extensions>
      </trkpt>
      <trkpt lon="135.703968" lat="34.415761">
        <extensions>
          <mytracks:speed>68</mytracks:speed>
        </extensions>
      </trkpt>
      <trkpt lon="135.704053" lat="34.415918">
        <extensions>
          <mytracks:speed>68</mytracks:speed>
        </extensions>
      </trkpt>
      <trkpt lon="135.704140" lat="34.416075">
        <extensions>
          <mytracks:speed>69</mytracks:speed>
        </extensions>
      </trkpt>
      <trkpt lon="135.704244" lat="34.416243">
        <extensions>
          <mytracks:speed>69</mytracks:speed>
        </extensions>
      </trkpt>
      <trkpt lon="135.704324" lat="34.416400">
        <extensions>
          <mytracks:speed>69</mytracks:speed>
        </extensions>
      </trkpt>
      <trkpt lon="135.704415" lat="34.416557">
        <extensions>
          <mytracks:speed>70</mytracks:speed>
        </extensions>
      </trkpt>
      <trkpt lon="135.704502" lat="34.416721">
        <extensions>
          <mytracks:speed>70</mytracks:speed>
        </extensions>
      </trkpt>
      <trkpt lon="135.704590" lat="34.416882">
        <extensions>
          <mytracks:speed>70</mytracks:speed>
        </extensions>
      </trkpt>
      <trkpt lon="135.704680" lat="34.417042">
        <extensions>
          <mytracks:speed>69</mytracks:speed>
        </extensions>
      </trkpt>
      <trkpt lon="135.704759" lat="34.417210">
        <extensions>
          <mytracks:speed>69</mytracks:speed>
        </extensions>
      </trkpt>
      <trkpt lon="135.704845" lat="34.417368">
        <extensions>
          <mytracks:speed>66</mytracks:speed>
        </extensions>
      </trkpt>
      <trkpt lon="135.704939" lat="34.417526">
        <extensions>
          <mytracks:speed>67</mytracks:speed>
        </extensions>
      </trkpt>
      <trkpt lon="135.705033" lat="34.417689">
        <extensions>
          <mytracks:speed>69</mytracks:speed>
        </extensions>
      </trkpt>
      <trkpt lon="135.705139" lat="34.417845">
        <extensions>
          <mytracks:speed>69</mytracks:speed>
        </extensions>
      </trkpt>
      <trkpt lon="135.705222" lat="34.417998">
        <extensions>
          <mytracks:speed>67</mytracks:speed>
        </extensions>
      </trkpt>
      <trkpt lon="135.705305" lat="34.418151">
        <extensions>
          <mytracks:speed>66</mytracks:speed>
        </extensions>
      </trkpt>
      <trkpt lon="135.705389" lat="34.418302">
        <extensions>
          <mytracks:speed>66</mytracks:speed>
        </extensions>
      </trkpt>
      <trkpt lon="135.705497" lat="34.418447">
        <extensions>
          <mytracks:speed>67</mytracks:speed>
        </extensions>
      </trkpt>
      <trkpt lon="135.705625" lat="34.418596">
        <extensions>
          <mytracks:speed>69</mytracks:speed>
        </extensions>
      </trkpt>
      <trkpt lon="135.705767" lat="34.418725">
        <extensions>
          <mytracks:speed>69</mytracks:speed>
        </extensions>
      </trkpt>
      <trkpt lon="135.705944" lat="34.418834">
        <extensions>
          <mytracks:speed>69</mytracks:speed>
        </extensions>
      </trkpt>
      <trkpt lon="135.706106" lat="34.418948">
        <extensions>
          <mytracks:speed>69</mytracks:speed>
        </extensions>
      </trkpt>
      <trkpt lon="135.706278" lat="34.419053">
        <extensions>
          <mytracks:speed>68</mytracks:speed>
        </extensions>
      </trkpt>
      <trkpt lon="135.706441" lat="34.419156">
        <extensions>
          <mytracks:speed>68</mytracks:speed>
        </extensions>
      </trkpt>
      <trkpt lon="135.706609" lat="34.419262">
        <extensions>
          <mytracks:speed>67</mytracks:speed>
        </extensions>
      </trkpt>
      <trkpt lon="135.706777" lat="34.419372">
        <extensions>
          <mytracks:speed>69</mytracks:speed>
        </extensions>
      </trkpt>
      <trkpt lon="135.706940" lat="34.419490">
        <extensions>
          <mytracks:speed>70</mytracks:speed>
        </extensions>
      </trkpt>
      <trkpt lon="135.707106" lat="34.419612">
        <extensions>
          <mytracks:speed>71</mytracks:speed>
        </extensions>
      </trkpt>
      <trkpt lon="135.707257" lat="34.419734">
        <extensions>
          <mytracks:speed>72</mytracks:speed>
        </extensions>
      </trkpt>
      <trkpt lon="135.707418" lat="34.419891">
        <extensions>
          <mytracks:speed>72</mytracks:speed>
        </extensions>
      </trkpt>
      <trkpt lon="135.707517" lat="34.420052">
        <extensions>
          <mytracks:speed>72</mytracks:speed>
        </extensions>
      </trkpt>
      <trkpt lon="135.707636" lat="34.420198">
        <extensions>
          <mytracks:speed>71</mytracks:speed>
        </extensions>
      </trkpt>
      <trkpt lon="135.707704" lat="34.420359">
        <extensions>
          <mytracks:speed>70</mytracks:speed>
        </extensions>
      </trkpt>
      <trkpt lon="135.707792" lat="34.420524">
        <extensions>
          <mytracks:speed>69</mytracks:speed>
        </extensions>
      </trkpt>
      <trkpt lon="135.707848" lat="34.420699">
        <extensions>
          <mytracks:speed>70</mytracks:speed>
        </extensions>
      </trkpt>
      <trkpt lon="135.707912" lat="34.420872">
        <extensions>
          <mytracks:speed>71</mytracks:speed>
        </extensions>
      </trkpt>
      <trkpt lon="135.707967" lat="34.421045">
        <extensions>
          <mytracks:speed>72</mytracks:speed>
        </extensions>
      </trkpt>
      <trkpt lon="135.708020" lat="34.421216">
        <extensions>
          <mytracks:speed>71</mytracks:speed>
        </extensions>
      </trkpt>
      <trkpt lon="135.708083" lat="34.421390">
        <extensions>
          <mytracks:speed>72</mytracks:speed>
        </extensions>
      </trkpt>
      <trkpt lon="135.708143" lat="34.421565">
        <extensions>
          <mytracks:speed>72</mytracks:speed>
        </extensions>
      </trkpt>
      <trkpt lon="135.708209" lat="34.421743">
        <extensions>
          <mytracks:speed>71</mytracks:speed>
        </extensions>
      </trkpt>
      <trkpt lon="135.708274" lat="34.421922">
        <extensions>
          <mytracks:speed>70</mytracks:speed>
        </extensions>
      </trkpt>
      <trkpt lon="135.708335" lat="34.422106">
        <extensions>
          <mytracks:speed>70</mytracks:speed>
        </extensions>
      </trkpt>
      <trkpt lon="135.708387" lat="34.422293">
        <extensions>
          <mytracks:speed>69</mytracks:speed>
        </extensions>
      </trkpt>
      <trkpt lon="135.708452" lat="34.422462">
        <extensions>
          <mytracks:speed>69</mytracks:speed>
        </extensions>
      </trkpt>
      <trkpt lon="135.708502" lat="34.422629">
        <extensions>
          <mytracks:speed>68</mytracks:speed>
        </extensions>
      </trkpt>
      <trkpt lon="135.708567" lat="34.422799">
        <extensions>
          <mytracks:speed>69</mytracks:speed>
        </extensions>
      </trkpt>
      <trkpt lon="135.708617" lat="34.422963">
        <extensions>
          <mytracks:speed>68</mytracks:speed>
        </extensions>
      </trkpt>
      <trkpt lon="135.708659" lat="34.423148">
        <extensions>
          <mytracks:speed>70</mytracks:speed>
        </extensions>
      </trkpt>
      <trkpt lon="135.708687" lat="34.423326">
        <extensions>
          <mytracks:speed>70</mytracks:speed>
        </extensions>
      </trkpt>
      <trkpt lon="135.708708" lat="34.423506">
        <extensions>
          <mytracks:speed>69</mytracks:speed>
        </extensions>
      </trkpt>
      <trkpt lon="135.708730" lat="34.423683">
        <extensions>
          <mytracks:speed>69</mytracks:speed>
        </extensions>
      </trkpt>
      <trkpt lon="135.708742" lat="34.423851">
        <extensions>
          <mytracks:speed>68</mytracks:speed>
        </extensions>
      </trkpt>
      <trkpt lon="135.708765" lat="34.424016">
        <extensions>
          <mytracks:speed>67</mytracks:speed>
        </extensions>
      </trkpt>
      <trkpt lon="135.708792" lat="34.424194">
        <extensions>
          <mytracks:speed>66</mytracks:speed>
        </extensions>
      </trkpt>
      <trkpt lon="135.708859" lat="34.424354">
        <extensions>
          <mytracks:speed>66</mytracks:speed>
        </extensions>
      </trkpt>
      <trkpt lon="135.708958" lat="34.424504">
        <extensions>
          <mytracks:speed>66</mytracks:speed>
        </extensions>
      </trkpt>
      <trkpt lon="135.709090" lat="34.424652">
        <extensions>
          <mytracks:speed>67</mytracks:speed>
        </extensions>
      </trkpt>
      <trkpt lon="135.709202" lat="34.424782">
        <extensions>
          <mytracks:speed>65</mytracks:speed>
        </extensions>
      </trkpt>
      <trkpt lon="135.709329" lat="34.424910">
        <extensions>
          <mytracks:speed>64</mytracks:speed>
        </extensions>
      </trkpt>
      <trkpt lon="135.709462" lat="34.425046">
        <extensions>
          <mytracks:speed>64</mytracks:speed>
        </extensions>
      </trkpt>
      <trkpt lon="135.709607" lat="34.425160">
        <extensions>
          <mytracks:speed>64</mytracks:speed>
        </extensions>
      </trkpt>
      <trkpt lon="135.709752" lat="34.425253">
        <extensions>
          <mytracks:speed>62</mytracks:speed>
        </extensions>
      </trkpt>
      <trkpt lon="135.709890" lat="34.425361">
        <extensions>
          <mytracks:speed>61</mytracks:speed>
        </extensions>
      </trkpt>
      <trkpt lon="135.709995" lat="34.425499">
        <extensions>
          <mytracks:speed>60</mytracks:speed>
        </extensions>
      </trkpt>
      <trkpt lon="135.710055" lat="34.425625">
        <extensions>
          <mytracks:speed>60</mytracks:speed>
        </extensions>
      </trkpt>
      <trkpt lon="135.710125" lat="34.425773">
        <extensions>
          <mytracks:speed>61</mytracks:speed>
        </extensions>
      </trkpt>
      <trkpt lon="135.710209" lat="34.425913">
        <extensions>
          <mytracks:speed>61</mytracks:speed>
        </extensions>
      </trkpt>
      <trkpt lon="135.710262" lat="34.426062">
        <extensions>
          <mytracks:speed>63</mytracks:speed>
        </extensions>
      </trkpt>
      <trkpt lon="135.710281" lat="34.426206">
        <extensions>
          <mytracks:speed>62</mytracks:speed>
        </extensions>
      </trkpt>
      <trkpt lon="135.710325" lat="34.426355">
        <extensions>
          <mytracks:speed>62</mytracks:speed>
        </extensions>
      </trkpt>
      <trkpt lon="135.710233" lat="34.426516">
        <extensions>
          <mytracks:speed>63</mytracks:speed>
        </extensions>
      </trkpt>
      <trkpt lon="135.710224" lat="34.426669">
        <extensions>
          <mytracks:speed>62</mytracks:speed>
        </extensions>
      </trkpt>
      <trkpt lon="135.710134" lat="34.426850">
        <extensions>
          <mytracks:speed>64</mytracks:speed>
        </extensions>
      </trkpt>
      <trkpt lon="135.710082" lat="34.427016">
        <extensions>
          <mytracks:speed>65</mytracks:speed>
        </extensions>
      </trkpt>
      <trkpt lon="135.710033" lat="34.427186">
        <extensions>
          <mytracks:speed>66</mytracks:speed>
        </extensions>
      </trkpt>
      <trkpt lon="135.709958" lat="34.427353">
        <extensions>
          <mytracks:speed>67</mytracks:speed>
        </extensions>
      </trkpt>
      <trkpt lon="135.709889" lat="34.427527">
        <extensions>
          <mytracks:speed>69</mytracks:speed>
        </extensions>
      </trkpt>
      <trkpt lon="135.709809" lat="34.427703">
        <extensions>
          <mytracks:speed>70</mytracks:speed>
        </extensions>
      </trkpt>
      <trkpt lon="135.709748" lat="34.427849">
        <extensions>
          <mytracks:speed>72</mytracks:speed>
        </extensions>
      </trkpt>
      <trkpt lon="135.709679" lat="34.428033">
        <extensions>
          <mytracks:speed>72</mytracks:speed>
        </extensions>
      </trkpt>
      <trkpt lon="135.709609" lat="34.428215">
        <extensions>
          <mytracks:speed>73</mytracks:speed>
        </extensions>
      </trkpt>
      <trkpt lon="135.709546" lat="34.428409">
        <extensions>
          <mytracks:speed>75</mytracks:speed>
        </extensions>
      </trkpt>
      <trkpt lon="135.709517" lat="34.428589">
        <extensions>
          <mytracks:speed>75</mytracks:speed>
        </extensions>
      </trkpt>
      <trkpt lon="135.709502" lat="34.428780">
        <extensions>
          <mytracks:speed>75</mytracks:speed>
        </extensions>
      </trkpt>
      <trkpt lon="135.709519" lat="34.428953">
        <extensions>
          <mytracks:speed>74</mytracks:speed>
        </extensions>
      </trkpt>
      <trkpt lon="135.709552" lat="34.429143">
        <extensions>
          <mytracks:speed>75</mytracks:speed>
        </extensions>
      </trkpt>
      <trkpt lon="135.709615" lat="34.429333">
        <extensions>
          <mytracks:speed>75</mytracks:speed>
        </extensions>
      </trkpt>
      <trkpt lon="135.709690" lat="34.429522">
        <extensions>
          <mytracks:speed>74</mytracks:speed>
        </extensions>
      </trkpt>
      <trkpt lon="135.709795" lat="34.429686">
        <extensions>
          <mytracks:speed>74</mytracks:speed>
        </extensions>
      </trkpt>
      <trkpt lon="135.709876" lat="34.429857">
        <extensions>
          <mytracks:speed>70</mytracks:speed>
        </extensions>
      </trkpt>
      <trkpt lon="135.709951" lat="34.430017">
        <extensions>
          <mytracks:speed>69</mytracks:speed>
        </extensions>
      </trkpt>
      <trkpt lon="135.709996" lat="34.430199">
        <extensions>
          <mytracks:speed>68</mytracks:speed>
        </extensions>
      </trkpt>
      <trkpt lon="135.710022" lat="34.430371">
        <extensions>
          <mytracks:speed>68</mytracks:speed>
        </extensions>
      </trkpt>
      <trkpt lon="135.710039" lat="34.430542">
        <extensions>
          <mytracks:speed>66</mytracks:speed>
        </extensions>
      </trkpt>
      <trkpt lon="135.710029" lat="34.430708">
        <extensions>
          <mytracks:speed>66</mytracks:speed>
        </extensions>
      </trkpt>
      <trkpt lon="135.710004" lat="34.430870">
        <extensions>
          <mytracks:speed>64</mytracks:speed>
        </extensions>
      </trkpt>
      <trkpt lon="135.709963" lat="34.431037">
        <extensions>
          <mytracks:speed>63</mytracks:speed>
        </extensions>
      </trkpt>
      <trkpt lon="135.709887" lat="34.431187">
        <extensions>
          <mytracks:speed>63</mytracks:speed>
        </extensions>
      </trkpt>
      <trkpt lon="135.709810" lat="34.431334">
        <extensions>
          <mytracks:speed>63</mytracks:speed>
        </extensions>
      </trkpt>
      <trkpt lon="135.709728" lat="34.431483">
        <extensions>
          <mytracks:speed>63</mytracks:speed>
        </extensions>
      </trkpt>
      <trkpt lon="135.709653" lat="34.431626">
        <extensions>
          <mytracks:speed>62</mytracks:speed>
        </extensions>
      </trkpt>
      <trkpt lon="135.709581" lat="34.431772">
        <extensions>
          <mytracks:speed>60</mytracks:speed>
        </extensions>
      </trkpt>
      <trkpt lon="135.709519" lat="34.431918">
        <extensions>
          <mytracks:speed>60</mytracks:speed>
        </extensions>
      </trkpt>
      <trkpt lon="135.709469" lat="34.432059">
        <extensions>
          <mytracks:speed>60</mytracks:speed>
        </extensions>
      </trkpt>
      <trkpt lon="135.709426" lat="34.432219">
        <extensions>
          <mytracks:speed>60</mytracks:speed>
        </extensions>
      </trkpt>
      <trkpt lon="135.709419" lat="34.432364">
        <extensions>
          <mytracks:speed>60</mytracks:speed>
        </extensions>
      </trkpt>
      <trkpt lon="135.709409" lat="34.432515">
        <extensions>
          <mytracks:speed>60</mytracks:speed>
        </extensions>
      </trkpt>
      <trkpt lon="135.709435" lat="34.432678">
        <extensions>
          <mytracks:speed>61</mytracks:speed>
        </extensions>
      </trkpt>
      <trkpt lon="135.709450" lat="34.432824">
        <extensions>
          <mytracks:speed>60</mytracks:speed>
        </extensions>
      </trkpt>
      <trkpt lon="135.709490" lat="34.432971">
        <extensions>
          <mytracks:speed>60</mytracks:speed>
        </extensions>
      </trkpt>
      <trkpt lon="135.709570" lat="34.433101">
        <extensions>
          <mytracks:speed>61</mytracks:speed>
        </extensions>
      </trkpt>
      <trkpt lon="135.709638" lat="34.433252">
        <extensions>
          <mytracks:speed>61</mytracks:speed>
        </extensions>
      </trkpt>
      <trkpt lon="135.709726" lat="34.433391">
        <extensions>
          <mytracks:speed>61</mytracks:speed>
        </extensions>
      </trkpt>
      <trkpt lon="135.709812" lat="34.433531">
        <extensions>
          <mytracks:speed>62</mytracks:speed>
        </extensions>
      </trkpt>
      <trkpt lon="135.709897" lat="34.433668">
        <extensions>
          <mytracks:speed>63</mytracks:speed>
        </extensions>
      </trkpt>
      <trkpt lon="135.709984" lat="34.433806">
        <extensions>
          <mytracks:speed>62</mytracks:speed>
        </extensions>
      </trkpt>
      <trkpt lon="135.710078" lat="34.433948">
        <extensions>
          <mytracks:speed>62</mytracks:speed>
        </extensions>
      </trkpt>
      <trkpt lon="135.710153" lat="34.434102">
        <extensions>
          <mytracks:speed>62</mytracks:speed>
        </extensions>
      </trkpt>
      <trkpt lon="135.710232" lat="34.434237">
        <extensions>
          <mytracks:speed>62</mytracks:speed>
        </extensions>
      </trkpt>
      <trkpt lon="135.710317" lat="34.434376">
        <extensions>
          <mytracks:speed>61</mytracks:speed>
        </extensions>
      </trkpt>
      <trkpt lon="135.710395" lat="34.434534">
        <extensions>
          <mytracks:speed>62</mytracks:speed>
        </extensions>
      </trkpt>
      <trkpt lon="135.710508" lat="34.434668">
        <extensions>
          <mytracks:speed>61</mytracks:speed>
        </extensions>
      </trkpt>
      <trkpt lon="135.710608" lat="34.434800">
        <extensions>
          <mytracks:speed>62</mytracks:speed>
        </extensions>
      </trkpt>
      <trkpt lon="135.710718" lat="34.434928">
        <extensions>
          <mytracks:speed>62</mytracks:speed>
        </extensions>
      </trkpt>
      <trkpt lon="135.710874" lat="34.435044">
        <extensions>
          <mytracks:speed>63</mytracks:speed>
        </extensions>
      </trkpt>
      <trkpt lon="135.710996" lat="34.435168">
        <extensions>
          <mytracks:speed>63</mytracks:speed>
        </extensions>
      </trkpt>
      <trkpt lon="135.711180" lat="34.435243">
        <extensions>
          <mytracks:speed>64</mytracks:speed>
        </extensions>
      </trkpt>
      <trkpt lon="135.711326" lat="34.435330">
        <extensions>
          <mytracks:speed>63</mytracks:speed>
        </extensions>
      </trkpt>
      <trkpt lon="135.711488" lat="34.435420">
        <extensions>
          <mytracks:speed>63</mytracks:speed>
        </extensions>
      </trkpt>
      <trkpt lon="135.711651" lat="34.435513">
        <extensions>
          <mytracks:speed>63</mytracks:speed>
        </extensions>
      </trkpt>
      <trkpt lon="135.711805" lat="34.435586">
        <extensions>
          <mytracks:speed>62</mytracks:speed>
        </extensions>
      </trkpt>
      <trkpt lon="135.711966" lat="34.435661">
        <extensions>
          <mytracks:speed>61</mytracks:speed>
        </extensions>
      </trkpt>
      <trkpt lon="135.712118" lat="34.435735">
        <extensions>
          <mytracks:speed>60</mytracks:speed>
        </extensions>
      </trkpt>
      <trkpt lon="135.712292" lat="34.435832">
        <extensions>
          <mytracks:speed>60</mytracks:speed>
        </extensions>
      </trkpt>
      <trkpt lon="135.712470" lat="34.435904">
        <extensions>
          <mytracks:speed>60</mytracks:speed>
        </extensions>
      </trkpt>
      <trkpt lon="135.712627" lat="34.435988">
        <extensions>
          <mytracks:speed>60</mytracks:speed>
        </extensions>
      </trkpt>
      <trkpt lon="135.712790" lat="34.436090">
        <extensions>
          <mytracks:speed>60</mytracks:speed>
        </extensions>
      </trkpt>
      <trkpt lon="135.712937" lat="34.436182">
        <extensions>
          <mytracks:speed>60</mytracks:speed>
        </extensions>
      </trkpt>
      <trkpt lon="135.713079" lat="34.436271">
        <extensions>
          <mytracks:speed>60</mytracks:speed>
        </extensions>
      </trkpt>
      <trkpt lon="135.713221" lat="34.436354">
        <extensions>
          <mytracks:speed>60</mytracks:speed>
        </extensions>
      </trkpt>
      <trkpt lon="135.713334" lat="34.436469">
        <extensions>
          <mytracks:speed>61</mytracks:speed>
        </extensions>
      </trkpt>
      <trkpt lon="135.713464" lat="34.436582">
        <extensions>
          <mytracks:speed>61</mytracks:speed>
        </extensions>
      </trkpt>
      <trkpt lon="135.713597" lat="34.436727">
        <extensions>
          <mytracks:speed>63</mytracks:speed>
        </extensions>
      </trkpt>
      <trkpt lon="135.713691" lat="34.436869">
        <extensions>
          <mytracks:speed>63</mytracks:speed>
        </extensions>
      </trkpt>
      <trkpt lon="135.713784" lat="34.437012">
        <extensions>
          <mytracks:speed>63</mytracks:speed>
        </extensions>
      </trkpt>
      <trkpt lon="135.713878" lat="34.437155">
        <extensions>
          <mytracks:speed>63</mytracks:speed>
        </extensions>
      </trkpt>
      <trkpt lon="135.713944" lat="34.437309">
        <extensions>
          <mytracks:speed>62</mytracks:speed>
        </extensions>
      </trkpt>
      <trkpt lon="135.714003" lat="34.437468">
        <extensions>
          <mytracks:speed>61</mytracks:speed>
        </extensions>
      </trkpt>
      <trkpt lon="135.714063" lat="34.437619">
        <extensions>
          <mytracks:speed>61</mytracks:speed>
        </extensions>
      </trkpt>
      <trkpt lon="135.714114" lat="34.437779">
        <extensions>
          <mytracks:speed>60</mytracks:speed>
        </extensions>
      </trkpt>
      <trkpt lon="135.714169" lat="34.437933">
        <extensions>
          <mytracks:speed>61</mytracks:speed>
        </extensions>
      </trkpt>
      <trkpt lon="135.714130" lat="34.438100">
        <extensions>
          <mytracks:speed>63</mytracks:speed>
        </extensions>
      </trkpt>
      <trkpt lon="135.714148" lat="34.438257">
        <extensions>
          <mytracks:speed>62</mytracks:speed>
        </extensions>
      </trkpt>
      <trkpt lon="135.714161" lat="34.438402">
        <extensions>
          <mytracks:speed>63</mytracks:speed>
        </extensions>
      </trkpt>
      <trkpt lon="135.714174" lat="34.438556">
        <extensions>
          <mytracks:speed>64</mytracks:speed>
        </extensions>
      </trkpt>
      <trkpt lon="135.714173" lat="34.438709">
        <extensions>
          <mytracks:speed>65</mytracks:speed>
        </extensions>
      </trkpt>
      <trkpt lon="135.714188" lat="34.438896">
        <extensions>
          <mytracks:speed>65</mytracks:speed>
        </extensions>
      </trkpt>
      <trkpt lon="135.714186" lat="34.439062">
        <extensions>
          <mytracks:speed>64</mytracks:speed>
        </extensions>
      </trkpt>
      <trkpt lon="135.714191" lat="34.439222">
        <extensions>
          <mytracks:speed>63</mytracks:speed>
        </extensions>
      </trkpt>
      <trkpt lon="135.714210" lat="34.439384">
        <extensions>
          <mytracks:speed>63</mytracks:speed>
        </extensions>
      </trkpt>
      <trkpt lon="135.714226" lat="34.439543">
        <extensions>
          <mytracks:speed>62</mytracks:speed>
        </extensions>
      </trkpt>
      <trkpt lon="135.714238" lat="34.439703">
        <extensions>
          <mytracks:speed>61</mytracks:speed>
        </extensions>
      </trkpt>
      <trkpt lon="135.714246" lat="34.439856">
        <extensions>
          <mytracks:speed>61</mytracks:speed>
        </extensions>
      </trkpt>
      <trkpt lon="135.714237" lat="34.439998">
        <extensions>
          <mytracks:speed>59</mytracks:speed>
        </extensions>
      </trkpt>
      <trkpt lon="135.714231" lat="34.440151">
        <extensions>
          <mytracks:speed>60</mytracks:speed>
        </extensions>
      </trkpt>
      <trkpt lon="135.714245" lat="34.440309">
        <extensions>
          <mytracks:speed>59</mytracks:speed>
        </extensions>
      </trkpt>
      <trkpt lon="135.714242" lat="34.440456">
        <extensions>
          <mytracks:speed>57</mytracks:speed>
        </extensions>
      </trkpt>
      <trkpt lon="135.714250" lat="34.440609">
        <extensions>
          <mytracks:speed>56</mytracks:speed>
        </extensions>
      </trkpt>
      <trkpt lon="135.714252" lat="34.440744">
        <extensions>
          <mytracks:speed>56</mytracks:speed>
        </extensions>
      </trkpt>
      <trkpt lon="135.714268" lat="34.440889">
        <extensions>
          <mytracks:speed>54</mytracks:speed>
        </extensions>
      </trkpt>
      <trkpt lon="135.714284" lat="34.441018">
        <extensions>
          <mytracks:speed>53</mytracks:speed>
        </extensions>
      </trkpt>
      <trkpt lon="135.714303" lat="34.441141">
        <extensions>
          <mytracks:speed>48</mytracks:speed>
        </extensions>
      </trkpt>
      <trkpt lon="135.714321" lat="34.441249">
        <extensions>
          <mytracks:speed>46</mytracks:speed>
        </extensions>
      </trkpt>
      <trkpt lon="135.714339" lat="34.441368">
        <extensions>
          <mytracks:speed>45</mytracks:speed>
        </extensions>
      </trkpt>
      <trkpt lon="135.714339" lat="34.441477">
        <extensions>
          <mytracks:speed>45</mytracks:speed>
        </extensions>
      </trkpt>
      <trkpt lon="135.714360" lat="34.441587">
        <extensions>
          <mytracks:speed>41</mytracks:speed>
        </extensions>
      </trkpt>
      <trkpt lon="135.714357" lat="34.441683">
        <extensions>
          <mytracks:speed>39</mytracks:speed>
        </extensions>
      </trkpt>
      <trkpt lon="135.714350" lat="34.441774">
        <extensions>
          <mytracks:speed>35</mytracks:speed>
        </extensions>
      </trkpt>
      <trkpt lon="135.714366" lat="34.441874">
        <extensions>
          <mytracks:speed>34</mytracks:speed>
        </extensions>
      </trkpt>
      <trkpt lon="135.714371" lat="34.441956">
        <extensions>
          <mytracks:speed>33</mytracks:speed>
        </extensions>
      </trkpt>
      <trkpt lon="135.714376" lat="34.442041">
        <extensions>
          <mytracks:speed>32</mytracks:speed>
        </extensions>
      </trkpt>
      <trkpt lon="135.714381" lat="34.442127">
        <extensions>
          <mytracks:speed>33</mytracks:speed>
        </extensions>
      </trkpt>
      <trkpt lon="135.714387" lat="34.442197">
        <extensions>
          <mytracks:speed>32</mytracks:speed>
        </extensions>
      </trkpt>
      <trkpt lon="135.714372" lat="34.442271">
        <extensions>
          <mytracks:speed>32</mytracks:speed>
        </extensions>
      </trkpt>
      <trkpt lon="135.714374" lat="34.442353">
        <extensions>
          <mytracks:speed>33</mytracks:speed>
        </extensions>
      </trkpt>
      <trkpt lon="135.714390" lat="34.442463">
        <extensions>
          <mytracks:speed>36</mytracks:speed>
        </extensions>
      </trkpt>
      <trkpt lon="135.714398" lat="34.442565">
        <extensions>
          <mytracks:speed>45</mytracks:speed>
        </extensions>
      </trkpt>
      <trkpt lon="135.714400" lat="34.442702">
        <extensions>
          <mytracks:speed>50</mytracks:speed>
        </extensions>
      </trkpt>
      <trkpt lon="135.714399" lat="34.442851">
        <extensions>
          <mytracks:speed>54</mytracks:speed>
        </extensions>
      </trkpt>
      <trkpt lon="135.714407" lat="34.442991">
        <extensions>
          <mytracks:speed>60</mytracks:speed>
        </extensions>
      </trkpt>
      <trkpt lon="135.714412" lat="34.443150">
        <extensions>
          <mytracks:speed>64</mytracks:speed>
        </extensions>
      </trkpt>
      <trkpt lon="135.714410" lat="34.443321">
        <extensions>
          <mytracks:speed>68</mytracks:speed>
        </extensions>
      </trkpt>
      <trkpt lon="135.714428" lat="34.443495">
        <extensions>
          <mytracks:speed>69</mytracks:speed>
        </extensions>
      </trkpt>
      <trkpt lon="135.714436" lat="34.443659">
        <extensions>
          <mytracks:speed>70</mytracks:speed>
        </extensions>
      </trkpt>
      <trkpt lon="135.714447" lat="34.443834">
        <extensions>
          <mytracks:speed>70</mytracks:speed>
        </extensions>
      </trkpt>
      <trkpt lon="135.714465" lat="34.444008">
        <extensions>
          <mytracks:speed>68</mytracks:speed>
        </extensions>
      </trkpt>
      <trkpt lon="135.714481" lat="34.444177">
        <extensions>
          <mytracks:speed>67</mytracks:speed>
        </extensions>
      </trkpt>
      <trkpt lon="135.714489" lat="34.444339">
        <extensions>
          <mytracks:speed>67</mytracks:speed>
        </extensions>
      </trkpt>
      <trkpt lon="135.714497" lat="34.444517">
        <extensions>
          <mytracks:speed>65</mytracks:speed>
        </extensions>
      </trkpt>
      <trkpt lon="135.714513" lat="34.444679">
        <extensions>
          <mytracks:speed>65</mytracks:speed>
        </extensions>
      </trkpt>
      <trkpt lon="135.714527" lat="34.444849">
        <extensions>
          <mytracks:speed>65</mytracks:speed>
        </extensions>
      </trkpt>
      <trkpt lon="135.714548" lat="34.445029">
        <extensions>
          <mytracks:speed>64</mytracks:speed>
        </extensions>
      </trkpt>
      <trkpt lon="135.714560" lat="34.445194">
        <extensions>
          <mytracks:speed>66</mytracks:speed>
        </extensions>
      </trkpt>
      <trkpt lon="135.714580" lat="34.445369">
        <extensions>
          <mytracks:speed>65</mytracks:speed>
        </extensions>
      </trkpt>
      <trkpt lon="135.714588" lat="34.445539">
        <extensions>
          <mytracks:speed>66</mytracks:speed>
        </extensions>
      </trkpt>
      <trkpt lon="135.714600" lat="34.445698">
        <extensions>
          <mytracks:speed>65</mytracks:speed>
        </extensions>
      </trkpt>
      <trkpt lon="135.714610" lat="34.445865">
        <extensions>
          <mytracks:speed>66</mytracks:speed>
        </extensions>
      </trkpt>
      <trkpt lon="135.714627" lat="34.446042">
        <extensions>
          <mytracks:speed>66</mytracks:speed>
        </extensions>
      </trkpt>
      <trkpt lon="135.714642" lat="34.446210">
        <extensions>
          <mytracks:speed>67</mytracks:speed>
        </extensions>
      </trkpt>
      <trkpt lon="135.714648" lat="34.446383">
        <extensions>
          <mytracks:speed>68</mytracks:speed>
        </extensions>
      </trkpt>
      <trkpt lon="135.714657" lat="34.446554">
        <extensions>
          <mytracks:speed>67</mytracks:speed>
        </extensions>
      </trkpt>
      <trkpt lon="135.714666" lat="34.446731">
        <extensions>
          <mytracks:speed>69</mytracks:speed>
        </extensions>
      </trkpt>
      <trkpt lon="135.714672" lat="34.446917">
        <extensions>
          <mytracks:speed>69</mytracks:speed>
        </extensions>
      </trkpt>
      <trkpt lon="135.714691" lat="34.447083">
        <extensions>
          <mytracks:speed>69</mytracks:speed>
        </extensions>
      </trkpt>
      <trkpt lon="135.714704" lat="34.447262">
        <extensions>
          <mytracks:speed>69</mytracks:speed>
        </extensions>
      </trkpt>
      <trkpt lon="135.714712" lat="34.447435">
        <extensions>
          <mytracks:speed>67</mytracks:speed>
        </extensions>
      </trkpt>
      <trkpt lon="135.714725" lat="34.447605">
        <extensions>
          <mytracks:speed>66</mytracks:speed>
        </extensions>
      </trkpt>
      <trkpt lon="135.714742" lat="34.447766">
        <extensions>
          <mytracks:speed>64</mytracks:speed>
        </extensions>
      </trkpt>
      <trkpt lon="135.714753" lat="34.447929">
        <extensions>
          <mytracks:speed>60</mytracks:speed>
        </extensions>
      </trkpt>
      <trkpt lon="135.714775" lat="34.448077">
        <extensions>
          <mytracks:speed>59</mytracks:speed>
        </extensions>
      </trkpt>
      <trkpt lon="135.714779" lat="34.448225">
        <extensions>
          <mytracks:speed>57</mytracks:speed>
        </extensions>
      </trkpt>
      <trkpt lon="135.714791" lat="34.448372">
        <extensions>
          <mytracks:speed>57</mytracks:speed>
        </extensions>
      </trkpt>
      <trkpt lon="135.714775" lat="34.448510">
        <extensions>
          <mytracks:speed>56</mytracks:speed>
        </extensions>
      </trkpt>
      <trkpt lon="135.714785" lat="34.448653">
        <extensions>
          <mytracks:speed>57</mytracks:speed>
        </extensions>
      </trkpt>
      <trkpt lon="135.714785" lat="34.448801">
        <extensions>
          <mytracks:speed>56</mytracks:speed>
        </extensions>
      </trkpt>
      <trkpt lon="135.714763" lat="34.448944">
        <extensions>
          <mytracks:speed>57</mytracks:speed>
        </extensions>
      </trkpt>
      <trkpt lon="135.714763" lat="34.449082">
        <extensions>
          <mytracks:speed>55</mytracks:speed>
        </extensions>
      </trkpt>
      <trkpt lon="135.714731" lat="34.449227">
        <extensions>
          <mytracks:speed>55</mytracks:speed>
        </extensions>
      </trkpt>
      <trkpt lon="135.714705" lat="34.449365">
        <extensions>
          <mytracks:speed>57</mytracks:speed>
        </extensions>
      </trkpt>
      <trkpt lon="135.714680" lat="34.449508">
        <extensions>
          <mytracks:speed>57</mytracks:speed>
        </extensions>
      </trkpt>
      <trkpt lon="135.714662" lat="34.449661">
        <extensions>
          <mytracks:speed>58</mytracks:speed>
        </extensions>
      </trkpt>
      <trkpt lon="135.714646" lat="34.449805">
        <extensions>
          <mytracks:speed>60</mytracks:speed>
        </extensions>
      </trkpt>
      <trkpt lon="135.714609" lat="34.449961">
        <extensions>
          <mytracks:speed>60</mytracks:speed>
        </extensions>
      </trkpt>
      <trkpt lon="135.714575" lat="34.450120">
        <extensions>
          <mytracks:speed>60</mytracks:speed>
        </extensions>
      </trkpt>
      <trkpt lon="135.714550" lat="34.450288">
        <extensions>
          <mytracks:speed>61</mytracks:speed>
        </extensions>
      </trkpt>
      <trkpt lon="135.714528" lat="34.450444">
        <extensions>
          <mytracks:speed>59</mytracks:speed>
        </extensions>
      </trkpt>
      <trkpt lon="135.714500" lat="34.450595">
        <extensions>
          <mytracks:speed>60</mytracks:speed>
        </extensions>
      </trkpt>
      <trkpt lon="135.714492" lat="34.450745">
        <extensions>
          <mytracks:speed>60</mytracks:speed>
        </extensions>
      </trkpt>
      <trkpt lon="135.714461" lat="34.450902">
        <extensions>
          <mytracks:speed>61</mytracks:speed>
        </extensions>
      </trkpt>
      <trkpt lon="135.714427" lat="34.451057">
        <extensions>
          <mytracks:speed>64</mytracks:speed>
        </extensions>
      </trkpt>
      <trkpt lon="135.714392" lat="34.451210">
        <extensions>
          <mytracks:speed>64</mytracks:speed>
        </extensions>
      </trkpt>
      <trkpt lon="135.714372" lat="34.451377">
        <extensions>
          <mytracks:speed>64</mytracks:speed>
        </extensions>
      </trkpt>
      <trkpt lon="135.714340" lat="34.451530">
        <extensions>
          <mytracks:speed>63</mytracks:speed>
        </extensions>
      </trkpt>
      <trkpt lon="135.714326" lat="34.451674">
        <extensions>
          <mytracks:speed>61</mytracks:speed>
        </extensions>
      </trkpt>
      <trkpt lon="135.714310" lat="34.451827">
        <extensions>
          <mytracks:speed>59</mytracks:speed>
        </extensions>
      </trkpt>
      <trkpt lon="135.714307" lat="34.451975">
        <extensions>
          <mytracks:speed>55</mytracks:speed>
        </extensions>
      </trkpt>
      <trkpt lon="135.714315" lat="34.452138">
        <extensions>
          <mytracks:speed>53</mytracks:speed>
        </extensions>
      </trkpt>
      <trkpt lon="135.714360" lat="34.452254">
        <extensions>
          <mytracks:speed>51</mytracks:speed>
        </extensions>
      </trkpt>
      <trkpt lon="135.714392" lat="34.452385">
        <extensions>
          <mytracks:speed>51</mytracks:speed>
        </extensions>
      </trkpt>
      <trkpt lon="135.714424" lat="34.452514">
        <extensions>
          <mytracks:speed>50</mytracks:speed>
        </extensions>
      </trkpt>
      <trkpt lon="135.714455" lat="34.452640">
        <extensions>
          <mytracks:speed>49</mytracks:speed>
        </extensions>
      </trkpt>
      <trkpt lon="135.714485" lat="34.452772">
        <extensions>
          <mytracks:speed>50</mytracks:speed>
        </extensions>
      </trkpt>
      <trkpt lon="135.714506" lat="34.452904">
        <extensions>
          <mytracks:speed>51</mytracks:speed>
        </extensions>
      </trkpt>
      <trkpt lon="135.714536" lat="34.453036">
        <extensions>
          <mytracks:speed>52</mytracks:speed>
        </extensions>
      </trkpt>
      <trkpt lon="135.714571" lat="34.453169">
        <extensions>
          <mytracks:speed>55</mytracks:speed>
        </extensions>
      </trkpt>
      <trkpt lon="135.714620" lat="34.453297">
        <extensions>
          <mytracks:speed>56</mytracks:speed>
        </extensions>
      </trkpt>
      <trkpt lon="135.714635" lat="34.453443">
        <extensions>
          <mytracks:speed>55</mytracks:speed>
        </extensions>
      </trkpt>
      <trkpt lon="135.714668" lat="34.453581">
        <extensions>
          <mytracks:speed>55</mytracks:speed>
        </extensions>
      </trkpt>
      <trkpt lon="135.714699" lat="34.453719">
        <extensions>
          <mytracks:speed>54</mytracks:speed>
        </extensions>
      </trkpt>
      <trkpt lon="135.714731" lat="34.453850">
        <extensions>
          <mytracks:speed>55</mytracks:speed>
        </extensions>
      </trkpt>
      <trkpt lon="135.714759" lat="34.453991">
        <extensions>
          <mytracks:speed>54</mytracks:speed>
        </extensions>
      </trkpt>
      <trkpt lon="135.714798" lat="34.454130">
        <extensions>
          <mytracks:speed>54</mytracks:speed>
        </extensions>
      </trkpt>
      <trkpt lon="135.714835" lat="34.454267">
        <extensions>
          <mytracks:speed>54</mytracks:speed>
        </extensions>
      </trkpt>
      <trkpt lon="135.714870" lat="34.454429">
        <extensions>
          <mytracks:speed>54</mytracks:speed>
        </extensions>
      </trkpt>
      <trkpt lon="135.714930" lat="34.454548">
        <extensions>
          <mytracks:speed>54</mytracks:speed>
        </extensions>
      </trkpt>
      <trkpt lon="135.714950" lat="34.454681">
        <extensions>
          <mytracks:speed>53</mytracks:speed>
        </extensions>
      </trkpt>
      <trkpt lon="135.714979" lat="34.454809">
        <extensions>
          <mytracks:speed>52</mytracks:speed>
        </extensions>
      </trkpt>
      <trkpt lon="135.715016" lat="34.454945">
        <extensions>
          <mytracks:speed>51</mytracks:speed>
        </extensions>
      </trkpt>
      <trkpt lon="135.715060" lat="34.455074">
        <extensions>
          <mytracks:speed>50</mytracks:speed>
        </extensions>
      </trkpt>
      <trkpt lon="135.715076" lat="34.455181">
        <extensions>
          <mytracks:speed>49</mytracks:speed>
        </extensions>
      </trkpt>
      <trkpt lon="135.715092" lat="34.455288">
        <extensions>
          <mytracks:speed>43</mytracks:speed>
        </extensions>
      </trkpt>
      <trkpt lon="135.715118" lat="34.455403">
        <extensions>
          <mytracks:speed>40</mytracks:speed>
        </extensions>
      </trkpt>
      <trkpt lon="135.715140" lat="34.455487">
        <extensions>
          <mytracks:speed>38</mytracks:speed>
        </extensions>
      </trkpt>
      <trkpt lon="135.715156" lat="34.455582">
        <extensions>
          <mytracks:speed>35</mytracks:speed>
        </extensions>
      </trkpt>
      <trkpt lon="135.715174" lat="34.455669">
        <extensions>
          <mytracks:speed>29</mytracks:speed>
        </extensions>
      </trkpt>
      <trkpt lon="135.715164" lat="34.455719">
        <extensions>
          <mytracks:speed>26</mytracks:speed>
        </extensions>
      </trkpt>
      <trkpt lon="135.715158" lat="34.455781">
        <extensions>
          <mytracks:speed>23</mytracks:speed>
        </extensions>
      </trkpt>
      <trkpt lon="135.715153" lat="34.455836">
        <extensions>
          <mytracks:speed>19</mytracks:speed>
        </extensions>
      </trkpt>
      <trkpt lon="135.715150" lat="34.455875">
        <extensions>
          <mytracks:speed>17</mytracks:speed>
        </extensions>
      </trkpt>
      <trkpt lon="135.715145" lat="34.455909">
        <extensions>
          <mytracks:speed>14</mytracks:speed>
        </extensions>
      </trkpt>
      <trkpt lon="135.715147" lat="34.455944">
        <extensions>
          <mytracks:speed>13</mytracks:speed>
        </extensions>
      </trkpt>
      <trkpt lon="135.715147" lat="34.455964">
        <extensions>
          <mytracks:speed>10</mytracks:speed>
        </extensions>
      </trkpt>
      <trkpt lon="135.715151" lat="34.455970">
        <extensions>
          <mytracks:speed>3</mytracks:speed>
        </extensions>
      </trkpt>
      <trkpt lon="135.715156" lat="34.455953">
        <extensions>
          <mytracks:speed>3</mytracks:speed>
        </extensions>
      </trkpt>
      <trkpt lon="135.715160" lat="34.455951">
        <extensions>
          <mytracks:speed>3</mytracks:speed>
        </extensions>
      </trkpt>
      <trkpt lon="135.715161" lat="34.455952">
        <extensions>
          <mytracks:speed>0</mytracks:speed>
        </extensions>
      </trkpt>
      <trkpt lon="135.715163" lat="34.455953">
        <extensions>
          <mytracks:speed>0</mytracks:speed>
        </extensions>
      </trkpt>
      <trkpt lon="135.715165" lat="34.455954">
        <extensions>
          <mytracks:speed>0</mytracks:speed>
        </extensions>
      </trkpt>
      <trkpt lon="135.715164" lat="34.455954">
        <extensions>
          <mytracks:speed>0</mytracks:speed>
        </extensions>
      </trkpt>
      <trkpt lon="135.715163" lat="34.455955">
        <extensions>
          <mytracks:speed>0</mytracks:speed>
        </extensions>
      </trkpt>
      <trkpt lon="135.715162" lat="34.455954">
        <extensions>
          <mytracks:speed>0</mytracks:speed>
        </extensions>
      </trkpt>
      <trkpt lon="135.715161" lat="34.455953">
        <extensions>
          <mytracks:speed>0</mytracks:speed>
        </extensions>
      </trkpt>
      <trkpt lon="135.715161" lat="34.455951">
        <extensions>
          <mytracks:speed>0</mytracks:speed>
        </extensions>
      </trkpt>
      <trkpt lon="135.715161" lat="34.455951">
        <extensions>
          <mytracks:speed>0</mytracks:speed>
        </extensions>
      </trkpt>
      <trkpt lon="135.715161" lat="34.455950">
        <extensions>
          <mytracks:speed>0</mytracks:speed>
        </extensions>
      </trkpt>
      <trkpt lon="135.715161" lat="34.455950">
        <extensions>
          <mytracks:speed>0</mytracks:speed>
        </extensions>
      </trkpt>
      <trkpt lon="135.715161" lat="34.455950">
        <extensions>
          <mytracks:speed>0</mytracks:speed>
        </extensions>
      </trkpt>
      <trkpt lon="135.715160" lat="34.455952">
        <extensions>
          <mytracks:speed>0</mytracks:speed>
        </extensions>
      </trkpt>
      <trkpt lon="135.715162" lat="34.455966">
        <extensions>
          <mytracks:speed>10</mytracks:speed>
        </extensions>
      </trkpt>
      <trkpt lon="135.715158" lat="34.456024">
        <extensions>
          <mytracks:speed>15</mytracks:speed>
        </extensions>
      </trkpt>
      <trkpt lon="135.715155" lat="34.456077">
        <extensions>
          <mytracks:speed>20</mytracks:speed>
        </extensions>
      </trkpt>
      <trkpt lon="135.715154" lat="34.456141">
        <extensions>
          <mytracks:speed>25</mytracks:speed>
        </extensions>
      </trkpt>
      <trkpt lon="135.715144" lat="34.456215">
        <extensions>
          <mytracks:speed>31</mytracks:speed>
        </extensions>
      </trkpt>
      <trkpt lon="135.715137" lat="34.456300">
        <extensions>
          <mytracks:speed>35</mytracks:speed>
        </extensions>
      </trkpt>
      <trkpt lon="135.715133" lat="34.456399">
        <extensions>
          <mytracks:speed>37</mytracks:speed>
        </extensions>
      </trkpt>
      <trkpt lon="135.715129" lat="34.456504">
        <extensions>
          <mytracks:speed>40</mytracks:speed>
        </extensions>
      </trkpt>
      <trkpt lon="135.715122" lat="34.456616">
        <extensions>
          <mytracks:speed>45</mytracks:speed>
        </extensions>
      </trkpt>
      <trkpt lon="135.715116" lat="34.456727">
        <extensions>
          <mytracks:speed>48</mytracks:speed>
        </extensions>
      </trkpt>
      <trkpt lon="135.715102" lat="34.456852">
        <extensions>
          <mytracks:speed>50</mytracks:speed>
        </extensions>
      </trkpt>
      <trkpt lon="135.715084" lat="34.456979">
        <extensions>
          <mytracks:speed>51</mytracks:speed>
        </extensions>
      </trkpt>
      <trkpt lon="135.715062" lat="34.457109">
        <extensions>
          <mytracks:speed>52</mytracks:speed>
        </extensions>
      </trkpt>
      <trkpt lon="135.715053" lat="34.457254">
        <extensions>
          <mytracks:speed>53</mytracks:speed>
        </extensions>
      </trkpt>
      <trkpt lon="135.715034" lat="34.457396">
        <extensions>
          <mytracks:speed>54</mytracks:speed>
        </extensions>
      </trkpt>
      <trkpt lon="135.715014" lat="34.457533">
        <extensions>
          <mytracks:speed>53</mytracks:speed>
        </extensions>
      </trkpt>
      <trkpt lon="135.714991" lat="34.457676">
        <extensions>
          <mytracks:speed>54</mytracks:speed>
        </extensions>
      </trkpt>
      <trkpt lon="135.714977" lat="34.457807">
        <extensions>
          <mytracks:speed>53</mytracks:speed>
        </extensions>
      </trkpt>
      <trkpt lon="135.714959" lat="34.457943">
        <extensions>
          <mytracks:speed>52</mytracks:speed>
        </extensions>
      </trkpt>
      <trkpt lon="135.714949" lat="34.458074">
        <extensions>
          <mytracks:speed>52</mytracks:speed>
        </extensions>
      </trkpt>
      <trkpt lon="135.714939" lat="34.458198">
        <extensions>
          <mytracks:speed>52</mytracks:speed>
        </extensions>
      </trkpt>
      <trkpt lon="135.714934" lat="34.458330">
        <extensions>
          <mytracks:speed>52</mytracks:speed>
        </extensions>
      </trkpt>
      <trkpt lon="135.714929" lat="34.458463">
        <extensions>
          <mytracks:speed>52</mytracks:speed>
        </extensions>
      </trkpt>
      <trkpt lon="135.714917" lat="34.458597">
        <extensions>
          <mytracks:speed>52</mytracks:speed>
        </extensions>
      </trkpt>
      <trkpt lon="135.714903" lat="34.458736">
        <extensions>
          <mytracks:speed>52</mytracks:speed>
        </extensions>
      </trkpt>
      <trkpt lon="135.714878" lat="34.458883">
        <extensions>
          <mytracks:speed>52</mytracks:speed>
        </extensions>
      </trkpt>
      <trkpt lon="135.714866" lat="34.459026">
        <extensions>
          <mytracks:speed>55</mytracks:speed>
        </extensions>
      </trkpt>
      <trkpt lon="135.714865" lat="34.459174">
        <extensions>
          <mytracks:speed>54</mytracks:speed>
        </extensions>
      </trkpt>
      <trkpt lon="135.714859" lat="34.459317">
        <extensions>
          <mytracks:speed>56</mytracks:speed>
        </extensions>
      </trkpt>
      <trkpt lon="135.714848" lat="34.459458">
        <extensions>
          <mytracks:speed>56</mytracks:speed>
        </extensions>
      </trkpt>
      <trkpt lon="135.714831" lat="34.459600">
        <extensions>
          <mytracks:speed>57</mytracks:speed>
        </extensions>
      </trkpt>
      <trkpt lon="135.714818" lat="34.459733">
        <extensions>
          <mytracks:speed>56</mytracks:speed>
        </extensions>
      </trkpt>
      <trkpt lon="135.714807" lat="34.459874">
        <extensions>
          <mytracks:speed>55</mytracks:speed>
        </extensions>
      </trkpt>
      <trkpt lon="135.714816" lat="34.460002">
        <extensions>
          <mytracks:speed>55</mytracks:speed>
        </extensions>
      </trkpt>
      <trkpt lon="135.714807" lat="34.460133">
        <extensions>
          <mytracks:speed>54</mytracks:speed>
        </extensions>
      </trkpt>
      <trkpt lon="135.714770" lat="34.460288">
        <extensions>
          <mytracks:speed>55</mytracks:speed>
        </extensions>
      </trkpt>
      <trkpt lon="135.714757" lat="34.460430">
        <extensions>
          <mytracks:speed>56</mytracks:speed>
        </extensions>
      </trkpt>
      <trkpt lon="135.714738" lat="34.460566">
        <extensions>
          <mytracks:speed>57</mytracks:speed>
        </extensions>
      </trkpt>
      <trkpt lon="135.714772" lat="34.460708">
        <extensions>
          <mytracks:speed>57</mytracks:speed>
        </extensions>
      </trkpt>
      <trkpt lon="135.714770" lat="34.460853">
        <extensions>
          <mytracks:speed>57</mytracks:speed>
        </extensions>
      </trkpt>
      <trkpt lon="135.714779" lat="34.461005">
        <extensions>
          <mytracks:speed>57</mytracks:speed>
        </extensions>
      </trkpt>
      <trkpt lon="135.714804" lat="34.461161">
        <extensions>
          <mytracks:speed>56</mytracks:speed>
        </extensions>
      </trkpt>
      <trkpt lon="135.714835" lat="34.461296">
        <extensions>
          <mytracks:speed>54</mytracks:speed>
        </extensions>
      </trkpt>
      <trkpt lon="135.714869" lat="34.461424">
        <extensions>
          <mytracks:speed>55</mytracks:speed>
        </extensions>
      </trkpt>
      <trkpt lon="135.714907" lat="34.461550">
        <extensions>
          <mytracks:speed>54</mytracks:speed>
        </extensions>
      </trkpt>
      <trkpt lon="135.714951" lat="34.461682">
        <extensions>
          <mytracks:speed>51</mytracks:speed>
        </extensions>
      </trkpt>
      <trkpt lon="135.715004" lat="34.461822">
        <extensions>
          <mytracks:speed>51</mytracks:speed>
        </extensions>
      </trkpt>
      <trkpt lon="135.715049" lat="34.461931">
        <extensions>
          <mytracks:speed>49</mytracks:speed>
        </extensions>
      </trkpt>
      <trkpt lon="135.715096" lat="34.462044">
        <extensions>
          <mytracks:speed>47</mytracks:speed>
        </extensions>
      </trkpt>
      <trkpt lon="135.715131" lat="34.462159">
        <extensions>
          <mytracks:speed>45</mytracks:speed>
        </extensions>
      </trkpt>
      <trkpt lon="135.715173" lat="34.462270">
        <extensions>
          <mytracks:speed>45</mytracks:speed>
        </extensions>
      </trkpt>
      <trkpt lon="135.715210" lat="34.462378">
        <extensions>
          <mytracks:speed>42</mytracks:speed>
        </extensions>
      </trkpt>
      <trkpt lon="135.715243" lat="34.462471">
        <extensions>
          <mytracks:speed>40</mytracks:speed>
        </extensions>
      </trkpt>
      <trkpt lon="135.715277" lat="34.462560">
        <extensions>
          <mytracks:speed>31</mytracks:speed>
        </extensions>
      </trkpt>
      <trkpt lon="135.715297" lat="34.462629">
        <extensions>
          <mytracks:speed>29</mytracks:speed>
        </extensions>
      </trkpt>
      <trkpt lon="135.715318" lat="34.462687">
        <extensions>
          <mytracks:speed>26</mytracks:speed>
        </extensions>
      </trkpt>
      <trkpt lon="135.715336" lat="34.462746">
        <extensions>
          <mytracks:speed>24</mytracks:speed>
        </extensions>
      </trkpt>
      <trkpt lon="135.715349" lat="34.462793">
        <extensions>
          <mytracks:speed>19</mytracks:speed>
        </extensions>
      </trkpt>
      <trkpt lon="135.715359" lat="34.462825">
        <extensions>
          <mytracks:speed>15</mytracks:speed>
        </extensions>
      </trkpt>
      <trkpt lon="135.715372" lat="34.462861">
        <extensions>
          <mytracks:speed>11</mytracks:speed>
        </extensions>
      </trkpt>
      <trkpt lon="135.715372" lat="34.462877">
        <extensions>
          <mytracks:speed>10</mytracks:speed>
        </extensions>
      </trkpt>
      <trkpt lon="135.715376" lat="34.462898">
        <extensions>
          <mytracks:speed>5</mytracks:speed>
        </extensions>
      </trkpt>
      <trkpt lon="135.715376" lat="34.462912">
        <extensions>
          <mytracks:speed>4</mytracks:speed>
        </extensions>
      </trkpt>
      <trkpt lon="135.715376" lat="34.462928">
        <extensions>
          <mytracks:speed>3</mytracks:speed>
        </extensions>
      </trkpt>
      <trkpt lon="135.715381" lat="34.462906">
        <extensions>
          <mytracks:speed>3</mytracks:speed>
        </extensions>
      </trkpt>
      <trkpt lon="135.715378" lat="34.462905">
        <extensions>
          <mytracks:speed>0</mytracks:speed>
        </extensions>
      </trkpt>
      <trkpt lon="135.715373" lat="34.462908">
        <extensions>
          <mytracks:speed>0</mytracks:speed>
        </extensions>
      </trkpt>
      <trkpt lon="135.715373" lat="34.462908">
        <extensions>
          <mytracks:speed>0</mytracks:speed>
        </extensions>
      </trkpt>
      <trkpt lon="135.715372" lat="34.462909">
        <extensions>
          <mytracks:speed>0</mytracks:speed>
        </extensions>
      </trkpt>
      <trkpt lon="135.715373" lat="34.462910">
        <extensions>
          <mytracks:speed>0</mytracks:speed>
        </extensions>
      </trkpt>
      <trkpt lon="135.715373" lat="34.462909">
        <extensions>
          <mytracks:speed>0</mytracks:speed>
        </extensions>
      </trkpt>
      <trkpt lon="135.715373" lat="34.462909">
        <extensions>
          <mytracks:speed>0</mytracks:speed>
        </extensions>
      </trkpt>
      <trkpt lon="135.715373" lat="34.462908">
        <extensions>
          <mytracks:speed>0</mytracks:speed>
        </extensions>
      </trkpt>
      <trkpt lon="135.715374" lat="34.462909">
        <extensions>
          <mytracks:speed>0</mytracks:speed>
        </extensions>
      </trkpt>
      <trkpt lon="135.715374" lat="34.462910">
        <extensions>
          <mytracks:speed>6</mytracks:speed>
        </extensions>
      </trkpt>
      <trkpt lon="135.715374" lat="34.462912">
        <extensions>
          <mytracks:speed>11</mytracks:speed>
        </extensions>
      </trkpt>
      <trkpt lon="135.715377" lat="34.462936">
        <extensions>
          <mytracks:speed>12</mytracks:speed>
        </extensions>
      </trkpt>
      <trkpt lon="135.715360" lat="34.462984">
        <extensions>
          <mytracks:speed>18</mytracks:speed>
        </extensions>
      </trkpt>
      <trkpt lon="135.715363" lat="34.463052">
        <extensions>
          <mytracks:speed>20</mytracks:speed>
        </extensions>
      </trkpt>
      <trkpt lon="135.715384" lat="34.463091">
        <extensions>
          <mytracks:speed>23</mytracks:speed>
        </extensions>
      </trkpt>
      <trkpt lon="135.715391" lat="34.463148">
        <extensions>
          <mytracks:speed>25</mytracks:speed>
        </extensions>
      </trkpt>
      <trkpt lon="135.715383" lat="34.463212">
        <extensions>
          <mytracks:speed>28</mytracks:speed>
        </extensions>
      </trkpt>
      <trkpt lon="135.715378" lat="34.463304">
        <extensions>
          <mytracks:speed>28</mytracks:speed>
        </extensions>
      </trkpt>
      <trkpt lon="135.715362" lat="34.463382">
        <extensions>
          <mytracks:speed>26</mytracks:speed>
        </extensions>
      </trkpt>
      <trkpt lon="135.715361" lat="34.463445">
        <extensions>
          <mytracks:speed>26</mytracks:speed>
        </extensions>
      </trkpt>
      <trkpt lon="135.715359" lat="34.463521">
        <extensions>
          <mytracks:speed>22</mytracks:speed>
        </extensions>
      </trkpt>
      <trkpt lon="135.715354" lat="34.463590">
        <extensions>
          <mytracks:speed>23</mytracks:speed>
        </extensions>
      </trkpt>
      <trkpt lon="135.715354" lat="34.463657">
        <extensions>
          <mytracks:speed>24</mytracks:speed>
        </extensions>
      </trkpt>
      <trkpt lon="135.715351" lat="34.463724">
        <extensions>
          <mytracks:speed>23</mytracks:speed>
        </extensions>
      </trkpt>
      <trkpt lon="135.715364" lat="34.463789">
        <extensions>
          <mytracks:speed>26</mytracks:speed>
        </extensions>
      </trkpt>
      <trkpt lon="135.715382" lat="34.463860">
        <extensions>
          <mytracks:speed>28</mytracks:speed>
        </extensions>
      </trkpt>
      <trkpt lon="135.715371" lat="34.463966">
        <extensions>
          <mytracks:speed>30</mytracks:speed>
        </extensions>
      </trkpt>
      <trkpt lon="135.715386" lat="34.464072">
        <extensions>
          <mytracks:speed>31</mytracks:speed>
        </extensions>
      </trkpt>
      <trkpt lon="135.715398" lat="34.464171">
        <extensions>
          <mytracks:speed>36</mytracks:speed>
        </extensions>
      </trkpt>
      <trkpt lon="135.715414" lat="34.464273">
        <extensions>
          <mytracks:speed>37</mytracks:speed>
        </extensions>
      </trkpt>
      <trkpt lon="135.715439" lat="34.464371">
        <extensions>
          <mytracks:speed>40</mytracks:speed>
        </extensions>
      </trkpt>
      <trkpt lon="135.715483" lat="34.464468">
        <extensions>
          <mytracks:speed>43</mytracks:speed>
        </extensions>
      </trkpt>
      <trkpt lon="135.715524" lat="34.464574">
        <extensions>
          <mytracks:speed>47</mytracks:speed>
        </extensions>
      </trkpt>
      <trkpt lon="135.715564" lat="34.464689">
        <extensions>
          <mytracks:speed>50</mytracks:speed>
        </extensions>
      </trkpt>
      <trkpt lon="135.715603" lat="34.464806">
        <extensions>
          <mytracks:speed>52</mytracks:speed>
        </extensions>
      </trkpt>
      <trkpt lon="135.715655" lat="34.464938">
        <extensions>
          <mytracks:speed>53</mytracks:speed>
        </extensions>
      </trkpt>
      <trkpt lon="135.715696" lat="34.465061">
        <extensions>
          <mytracks:speed>55</mytracks:speed>
        </extensions>
      </trkpt>
      <trkpt lon="135.715722" lat="34.465193">
        <extensions>
          <mytracks:speed>55</mytracks:speed>
        </extensions>
      </trkpt>
      <trkpt lon="135.715775" lat="34.465363">
        <extensions>
          <mytracks:speed>55</mytracks:speed>
        </extensions>
      </trkpt>
      <trkpt lon="135.715817" lat="34.465491">
        <extensions>
          <mytracks:speed>55</mytracks:speed>
        </extensions>
      </trkpt>
      <trkpt lon="135.715856" lat="34.465619">
        <extensions>
          <mytracks:speed>55</mytracks:speed>
        </extensions>
      </trkpt>
      <trkpt lon="135.715897" lat="34.465750">
        <extensions>
          <mytracks:speed>54</mytracks:speed>
        </extensions>
      </trkpt>
      <trkpt lon="135.715945" lat="34.465880">
        <extensions>
          <mytracks:speed>54</mytracks:speed>
        </extensions>
      </trkpt>
      <trkpt lon="135.715994" lat="34.466006">
        <extensions>
          <mytracks:speed>53</mytracks:speed>
        </extensions>
      </trkpt>
      <trkpt lon="135.716041" lat="34.466119">
        <extensions>
          <mytracks:speed>52</mytracks:speed>
        </extensions>
      </trkpt>
      <trkpt lon="135.716086" lat="34.466243">
        <extensions>
          <mytracks:speed>51</mytracks:speed>
        </extensions>
      </trkpt>
      <trkpt lon="135.716131" lat="34.466372">
        <extensions>
          <mytracks:speed>52</mytracks:speed>
        </extensions>
      </trkpt>
      <trkpt lon="135.716180" lat="34.466496">
        <extensions>
          <mytracks:speed>51</mytracks:speed>
        </extensions>
      </trkpt>
      <trkpt lon="135.716185" lat="34.466631">
        <extensions>
          <mytracks:speed>51</mytracks:speed>
        </extensions>
      </trkpt>
      <trkpt lon="135.716223" lat="34.466765">
        <extensions>
          <mytracks:speed>51</mytracks:speed>
        </extensions>
      </trkpt>
      <trkpt lon="135.716239" lat="34.466897">
        <extensions>
          <mytracks:speed>51</mytracks:speed>
        </extensions>
      </trkpt>
      <trkpt lon="135.716257" lat="34.467029">
        <extensions>
          <mytracks:speed>51</mytracks:speed>
        </extensions>
      </trkpt>
      <trkpt lon="135.716276" lat="34.467157">
        <extensions>
          <mytracks:speed>51</mytracks:speed>
        </extensions>
      </trkpt>
      <trkpt lon="135.716307" lat="34.467291">
        <extensions>
          <mytracks:speed>51</mytracks:speed>
        </extensions>
      </trkpt>
      <trkpt lon="135.716326" lat="34.467420">
        <extensions>
          <mytracks:speed>51</mytracks:speed>
        </extensions>
      </trkpt>
      <trkpt lon="135.716338" lat="34.467560">
        <extensions>
          <mytracks:speed>52</mytracks:speed>
        </extensions>
      </trkpt>
      <trkpt lon="135.716366" lat="34.467701">
        <extensions>
          <mytracks:speed>54</mytracks:speed>
        </extensions>
      </trkpt>
      <trkpt lon="135.716385" lat="34.467837">
        <extensions>
          <mytracks:speed>54</mytracks:speed>
        </extensions>
      </trkpt>
      <trkpt lon="135.716408" lat="34.467981">
        <extensions>
          <mytracks:speed>55</mytracks:speed>
        </extensions>
      </trkpt>
      <trkpt lon="135.716430" lat="34.468120">
        <extensions>
          <mytracks:speed>56</mytracks:speed>
        </extensions>
      </trkpt>
      <trkpt lon="135.716455" lat="34.468271">
        <extensions>
          <mytracks:speed>58</mytracks:speed>
        </extensions>
      </trkpt>
      <trkpt lon="135.716487" lat="34.468421">
        <extensions>
          <mytracks:speed>61</mytracks:speed>
        </extensions>
      </trkpt>
      <trkpt lon="135.716514" lat="34.468578">
        <extensions>
          <mytracks:speed>61</mytracks:speed>
        </extensions>
      </trkpt>
      <trkpt lon="135.716538" lat="34.468732">
        <extensions>
          <mytracks:speed>60</mytracks:speed>
        </extensions>
      </trkpt>
      <trkpt lon="135.716548" lat="34.468881">
        <extensions>
          <mytracks:speed>60</mytracks:speed>
        </extensions>
      </trkpt>
      <trkpt lon="135.716569" lat="34.469033">
        <extensions>
          <mytracks:speed>59</mytracks:speed>
        </extensions>
      </trkpt>
      <trkpt lon="135.716590" lat="34.469181">
        <extensions>
          <mytracks:speed>57</mytracks:speed>
        </extensions>
      </trkpt>
      <trkpt lon="135.716612" lat="34.469327">
        <extensions>
          <mytracks:speed>56</mytracks:speed>
        </extensions>
      </trkpt>
      <trkpt lon="135.716633" lat="34.469461">
        <extensions>
          <mytracks:speed>54</mytracks:speed>
        </extensions>
      </trkpt>
      <trkpt lon="135.716659" lat="34.469597">
        <extensions>
          <mytracks:speed>53</mytracks:speed>
        </extensions>
      </trkpt>
      <trkpt lon="135.716685" lat="34.469733">
        <extensions>
          <mytracks:speed>54</mytracks:speed>
        </extensions>
      </trkpt>
      <trkpt lon="135.716706" lat="34.469878">
        <extensions>
          <mytracks:speed>54</mytracks:speed>
        </extensions>
      </trkpt>
      <trkpt lon="135.716729" lat="34.470012">
        <extensions>
          <mytracks:speed>54</mytracks:speed>
        </extensions>
      </trkpt>
      <trkpt lon="135.716754" lat="34.470153">
        <extensions>
          <mytracks:speed>57</mytracks:speed>
        </extensions>
      </trkpt>
      <trkpt lon="135.716778" lat="34.470295">
        <extensions>
          <mytracks:speed>57</mytracks:speed>
        </extensions>
      </trkpt>
      <trkpt lon="135.716780" lat="34.470446">
        <extensions>
          <mytracks:speed>57</mytracks:speed>
        </extensions>
      </trkpt>
      <trkpt lon="135.716780" lat="34.470593">
        <extensions>
          <mytracks:speed>59</mytracks:speed>
        </extensions>
      </trkpt>
      <trkpt lon="135.716786" lat="34.470738">
        <extensions>
          <mytracks:speed>60</mytracks:speed>
        </extensions>
      </trkpt>
      <trkpt lon="135.716777" lat="34.470888">
        <extensions>
          <mytracks:speed>59</mytracks:speed>
        </extensions>
      </trkpt>
      <trkpt lon="135.716773" lat="34.471037">
        <extensions>
          <mytracks:speed>59</mytracks:speed>
        </extensions>
      </trkpt>
      <trkpt lon="135.716765" lat="34.471188">
        <extensions>
          <mytracks:speed>59</mytracks:speed>
        </extensions>
      </trkpt>
      <trkpt lon="135.716763" lat="34.471327">
        <extensions>
          <mytracks:speed>59</mytracks:speed>
        </extensions>
      </trkpt>
      <trkpt lon="135.716750" lat="34.471481">
        <extensions>
          <mytracks:speed>58</mytracks:speed>
        </extensions>
      </trkpt>
      <trkpt lon="135.716755" lat="34.471632">
        <extensions>
          <mytracks:speed>57</mytracks:speed>
        </extensions>
      </trkpt>
      <trkpt lon="135.716745" lat="34.471769">
        <extensions>
          <mytracks:speed>56</mytracks:speed>
        </extensions>
      </trkpt>
      <trkpt lon="135.716728" lat="34.471912">
        <extensions>
          <mytracks:speed>57</mytracks:speed>
        </extensions>
      </trkpt>
      <trkpt lon="135.716720" lat="34.472061">
        <extensions>
          <mytracks:speed>56</mytracks:speed>
        </extensions>
      </trkpt>
      <trkpt lon="135.716709" lat="34.472197">
        <extensions>
          <mytracks:speed>54</mytracks:speed>
        </extensions>
      </trkpt>
      <trkpt lon="135.716697" lat="34.472337">
        <extensions>
          <mytracks:speed>54</mytracks:speed>
        </extensions>
      </trkpt>
      <trkpt lon="135.716683" lat="34.472472">
        <extensions>
          <mytracks:speed>54</mytracks:speed>
        </extensions>
      </trkpt>
      <trkpt lon="135.716671" lat="34.472609">
        <extensions>
          <mytracks:speed>54</mytracks:speed>
        </extensions>
      </trkpt>
      <trkpt lon="135.716661" lat="34.472749">
        <extensions>
          <mytracks:speed>54</mytracks:speed>
        </extensions>
      </trkpt>
      <trkpt lon="135.716646" lat="34.472890">
        <extensions>
          <mytracks:speed>54</mytracks:speed>
        </extensions>
      </trkpt>
      <trkpt lon="135.716631" lat="34.473031">
        <extensions>
          <mytracks:speed>54</mytracks:speed>
        </extensions>
      </trkpt>
      <trkpt lon="135.716627" lat="34.473174">
        <extensions>
          <mytracks:speed>54</mytracks:speed>
        </extensions>
      </trkpt>
      <trkpt lon="135.716625" lat="34.473307">
        <extensions>
          <mytracks:speed>54</mytracks:speed>
        </extensions>
      </trkpt>
      <trkpt lon="135.716609" lat="34.473443">
        <extensions>
          <mytracks:speed>55</mytracks:speed>
        </extensions>
      </trkpt>
      <trkpt lon="135.716599" lat="34.473581">
        <extensions>
          <mytracks:speed>54</mytracks:speed>
        </extensions>
      </trkpt>
      <trkpt lon="135.716599" lat="34.473725">
        <extensions>
          <mytracks:speed>55</mytracks:speed>
        </extensions>
      </trkpt>
      <trkpt lon="135.716595" lat="34.473873">
        <extensions>
          <mytracks:speed>55</mytracks:speed>
        </extensions>
      </trkpt>
      <trkpt lon="135.716580" lat="34.474018">
        <extensions>
          <mytracks:speed>57</mytracks:speed>
        </extensions>
      </trkpt>
      <trkpt lon="135.716565" lat="34.474163">
        <extensions>
          <mytracks:speed>58</mytracks:speed>
        </extensions>
      </trkpt>
      <trkpt lon="135.716540" lat="34.474317">
        <extensions>
          <mytracks:speed>58</mytracks:speed>
        </extensions>
      </trkpt>
      <trkpt lon="135.716530" lat="34.474476">
        <extensions>
          <mytracks:speed>60</mytracks:speed>
        </extensions>
      </trkpt>
      <trkpt lon="135.716518" lat="34.474641">
        <extensions>
          <mytracks:speed>62</mytracks:speed>
        </extensions>
      </trkpt>
      <trkpt lon="135.716504" lat="34.474802">
        <extensions>
          <mytracks:speed>63</mytracks:speed>
        </extensions>
      </trkpt>
      <trkpt lon="135.716500" lat="34.474961">
        <extensions>
          <mytracks:speed>63</mytracks:speed>
        </extensions>
      </trkpt>
      <trkpt lon="135.716488" lat="34.475120">
        <extensions>
          <mytracks:speed>63</mytracks:speed>
        </extensions>
      </trkpt>
      <trkpt lon="135.716497" lat="34.475289">
        <extensions>
          <mytracks:speed>63</mytracks:speed>
        </extensions>
      </trkpt>
      <trkpt lon="135.716484" lat="34.475450">
        <extensions>
          <mytracks:speed>63</mytracks:speed>
        </extensions>
      </trkpt>
      <trkpt lon="135.716471" lat="34.475612">
        <extensions>
          <mytracks:speed>64</mytracks:speed>
        </extensions>
      </trkpt>
      <trkpt lon="135.716475" lat="34.475775">
        <extensions>
          <mytracks:speed>63</mytracks:speed>
        </extensions>
      </trkpt>
      <trkpt lon="135.716459" lat="34.475943">
        <extensions>
          <mytracks:speed>65</mytracks:speed>
        </extensions>
      </trkpt>
      <trkpt lon="135.716449" lat="34.476108">
        <extensions>
          <mytracks:speed>65</mytracks:speed>
        </extensions>
      </trkpt>
      <trkpt lon="135.716439" lat="34.476271">
        <extensions>
          <mytracks:speed>66</mytracks:speed>
        </extensions>
      </trkpt>
      <trkpt lon="135.716429" lat="34.476427">
        <extensions>
          <mytracks:speed>66</mytracks:speed>
        </extensions>
      </trkpt>
      <trkpt lon="135.716410" lat="34.476601">
        <extensions>
          <mytracks:speed>66</mytracks:speed>
        </extensions>
      </trkpt>
      <trkpt lon="135.716365" lat="34.476763">
        <extensions>
          <mytracks:speed>66</mytracks:speed>
        </extensions>
      </trkpt>
      <trkpt lon="135.716364" lat="34.476935">
        <extensions>
          <mytracks:speed>65</mytracks:speed>
        </extensions>
      </trkpt>
      <trkpt lon="135.716351" lat="34.477103">
        <extensions>
          <mytracks:speed>63</mytracks:speed>
        </extensions>
      </trkpt>
      <trkpt lon="135.716331" lat="34.477281">
        <extensions>
          <mytracks:speed>63</mytracks:speed>
        </extensions>
      </trkpt>
      <trkpt lon="135.716317" lat="34.477448">
        <extensions>
          <mytracks:speed>61</mytracks:speed>
        </extensions>
      </trkpt>
      <trkpt lon="135.716298" lat="34.477610">
        <extensions>
          <mytracks:speed>61</mytracks:speed>
        </extensions>
      </trkpt>
      <trkpt lon="135.716242" lat="34.477767">
        <extensions>
          <mytracks:speed>60</mytracks:speed>
        </extensions>
      </trkpt>
      <trkpt lon="135.716227" lat="34.477902">
        <extensions>
          <mytracks:speed>59</mytracks:speed>
        </extensions>
      </trkpt>
      <trkpt lon="135.716211" lat="34.478041">
        <extensions>
          <mytracks:speed>59</mytracks:speed>
        </extensions>
      </trkpt>
      <trkpt lon="135.716215" lat="34.478187">
        <extensions>
          <mytracks:speed>59</mytracks:speed>
        </extensions>
      </trkpt>
      <trkpt lon="135.716192" lat="34.478333">
        <extensions>
          <mytracks:speed>59</mytracks:speed>
        </extensions>
      </trkpt>
      <trkpt lon="135.716187" lat="34.478489">
        <extensions>
          <mytracks:speed>61</mytracks:speed>
        </extensions>
      </trkpt>
      <trkpt lon="135.716173" lat="34.478640">
        <extensions>
          <mytracks:speed>63</mytracks:speed>
        </extensions>
      </trkpt>
      <trkpt lon="135.716149" lat="34.478795">
        <extensions>
          <mytracks:speed>62</mytracks:speed>
        </extensions>
      </trkpt>
      <trkpt lon="135.716148" lat="34.478944">
        <extensions>
          <mytracks:speed>63</mytracks:speed>
        </extensions>
      </trkpt>
      <trkpt lon="135.716126" lat="34.479106">
        <extensions>
          <mytracks:speed>63</mytracks:speed>
        </extensions>
      </trkpt>
      <trkpt lon="135.716096" lat="34.479268">
        <extensions>
          <mytracks:speed>64</mytracks:speed>
        </extensions>
      </trkpt>
      <trkpt lon="135.716069" lat="34.479429">
        <extensions>
          <mytracks:speed>64</mytracks:speed>
        </extensions>
      </trkpt>
      <trkpt lon="135.716042" lat="34.479590">
        <extensions>
          <mytracks:speed>64</mytracks:speed>
        </extensions>
      </trkpt>
      <trkpt lon="135.716009" lat="34.479746">
        <extensions>
          <mytracks:speed>63</mytracks:speed>
        </extensions>
      </trkpt>
      <trkpt lon="135.715979" lat="34.479904">
        <extensions>
          <mytracks:speed>63</mytracks:speed>
        </extensions>
      </trkpt>
      <trkpt lon="135.715952" lat="34.480059">
        <extensions>
          <mytracks:speed>61</mytracks:speed>
        </extensions>
      </trkpt>
      <trkpt lon="135.715929" lat="34.480210">
        <extensions>
          <mytracks:speed>60</mytracks:speed>
        </extensions>
      </trkpt>
      <trkpt lon="135.715907" lat="34.480363">
        <extensions>
          <mytracks:speed>59</mytracks:speed>
        </extensions>
      </trkpt>
      <trkpt lon="135.715882" lat="34.480513">
        <extensions>
          <mytracks:speed>57</mytracks:speed>
        </extensions>
      </trkpt>
      <trkpt lon="135.715851" lat="34.480664">
        <extensions>
          <mytracks:speed>57</mytracks:speed>
        </extensions>
      </trkpt>
      <trkpt lon="135.715828" lat="34.480811">
        <extensions>
          <mytracks:speed>54</mytracks:speed>
        </extensions>
      </trkpt>
      <trkpt lon="135.715806" lat="34.480953">
        <extensions>
          <mytracks:speed>51</mytracks:speed>
        </extensions>
      </trkpt>
      <trkpt lon="135.715784" lat="34.481081">
        <extensions>
          <mytracks:speed>47</mytracks:speed>
        </extensions>
      </trkpt>
      <trkpt lon="135.715768" lat="34.481199">
        <extensions>
          <mytracks:speed>44</mytracks:speed>
        </extensions>
      </trkpt>
      <trkpt lon="135.715761" lat="34.481290">
        <extensions>
          <mytracks:speed>42</mytracks:speed>
        </extensions>
      </trkpt>
      <trkpt lon="135.715748" lat="34.481362">
        <extensions>
          <mytracks:speed>39</mytracks:speed>
        </extensions>
      </trkpt>
      <trkpt lon="135.715736" lat="34.481447">
        <extensions>
          <mytracks:speed>33</mytracks:speed>
        </extensions>
      </trkpt>
      <trkpt lon="135.715714" lat="34.481535">
        <extensions>
          <mytracks:speed>31</mytracks:speed>
        </extensions>
      </trkpt>
      <trkpt lon="135.715696" lat="34.481612">
        <extensions>
          <mytracks:speed>29</mytracks:speed>
        </extensions>
      </trkpt>
      <trkpt lon="135.715698" lat="34.481673">
        <extensions>
          <mytracks:speed>25</mytracks:speed>
        </extensions>
      </trkpt>
      <trkpt lon="135.715688" lat="34.481744">
        <extensions>
          <mytracks:speed>20</mytracks:speed>
        </extensions>
      </trkpt>
      <trkpt lon="135.715672" lat="34.481786">
        <extensions>
          <mytracks:speed>17</mytracks:speed>
        </extensions>
      </trkpt>
      <trkpt lon="135.715653" lat="34.481816">
        <extensions>
          <mytracks:speed>16</mytracks:speed>
        </extensions>
      </trkpt>
      <trkpt lon="135.715650" lat="34.481838">
        <extensions>
          <mytracks:speed>13</mytracks:speed>
        </extensions>
      </trkpt>
      <trkpt lon="135.715649" lat="34.481870">
        <extensions>
          <mytracks:speed>11</mytracks:speed>
        </extensions>
      </trkpt>
      <trkpt lon="135.715648" lat="34.481888">
        <extensions>
          <mytracks:speed>10</mytracks:speed>
        </extensions>
      </trkpt>
      <trkpt lon="135.715651" lat="34.481934">
        <extensions>
          <mytracks:speed>10</mytracks:speed>
        </extensions>
      </trkpt>
      <trkpt lon="135.715631" lat="34.481950">
        <extensions>
          <mytracks:speed>9</mytracks:speed>
        </extensions>
      </trkpt>
      <trkpt lon="135.715624" lat="34.481977">
        <extensions>
          <mytracks:speed>10</mytracks:speed>
        </extensions>
      </trkpt>
      <trkpt lon="135.715630" lat="34.481998">
        <extensions>
          <mytracks:speed>12</mytracks:speed>
        </extensions>
      </trkpt>
      <trkpt lon="135.715623" lat="34.482019">
        <extensions>
          <mytracks:speed>11</mytracks:speed>
        </extensions>
      </trkpt>
      <trkpt lon="135.715632" lat="34.482052">
        <extensions>
          <mytracks:speed>10</mytracks:speed>
        </extensions>
      </trkpt>
      <trkpt lon="135.715621" lat="34.482087">
        <extensions>
          <mytracks:speed>15</mytracks:speed>
        </extensions>
      </trkpt>
      <trkpt lon="135.715616" lat="34.482118">
        <extensions>
          <mytracks:speed>18</mytracks:speed>
        </extensions>
      </trkpt>
      <trkpt lon="135.715608" lat="34.482159">
        <extensions>
          <mytracks:speed>23</mytracks:speed>
        </extensions>
      </trkpt>
      <trkpt lon="135.715591" lat="34.482252">
        <extensions>
          <mytracks:speed>25</mytracks:speed>
        </extensions>
      </trkpt>
      <trkpt lon="135.715574" lat="34.482323">
        <extensions>
          <mytracks:speed>32</mytracks:speed>
        </extensions>
      </trkpt>
      <trkpt lon="135.715558" lat="34.482404">
        <extensions>
          <mytracks:speed>35</mytracks:speed>
        </extensions>
      </trkpt>
      <trkpt lon="135.715543" lat="34.482478">
        <extensions>
          <mytracks:speed>36</mytracks:speed>
        </extensions>
      </trkpt>
      <trkpt lon="135.715531" lat="34.482616">
        <extensions>
          <mytracks:speed>38</mytracks:speed>
        </extensions>
      </trkpt>
      <trkpt lon="135.715524" lat="34.482714">
        <extensions>
          <mytracks:speed>39</mytracks:speed>
        </extensions>
      </trkpt>
      <trkpt lon="135.715510" lat="34.482807">
        <extensions>
          <mytracks:speed>39</mytracks:speed>
        </extensions>
      </trkpt>
      <trkpt lon="135.715494" lat="34.482903">
        <extensions>
          <mytracks:speed>41</mytracks:speed>
        </extensions>
      </trkpt>
      <trkpt lon="135.715462" lat="34.483004">
        <extensions>
          <mytracks:speed>42</mytracks:speed>
        </extensions>
      </trkpt>
      <trkpt lon="135.715443" lat="34.483119">
        <extensions>
          <mytracks:speed>46</mytracks:speed>
        </extensions>
      </trkpt>
      <trkpt lon="135.715422" lat="34.483226">
        <extensions>
          <mytracks:speed>47</mytracks:speed>
        </extensions>
      </trkpt>
      <trkpt lon="135.715408" lat="34.483360">
        <extensions>
          <mytracks:speed>48</mytracks:speed>
        </extensions>
      </trkpt>
      <trkpt lon="135.715377" lat="34.483476">
        <extensions>
          <mytracks:speed>49</mytracks:speed>
        </extensions>
      </trkpt>
      <trkpt lon="135.715346" lat="34.483622">
        <extensions>
          <mytracks:speed>51</mytracks:speed>
        </extensions>
      </trkpt>
      <trkpt lon="135.715319" lat="34.483747">
        <extensions>
          <mytracks:speed>51</mytracks:speed>
        </extensions>
      </trkpt>
      <trkpt lon="135.715296" lat="34.483873">
        <extensions>
          <mytracks:speed>51</mytracks:speed>
        </extensions>
      </trkpt>
      <trkpt lon="135.715281" lat="34.484002">
        <extensions>
          <mytracks:speed>50</mytracks:speed>
        </extensions>
      </trkpt>
      <trkpt lon="135.715263" lat="34.484132">
        <extensions>
          <mytracks:speed>49</mytracks:speed>
        </extensions>
      </trkpt>
      <trkpt lon="135.715242" lat="34.484251">
        <extensions>
          <mytracks:speed>48</mytracks:speed>
        </extensions>
      </trkpt>
      <trkpt lon="135.715231" lat="34.484378">
        <extensions>
          <mytracks:speed>48</mytracks:speed>
        </extensions>
      </trkpt>
      <trkpt lon="135.715210" lat="34.484501">
        <extensions>
          <mytracks:speed>48</mytracks:speed>
        </extensions>
      </trkpt>
      <trkpt lon="135.715188" lat="34.484627">
        <extensions>
          <mytracks:speed>48</mytracks:speed>
        </extensions>
      </trkpt>
      <trkpt lon="135.715169" lat="34.484751">
        <extensions>
          <mytracks:speed>48</mytracks:speed>
        </extensions>
      </trkpt>
      <trkpt lon="135.715146" lat="34.484871">
        <extensions>
          <mytracks:speed>48</mytracks:speed>
        </extensions>
      </trkpt>
      <trkpt lon="135.715120" lat="34.484997">
        <extensions>
          <mytracks:speed>49</mytracks:speed>
        </extensions>
      </trkpt>
      <trkpt lon="135.715088" lat="34.485126">
        <extensions>
          <mytracks:speed>51</mytracks:speed>
        </extensions>
      </trkpt>
      <trkpt lon="135.715072" lat="34.485259">
        <extensions>
          <mytracks:speed>50</mytracks:speed>
        </extensions>
      </trkpt>
      <trkpt lon="135.715060" lat="34.485386">
        <extensions>
          <mytracks:speed>51</mytracks:speed>
        </extensions>
      </trkpt>
      <trkpt lon="135.715030" lat="34.485528">
        <extensions>
          <mytracks:speed>52</mytracks:speed>
        </extensions>
      </trkpt>
      <trkpt lon="135.715015" lat="34.485659">
        <extensions>
          <mytracks:speed>52</mytracks:speed>
        </extensions>
      </trkpt>
      <trkpt lon="135.714989" lat="34.485796">
        <extensions>
          <mytracks:speed>54</mytracks:speed>
        </extensions>
      </trkpt>
      <trkpt lon="135.714962" lat="34.485932">
        <extensions>
          <mytracks:speed>54</mytracks:speed>
        </extensions>
      </trkpt>
      <trkpt lon="135.714910" lat="34.486066">
        <extensions>
          <mytracks:speed>54</mytracks:speed>
        </extensions>
      </trkpt>
      <trkpt lon="135.714866" lat="34.486203">
        <extensions>
          <mytracks:speed>57</mytracks:speed>
        </extensions>
      </trkpt>
      <trkpt lon="135.714830" lat="34.486336">
        <extensions>
          <mytracks:speed>58</mytracks:speed>
        </extensions>
      </trkpt>
      <trkpt lon="135.714760" lat="34.486489">
        <extensions>
          <mytracks:speed>59</mytracks:speed>
        </extensions>
      </trkpt>
      <trkpt lon="135.714700" lat="34.486634">
        <extensions>
          <mytracks:speed>60</mytracks:speed>
        </extensions>
      </trkpt>
      <trkpt lon="135.714641" lat="34.486775">
        <extensions>
          <mytracks:speed>61</mytracks:speed>
        </extensions>
      </trkpt>
      <trkpt lon="135.714580" lat="34.486920">
        <extensions>
          <mytracks:speed>61</mytracks:speed>
        </extensions>
      </trkpt>
      <trkpt lon="135.714508" lat="34.487073">
        <extensions>
          <mytracks:speed>59</mytracks:speed>
        </extensions>
      </trkpt>
      <trkpt lon="135.714437" lat="34.487210">
        <extensions>
          <mytracks:speed>58</mytracks:speed>
        </extensions>
      </trkpt>
      <trkpt lon="135.714363" lat="34.487341">
        <extensions>
          <mytracks:speed>57</mytracks:speed>
        </extensions>
      </trkpt>
      <trkpt lon="135.714296" lat="34.487471">
        <extensions>
          <mytracks:speed>56</mytracks:speed>
        </extensions>
      </trkpt>
      <trkpt lon="135.714229" lat="34.487599">
        <extensions>
          <mytracks:speed>57</mytracks:speed>
        </extensions>
      </trkpt>
      <trkpt lon="135.714167" lat="34.487740">
        <extensions>
          <mytracks:speed>56</mytracks:speed>
        </extensions>
      </trkpt>
      <trkpt lon="135.714103" lat="34.487874">
        <extensions>
          <mytracks:speed>56</mytracks:speed>
        </extensions>
      </trkpt>
      <trkpt lon="135.714037" lat="34.487998">
        <extensions>
          <mytracks:speed>54</mytracks:speed>
        </extensions>
      </trkpt>
      <trkpt lon="135.713978" lat="34.488128">
        <extensions>
          <mytracks:speed>54</mytracks:speed>
        </extensions>
      </trkpt>
      <trkpt lon="135.713924" lat="34.488246">
        <extensions>
          <mytracks:speed>53</mytracks:speed>
        </extensions>
      </trkpt>
      <trkpt lon="135.713860" lat="34.488377">
        <extensions>
          <mytracks:speed>50</mytracks:speed>
        </extensions>
      </trkpt>
      <trkpt lon="135.713818" lat="34.488508">
        <extensions>
          <mytracks:speed>51</mytracks:speed>
        </extensions>
      </trkpt>
      <trkpt lon="135.713760" lat="34.488620">
        <extensions>
          <mytracks:speed>50</mytracks:speed>
        </extensions>
      </trkpt>
      <trkpt lon="135.713709" lat="34.488739">
        <extensions>
          <mytracks:speed>48</mytracks:speed>
        </extensions>
      </trkpt>
      <trkpt lon="135.713660" lat="34.488850">
        <extensions>
          <mytracks:speed>46</mytracks:speed>
        </extensions>
      </trkpt>
      <trkpt lon="135.713632" lat="34.488964">
        <extensions>
          <mytracks:speed>47</mytracks:speed>
        </extensions>
      </trkpt>
      <trkpt lon="135.713591" lat="34.489082">
        <extensions>
          <mytracks:speed>44</mytracks:speed>
        </extensions>
      </trkpt>
      <trkpt lon="135.713553" lat="34.489188">
        <extensions>
          <mytracks:speed>43</mytracks:speed>
        </extensions>
      </trkpt>
      <trkpt lon="135.713517" lat="34.489300">
        <extensions>
          <mytracks:speed>41</mytracks:speed>
        </extensions>
      </trkpt>
      <trkpt lon="135.713474" lat="34.489395">
        <extensions>
          <mytracks:speed>41</mytracks:speed>
        </extensions>
      </trkpt>
      <trkpt lon="135.713440" lat="34.489487">
        <extensions>
          <mytracks:speed>39</mytracks:speed>
        </extensions>
      </trkpt>
      <trkpt lon="135.713410" lat="34.489570">
        <extensions>
          <mytracks:speed>37</mytracks:speed>
        </extensions>
      </trkpt>
      <trkpt lon="135.713374" lat="34.489644">
        <extensions>
          <mytracks:speed>30</mytracks:speed>
        </extensions>
      </trkpt>
      <trkpt lon="135.713363" lat="34.489726">
        <extensions>
          <mytracks:speed>28</mytracks:speed>
        </extensions>
      </trkpt>
      <trkpt lon="135.713342" lat="34.489793">
        <extensions>
          <mytracks:speed>25</mytracks:speed>
        </extensions>
      </trkpt>
      <trkpt lon="135.713321" lat="34.489853">
        <extensions>
          <mytracks:speed>22</mytracks:speed>
        </extensions>
      </trkpt>
      <trkpt lon="135.713305" lat="34.489900">
        <extensions>
          <mytracks:speed>17</mytracks:speed>
        </extensions>
      </trkpt>
      <trkpt lon="135.713286" lat="34.489933">
        <extensions>
          <mytracks:speed>14</mytracks:speed>
        </extensions>
      </trkpt>
      <trkpt lon="135.713269" lat="34.489955">
        <extensions>
          <mytracks:speed>13</mytracks:speed>
        </extensions>
      </trkpt>
      <trkpt lon="135.713263" lat="34.489963">
        <extensions>
          <mytracks:speed>9</mytracks:speed>
        </extensions>
      </trkpt>
      <trkpt lon="135.713254" lat="34.489962">
        <extensions>
          <mytracks:speed>5</mytracks:speed>
        </extensions>
      </trkpt>
      <trkpt lon="135.713256" lat="34.489970">
        <extensions>
          <mytracks:speed>3</mytracks:speed>
        </extensions>
      </trkpt>
      <trkpt lon="135.713258" lat="34.489970">
        <extensions>
          <mytracks:speed>3</mytracks:speed>
        </extensions>
      </trkpt>
      <trkpt lon="135.713256" lat="34.489973">
        <extensions>
          <mytracks:speed>3</mytracks:speed>
        </extensions>
      </trkpt>
      <trkpt lon="135.713257" lat="34.489976">
        <extensions>
          <mytracks:speed>0</mytracks:speed>
        </extensions>
      </trkpt>
      <trkpt lon="135.713266" lat="34.489971">
        <extensions>
          <mytracks:speed>0</mytracks:speed>
        </extensions>
      </trkpt>
      <trkpt lon="135.713269" lat="34.489972">
        <extensions>
          <mytracks:speed>0</mytracks:speed>
        </extensions>
      </trkpt>
      <trkpt lon="135.713276" lat="34.489972">
        <extensions>
          <mytracks:speed>0</mytracks:speed>
        </extensions>
      </trkpt>
      <trkpt lon="135.713283" lat="34.489972">
        <extensions>
          <mytracks:speed>0</mytracks:speed>
        </extensions>
      </trkpt>
      <trkpt lon="135.713289" lat="34.489971">
        <extensions>
          <mytracks:speed>0</mytracks:speed>
        </extensions>
      </trkpt>
      <trkpt lon="135.713295" lat="34.489971">
        <extensions>
          <mytracks:speed>0</mytracks:speed>
        </extensions>
      </trkpt>
      <trkpt lon="135.713301" lat="34.489970">
        <extensions>
          <mytracks:speed>0</mytracks:speed>
        </extensions>
      </trkpt>
      <trkpt lon="135.713306" lat="34.489971">
        <extensions>
          <mytracks:speed>0</mytracks:speed>
        </extensions>
      </trkpt>
      <trkpt lon="135.713307" lat="34.489971">
        <extensions>
          <mytracks:speed>4</mytracks:speed>
        </extensions>
      </trkpt>
      <trkpt lon="135.713305" lat="34.489970">
        <extensions>
          <mytracks:speed>5</mytracks:speed>
        </extensions>
      </trkpt>
      <trkpt lon="135.713304" lat="34.489971">
        <extensions>
          <mytracks:speed>8</mytracks:speed>
        </extensions>
      </trkpt>
      <trkpt lon="135.713292" lat="34.489983">
        <extensions>
          <mytracks:speed>15</mytracks:speed>
        </extensions>
      </trkpt>
      <trkpt lon="135.713278" lat="34.490005">
        <extensions>
          <mytracks:speed>17</mytracks:speed>
        </extensions>
      </trkpt>
      <trkpt lon="135.713231" lat="34.490118">
        <extensions>
          <mytracks:speed>19</mytracks:speed>
        </extensions>
      </trkpt>
      <trkpt lon="135.713237" lat="34.490206">
        <extensions>
          <mytracks:speed>23</mytracks:speed>
        </extensions>
      </trkpt>
      <trkpt lon="135.713188" lat="34.490285">
        <extensions>
          <mytracks:speed>28</mytracks:speed>
        </extensions>
      </trkpt>
      <trkpt lon="135.713163" lat="34.490355">
        <extensions>
          <mytracks:speed>32</mytracks:speed>
        </extensions>
      </trkpt>
      <trkpt lon="135.713132" lat="34.490417">
        <extensions>
          <mytracks:speed>34</mytracks:speed>
        </extensions>
      </trkpt>
      <trkpt lon="135.713077" lat="34.490492">
        <extensions>
          <mytracks:speed>37</mytracks:speed>
        </extensions>
      </trkpt>
      <trkpt lon="135.713026" lat="34.490604">
        <extensions>
          <mytracks:speed>42</mytracks:speed>
        </extensions>
      </trkpt>
      <trkpt lon="135.712976" lat="34.490701">
        <extensions>
          <mytracks:speed>43</mytracks:speed>
        </extensions>
      </trkpt>
      <trkpt lon="135.712889" lat="34.490816">
        <extensions>
          <mytracks:speed>46</mytracks:speed>
        </extensions>
      </trkpt>
      <trkpt lon="135.712821" lat="34.490928">
        <extensions>
          <mytracks:speed>47</mytracks:speed>
        </extensions>
      </trkpt>
      <trkpt lon="135.712752" lat="34.491026">
        <extensions>
          <mytracks:speed>48</mytracks:speed>
        </extensions>
      </trkpt>
      <trkpt lon="135.712653" lat="34.491132">
        <extensions>
          <mytracks:speed>49</mytracks:speed>
        </extensions>
      </trkpt>
      <trkpt lon="135.712573" lat="34.491248">
        <extensions>
          <mytracks:speed>50</mytracks:speed>
        </extensions>
      </trkpt>
      <trkpt lon="135.712493" lat="34.491357">
        <extensions>
          <mytracks:speed>51</mytracks:speed>
        </extensions>
      </trkpt>
      <trkpt lon="135.712415" lat="34.491477">
        <extensions>
          <mytracks:speed>51</mytracks:speed>
        </extensions>
      </trkpt>
      <trkpt lon="135.712322" lat="34.491588">
        <extensions>
          <mytracks:speed>50</mytracks:speed>
        </extensions>
      </trkpt>
      <trkpt lon="135.712239" lat="34.491702">
        <extensions>
          <mytracks:speed>50</mytracks:speed>
        </extensions>
      </trkpt>
      <trkpt lon="135.712153" lat="34.491813">
        <extensions>
          <mytracks:speed>49</mytracks:speed>
        </extensions>
      </trkpt>
      <trkpt lon="135.712059" lat="34.491915">
        <extensions>
          <mytracks:speed>48</mytracks:speed>
        </extensions>
      </trkpt>
      <trkpt lon="135.711958" lat="34.491990">
        <extensions>
          <mytracks:speed>48</mytracks:speed>
        </extensions>
      </trkpt>
      <trkpt lon="135.711857" lat="34.492083">
        <extensions>
          <mytracks:speed>48</mytracks:speed>
        </extensions>
      </trkpt>
      <trkpt lon="135.711750" lat="34.492162">
        <extensions>
          <mytracks:speed>47</mytracks:speed>
        </extensions>
      </trkpt>
      <trkpt lon="135.711643" lat="34.492244">
        <extensions>
          <mytracks:speed>47</mytracks:speed>
        </extensions>
      </trkpt>
      <trkpt lon="135.711524" lat="34.492314">
        <extensions>
          <mytracks:speed>47</mytracks:speed>
        </extensions>
      </trkpt>
      <trkpt lon="135.711400" lat="34.492365">
        <extensions>
          <mytracks:speed>49</mytracks:speed>
        </extensions>
      </trkpt>
      <trkpt lon="135.711268" lat="34.492430">
        <extensions>
          <mytracks:speed>52</mytracks:speed>
        </extensions>
      </trkpt>
      <trkpt lon="135.711122" lat="34.492482">
        <extensions>
          <mytracks:speed>55</mytracks:speed>
        </extensions>
      </trkpt>
      <trkpt lon="135.710972" lat="34.492544">
        <extensions>
          <mytracks:speed>57</mytracks:speed>
        </extensions>
      </trkpt>
      <trkpt lon="135.710815" lat="34.492609">
        <extensions>
          <mytracks:speed>58</mytracks:speed>
        </extensions>
      </trkpt>
      <trkpt lon="135.710648" lat="34.492674">
        <extensions>
          <mytracks:speed>60</mytracks:speed>
        </extensions>
      </trkpt>
      <trkpt lon="135.710478" lat="34.492745">
        <extensions>
          <mytracks:speed>56</mytracks:speed>
        </extensions>
      </trkpt>
      <trkpt lon="135.710328" lat="34.492814">
        <extensions>
          <mytracks:speed>55</mytracks:speed>
        </extensions>
      </trkpt>
      <trkpt lon="135.710190" lat="34.492904">
        <extensions>
          <mytracks:speed>53</mytracks:speed>
        </extensions>
      </trkpt>
      <trkpt lon="135.710055" lat="34.492970">
        <extensions>
          <mytracks:speed>50</mytracks:speed>
        </extensions>
      </trkpt>
      <trkpt lon="135.709935" lat="34.493048">
        <extensions>
          <mytracks:speed>49</mytracks:speed>
        </extensions>
      </trkpt>
      <trkpt lon="135.709811" lat="34.493117">
        <extensions>
          <mytracks:speed>49</mytracks:speed>
        </extensions>
      </trkpt>
      <trkpt lon="135.709686" lat="34.493187">
        <extensions>
          <mytracks:speed>50</mytracks:speed>
        </extensions>
      </trkpt>
      <trkpt lon="135.709562" lat="34.493265">
        <extensions>
          <mytracks:speed>51</mytracks:speed>
        </extensions>
      </trkpt>
      <trkpt lon="135.709428" lat="34.493340">
        <extensions>
          <mytracks:speed>52</mytracks:speed>
        </extensions>
      </trkpt>
      <trkpt lon="135.709308" lat="34.493427">
        <extensions>
          <mytracks:speed>52</mytracks:speed>
        </extensions>
      </trkpt>
      <trkpt lon="135.709169" lat="34.493520">
        <extensions>
          <mytracks:speed>53</mytracks:speed>
        </extensions>
      </trkpt>
      <trkpt lon="135.709011" lat="34.493595">
        <extensions>
          <mytracks:speed>54</mytracks:speed>
        </extensions>
      </trkpt>
      <trkpt lon="135.708873" lat="34.493682">
        <extensions>
          <mytracks:speed>54</mytracks:speed>
        </extensions>
      </trkpt>
      <trkpt lon="135.708744" lat="34.493766">
        <extensions>
          <mytracks:speed>57</mytracks:speed>
        </extensions>
      </trkpt>
      <trkpt lon="135.708600" lat="34.493839">
        <extensions>
          <mytracks:speed>57</mytracks:speed>
        </extensions>
      </trkpt>
      <trkpt lon="135.708444" lat="34.493912">
        <extensions>
          <mytracks:speed>57</mytracks:speed>
        </extensions>
      </trkpt>
      <trkpt lon="135.708300" lat="34.493993">
        <extensions>
          <mytracks:speed>56</mytracks:speed>
        </extensions>
      </trkpt>
      <trkpt lon="135.708154" lat="34.494070">
        <extensions>
          <mytracks:speed>54</mytracks:speed>
        </extensions>
      </trkpt>
      <trkpt lon="135.708010" lat="34.494137">
        <extensions>
          <mytracks:speed>53</mytracks:speed>
        </extensions>
      </trkpt>
      <trkpt lon="135.707863" lat="34.494211">
        <extensions>
          <mytracks:speed>52</mytracks:speed>
        </extensions>
      </trkpt>
      <trkpt lon="135.707726" lat="34.494285">
        <extensions>
          <mytracks:speed>51</mytracks:speed>
        </extensions>
      </trkpt>
      <trkpt lon="135.707604" lat="34.494353">
        <extensions>
          <mytracks:speed>51</mytracks:speed>
        </extensions>
      </trkpt>
      <trkpt lon="135.707473" lat="34.494434">
        <extensions>
          <mytracks:speed>52</mytracks:speed>
        </extensions>
      </trkpt>
      <trkpt lon="135.707345" lat="34.494511">
        <extensions>
          <mytracks:speed>51</mytracks:speed>
        </extensions>
      </trkpt>
      <trkpt lon="135.707218" lat="34.494583">
        <extensions>
          <mytracks:speed>51</mytracks:speed>
        </extensions>
      </trkpt>
      <trkpt lon="135.707091" lat="34.494652">
        <extensions>
          <mytracks:speed>49</mytracks:speed>
        </extensions>
      </trkpt>
      <trkpt lon="135.706963" lat="34.494728">
        <extensions>
          <mytracks:speed>51</mytracks:speed>
        </extensions>
      </trkpt>
      <trkpt lon="135.706833" lat="34.494799">
        <extensions>
          <mytracks:speed>51</mytracks:speed>
        </extensions>
      </trkpt>
      <trkpt lon="135.706703" lat="34.494875">
        <extensions>
          <mytracks:speed>51</mytracks:speed>
        </extensions>
      </trkpt>
      <trkpt lon="135.706563" lat="34.494954">
        <extensions>
          <mytracks:speed>54</mytracks:speed>
        </extensions>
      </trkpt>
      <trkpt lon="135.706415" lat="34.495023">
        <extensions>
          <mytracks:speed>54</mytracks:speed>
        </extensions>
      </trkpt>
      <trkpt lon="135.706272" lat="34.495096">
        <extensions>
          <mytracks:speed>54</mytracks:speed>
        </extensions>
      </trkpt>
      <trkpt lon="135.706129" lat="34.495165">
        <extensions>
          <mytracks:speed>56</mytracks:speed>
        </extensions>
      </trkpt>
      <trkpt lon="135.705990" lat="34.495251">
        <extensions>
          <mytracks:speed>56</mytracks:speed>
        </extensions>
      </trkpt>
      <trkpt lon="135.705852" lat="34.495326">
        <extensions>
          <mytracks:speed>54</mytracks:speed>
        </extensions>
      </trkpt>
      <trkpt lon="135.705706" lat="34.495407">
        <extensions>
          <mytracks:speed>54</mytracks:speed>
        </extensions>
      </trkpt>
      <trkpt lon="135.705568" lat="34.495486">
        <extensions>
          <mytracks:speed>53</mytracks:speed>
        </extensions>
      </trkpt>
      <trkpt lon="135.705427" lat="34.495534">
        <extensions>
          <mytracks:speed>50</mytracks:speed>
        </extensions>
      </trkpt>
      <trkpt lon="135.705291" lat="34.495598">
        <extensions>
          <mytracks:speed>48</mytracks:speed>
        </extensions>
      </trkpt>
      <trkpt lon="135.705197" lat="34.495654">
        <extensions>
          <mytracks:speed>44</mytracks:speed>
        </extensions>
      </trkpt>
      <trkpt lon="135.705086" lat="34.495711">
        <extensions>
          <mytracks:speed>39</mytracks:speed>
        </extensions>
      </trkpt>
      <trkpt lon="135.705016" lat="34.495747">
        <extensions>
          <mytracks:speed>31</mytracks:speed>
        </extensions>
      </trkpt>
      <trkpt lon="135.704930" lat="34.495762">
        <extensions>
          <mytracks:speed>29</mytracks:speed>
        </extensions>
      </trkpt>
      <trkpt lon="135.704839" lat="34.495769">
        <extensions>
          <mytracks:speed>30</mytracks:speed>
        </extensions>
      </trkpt>
      <trkpt lon="135.704839" lat="34.495769">
        <extensions>
          <mytracks:speed>31</mytracks:speed>
        </extensions>
      </trkpt>
      <trkpt lon="135.704644" lat="34.495731">
        <extensions>
          <mytracks:speed>41</mytracks:speed>
        </extensions>
      </trkpt>
      <trkpt lon="135.704546" lat="34.495716">
        <extensions>
          <mytracks:speed>43</mytracks:speed>
        </extensions>
      </trkpt>
      <trkpt lon="135.704411" lat="34.495654">
        <extensions>
          <mytracks:speed>45</mytracks:speed>
        </extensions>
      </trkpt>
      <trkpt lon="135.704270" lat="34.495597">
        <extensions>
          <mytracks:speed>48</mytracks:speed>
        </extensions>
      </trkpt>
      <trkpt lon="135.704117" lat="34.495547">
        <extensions>
          <mytracks:speed>50</mytracks:speed>
        </extensions>
      </trkpt>
      <trkpt lon="135.703988" lat="34.495498">
        <extensions>
          <mytracks:speed>53</mytracks:speed>
        </extensions>
      </trkpt>
      <trkpt lon="135.703847" lat="34.495452">
        <extensions>
          <mytracks:speed>54</mytracks:speed>
        </extensions>
      </trkpt>
      <trkpt lon="135.703690" lat="34.495402">
        <extensions>
          <mytracks:speed>55</mytracks:speed>
        </extensions>
      </trkpt>
      <trkpt lon="135.703525" lat="34.495350">
        <extensions>
          <mytracks:speed>58</mytracks:speed>
        </extensions>
      </trkpt>
      <trkpt lon="135.703365" lat="34.495310">
        <extensions>
          <mytracks:speed>59</mytracks:speed>
        </extensions>
      </trkpt>
      <trkpt lon="135.703191" lat="34.495251">
        <extensions>
          <mytracks:speed>61</mytracks:speed>
        </extensions>
      </trkpt>
      <trkpt lon="135.702999" lat="34.495195">
        <extensions>
          <mytracks:speed>62</mytracks:speed>
        </extensions>
      </trkpt>
      <trkpt lon="135.702808" lat="34.495146">
        <extensions>
          <mytracks:speed>64</mytracks:speed>
        </extensions>
      </trkpt>
      <trkpt lon="135.702619" lat="34.495097">
        <extensions>
          <mytracks:speed>64</mytracks:speed>
        </extensions>
      </trkpt>
      <trkpt lon="135.702419" lat="34.495042">
        <extensions>
          <mytracks:speed>63</mytracks:speed>
        </extensions>
      </trkpt>
      <trkpt lon="135.702220" lat="34.494984">
        <extensions>
          <mytracks:speed>63</mytracks:speed>
        </extensions>
      </trkpt>
      <trkpt lon="135.702035" lat="34.494948">
        <extensions>
          <mytracks:speed>62</mytracks:speed>
        </extensions>
      </trkpt>
      <trkpt lon="135.701846" lat="34.494924">
        <extensions>
          <mytracks:speed>63</mytracks:speed>
        </extensions>
      </trkpt>
      <trkpt lon="135.701658" lat="34.494956">
        <extensions>
          <mytracks:speed>62</mytracks:speed>
        </extensions>
      </trkpt>
      <trkpt lon="135.701452" lat="34.494893">
        <extensions>
          <mytracks:speed>60</mytracks:speed>
        </extensions>
      </trkpt>
      <trkpt lon="135.701255" lat="34.494856">
        <extensions>
          <mytracks:speed>58</mytracks:speed>
        </extensions>
      </trkpt>
      <trkpt lon="135.701066" lat="34.494813">
        <extensions>
          <mytracks:speed>57</mytracks:speed>
        </extensions>
      </trkpt>
      <trkpt lon="135.700885" lat="34.494774">
        <extensions>
          <mytracks:speed>56</mytracks:speed>
        </extensions>
      </trkpt>
      <trkpt lon="135.700715" lat="34.494781">
        <extensions>
          <mytracks:speed>56</mytracks:speed>
        </extensions>
      </trkpt>
      <trkpt lon="135.700555" lat="34.494851">
        <extensions>
          <mytracks:speed>57</mytracks:speed>
        </extensions>
      </trkpt>
      <trkpt lon="135.700371" lat="34.494938">
        <extensions>
          <mytracks:speed>56</mytracks:speed>
        </extensions>
      </trkpt>
      <trkpt lon="135.700205" lat="34.494973">
        <extensions>
          <mytracks:speed>55</mytracks:speed>
        </extensions>
      </trkpt>
      <trkpt lon="135.700037" lat="34.495022">
        <extensions>
          <mytracks:speed>55</mytracks:speed>
        </extensions>
      </trkpt>
      <trkpt lon="135.699876" lat="34.495061">
        <extensions>
          <mytracks:speed>54</mytracks:speed>
        </extensions>
      </trkpt>
      <trkpt lon="135.699721" lat="34.495113">
        <extensions>
          <mytracks:speed>54</mytracks:speed>
        </extensions>
      </trkpt>
      <trkpt lon="135.699721" lat="34.495113">
        <extensions>
          <mytracks:speed>55</mytracks:speed>
        </extensions>
      </trkpt>
      <trkpt lon="135.699573" lat="34.495174">
        <extensions>
          <mytracks:speed>55</mytracks:speed>
        </extensions>
      </trkpt>
      <trkpt lon="135.699290" lat="34.495322">
        <extensions>
          <mytracks:speed>57</mytracks:speed>
        </extensions>
      </trkpt>
      <trkpt lon="135.699139" lat="34.495383">
        <extensions>
          <mytracks:speed>58</mytracks:speed>
        </extensions>
      </trkpt>
      <trkpt lon="135.698987" lat="34.495479">
        <extensions>
          <mytracks:speed>58</mytracks:speed>
        </extensions>
      </trkpt>
      <trkpt lon="135.698825" lat="34.495555">
        <extensions>
          <mytracks:speed>60</mytracks:speed>
        </extensions>
      </trkpt>
      <trkpt lon="135.698663" lat="34.495634">
        <extensions>
          <mytracks:speed>60</mytracks:speed>
        </extensions>
      </trkpt>
      <trkpt lon="135.698501" lat="34.495743">
        <extensions>
          <mytracks:speed>59</mytracks:speed>
        </extensions>
      </trkpt>
      <trkpt lon="135.698345" lat="34.495833">
        <extensions>
          <mytracks:speed>60</mytracks:speed>
        </extensions>
      </trkpt>
      <trkpt lon="135.698221" lat="34.495929">
        <extensions>
          <mytracks:speed>59</mytracks:speed>
        </extensions>
      </trkpt>
      <trkpt lon="135.698071" lat="34.496016">
        <extensions>
          <mytracks:speed>60</mytracks:speed>
        </extensions>
      </trkpt>
      <trkpt lon="135.697920" lat="34.496114">
        <extensions>
          <mytracks:speed>60</mytracks:speed>
        </extensions>
      </trkpt>
      <trkpt lon="135.697772" lat="34.496215">
        <extensions>
          <mytracks:speed>62</mytracks:speed>
        </extensions>
      </trkpt>
      <trkpt lon="135.697633" lat="34.496330">
        <extensions>
          <mytracks:speed>63</mytracks:speed>
        </extensions>
      </trkpt>
      <trkpt lon="135.697494" lat="34.496440">
        <extensions>
          <mytracks:speed>63</mytracks:speed>
        </extensions>
      </trkpt>
      <trkpt lon="135.697360" lat="34.496569">
        <extensions>
          <mytracks:speed>65</mytracks:speed>
        </extensions>
      </trkpt>
      <trkpt lon="135.697227" lat="34.496687">
        <extensions>
          <mytracks:speed>66</mytracks:speed>
        </extensions>
      </trkpt>
      <trkpt lon="135.697081" lat="34.496810">
        <extensions>
          <mytracks:speed>67</mytracks:speed>
        </extensions>
      </trkpt>
      <trkpt lon="135.696946" lat="34.496946">
        <extensions>
          <mytracks:speed>69</mytracks:speed>
        </extensions>
      </trkpt>
      <trkpt lon="135.696815" lat="34.497082">
        <extensions>
          <mytracks:speed>69</mytracks:speed>
        </extensions>
      </trkpt>
      <trkpt lon="135.696699" lat="34.497234">
        <extensions>
          <mytracks:speed>71</mytracks:speed>
        </extensions>
      </trkpt>
      <trkpt lon="135.696571" lat="34.497384">
        <extensions>
          <mytracks:speed>72</mytracks:speed>
        </extensions>
      </trkpt>
      <trkpt lon="135.696439" lat="34.497534">
        <extensions>
          <mytracks:speed>74</mytracks:speed>
        </extensions>
      </trkpt>
      <trkpt lon="135.696312" lat="34.497697">
        <extensions>
          <mytracks:speed>75</mytracks:speed>
        </extensions>
      </trkpt>
      <trkpt lon="135.696198" lat="34.497872">
        <extensions>
          <mytracks:speed>76</mytracks:speed>
        </extensions>
      </trkpt>
      <trkpt lon="135.696080" lat="34.498046">
        <extensions>
          <mytracks:speed>76</mytracks:speed>
        </extensions>
      </trkpt>
      <trkpt lon="135.695974" lat="34.498212">
        <extensions>
          <mytracks:speed>74</mytracks:speed>
        </extensions>
      </trkpt>
      <trkpt lon="135.695871" lat="34.498378">
        <extensions>
          <mytracks:speed>72</mytracks:speed>
        </extensions>
      </trkpt>
      <trkpt lon="135.695784" lat="34.498545">
        <extensions>
          <mytracks:speed>71</mytracks:speed>
        </extensions>
      </trkpt>
      <trkpt lon="135.695689" lat="34.498711">
        <extensions>
          <mytracks:speed>68</mytracks:speed>
        </extensions>
      </trkpt>
      <trkpt lon="135.695610" lat="34.498878">
        <extensions>
          <mytracks:speed>68</mytracks:speed>
        </extensions>
      </trkpt>
      <trkpt lon="135.695538" lat="34.499041">
        <extensions>
          <mytracks:speed>69</mytracks:speed>
        </extensions>
      </trkpt>
      <trkpt lon="135.695466" lat="34.499207">
        <extensions>
          <mytracks:speed>68</mytracks:speed>
        </extensions>
      </trkpt>
      <trkpt lon="135.695402" lat="34.499371">
        <extensions>
          <mytracks:speed>69</mytracks:speed>
        </extensions>
      </trkpt>
      <trkpt lon="135.695330" lat="34.499536">
        <extensions>
          <mytracks:speed>69</mytracks:speed>
        </extensions>
      </trkpt>
      <trkpt lon="135.695351" lat="34.499713">
        <extensions>
          <mytracks:speed>70</mytracks:speed>
        </extensions>
      </trkpt>
      <trkpt lon="135.695307" lat="34.499885">
        <extensions>
          <mytracks:speed>71</mytracks:speed>
        </extensions>
      </trkpt>
      <trkpt lon="135.695298" lat="34.500076">
        <extensions>
          <mytracks:speed>71</mytracks:speed>
        </extensions>
      </trkpt>
      <trkpt lon="135.695274" lat="34.500263">
        <extensions>
          <mytracks:speed>72</mytracks:speed>
        </extensions>
      </trkpt>
      <trkpt lon="135.695274" lat="34.500263">
        <extensions>
          <mytracks:speed>71</mytracks:speed>
        </extensions>
      </trkpt>
      <trkpt lon="135.695199" lat="34.500615">
        <extensions>
          <mytracks:speed>69</mytracks:speed>
        </extensions>
      </trkpt>
      <trkpt lon="135.695176" lat="34.500792">
        <extensions>
          <mytracks:speed>69</mytracks:speed>
        </extensions>
      </trkpt>
      <trkpt lon="135.695159" lat="34.500963">
        <extensions>
          <mytracks:speed>66</mytracks:speed>
        </extensions>
      </trkpt>
      <trkpt lon="135.695149" lat="34.501134">
        <extensions>
          <mytracks:speed>65</mytracks:speed>
        </extensions>
      </trkpt>
      <trkpt lon="135.695130" lat="34.501306">
        <extensions>
          <mytracks:speed>66</mytracks:speed>
        </extensions>
      </trkpt>
      <trkpt lon="135.695101" lat="34.501475">
        <extensions>
          <mytracks:speed>66</mytracks:speed>
        </extensions>
      </trkpt>
      <trkpt lon="135.695082" lat="34.501638">
        <extensions>
          <mytracks:speed>68</mytracks:speed>
        </extensions>
      </trkpt>
      <trkpt lon="135.695057" lat="34.501809">
        <extensions>
          <mytracks:speed>68</mytracks:speed>
        </extensions>
      </trkpt>
      <trkpt lon="135.695022" lat="34.501975">
        <extensions>
          <mytracks:speed>66</mytracks:speed>
        </extensions>
      </trkpt>
      <trkpt lon="135.694985" lat="34.502143">
        <extensions>
          <mytracks:speed>67</mytracks:speed>
        </extensions>
      </trkpt>
      <trkpt lon="135.694942" lat="34.502317">
        <extensions>
          <mytracks:speed>69</mytracks:speed>
        </extensions>
      </trkpt>
      <trkpt lon="135.694898" lat="34.502492">
        <extensions>
          <mytracks:speed>69</mytracks:speed>
        </extensions>
      </trkpt>
      <trkpt lon="135.694841" lat="34.502668">
        <extensions>
          <mytracks:speed>70</mytracks:speed>
        </extensions>
      </trkpt>
      <trkpt lon="135.694786" lat="34.502840">
        <extensions>
          <mytracks:speed>71</mytracks:speed>
        </extensions>
      </trkpt>
      <trkpt lon="135.694700" lat="34.503015">
        <extensions>
          <mytracks:speed>72</mytracks:speed>
        </extensions>
      </trkpt>
      <trkpt lon="135.694622" lat="34.503189">
        <extensions>
          <mytracks:speed>73</mytracks:speed>
        </extensions>
      </trkpt>
      <trkpt lon="135.694517" lat="34.503364">
        <extensions>
          <mytracks:speed>72</mytracks:speed>
        </extensions>
      </trkpt>
      <trkpt lon="135.694416" lat="34.503531">
        <extensions>
          <mytracks:speed>73</mytracks:speed>
        </extensions>
      </trkpt>
      <trkpt lon="135.694315" lat="34.503708">
        <extensions>
          <mytracks:speed>75</mytracks:speed>
        </extensions>
      </trkpt>
      <trkpt lon="135.694215" lat="34.503876">
        <extensions>
          <mytracks:speed>75</mytracks:speed>
        </extensions>
      </trkpt>
      <trkpt lon="135.694112" lat="34.504051">
        <extensions>
          <mytracks:speed>75</mytracks:speed>
        </extensions>
      </trkpt>
      <trkpt lon="135.693973" lat="34.504211">
        <extensions>
          <mytracks:speed>76</mytracks:speed>
        </extensions>
      </trkpt>
      <trkpt lon="135.693840" lat="34.504373">
        <extensions>
          <mytracks:speed>76</mytracks:speed>
        </extensions>
      </trkpt>
      <trkpt lon="135.693700" lat="34.504525">
        <extensions>
          <mytracks:speed>78</mytracks:speed>
        </extensions>
      </trkpt>
      <trkpt lon="135.693558" lat="34.504687">
        <extensions>
          <mytracks:speed>78</mytracks:speed>
        </extensions>
      </trkpt>
      <trkpt lon="135.693419" lat="34.504850">
        <extensions>
          <mytracks:speed>78</mytracks:speed>
        </extensions>
      </trkpt>
      <trkpt lon="135.693253" lat="34.505008">
        <extensions>
          <mytracks:speed>78</mytracks:speed>
        </extensions>
      </trkpt>
      <trkpt lon="135.693105" lat="34.505166">
        <extensions>
          <mytracks:speed>78</mytracks:speed>
        </extensions>
      </trkpt>
      <trkpt lon="135.692927" lat="34.505299">
        <extensions>
          <mytracks:speed>78</mytracks:speed>
        </extensions>
      </trkpt>
      <trkpt lon="135.692752" lat="34.505428">
        <extensions>
          <mytracks:speed>79</mytracks:speed>
        </extensions>
      </trkpt>
      <trkpt lon="135.692584" lat="34.505575">
        <extensions>
          <mytracks:speed>79</mytracks:speed>
        </extensions>
      </trkpt>
      <trkpt lon="135.692400" lat="34.505713">
        <extensions>
          <mytracks:speed>79</mytracks:speed>
        </extensions>
      </trkpt>
      <trkpt lon="135.692209" lat="34.505835">
        <extensions>
          <mytracks:speed>78</mytracks:speed>
        </extensions>
      </trkpt>
      <trkpt lon="135.691996" lat="34.505963">
        <extensions>
          <mytracks:speed>78</mytracks:speed>
        </extensions>
      </trkpt>
      <trkpt lon="135.691805" lat="34.506078">
        <extensions>
          <mytracks:speed>78</mytracks:speed>
        </extensions>
      </trkpt>
      <trkpt lon="135.691605" lat="34.506189">
        <extensions>
          <mytracks:speed>78</mytracks:speed>
        </extensions>
      </trkpt>
      <trkpt lon="135.691409" lat="34.506308">
        <extensions>
          <mytracks:speed>78</mytracks:speed>
        </extensions>
      </trkpt>
      <trkpt lon="135.691179" lat="34.506385">
        <extensions>
          <mytracks:speed>77</mytracks:speed>
        </extensions>
      </trkpt>
      <trkpt lon="135.690963" lat="34.506481">
        <extensions>
          <mytracks:speed>77</mytracks:speed>
        </extensions>
      </trkpt>
      <trkpt lon="135.690746" lat="34.506560">
        <extensions>
          <mytracks:speed>77</mytracks:speed>
        </extensions>
      </trkpt>
      <trkpt lon="135.690539" lat="34.506641">
        <extensions>
          <mytracks:speed>75</mytracks:speed>
        </extensions>
      </trkpt>
      <trkpt lon="135.690324" lat="34.506723">
        <extensions>
          <mytracks:speed>75</mytracks:speed>
        </extensions>
      </trkpt>
      <trkpt lon="135.690118" lat="34.506813">
        <extensions>
          <mytracks:speed>76</mytracks:speed>
        </extensions>
      </trkpt>
      <trkpt lon="135.689907" lat="34.506892">
        <extensions>
          <mytracks:speed>75</mytracks:speed>
        </extensions>
      </trkpt>
      <trkpt lon="135.689688" lat="34.506976">
        <extensions>
          <mytracks:speed>75</mytracks:speed>
        </extensions>
      </trkpt>
      <trkpt lon="135.689462" lat="34.507043">
        <extensions>
          <mytracks:speed>76</mytracks:speed>
        </extensions>
      </trkpt>
      <trkpt lon="135.689251" lat="34.507123">
        <extensions>
          <mytracks:speed>75</mytracks:speed>
        </extensions>
      </trkpt>
      <trkpt lon="135.689024" lat="34.507197">
        <extensions>
          <mytracks:speed>76</mytracks:speed>
        </extensions>
      </trkpt>
      <trkpt lon="135.688808" lat="34.507286">
        <extensions>
          <mytracks:speed>76</mytracks:speed>
        </extensions>
      </trkpt>
      <trkpt lon="135.688611" lat="34.507382">
        <extensions>
          <mytracks:speed>76</mytracks:speed>
        </extensions>
      </trkpt>
      <trkpt lon="135.688410" lat="34.507494">
        <extensions>
          <mytracks:speed>76</mytracks:speed>
        </extensions>
      </trkpt>
      <trkpt lon="135.688211" lat="34.507599">
        <extensions>
          <mytracks:speed>78</mytracks:speed>
        </extensions>
      </trkpt>
      <trkpt lon="135.688014" lat="34.507707">
        <extensions>
          <mytracks:speed>77</mytracks:speed>
        </extensions>
      </trkpt>
      <trkpt lon="135.687823" lat="34.507830">
        <extensions>
          <mytracks:speed>77</mytracks:speed>
        </extensions>
      </trkpt>
      <trkpt lon="135.687823" lat="34.507830">
        <extensions>
          <mytracks:speed>77</mytracks:speed>
        </extensions>
      </trkpt>
      <trkpt lon="135.687598" lat="34.507986">
        <extensions>
          <mytracks:speed>76</mytracks:speed>
        </extensions>
      </trkpt>
      <trkpt lon="135.687304" lat="34.508207">
        <extensions>
          <mytracks:speed>76</mytracks:speed>
        </extensions>
      </trkpt>
      <trkpt lon="135.687139" lat="34.508344">
        <extensions>
          <mytracks:speed>75</mytracks:speed>
        </extensions>
      </trkpt>
      <trkpt lon="135.686979" lat="34.508484">
        <extensions>
          <mytracks:speed>75</mytracks:speed>
        </extensions>
      </trkpt>
      <trkpt lon="135.686825" lat="34.508624">
        <extensions>
          <mytracks:speed>74</mytracks:speed>
        </extensions>
      </trkpt>
      <trkpt lon="135.686677" lat="34.508764">
        <extensions>
          <mytracks:speed>74</mytracks:speed>
        </extensions>
      </trkpt>
      <trkpt lon="135.686536" lat="34.508902">
        <extensions>
          <mytracks:speed>75</mytracks:speed>
        </extensions>
      </trkpt>
      <trkpt lon="135.686536" lat="34.508902">
        <extensions>
          <mytracks:speed>75</mytracks:speed>
        </extensions>
      </trkpt>
      <trkpt lon="135.686414" lat="34.509053">
        <extensions>
          <mytracks:speed>75</mytracks:speed>
        </extensions>
      </trkpt>
      <trkpt lon="135.686149" lat="34.509361">
        <extensions>
          <mytracks:speed>75</mytracks:speed>
        </extensions>
      </trkpt>
      <trkpt lon="135.686015" lat="34.509516">
        <extensions>
          <mytracks:speed>76</mytracks:speed>
        </extensions>
      </trkpt>
      <trkpt lon="135.685894" lat="34.509691">
        <extensions>
          <mytracks:speed>76</mytracks:speed>
        </extensions>
      </trkpt>
      <trkpt lon="135.685767" lat="34.509862">
        <extensions>
          <mytracks:speed>77</mytracks:speed>
        </extensions>
      </trkpt>
      <trkpt lon="135.685649" lat="34.510038">
        <extensions>
          <mytracks:speed>76</mytracks:speed>
        </extensions>
      </trkpt>
      <trkpt lon="135.685527" lat="34.510218">
        <extensions>
          <mytracks:speed>78</mytracks:speed>
        </extensions>
      </trkpt>
      <trkpt lon="135.685403" lat="34.510389">
        <extensions>
          <mytracks:speed>77</mytracks:speed>
        </extensions>
      </trkpt>
      <trkpt lon="135.685275" lat="34.510552">
        <extensions>
          <mytracks:speed>76</mytracks:speed>
        </extensions>
      </trkpt>
      <trkpt lon="135.685149" lat="34.510715">
        <extensions>
          <mytracks:speed>75</mytracks:speed>
        </extensions>
      </trkpt>
      <trkpt lon="135.685010" lat="34.510871">
        <extensions>
          <mytracks:speed>75</mytracks:speed>
        </extensions>
      </trkpt>
      <trkpt lon="135.684877" lat="34.511030">
        <extensions>
          <mytracks:speed>75</mytracks:speed>
        </extensions>
      </trkpt>
      <trkpt lon="135.684743" lat="34.511180">
        <extensions>
          <mytracks:speed>74</mytracks:speed>
        </extensions>
      </trkpt>
      <trkpt lon="135.684595" lat="34.511330">
        <extensions>
          <mytracks:speed>75</mytracks:speed>
        </extensions>
      </trkpt>
      <trkpt lon="135.684439" lat="34.511475">
        <extensions>
          <mytracks:speed>76</mytracks:speed>
        </extensions>
      </trkpt>
      <trkpt lon="135.684263" lat="34.511613">
        <extensions>
          <mytracks:speed>75</mytracks:speed>
        </extensions>
      </trkpt>
      <trkpt lon="135.684079" lat="34.511751">
        <extensions>
          <mytracks:speed>76</mytracks:speed>
        </extensions>
      </trkpt>
      <trkpt lon="135.683906" lat="34.511882">
        <extensions>
          <mytracks:speed>78</mytracks:speed>
        </extensions>
      </trkpt>
      <trkpt lon="135.683725" lat="34.512014">
        <extensions>
          <mytracks:speed>78</mytracks:speed>
        </extensions>
      </trkpt>
      <trkpt lon="135.683534" lat="34.512143">
        <extensions>
          <mytracks:speed>79</mytracks:speed>
        </extensions>
      </trkpt>
      <trkpt lon="135.683335" lat="34.512278">
        <extensions>
          <mytracks:speed>79</mytracks:speed>
        </extensions>
      </trkpt>
      <trkpt lon="135.683146" lat="34.512415">
        <extensions>
          <mytracks:speed>78</mytracks:speed>
        </extensions>
      </trkpt>
      <trkpt lon="135.682970" lat="34.512544">
        <extensions>
          <mytracks:speed>76</mytracks:speed>
        </extensions>
      </trkpt>
      <trkpt lon="135.682788" lat="34.512665">
        <extensions>
          <mytracks:speed>75</mytracks:speed>
        </extensions>
      </trkpt>
      <trkpt lon="135.682614" lat="34.512788">
        <extensions>
          <mytracks:speed>74</mytracks:speed>
        </extensions>
      </trkpt>
      <trkpt lon="135.682438" lat="34.512909">
        <extensions>
          <mytracks:speed>73</mytracks:speed>
        </extensions>
      </trkpt>
      <trkpt lon="135.682263" lat="34.513030">
        <extensions>
          <mytracks:speed>74</mytracks:speed>
        </extensions>
      </trkpt>
      <trkpt lon="135.682079" lat="34.513149">
        <extensions>
          <mytracks:speed>74</mytracks:speed>
        </extensions>
      </trkpt>
      <trkpt lon="135.681897" lat="34.513261">
        <extensions>
          <mytracks:speed>74</mytracks:speed>
        </extensions>
      </trkpt>
      <trkpt lon="135.681718" lat="34.513380">
        <extensions>
          <mytracks:speed>74</mytracks:speed>
        </extensions>
      </trkpt>
      <trkpt lon="135.681543" lat="34.513500">
        <extensions>
          <mytracks:speed>72</mytracks:speed>
        </extensions>
      </trkpt>
      <trkpt lon="135.681369" lat="34.513615">
        <extensions>
          <mytracks:speed>73</mytracks:speed>
        </extensions>
      </trkpt>
      <trkpt lon="135.681190" lat="34.513734">
        <extensions>
          <mytracks:speed>74</mytracks:speed>
        </extensions>
      </trkpt>
      <trkpt lon="135.681016" lat="34.513853">
        <extensions>
          <mytracks:speed>74</mytracks:speed>
        </extensions>
      </trkpt>
      <trkpt lon="135.680832" lat="34.513971">
        <extensions>
          <mytracks:speed>73</mytracks:speed>
        </extensions>
      </trkpt>
      <trkpt lon="135.680654" lat="34.514090">
        <extensions>
          <mytracks:speed>75</mytracks:speed>
        </extensions>
      </trkpt>
      <trkpt lon="135.680477" lat="34.514210">
        <extensions>
          <mytracks:speed>75</mytracks:speed>
        </extensions>
      </trkpt>
      <trkpt lon="135.666645" lat="34.520571">
        <extensions>
          <mytracks:speed>77</mytracks:speed>
        </extensions>
      </trkpt>
      <trkpt lon="135.666448" lat="34.520685">
        <extensions>
          <mytracks:speed>74</mytracks:speed>
        </extensions>
      </trkpt>
      <trkpt lon="135.666277" lat="34.520801">
        <extensions>
          <mytracks:speed>73</mytracks:speed>
        </extensions>
      </trkpt>
      <trkpt lon="135.666082" lat="34.520911">
        <extensions>
          <mytracks:speed>71</mytracks:speed>
        </extensions>
      </trkpt>
      <trkpt lon="135.665915" lat="34.521024">
        <extensions>
          <mytracks:speed>69</mytracks:speed>
        </extensions>
      </trkpt>
      <trkpt lon="135.665749" lat="34.521143">
        <extensions>
          <mytracks:speed>69</mytracks:speed>
        </extensions>
      </trkpt>
      <trkpt lon="135.665610" lat="34.521270">
        <extensions>
          <mytracks:speed>70</mytracks:speed>
        </extensions>
      </trkpt>
      <trkpt lon="135.665448" lat="34.521392">
        <extensions>
          <mytracks:speed>69</mytracks:speed>
        </extensions>
      </trkpt>
      <trkpt lon="135.665319" lat="34.521533">
        <extensions>
          <mytracks:speed>71</mytracks:speed>
        </extensions>
      </trkpt>
      <trkpt lon="135.665166" lat="34.521674">
        <extensions>
          <mytracks:speed>75</mytracks:speed>
        </extensions>
      </trkpt>
      <trkpt lon="135.665016" lat="34.521813">
        <extensions>
          <mytracks:speed>75</mytracks:speed>
        </extensions>
      </trkpt>
      <trkpt lon="135.664862" lat="34.521959">
        <extensions>
          <mytracks:speed>75</mytracks:speed>
        </extensions>
      </trkpt>
      <trkpt lon="135.664698" lat="34.522107">
        <extensions>
          <mytracks:speed>76</mytracks:speed>
        </extensions>
      </trkpt>
      <trkpt lon="135.664536" lat="34.522258">
        <extensions>
          <mytracks:speed>76</mytracks:speed>
        </extensions>
      </trkpt>
      <trkpt lon="135.664380" lat="34.522409">
        <extensions>
          <mytracks:speed>78</mytracks:speed>
        </extensions>
      </trkpt>
      <trkpt lon="135.664221" lat="34.522562">
        <extensions>
          <mytracks:speed>79</mytracks:speed>
        </extensions>
      </trkpt>
      <trkpt lon="135.664056" lat="34.522712">
        <extensions>
          <mytracks:speed>79</mytracks:speed>
        </extensions>
      </trkpt>
      <trkpt lon="135.663885" lat="34.522860">
        <extensions>
          <mytracks:speed>79</mytracks:speed>
        </extensions>
      </trkpt>
      <trkpt lon="135.663705" lat="34.523005">
        <extensions>
          <mytracks:speed>80</mytracks:speed>
        </extensions>
      </trkpt>
      <trkpt lon="135.663524" lat="34.523145">
        <extensions>
          <mytracks:speed>81</mytracks:speed>
        </extensions>
      </trkpt>
      <trkpt lon="135.663330" lat="34.523272">
        <extensions>
          <mytracks:speed>81</mytracks:speed>
        </extensions>
      </trkpt>
      <trkpt lon="135.663132" lat="34.523404">
        <extensions>
          <mytracks:speed>81</mytracks:speed>
        </extensions>
      </trkpt>
      <trkpt lon="135.662923" lat="34.523519">
        <extensions>
          <mytracks:speed>81</mytracks:speed>
        </extensions>
      </trkpt>
      <trkpt lon="135.662710" lat="34.523630">
        <extensions>
          <mytracks:speed>81</mytracks:speed>
        </extensions>
      </trkpt>
      <trkpt lon="135.662482" lat="34.523741">
        <extensions>
          <mytracks:speed>82</mytracks:speed>
        </extensions>
      </trkpt>
      <trkpt lon="135.662260" lat="34.523841">
        <extensions>
          <mytracks:speed>81</mytracks:speed>
        </extensions>
      </trkpt>
      <trkpt lon="135.662029" lat="34.523912">
        <extensions>
          <mytracks:speed>82</mytracks:speed>
        </extensions>
      </trkpt>
      <trkpt lon="135.661785" lat="34.523993">
        <extensions>
          <mytracks:speed>84</mytracks:speed>
        </extensions>
      </trkpt>
      <trkpt lon="135.661542" lat="34.524069">
        <extensions>
          <mytracks:speed>86</mytracks:speed>
        </extensions>
      </trkpt>
      <trkpt lon="135.661268" lat="34.524135">
        <extensions>
          <mytracks:speed>92</mytracks:speed>
        </extensions>
      </trkpt>
      <trkpt lon="135.661000" lat="34.524201">
        <extensions>
          <mytracks:speed>95</mytracks:speed>
        </extensions>
      </trkpt>
      <trkpt lon="135.660702" lat="34.524260">
        <extensions>
          <mytracks:speed>96</mytracks:speed>
        </extensions>
      </trkpt>
      <trkpt lon="135.660391" lat="34.524284">
        <extensions>
          <mytracks:speed>97</mytracks:speed>
        </extensions>
      </trkpt>
      <trkpt lon="135.660098" lat="34.524329">
        <extensions>
          <mytracks:speed>97</mytracks:speed>
        </extensions>
      </trkpt>
      <trkpt lon="135.659784" lat="34.524269">
        <extensions>
          <mytracks:speed>96</mytracks:speed>
        </extensions>
      </trkpt>
      <trkpt lon="135.659483" lat="34.524272">
        <extensions>
          <mytracks:speed>96</mytracks:speed>
        </extensions>
      </trkpt>
      <trkpt lon="135.659181" lat="34.524272">
        <extensions>
          <mytracks:speed>97</mytracks:speed>
        </extensions>
      </trkpt>
      <trkpt lon="135.656431" lat="34.524330">
        <extensions>
          <mytracks:speed>100</mytracks:speed>
        </extensions>
      </trkpt>
      <trkpt lon="135.656125" lat="34.524393">
        <extensions>
          <mytracks:speed>99</mytracks:speed>
        </extensions>
      </trkpt>
      <trkpt lon="135.655832" lat="34.524474">
        <extensions>
          <mytracks:speed>97</mytracks:speed>
        </extensions>
      </trkpt>
      <trkpt lon="135.655557" lat="34.524563">
        <extensions>
          <mytracks:speed>95</mytracks:speed>
        </extensions>
      </trkpt>
      <trkpt lon="135.655298" lat="34.524676">
        <extensions>
          <mytracks:speed>91</mytracks:speed>
        </extensions>
      </trkpt>
      <trkpt lon="135.655060" lat="34.524763">
        <extensions>
          <mytracks:speed>85</mytracks:speed>
        </extensions>
      </trkpt>
      <trkpt lon="135.654836" lat="34.524873">
        <extensions>
          <mytracks:speed>82</mytracks:speed>
        </extensions>
      </trkpt>
      <trkpt lon="135.654609" lat="34.524969">
        <extensions>
          <mytracks:speed>79</mytracks:speed>
        </extensions>
      </trkpt>
      <trkpt lon="135.654393" lat="34.525056">
        <extensions>
          <mytracks:speed>77</mytracks:speed>
        </extensions>
      </trkpt>
      <trkpt lon="135.654203" lat="34.525143">
        <extensions>
          <mytracks:speed>71</mytracks:speed>
        </extensions>
      </trkpt>
      <trkpt lon="135.654016" lat="34.525233">
        <extensions>
          <mytracks:speed>67</mytracks:speed>
        </extensions>
      </trkpt>
      <trkpt lon="135.653833" lat="34.525322">
        <extensions>
          <mytracks:speed>66</mytracks:speed>
        </extensions>
      </trkpt>
      <trkpt lon="135.653650" lat="34.525406">
        <extensions>
          <mytracks:speed>63</mytracks:speed>
        </extensions>
      </trkpt>
      <trkpt lon="135.653470" lat="34.525494">
        <extensions>
          <mytracks:speed>57</mytracks:speed>
        </extensions>
      </trkpt>
      <trkpt lon="135.653372" lat="34.525574">
        <extensions>
          <mytracks:speed>53</mytracks:speed>
        </extensions>
      </trkpt>
      <trkpt lon="135.653248" lat="34.525661">
        <extensions>
          <mytracks:speed>49</mytracks:speed>
        </extensions>
      </trkpt>
      <trkpt lon="135.653148" lat="34.525720">
        <extensions>
          <mytracks:speed>46</mytracks:speed>
        </extensions>
      </trkpt>
      <trkpt lon="135.653043" lat="34.525784">
        <extensions>
          <mytracks:speed>41</mytracks:speed>
        </extensions>
      </trkpt>
      <trkpt lon="135.652953" lat="34.525837">
        <extensions>
          <mytracks:speed>40</mytracks:speed>
        </extensions>
      </trkpt>
      <trkpt lon="135.652861" lat="34.525883">
        <extensions>
          <mytracks:speed>43</mytracks:speed>
        </extensions>
      </trkpt>
      <trkpt lon="135.652761" lat="34.525936">
        <extensions>
          <mytracks:speed>47</mytracks:speed>
        </extensions>
      </trkpt>
      <trkpt lon="135.652622" lat="34.526033">
        <extensions>
          <mytracks:speed>55</mytracks:speed>
        </extensions>
      </trkpt>
      <trkpt lon="135.652488" lat="34.526129">
        <extensions>
          <mytracks:speed>59</mytracks:speed>
        </extensions>
      </trkpt>
      <trkpt lon="135.652342" lat="34.526246">
        <extensions>
          <mytracks:speed>64</mytracks:speed>
        </extensions>
      </trkpt>
      <trkpt lon="135.652179" lat="34.526348">
        <extensions>
          <mytracks:speed>66</mytracks:speed>
        </extensions>
      </trkpt>
      <trkpt lon="135.652003" lat="34.526466">
        <extensions>
          <mytracks:speed>70</mytracks:speed>
        </extensions>
      </trkpt>
      <trkpt lon="135.651844" lat="34.526580">
        <extensions>
          <mytracks:speed>71</mytracks:speed>
        </extensions>
      </trkpt>
      <trkpt lon="135.651695" lat="34.526689">
        <extensions>
          <mytracks:speed>71</mytracks:speed>
        </extensions>
      </trkpt>
      <trkpt lon="135.651503" lat="34.526789">
        <extensions>
          <mytracks:speed>71</mytracks:speed>
        </extensions>
      </trkpt>
      <trkpt lon="135.651330" lat="34.526901">
        <extensions>
          <mytracks:speed>72</mytracks:speed>
        </extensions>
      </trkpt>
      <trkpt lon="135.651142" lat="34.527010">
        <extensions>
          <mytracks:speed>73</mytracks:speed>
        </extensions>
      </trkpt>
      <trkpt lon="135.650964" lat="34.527129">
        <extensions>
          <mytracks:speed>74</mytracks:speed>
        </extensions>
      </trkpt>
      <trkpt lon="135.650786" lat="34.527247">
        <extensions>
          <mytracks:speed>73</mytracks:speed>
        </extensions>
      </trkpt>
      <trkpt lon="135.650603" lat="34.527370">
        <extensions>
          <mytracks:speed>75</mytracks:speed>
        </extensions>
      </trkpt>
      <trkpt lon="135.650423" lat="34.527487">
        <extensions>
          <mytracks:speed>76</mytracks:speed>
        </extensions>
      </trkpt>
      <trkpt lon="135.650235" lat="34.527604">
        <extensions>
          <mytracks:speed>76</mytracks:speed>
        </extensions>
      </trkpt>
      <trkpt lon="135.650049" lat="34.527727">
        <extensions>
          <mytracks:speed>77</mytracks:speed>
        </extensions>
      </trkpt>
      <trkpt lon="135.649857" lat="34.527855">
        <extensions>
          <mytracks:speed>77</mytracks:speed>
        </extensions>
      </trkpt>
      <trkpt lon="135.649665" lat="34.527974">
        <extensions>
          <mytracks:speed>78</mytracks:speed>
        </extensions>
      </trkpt>
      <trkpt lon="135.649473" lat="34.528095">
        <extensions>
          <mytracks:speed>77</mytracks:speed>
        </extensions>
      </trkpt>
      <trkpt lon="135.649282" lat="34.528209">
        <extensions>
          <mytracks:speed>78</mytracks:speed>
        </extensions>
      </trkpt>
      <trkpt lon="135.649071" lat="34.528332">
        <extensions>
          <mytracks:speed>79</mytracks:speed>
        </extensions>
      </trkpt>
      <trkpt lon="135.648874" lat="34.528455">
        <extensions>
          <mytracks:speed>79</mytracks:speed>
        </extensions>
      </trkpt>
      <trkpt lon="135.648673" lat="34.528577">
        <extensions>
          <mytracks:speed>80</mytracks:speed>
        </extensions>
      </trkpt>
      <trkpt lon="135.648472" lat="34.528691">
        <extensions>
          <mytracks:speed>80</mytracks:speed>
        </extensions>
      </trkpt>
      <trkpt lon="135.648268" lat="34.528802">
        <extensions>
          <mytracks:speed>78</mytracks:speed>
        </extensions>
      </trkpt>
      <trkpt lon="135.648059" lat="34.528909">
        <extensions>
          <mytracks:speed>78</mytracks:speed>
        </extensions>
      </trkpt>
      <trkpt lon="135.647855" lat="34.529014">
        <extensions>
          <mytracks:speed>78</mytracks:speed>
        </extensions>
      </trkpt>
      <trkpt lon="135.647650" lat="34.529120">
        <extensions>
          <mytracks:speed>78</mytracks:speed>
        </extensions>
      </trkpt>
      <trkpt lon="135.647442" lat="34.529220">
        <extensions>
          <mytracks:speed>78</mytracks:speed>
        </extensions>
      </trkpt>
      <trkpt lon="135.647232" lat="34.529323">
        <extensions>
          <mytracks:speed>77</mytracks:speed>
        </extensions>
      </trkpt>
      <trkpt lon="135.647022" lat="34.529421">
        <extensions>
          <mytracks:speed>78</mytracks:speed>
        </extensions>
      </trkpt>
      <trkpt lon="135.646814" lat="34.529504">
        <extensions>
          <mytracks:speed>77</mytracks:speed>
        </extensions>
      </trkpt>
      <trkpt lon="135.646814" lat="34.529504">
        <extensions>
          <mytracks:speed>78</mytracks:speed>
        </extensions>
      </trkpt>
      <trkpt lon="135.646552" lat="34.529620">
        <extensions>
          <mytracks:speed>78</mytracks:speed>
        </extensions>
      </trkpt>
      <trkpt lon="135.646388" lat="34.529692">
        <extensions>
          <mytracks:speed>78</mytracks:speed>
        </extensions>
      </trkpt>
      <trkpt lon="135.645945" lat="34.529872">
        <extensions>
          <mytracks:speed>78</mytracks:speed>
        </extensions>
      </trkpt>
      <trkpt lon="135.645717" lat="34.529956">
        <extensions>
          <mytracks:speed>80</mytracks:speed>
        </extensions>
      </trkpt>
      <trkpt lon="135.645495" lat="34.530046">
        <extensions>
          <mytracks:speed>80</mytracks:speed>
        </extensions>
      </trkpt>
      <trkpt lon="135.645263" lat="34.530129">
        <extensions>
          <mytracks:speed>80</mytracks:speed>
        </extensions>
      </trkpt>
      <trkpt lon="135.645037" lat="34.530211">
        <extensions>
          <mytracks:speed>81</mytracks:speed>
        </extensions>
      </trkpt>
      <trkpt lon="135.644806" lat="34.530288">
        <extensions>
          <mytracks:speed>81</mytracks:speed>
        </extensions>
      </trkpt>
      <trkpt lon="135.644575" lat="34.530373">
        <extensions>
          <mytracks:speed>82</mytracks:speed>
        </extensions>
      </trkpt>
      <trkpt lon="135.644341" lat="34.530445">
        <extensions>
          <mytracks:speed>82</mytracks:speed>
        </extensions>
      </trkpt>
      <trkpt lon="135.644108" lat="34.530520">
        <extensions>
          <mytracks:speed>82</mytracks:speed>
        </extensions>
      </trkpt>
      <trkpt lon="135.643866" lat="34.530594">
        <extensions>
          <mytracks:speed>82</mytracks:speed>
        </extensions>
      </trkpt>
      <trkpt lon="135.643621" lat="34.530671">
        <extensions>
          <mytracks:speed>81</mytracks:speed>
        </extensions>
      </trkpt>
      <trkpt lon="135.643384" lat="34.530743">
        <extensions>
          <mytracks:speed>81</mytracks:speed>
        </extensions>
      </trkpt>
      <trkpt lon="135.643148" lat="34.530808">
        <extensions>
          <mytracks:speed>82</mytracks:speed>
        </extensions>
      </trkpt>
      <trkpt lon="135.642909" lat="34.530876">
        <extensions>
          <mytracks:speed>81</mytracks:speed>
        </extensions>
      </trkpt>
      <trkpt lon="135.642667" lat="34.530935">
        <extensions>
          <mytracks:speed>81</mytracks:speed>
        </extensions>
      </trkpt>
      <trkpt lon="135.642422" lat="34.530993">
        <extensions>
          <mytracks:speed>81</mytracks:speed>
        </extensions>
      </trkpt>
      <trkpt lon="135.642182" lat="34.531053">
        <extensions>
          <mytracks:speed>81</mytracks:speed>
        </extensions>
      </trkpt>
      <trkpt lon="135.641946" lat="34.531111">
        <extensions>
          <mytracks:speed>81</mytracks:speed>
        </extensions>
      </trkpt>
      <trkpt lon="135.641715" lat="34.531166">
        <extensions>
          <mytracks:speed>80</mytracks:speed>
        </extensions>
      </trkpt>
      <trkpt lon="135.641472" lat="34.531212">
        <extensions>
          <mytracks:speed>81</mytracks:speed>
        </extensions>
      </trkpt>
      <trkpt lon="135.641231" lat="34.531267">
        <extensions>
          <mytracks:speed>81</mytracks:speed>
        </extensions>
      </trkpt>
      <trkpt lon="135.640996" lat="34.531327">
        <extensions>
          <mytracks:speed>80</mytracks:speed>
        </extensions>
      </trkpt>
      <trkpt lon="135.640761" lat="34.531387">
        <extensions>
          <mytracks:speed>80</mytracks:speed>
        </extensions>
      </trkpt>
      <trkpt lon="135.640524" lat="34.531438">
        <extensions>
          <mytracks:speed>81</mytracks:speed>
        </extensions>
      </trkpt>
      <trkpt lon="135.640286" lat="34.531492">
        <extensions>
          <mytracks:speed>80</mytracks:speed>
        </extensions>
      </trkpt>
      <trkpt lon="135.640043" lat="34.531547">
        <extensions>
          <mytracks:speed>80</mytracks:speed>
        </extensions>
      </trkpt>
      <trkpt lon="135.639812" lat="34.531603">
        <extensions>
          <mytracks:speed>81</mytracks:speed>
        </extensions>
      </trkpt>
      <trkpt lon="135.639574" lat="34.531662">
        <extensions>
          <mytracks:speed>80</mytracks:speed>
        </extensions>
      </trkpt>
      <trkpt lon="135.639334" lat="34.531716">
        <extensions>
          <mytracks:speed>80</mytracks:speed>
        </extensions>
      </trkpt>
      <trkpt lon="135.639089" lat="34.531778">
        <extensions>
          <mytracks:speed>79</mytracks:speed>
        </extensions>
      </trkpt>
      <trkpt lon="135.639089" lat="34.531778">
        <extensions>
          <mytracks:speed>79</mytracks:speed>
        </extensions>
      </trkpt>
      <trkpt lon="135.638631" lat="34.531881">
        <extensions>
          <mytracks:speed>78</mytracks:speed>
        </extensions>
      </trkpt>
      <trkpt lon="135.638397" lat="34.531936">
        <extensions>
          <mytracks:speed>78</mytracks:speed>
        </extensions>
      </trkpt>
      <trkpt lon="135.638164" lat="34.531994">
        <extensions>
          <mytracks:speed>78</mytracks:speed>
        </extensions>
      </trkpt>
      <trkpt lon="135.637932" lat="34.532050">
        <extensions>
          <mytracks:speed>78</mytracks:speed>
        </extensions>
      </trkpt>
      <trkpt lon="135.637713" lat="34.532114">
        <extensions>
          <mytracks:speed>78</mytracks:speed>
        </extensions>
      </trkpt>
      <trkpt lon="135.637483" lat="34.532172">
        <extensions>
          <mytracks:speed>77</mytracks:speed>
        </extensions>
      </trkpt>
      <trkpt lon="135.637248" lat="34.532223">
        <extensions>
          <mytracks:speed>76</mytracks:speed>
        </extensions>
      </trkpt>
      <trkpt lon="135.637007" lat="34.532288">
        <extensions>
          <mytracks:speed>77</mytracks:speed>
        </extensions>
      </trkpt>
      <trkpt lon="135.636787" lat="34.532374">
        <extensions>
          <mytracks:speed>77</mytracks:speed>
        </extensions>
      </trkpt>
      <trkpt lon="135.636559" lat="34.532449">
        <extensions>
          <mytracks:speed>78</mytracks:speed>
        </extensions>
      </trkpt>
      <trkpt lon="135.636336" lat="34.532529">
        <extensions>
          <mytracks:speed>79</mytracks:speed>
        </extensions>
      </trkpt>
      <trkpt lon="135.636106" lat="34.532605">
        <extensions>
          <mytracks:speed>79</mytracks:speed>
        </extensions>
      </trkpt>
      <trkpt lon="135.635878" lat="34.532685">
        <extensions>
          <mytracks:speed>80</mytracks:speed>
        </extensions>
      </trkpt>
      <trkpt lon="135.635660" lat="34.532770">
        <extensions>
          <mytracks:speed>80</mytracks:speed>
        </extensions>
      </trkpt>
      <trkpt lon="135.635435" lat="34.532870">
        <extensions>
          <mytracks:speed>78</mytracks:speed>
        </extensions>
      </trkpt>
      <trkpt lon="135.635227" lat="34.532977">
        <extensions>
          <mytracks:speed>79</mytracks:speed>
        </extensions>
      </trkpt>
      <trkpt lon="135.635010" lat="34.533087">
        <extensions>
          <mytracks:speed>78</mytracks:speed>
        </extensions>
      </trkpt>
      <trkpt lon="135.634801" lat="34.533198">
        <extensions>
          <mytracks:speed>79</mytracks:speed>
        </extensions>
      </trkpt>
      <trkpt lon="135.634592" lat="34.533307">
        <extensions>
          <mytracks:speed>81</mytracks:speed>
        </extensions>
      </trkpt>
      <trkpt lon="135.634384" lat="34.533421">
        <extensions>
          <mytracks:speed>82</mytracks:speed>
        </extensions>
      </trkpt>
      <trkpt lon="135.634172" lat="34.533539">
        <extensions>
          <mytracks:speed>82</mytracks:speed>
        </extensions>
      </trkpt>
      <trkpt lon="135.633974" lat="34.533660">
        <extensions>
          <mytracks:speed>84</mytracks:speed>
        </extensions>
      </trkpt>
      <trkpt lon="135.633765" lat="34.533781">
        <extensions>
          <mytracks:speed>84</mytracks:speed>
        </extensions>
      </trkpt>
      <trkpt lon="135.633571" lat="34.533906">
        <extensions>
          <mytracks:speed>83</mytracks:speed>
        </extensions>
      </trkpt>
      <trkpt lon="135.633371" lat="34.534030">
        <extensions>
          <mytracks:speed>83</mytracks:speed>
        </extensions>
      </trkpt>
      <trkpt lon="135.633183" lat="34.534157">
        <extensions>
          <mytracks:speed>83</mytracks:speed>
        </extensions>
      </trkpt>
      <trkpt lon="135.632979" lat="34.534288">
        <extensions>
          <mytracks:speed>83</mytracks:speed>
        </extensions>
      </trkpt>
      <trkpt lon="135.632780" lat="34.534415">
        <extensions>
          <mytracks:speed>82</mytracks:speed>
        </extensions>
      </trkpt>
      <trkpt lon="135.632581" lat="34.534546">
        <extensions>
          <mytracks:speed>81</mytracks:speed>
        </extensions>
      </trkpt>
      <trkpt lon="135.632383" lat="34.534675">
        <extensions>
          <mytracks:speed>81</mytracks:speed>
        </extensions>
      </trkpt>
      <trkpt lon="135.632182" lat="34.534796">
        <extensions>
          <mytracks:speed>80</mytracks:speed>
        </extensions>
      </trkpt>
      <trkpt lon="135.631982" lat="34.534920">
        <extensions>
          <mytracks:speed>81</mytracks:speed>
        </extensions>
      </trkpt>
      <trkpt lon="135.631777" lat="34.535045">
        <extensions>
          <mytracks:speed>81</mytracks:speed>
        </extensions>
      </trkpt>
      <trkpt lon="135.631557" lat="34.535157">
        <extensions>
          <mytracks:speed>82</mytracks:speed>
        </extensions>
      </trkpt>
      <trkpt lon="135.631348" lat="34.535273">
        <extensions>
          <mytracks:speed>83</mytracks:speed>
        </extensions>
      </trkpt>
      <trkpt lon="135.631121" lat="34.535390">
        <extensions>
          <mytracks:speed>84</mytracks:speed>
        </extensions>
      </trkpt>
      <trkpt lon="135.630903" lat="34.535505">
        <extensions>
          <mytracks:speed>83</mytracks:speed>
        </extensions>
      </trkpt>
      <trkpt lon="135.630688" lat="34.535611">
        <extensions>
          <mytracks:speed>81</mytracks:speed>
        </extensions>
      </trkpt>
      <trkpt lon="135.630476" lat="34.535714">
        <extensions>
          <mytracks:speed>78</mytracks:speed>
        </extensions>
      </trkpt>
      <trkpt lon="135.630267" lat="34.535813">
        <extensions>
          <mytracks:speed>77</mytracks:speed>
        </extensions>
      </trkpt>
      <trkpt lon="135.630061" lat="34.535905">
        <extensions>
          <mytracks:speed>74</mytracks:speed>
        </extensions>
      </trkpt>
      <trkpt lon="135.629859" lat="34.535997">
        <extensions>
          <mytracks:speed>73</mytracks:speed>
        </extensions>
      </trkpt>
      <trkpt lon="135.629660" lat="34.536079">
        <extensions>
          <mytracks:speed>69</mytracks:speed>
        </extensions>
      </trkpt>
      <trkpt lon="135.629467" lat="34.536167">
        <extensions>
          <mytracks:speed>68</mytracks:speed>
        </extensions>
      </trkpt>
      <trkpt lon="135.629279" lat="34.536249">
        <extensions>
          <mytracks:speed>67</mytracks:speed>
        </extensions>
      </trkpt>
      <trkpt lon="135.629093" lat="34.536328">
        <extensions>
          <mytracks:speed>65</mytracks:speed>
        </extensions>
      </trkpt>
      <trkpt lon="135.628907" lat="34.536396">
        <extensions>
          <mytracks:speed>66</mytracks:speed>
        </extensions>
      </trkpt>
      <trkpt lon="135.628723" lat="34.536469">
        <extensions>
          <mytracks:speed>66</mytracks:speed>
        </extensions>
      </trkpt>
      <trkpt lon="135.628546" lat="34.536534">
        <extensions>
          <mytracks:speed>66</mytracks:speed>
        </extensions>
      </trkpt>
      <trkpt lon="135.628361" lat="34.536598">
        <extensions>
          <mytracks:speed>65</mytracks:speed>
        </extensions>
      </trkpt>
      <trkpt lon="135.628168" lat="34.536667">
        <extensions>
          <mytracks:speed>66</mytracks:speed>
        </extensions>
      </trkpt>
      <trkpt lon="135.627967" lat="34.536731">
        <extensions>
          <mytracks:speed>67</mytracks:speed>
        </extensions>
      </trkpt>
      <trkpt lon="135.627878" lat="34.536761">
        <extensions>
          <mytracks:speed>68</mytracks:speed>
        </extensions>
      </trkpt>
      <trkpt lon="135.627571" lat="34.536855">
        <extensions>
          <mytracks:speed>68</mytracks:speed>
        </extensions>
      </trkpt>
      <trkpt lon="135.627370" lat="34.536925">
        <extensions>
          <mytracks:speed>68</mytracks:speed>
        </extensions>
      </trkpt>
      <trkpt lon="135.627176" lat="34.536993">
        <extensions>
          <mytracks:speed>66</mytracks:speed>
        </extensions>
      </trkpt>
      <trkpt lon="135.626985" lat="34.537042">
        <extensions>
          <mytracks:speed>67</mytracks:speed>
        </extensions>
      </trkpt>
      <trkpt lon="135.626788" lat="34.537097">
        <extensions>
          <mytracks:speed>67</mytracks:speed>
        </extensions>
      </trkpt>
      <trkpt lon="135.626584" lat="34.537147">
        <extensions>
          <mytracks:speed>69</mytracks:speed>
        </extensions>
      </trkpt>
      <trkpt lon="135.626378" lat="34.537190">
        <extensions>
          <mytracks:speed>69</mytracks:speed>
        </extensions>
      </trkpt>
      <trkpt lon="135.626170" lat="34.537237">
        <extensions>
          <mytracks:speed>70</mytracks:speed>
        </extensions>
      </trkpt>
      <trkpt lon="135.625955" lat="34.537279">
        <extensions>
          <mytracks:speed>69</mytracks:speed>
        </extensions>
      </trkpt>
      <trkpt lon="135.625753" lat="34.537318">
        <extensions>
          <mytracks:speed>68</mytracks:speed>
        </extensions>
      </trkpt>
      <trkpt lon="135.625547" lat="34.537356">
        <extensions>
          <mytracks:speed>68</mytracks:speed>
        </extensions>
      </trkpt>
      <trkpt lon="135.625352" lat="34.537389">
        <extensions>
          <mytracks:speed>68</mytracks:speed>
        </extensions>
      </trkpt>
      <trkpt lon="135.625148" lat="34.537424">
        <extensions>
          <mytracks:speed>67</mytracks:speed>
        </extensions>
      </trkpt>
      <trkpt lon="135.624947" lat="34.537433">
        <extensions>
          <mytracks:speed>66</mytracks:speed>
        </extensions>
      </trkpt>
      <trkpt lon="135.624739" lat="34.537446">
        <extensions>
          <mytracks:speed>65</mytracks:speed>
        </extensions>
      </trkpt>
      <trkpt lon="135.624533" lat="34.537463">
        <extensions>
          <mytracks:speed>64</mytracks:speed>
        </extensions>
      </trkpt>
      <trkpt lon="135.624328" lat="34.537481">
        <extensions>
          <mytracks:speed>64</mytracks:speed>
        </extensions>
      </trkpt>
      <trkpt lon="135.622641" lat="34.537451">
        <extensions>
          <mytracks:speed>71</mytracks:speed>
        </extensions>
      </trkpt>
      <trkpt lon="135.622433" lat="34.537430">
        <extensions>
          <mytracks:speed>71</mytracks:speed>
        </extensions>
      </trkpt>
      <trkpt lon="135.622205" lat="34.537408">
        <extensions>
          <mytracks:speed>74</mytracks:speed>
        </extensions>
      </trkpt>
      <trkpt lon="135.621979" lat="34.537384">
        <extensions>
          <mytracks:speed>75</mytracks:speed>
        </extensions>
      </trkpt>
      <trkpt lon="135.621754" lat="34.537354">
        <extensions>
          <mytracks:speed>75</mytracks:speed>
        </extensions>
      </trkpt>
      <trkpt lon="135.621525" lat="34.537314">
        <extensions>
          <mytracks:speed>76</mytracks:speed>
        </extensions>
      </trkpt>
      <trkpt lon="135.621287" lat="34.537257">
        <extensions>
          <mytracks:speed>76</mytracks:speed>
        </extensions>
      </trkpt>
      <trkpt lon="135.621051" lat="34.537215">
        <extensions>
          <mytracks:speed>77</mytracks:speed>
        </extensions>
      </trkpt>
      <trkpt lon="135.620820" lat="34.537170">
        <extensions>
          <mytracks:speed>75</mytracks:speed>
        </extensions>
      </trkpt>
      <trkpt lon="135.620591" lat="34.537135">
        <extensions>
          <mytracks:speed>75</mytracks:speed>
        </extensions>
      </trkpt>
      <trkpt lon="135.620601" lat="34.537127">
        <extensions>
          <mytracks:speed>74</mytracks:speed>
        </extensions>
      </trkpt>
      <trkpt lon="135.620170" lat="34.537022">
        <extensions>
          <mytracks:speed>74</mytracks:speed>
        </extensions>
      </trkpt>
      <trkpt lon="135.619955" lat="34.536972">
        <extensions>
          <mytracks:speed>72</mytracks:speed>
        </extensions>
      </trkpt>
      <trkpt lon="135.619744" lat="34.536923">
        <extensions>
          <mytracks:speed>71</mytracks:speed>
        </extensions>
      </trkpt>
      <trkpt lon="135.619527" lat="34.536874">
        <extensions>
          <mytracks:speed>70</mytracks:speed>
        </extensions>
      </trkpt>
      <trkpt lon="135.619316" lat="34.536830">
        <extensions>
          <mytracks:speed>71</mytracks:speed>
        </extensions>
      </trkpt>
      <trkpt lon="135.619106" lat="34.536789">
        <extensions>
          <mytracks:speed>69</mytracks:speed>
        </extensions>
      </trkpt>
      <trkpt lon="135.618909" lat="34.536751">
        <extensions>
          <mytracks:speed>69</mytracks:speed>
        </extensions>
      </trkpt>
      <trkpt lon="135.618687" lat="34.536704">
        <extensions>
          <mytracks:speed>70</mytracks:speed>
        </extensions>
      </trkpt>
      <trkpt lon="135.618469" lat="34.536676">
        <extensions>
          <mytracks:speed>72</mytracks:speed>
        </extensions>
      </trkpt>
      <trkpt lon="135.618247" lat="34.536659">
        <extensions>
          <mytracks:speed>72</mytracks:speed>
        </extensions>
      </trkpt>
      <trkpt lon="135.618025" lat="34.536628">
        <extensions>
          <mytracks:speed>73</mytracks:speed>
        </extensions>
      </trkpt>
      <trkpt lon="135.617802" lat="34.536615">
        <extensions>
          <mytracks:speed>74</mytracks:speed>
        </extensions>
      </trkpt>
      <trkpt lon="135.617569" lat="34.536604">
        <extensions>
          <mytracks:speed>75</mytracks:speed>
        </extensions>
      </trkpt>
      <trkpt lon="135.617338" lat="34.536608">
        <extensions>
          <mytracks:speed>75</mytracks:speed>
        </extensions>
      </trkpt>
      <trkpt lon="135.617094" lat="34.536615">
        <extensions>
          <mytracks:speed>75</mytracks:speed>
        </extensions>
      </trkpt>
      <trkpt lon="135.616862" lat="34.536625">
        <extensions>
          <mytracks:speed>77</mytracks:speed>
        </extensions>
      </trkpt>
      <trkpt lon="135.616622" lat="34.536631">
        <extensions>
          <mytracks:speed>77</mytracks:speed>
        </extensions>
      </trkpt>
      <trkpt lon="135.616384" lat="34.536644">
        <extensions>
          <mytracks:speed>78</mytracks:speed>
        </extensions>
      </trkpt>
      <trkpt lon="135.616149" lat="34.536670">
        <extensions>
          <mytracks:speed>77</mytracks:speed>
        </extensions>
      </trkpt>
      <trkpt lon="135.615911" lat="34.536686">
        <extensions>
          <mytracks:speed>75</mytracks:speed>
        </extensions>
      </trkpt>
      <trkpt lon="135.615691" lat="34.536723">
        <extensions>
          <mytracks:speed>75</mytracks:speed>
        </extensions>
      </trkpt>
      <trkpt lon="135.615453" lat="34.536744">
        <extensions>
          <mytracks:speed>74</mytracks:speed>
        </extensions>
      </trkpt>
      <trkpt lon="135.615226" lat="34.536772">
        <extensions>
          <mytracks:speed>74</mytracks:speed>
        </extensions>
      </trkpt>
      <trkpt lon="135.615010" lat="34.536802">
        <extensions>
          <mytracks:speed>72</mytracks:speed>
        </extensions>
      </trkpt>
      <trkpt lon="135.614790" lat="34.536830">
        <extensions>
          <mytracks:speed>73</mytracks:speed>
        </extensions>
      </trkpt>
      <trkpt lon="135.614570" lat="34.536860">
        <extensions>
          <mytracks:speed>73</mytracks:speed>
        </extensions>
      </trkpt>
      <trkpt lon="135.614570" lat="34.536860">
        <extensions>
          <mytracks:speed>73</mytracks:speed>
        </extensions>
      </trkpt>
      <trkpt lon="135.614347" lat="34.536880">
        <extensions>
          <mytracks:speed>72</mytracks:speed>
        </extensions>
      </trkpt>
      <trkpt lon="135.613905" lat="34.536931">
        <extensions>
          <mytracks:speed>72</mytracks:speed>
        </extensions>
      </trkpt>
      <trkpt lon="135.613687" lat="34.536953">
        <extensions>
          <mytracks:speed>71</mytracks:speed>
        </extensions>
      </trkpt>
      <trkpt lon="135.613464" lat="34.536974">
        <extensions>
          <mytracks:speed>71</mytracks:speed>
        </extensions>
      </trkpt>
      <trkpt lon="135.613241" lat="34.536987">
        <extensions>
          <mytracks:speed>69</mytracks:speed>
        </extensions>
      </trkpt>
      <trkpt lon="135.613024" lat="34.536998">
        <extensions>
          <mytracks:speed>70</mytracks:speed>
        </extensions>
      </trkpt>
      <trkpt lon="135.612807" lat="34.536996">
        <extensions>
          <mytracks:speed>69</mytracks:speed>
        </extensions>
      </trkpt>
      <trkpt lon="135.612597" lat="34.536991">
        <extensions>
          <mytracks:speed>69</mytracks:speed>
        </extensions>
      </trkpt>
      <trkpt lon="135.612597" lat="34.536991">
        <extensions>
          <mytracks:speed>68</mytracks:speed>
        </extensions>
      </trkpt>
      <trkpt lon="135.612341" lat="34.536972">
        <extensions>
          <mytracks:speed>68</mytracks:speed>
        </extensions>
      </trkpt>
      <trkpt lon="135.612181" lat="34.536964">
        <extensions>
          <mytracks:speed>66</mytracks:speed>
        </extensions>
      </trkpt>
      <trkpt lon="135.611778" lat="34.536936">
        <extensions>
          <mytracks:speed>66</mytracks:speed>
        </extensions>
      </trkpt>
      <trkpt lon="135.611575" lat="34.536912">
        <extensions>
          <mytracks:speed>65</mytracks:speed>
        </extensions>
      </trkpt>
      <trkpt lon="135.611575" lat="34.536912">
        <extensions>
          <mytracks:speed>66</mytracks:speed>
        </extensions>
      </trkpt>
      <trkpt lon="135.611166" lat="34.536863">
        <extensions>
          <mytracks:speed>66</mytracks:speed>
        </extensions>
      </trkpt>
      <trkpt lon="135.610958" lat="34.536830">
        <extensions>
          <mytracks:speed>67</mytracks:speed>
        </extensions>
      </trkpt>
      <trkpt lon="135.610762" lat="34.536790">
        <extensions>
          <mytracks:speed>69</mytracks:speed>
        </extensions>
      </trkpt>
      <trkpt lon="135.610546" lat="34.536756">
        <extensions>
          <mytracks:speed>70</mytracks:speed>
        </extensions>
      </trkpt>
      <trkpt lon="135.610333" lat="34.536706">
        <extensions>
          <mytracks:speed>72</mytracks:speed>
        </extensions>
      </trkpt>
      <trkpt lon="135.610115" lat="34.536657">
        <extensions>
          <mytracks:speed>72</mytracks:speed>
        </extensions>
      </trkpt>
      <trkpt lon="135.609894" lat="34.536591">
        <extensions>
          <mytracks:speed>73</mytracks:speed>
        </extensions>
      </trkpt>
      <trkpt lon="135.609678" lat="34.536528">
        <extensions>
          <mytracks:speed>73</mytracks:speed>
        </extensions>
      </trkpt>
      <trkpt lon="135.609459" lat="34.536467">
        <extensions>
          <mytracks:speed>71</mytracks:speed>
        </extensions>
      </trkpt>
      <trkpt lon="135.609271" lat="34.536390">
        <extensions>
          <mytracks:speed>70</mytracks:speed>
        </extensions>
      </trkpt>
      <trkpt lon="135.609082" lat="34.536318">
        <extensions>
          <mytracks:speed>67</mytracks:speed>
        </extensions>
      </trkpt>
      <trkpt lon="135.608891" lat="34.536245">
        <extensions>
          <mytracks:speed>66</mytracks:speed>
        </extensions>
      </trkpt>
      <trkpt lon="135.608707" lat="34.536168">
        <extensions>
          <mytracks:speed>66</mytracks:speed>
        </extensions>
      </trkpt>
      <trkpt lon="135.608535" lat="34.536091">
        <extensions>
          <mytracks:speed>66</mytracks:speed>
        </extensions>
      </trkpt>
      <trkpt lon="135.608367" lat="34.536002">
        <extensions>
          <mytracks:speed>68</mytracks:speed>
        </extensions>
      </trkpt>
      <trkpt lon="135.608178" lat="34.535914">
        <extensions>
          <mytracks:speed>69</mytracks:speed>
        </extensions>
      </trkpt>
      <trkpt lon="135.607993" lat="34.535824">
        <extensions>
          <mytracks:speed>69</mytracks:speed>
        </extensions>
      </trkpt>
      <trkpt lon="135.607810" lat="34.535730">
        <extensions>
          <mytracks:speed>69</mytracks:speed>
        </extensions>
      </trkpt>
      <trkpt lon="135.607626" lat="34.535624">
        <extensions>
          <mytracks:speed>72</mytracks:speed>
        </extensions>
      </trkpt>
      <trkpt lon="135.607434" lat="34.535524">
        <extensions>
          <mytracks:speed>72</mytracks:speed>
        </extensions>
      </trkpt>
      <trkpt lon="135.607247" lat="34.535423">
        <extensions>
          <mytracks:speed>73</mytracks:speed>
        </extensions>
      </trkpt>
      <trkpt lon="135.607051" lat="34.535312">
        <extensions>
          <mytracks:speed>73</mytracks:speed>
        </extensions>
      </trkpt>
      <trkpt lon="135.606848" lat="34.535206">
        <extensions>
          <mytracks:speed>76</mytracks:speed>
        </extensions>
      </trkpt>
      <trkpt lon="135.606652" lat="34.535098">
        <extensions>
          <mytracks:speed>76</mytracks:speed>
        </extensions>
      </trkpt>
      <trkpt lon="135.606458" lat="34.534989">
        <extensions>
          <mytracks:speed>76</mytracks:speed>
        </extensions>
      </trkpt>
      <trkpt lon="135.606260" lat="34.534880">
        <extensions>
          <mytracks:speed>78</mytracks:speed>
        </extensions>
      </trkpt>
      <trkpt lon="135.606047" lat="34.534765">
        <extensions>
          <mytracks:speed>79</mytracks:speed>
        </extensions>
      </trkpt>
      <trkpt lon="135.605847" lat="34.534655">
        <extensions>
          <mytracks:speed>80</mytracks:speed>
        </extensions>
      </trkpt>
      <trkpt lon="135.605643" lat="34.534534">
        <extensions>
          <mytracks:speed>80</mytracks:speed>
        </extensions>
      </trkpt>
      <trkpt lon="135.605441" lat="34.534420">
        <extensions>
          <mytracks:speed>82</mytracks:speed>
        </extensions>
      </trkpt>
      <trkpt lon="135.605224" lat="34.534299">
        <extensions>
          <mytracks:speed>82</mytracks:speed>
        </extensions>
      </trkpt>
      <trkpt lon="135.605009" lat="34.534179">
        <extensions>
          <mytracks:speed>84</mytracks:speed>
        </extensions>
      </trkpt>
      <trkpt lon="135.604794" lat="34.534060">
        <extensions>
          <mytracks:speed>84</mytracks:speed>
        </extensions>
      </trkpt>
      <trkpt lon="135.604572" lat="34.533944">
        <extensions>
          <mytracks:speed>85</mytracks:speed>
        </extensions>
      </trkpt>
      <trkpt lon="135.604351" lat="34.533823">
        <extensions>
          <mytracks:speed>85</mytracks:speed>
        </extensions>
      </trkpt>
      <trkpt lon="135.604111" lat="34.533715">
        <extensions>
          <mytracks:speed>87</mytracks:speed>
        </extensions>
      </trkpt>
      <trkpt lon="135.603862" lat="34.533603">
        <extensions>
          <mytracks:speed>88</mytracks:speed>
        </extensions>
      </trkpt>
      <trkpt lon="135.603616" lat="34.533494">
        <extensions>
          <mytracks:speed>89</mytracks:speed>
        </extensions>
      </trkpt>
      <trkpt lon="135.603361" lat="34.533380">
        <extensions>
          <mytracks:speed>90</mytracks:speed>
        </extensions>
      </trkpt>
      <trkpt lon="135.603107" lat="34.533277">
        <extensions>
          <mytracks:speed>92</mytracks:speed>
        </extensions>
      </trkpt>
      <trkpt lon="135.602849" lat="34.533178">
        <extensions>
          <mytracks:speed>93</mytracks:speed>
        </extensions>
      </trkpt>
      <trkpt lon="135.602585" lat="34.533072">
        <extensions>
          <mytracks:speed>95</mytracks:speed>
        </extensions>
      </trkpt>
      <trkpt lon="135.602301" lat="34.532979">
        <extensions>
          <mytracks:speed>96</mytracks:speed>
        </extensions>
      </trkpt>
      <trkpt lon="135.602012" lat="34.532880">
        <extensions>
          <mytracks:speed>99</mytracks:speed>
        </extensions>
      </trkpt>
      <trkpt lon="135.601718" lat="34.532791">
        <extensions>
          <mytracks:speed>100</mytracks:speed>
        </extensions>
      </trkpt>
      <trkpt lon="135.601412" lat="34.532701">
        <extensions>
          <mytracks:speed>101</mytracks:speed>
        </extensions>
      </trkpt>
      <trkpt lon="135.601109" lat="34.532622">
        <extensions>
          <mytracks:speed>102</mytracks:speed>
        </extensions>
      </trkpt>
      <trkpt lon="135.600811" lat="34.532539">
        <extensions>
          <mytracks:speed>102</mytracks:speed>
        </extensions>
      </trkpt>
      <trkpt lon="135.600503" lat="34.532474">
        <extensions>
          <mytracks:speed>103</mytracks:speed>
        </extensions>
      </trkpt>
      <trkpt lon="135.600204" lat="34.532408">
        <extensions>
          <mytracks:speed>102</mytracks:speed>
        </extensions>
      </trkpt>
      <trkpt lon="135.599902" lat="34.532348">
        <extensions>
          <mytracks:speed>102</mytracks:speed>
        </extensions>
      </trkpt>
      <trkpt lon="135.599601" lat="34.532293">
        <extensions>
          <mytracks:speed>102</mytracks:speed>
        </extensions>
      </trkpt>
      <trkpt lon="135.599296" lat="34.532243">
        <extensions>
          <mytracks:speed>101</mytracks:speed>
        </extensions>
      </trkpt>
      <trkpt lon="135.598988" lat="34.532203">
        <extensions>
          <mytracks:speed>101</mytracks:speed>
        </extensions>
      </trkpt>
      <trkpt lon="135.598678" lat="34.532165">
        <extensions>
          <mytracks:speed>102</mytracks:speed>
        </extensions>
      </trkpt>
      <trkpt lon="135.598367" lat="34.532126">
        <extensions>
          <mytracks:speed>103</mytracks:speed>
        </extensions>
      </trkpt>
      <trkpt lon="135.598050" lat="34.532101">
        <extensions>
          <mytracks:speed>102</mytracks:speed>
        </extensions>
      </trkpt>
      <trkpt lon="135.597732" lat="34.532072">
        <extensions>
          <mytracks:speed>102</mytracks:speed>
        </extensions>
      </trkpt>
      <trkpt lon="135.597413" lat="34.532051">
        <extensions>
          <mytracks:speed>103</mytracks:speed>
        </extensions>
      </trkpt>
      <trkpt lon="135.597092" lat="34.532033">
        <extensions>
          <mytracks:speed>103</mytracks:speed>
        </extensions>
      </trkpt>
      <trkpt lon="135.596770" lat="34.532021">
        <extensions>
          <mytracks:speed>103</mytracks:speed>
        </extensions>
      </trkpt>
      <trkpt lon="135.596452" lat="34.532019">
        <extensions>
          <mytracks:speed>103</mytracks:speed>
        </extensions>
      </trkpt>
      <trkpt lon="135.596134" lat="34.532020">
        <extensions>
          <mytracks:speed>102</mytracks:speed>
        </extensions>
      </trkpt>
      <trkpt lon="135.595817" lat="34.532017">
        <extensions>
          <mytracks:speed>103</mytracks:speed>
        </extensions>
      </trkpt>
      <trkpt lon="135.595501" lat="34.532027">
        <extensions>
          <mytracks:speed>102</mytracks:speed>
        </extensions>
      </trkpt>
      <trkpt lon="135.595178" lat="34.532039">
        <extensions>
          <mytracks:speed>103</mytracks:speed>
        </extensions>
      </trkpt>
      <trkpt lon="135.595178" lat="34.532039">
        <extensions>
          <mytracks:speed>103</mytracks:speed>
        </extensions>
      </trkpt>
      <trkpt lon="135.594866" lat="34.532052">
        <extensions>
          <mytracks:speed>104</mytracks:speed>
        </extensions>
      </trkpt>
      <trkpt lon="135.594234" lat="34.532118">
        <extensions>
          <mytracks:speed>104</mytracks:speed>
        </extensions>
      </trkpt>
      <trkpt lon="135.593919" lat="34.532158">
        <extensions>
          <mytracks:speed>104</mytracks:speed>
        </extensions>
      </trkpt>
      <trkpt lon="135.593600" lat="34.532208">
        <extensions>
          <mytracks:speed>103</mytracks:speed>
        </extensions>
      </trkpt>
      <trkpt lon="135.593283" lat="34.532261">
        <extensions>
          <mytracks:speed>104</mytracks:speed>
        </extensions>
      </trkpt>
      <trkpt lon="135.592972" lat="34.532317">
        <extensions>
          <mytracks:speed>105</mytracks:speed>
        </extensions>
      </trkpt>
      <trkpt lon="135.592656" lat="34.532374">
        <extensions>
          <mytracks:speed>104</mytracks:speed>
        </extensions>
      </trkpt>
      <trkpt lon="135.592340" lat="34.532432">
        <extensions>
          <mytracks:speed>105</mytracks:speed>
        </extensions>
      </trkpt>
      <trkpt lon="135.592030" lat="34.532494">
        <extensions>
          <mytracks:speed>103</mytracks:speed>
        </extensions>
      </trkpt>
      <trkpt lon="135.591728" lat="34.532561">
        <extensions>
          <mytracks:speed>103</mytracks:speed>
        </extensions>
      </trkpt>
      <trkpt lon="135.591417" lat="34.532642">
        <extensions>
          <mytracks:speed>103</mytracks:speed>
        </extensions>
      </trkpt>
      <trkpt lon="135.591114" lat="34.532724">
        <extensions>
          <mytracks:speed>103</mytracks:speed>
        </extensions>
      </trkpt>
      <trkpt lon="135.590813" lat="34.532812">
        <extensions>
          <mytracks:speed>104</mytracks:speed>
        </extensions>
      </trkpt>
      <trkpt lon="135.590513" lat="34.532902">
        <extensions>
          <mytracks:speed>105</mytracks:speed>
        </extensions>
      </trkpt>
      <trkpt lon="135.590211" lat="34.532991">
        <extensions>
          <mytracks:speed>104</mytracks:speed>
        </extensions>
      </trkpt>
      <trkpt lon="135.589909" lat="34.533080">
        <extensions>
          <mytracks:speed>105</mytracks:speed>
        </extensions>
      </trkpt>
      <trkpt lon="135.586606" lat="34.534549">
        <extensions>
          <mytracks:speed>100</mytracks:speed>
        </extensions>
      </trkpt>
      <trkpt lon="135.586356" lat="34.534728">
        <extensions>
          <mytracks:speed>101</mytracks:speed>
        </extensions>
      </trkpt>
      <trkpt lon="135.586093" lat="34.534881">
        <extensions>
          <mytracks:speed>99</mytracks:speed>
        </extensions>
      </trkpt>
      <trkpt lon="135.585846" lat="34.535038">
        <extensions>
          <mytracks:speed>100</mytracks:speed>
        </extensions>
      </trkpt>
      <trkpt lon="135.585599" lat="34.535185">
        <extensions>
          <mytracks:speed>101</mytracks:speed>
        </extensions>
      </trkpt>
      <trkpt lon="135.585342" lat="34.535337">
        <extensions>
          <mytracks:speed>101</mytracks:speed>
        </extensions>
      </trkpt>
      <trkpt lon="135.585080" lat="34.535483">
        <extensions>
          <mytracks:speed>102</mytracks:speed>
        </extensions>
      </trkpt>
      <trkpt lon="135.584819" lat="34.535631">
        <extensions>
          <mytracks:speed>103</mytracks:speed>
        </extensions>
      </trkpt>
      <trkpt lon="135.584547" lat="34.535785">
        <extensions>
          <mytracks:speed>104</mytracks:speed>
        </extensions>
      </trkpt>
      <trkpt lon="135.584275" lat="34.535938">
        <extensions>
          <mytracks:speed>106</mytracks:speed>
        </extensions>
      </trkpt>
      <trkpt lon="135.583990" lat="34.536098">
        <extensions>
          <mytracks:speed>107</mytracks:speed>
        </extensions>
      </trkpt>
      <trkpt lon="135.583712" lat="34.536256">
        <extensions>
          <mytracks:speed>108</mytracks:speed>
        </extensions>
      </trkpt>
      <trkpt lon="135.583427" lat="34.536413">
        <extensions>
          <mytracks:speed>108</mytracks:speed>
        </extensions>
      </trkpt>
      <trkpt lon="135.583144" lat="34.536575">
        <extensions>
          <mytracks:speed>109</mytracks:speed>
        </extensions>
      </trkpt>
      <trkpt lon="135.582867" lat="34.536734">
        <extensions>
          <mytracks:speed>110</mytracks:speed>
        </extensions>
      </trkpt>
      <trkpt lon="135.582589" lat="34.536897">
        <extensions>
          <mytracks:speed>110</mytracks:speed>
        </extensions>
      </trkpt>
      <trkpt lon="135.582306" lat="34.537054">
        <extensions>
          <mytracks:speed>109</mytracks:speed>
        </extensions>
      </trkpt>
      <trkpt lon="135.582022" lat="34.537213">
        <extensions>
          <mytracks:speed>109</mytracks:speed>
        </extensions>
      </trkpt>
      <trkpt lon="135.581742" lat="34.537373">
        <extensions>
          <mytracks:speed>109</mytracks:speed>
        </extensions>
      </trkpt>
      <trkpt lon="135.581466" lat="34.537535">
        <extensions>
          <mytracks:speed>110</mytracks:speed>
        </extensions>
      </trkpt>
      <trkpt lon="135.581179" lat="34.537692">
        <extensions>
          <mytracks:speed>110</mytracks:speed>
        </extensions>
      </trkpt>
      <trkpt lon="135.580894" lat="34.537846">
        <extensions>
          <mytracks:speed>109</mytracks:speed>
        </extensions>
      </trkpt>
      <trkpt lon="135.580609" lat="34.538007">
        <extensions>
          <mytracks:speed>109</mytracks:speed>
        </extensions>
      </trkpt>
      <trkpt lon="135.580324" lat="34.538167">
        <extensions>
          <mytracks:speed>111</mytracks:speed>
        </extensions>
      </trkpt>
      <trkpt lon="135.580042" lat="34.538327">
        <extensions>
          <mytracks:speed>110</mytracks:speed>
        </extensions>
      </trkpt>
      <trkpt lon="135.579764" lat="34.538488">
        <extensions>
          <mytracks:speed>109</mytracks:speed>
        </extensions>
      </trkpt>
      <trkpt lon="135.579485" lat="34.538648">
        <extensions>
          <mytracks:speed>108</mytracks:speed>
        </extensions>
      </trkpt>
      <trkpt lon="135.579209" lat="34.538809">
        <extensions>
          <mytracks:speed>109</mytracks:speed>
        </extensions>
      </trkpt>
      <trkpt lon="135.578927" lat="34.538963">
        <extensions>
          <mytracks:speed>108</mytracks:speed>
        </extensions>
      </trkpt>
      <trkpt lon="135.578655" lat="34.539120">
        <extensions>
          <mytracks:speed>108</mytracks:speed>
        </extensions>
      </trkpt>
      <trkpt lon="135.578387" lat="34.539279">
        <extensions>
          <mytracks:speed>107</mytracks:speed>
        </extensions>
      </trkpt>
      <trkpt lon="135.578120" lat="34.539440">
        <extensions>
          <mytracks:speed>105</mytracks:speed>
        </extensions>
      </trkpt>
      <trkpt lon="135.577859" lat="34.539605">
        <extensions>
          <mytracks:speed>105</mytracks:speed>
        </extensions>
      </trkpt>
      <trkpt lon="135.577599" lat="34.539765">
        <extensions>
          <mytracks:speed>103</mytracks:speed>
        </extensions>
      </trkpt>
      <trkpt lon="135.577358" lat="34.539931">
        <extensions>
          <mytracks:speed>102</mytracks:speed>
        </extensions>
      </trkpt>
      <trkpt lon="135.577121" lat="34.540097">
        <extensions>
          <mytracks:speed>101</mytracks:speed>
        </extensions>
      </trkpt>
      <trkpt lon="135.576884" lat="34.540272">
        <extensions>
          <mytracks:speed>101</mytracks:speed>
        </extensions>
      </trkpt>
      <trkpt lon="135.576648" lat="34.540449">
        <extensions>
          <mytracks:speed>99</mytracks:speed>
        </extensions>
      </trkpt>
      <trkpt lon="135.576423" lat="34.540624">
        <extensions>
          <mytracks:speed>99</mytracks:speed>
        </extensions>
      </trkpt>
      <trkpt lon="135.576197" lat="34.540798">
        <extensions>
          <mytracks:speed>99</mytracks:speed>
        </extensions>
      </trkpt>
      <trkpt lon="135.575973" lat="34.540973">
        <extensions>
          <mytracks:speed>98</mytracks:speed>
        </extensions>
      </trkpt>
      <trkpt lon="135.575796" lat="34.541166">
        <extensions>
          <mytracks:speed>96</mytracks:speed>
        </extensions>
      </trkpt>
      <trkpt lon="135.575593" lat="34.541351">
        <extensions>
          <mytracks:speed>97</mytracks:speed>
        </extensions>
      </trkpt>
      <trkpt lon="135.575377" lat="34.541543">
        <extensions>
          <mytracks:speed>97</mytracks:speed>
        </extensions>
      </trkpt>
      <trkpt lon="135.575196" lat="34.541744">
        <extensions>
          <mytracks:speed>97</mytracks:speed>
        </extensions>
      </trkpt>
      <trkpt lon="135.575007" lat="34.541945">
        <extensions>
          <mytracks:speed>101</mytracks:speed>
        </extensions>
      </trkpt>
      <trkpt lon="135.574818" lat="34.542159">
        <extensions>
          <mytracks:speed>102</mytracks:speed>
        </extensions>
      </trkpt>
      <trkpt lon="135.574818" lat="34.542159">
        <extensions>
          <mytracks:speed>104</mytracks:speed>
        </extensions>
      </trkpt>
      <trkpt lon="135.574630" lat="34.542371">
        <extensions>
          <mytracks:speed>105</mytracks:speed>
        </extensions>
      </trkpt>
      <trkpt lon="135.574298" lat="34.542828">
        <extensions>
          <mytracks:speed>106</mytracks:speed>
        </extensions>
      </trkpt>
      <trkpt lon="135.574116" lat="34.543076">
        <extensions>
          <mytracks:speed>105</mytracks:speed>
        </extensions>
      </trkpt>
      <trkpt lon="135.573955" lat="34.543276">
        <extensions>
          <mytracks:speed>106</mytracks:speed>
        </extensions>
      </trkpt>
      <trkpt lon="135.573810" lat="34.543529">
        <extensions>
          <mytracks:speed>107</mytracks:speed>
        </extensions>
      </trkpt>
      <trkpt lon="135.573668" lat="34.543782">
        <extensions>
          <mytracks:speed>106</mytracks:speed>
        </extensions>
      </trkpt>
      <trkpt lon="135.573529" lat="34.544033">
        <extensions>
          <mytracks:speed>105</mytracks:speed>
        </extensions>
      </trkpt>
      <trkpt lon="135.573402" lat="34.544279">
        <extensions>
          <mytracks:speed>105</mytracks:speed>
        </extensions>
      </trkpt>
      <trkpt lon="135.573270" lat="34.544538">
        <extensions>
          <mytracks:speed>105</mytracks:speed>
        </extensions>
      </trkpt>
      <trkpt lon="135.573156" lat="34.544785">
        <extensions>
          <mytracks:speed>102</mytracks:speed>
        </extensions>
      </trkpt>
      <trkpt lon="135.573042" lat="34.545027">
        <extensions>
          <mytracks:speed>100</mytracks:speed>
        </extensions>
      </trkpt>
      <trkpt lon="135.572935" lat="34.545268">
        <extensions>
          <mytracks:speed>99</mytracks:speed>
        </extensions>
      </trkpt>
      <trkpt lon="135.572830" lat="34.545503">
        <extensions>
          <mytracks:speed>96</mytracks:speed>
        </extensions>
      </trkpt>
      <trkpt lon="135.572731" lat="34.545725">
        <extensions>
          <mytracks:speed>92</mytracks:speed>
        </extensions>
      </trkpt>
      <trkpt lon="135.572634" lat="34.545923">
        <extensions>
          <mytracks:speed>90</mytracks:speed>
        </extensions>
      </trkpt>
      <trkpt lon="135.572541" lat="34.546134">
        <extensions>
          <mytracks:speed>88</mytracks:speed>
        </extensions>
      </trkpt>
      <trkpt lon="135.572437" lat="34.546356">
        <extensions>
          <mytracks:speed>87</mytracks:speed>
        </extensions>
      </trkpt>
      <trkpt lon="135.572330" lat="34.546555">
        <extensions>
          <mytracks:speed>83</mytracks:speed>
        </extensions>
      </trkpt>
      <trkpt lon="135.572234" lat="34.546742">
        <extensions>
          <mytracks:speed>81</mytracks:speed>
        </extensions>
      </trkpt>
      <trkpt lon="135.572142" lat="34.546931">
        <extensions>
          <mytracks:speed>80</mytracks:speed>
        </extensions>
      </trkpt>
      <trkpt lon="135.572051" lat="34.547114">
        <extensions>
          <mytracks:speed>78</mytracks:speed>
        </extensions>
      </trkpt>
      <trkpt lon="135.571955" lat="34.547296">
        <extensions>
          <mytracks:speed>77</mytracks:speed>
        </extensions>
      </trkpt>
      <trkpt lon="135.571861" lat="34.547473">
        <extensions>
          <mytracks:speed>77</mytracks:speed>
        </extensions>
      </trkpt>
      <trkpt lon="135.571772" lat="34.547655">
        <extensions>
          <mytracks:speed>78</mytracks:speed>
        </extensions>
      </trkpt>
      <trkpt lon="135.571659" lat="34.547826">
        <extensions>
          <mytracks:speed>78</mytracks:speed>
        </extensions>
      </trkpt>
      <trkpt lon="135.571547" lat="34.547993">
        <extensions>
          <mytracks:speed>75</mytracks:speed>
        </extensions>
      </trkpt>
      <trkpt lon="135.571433" lat="34.548161">
        <extensions>
          <mytracks:speed>74</mytracks:speed>
        </extensions>
      </trkpt>
      <trkpt lon="135.571321" lat="34.548329">
        <extensions>
          <mytracks:speed>73</mytracks:speed>
        </extensions>
      </trkpt>
      <trkpt lon="135.571197" lat="34.548478">
        <extensions>
          <mytracks:speed>72</mytracks:speed>
        </extensions>
      </trkpt>
      <trkpt lon="135.571068" lat="34.548629">
        <extensions>
          <mytracks:speed>70</mytracks:speed>
        </extensions>
      </trkpt>
      <trkpt lon="135.570952" lat="34.548765">
        <extensions>
          <mytracks:speed>68</mytracks:speed>
        </extensions>
      </trkpt>
      <trkpt lon="135.570833" lat="34.548905">
        <extensions>
          <mytracks:speed>65</mytracks:speed>
        </extensions>
      </trkpt>
      <trkpt lon="135.570719" lat="34.549040">
        <extensions>
          <mytracks:speed>62</mytracks:speed>
        </extensions>
      </trkpt>
      <trkpt lon="135.570606" lat="34.549165">
        <extensions>
          <mytracks:speed>56</mytracks:speed>
        </extensions>
      </trkpt>
      <trkpt lon="135.570526" lat="34.549270">
        <extensions>
          <mytracks:speed>52</mytracks:speed>
        </extensions>
      </trkpt>
      <trkpt lon="135.570434" lat="34.549356">
        <extensions>
          <mytracks:speed>50</mytracks:speed>
        </extensions>
      </trkpt>
      <trkpt lon="135.570345" lat="34.549451">
        <extensions>
          <mytracks:speed>45</mytracks:speed>
        </extensions>
      </trkpt>
      <trkpt lon="135.570267" lat="34.549528">
        <extensions>
          <mytracks:speed>40</mytracks:speed>
        </extensions>
      </trkpt>
      <trkpt lon="135.570206" lat="34.549611">
        <extensions>
          <mytracks:speed>38</mytracks:speed>
        </extensions>
      </trkpt>
      <trkpt lon="135.570133" lat="34.549684">
        <extensions>
          <mytracks:speed>37</mytracks:speed>
        </extensions>
      </trkpt>
      <trkpt lon="135.570066" lat="34.549745">
        <extensions>
          <mytracks:speed>36</mytracks:speed>
        </extensions>
      </trkpt>
      <trkpt lon="135.569997" lat="34.549811">
        <extensions>
          <mytracks:speed>43</mytracks:speed>
        </extensions>
      </trkpt>
      <trkpt lon="135.569871" lat="34.549918">
        <extensions>
          <mytracks:speed>47</mytracks:speed>
        </extensions>
      </trkpt>
      <trkpt lon="135.569768" lat="34.550026">
        <extensions>
          <mytracks:speed>50</mytracks:speed>
        </extensions>
      </trkpt>
      <trkpt lon="135.569653" lat="34.550127">
        <extensions>
          <mytracks:speed>53</mytracks:speed>
        </extensions>
      </trkpt>
      <trkpt lon="135.569526" lat="34.550232">
        <extensions>
          <mytracks:speed>60</mytracks:speed>
        </extensions>
      </trkpt>
      <trkpt lon="135.569389" lat="34.550343">
        <extensions>
          <mytracks:speed>65</mytracks:speed>
        </extensions>
      </trkpt>
      <trkpt lon="135.569244" lat="34.550459">
        <extensions>
          <mytracks:speed>68</mytracks:speed>
        </extensions>
      </trkpt>
      <trkpt lon="135.569059" lat="34.550589">
        <extensions>
          <mytracks:speed>72</mytracks:speed>
        </extensions>
      </trkpt>
      <trkpt lon="135.568890" lat="34.550711">
        <extensions>
          <mytracks:speed>74</mytracks:speed>
        </extensions>
      </trkpt>
      <trkpt lon="135.568710" lat="34.550830">
        <extensions>
          <mytracks:speed>72</mytracks:speed>
        </extensions>
      </trkpt>
      <trkpt lon="135.568530" lat="34.550942">
        <extensions>
          <mytracks:speed>72</mytracks:speed>
        </extensions>
      </trkpt>
      <trkpt lon="135.568358" lat="34.551054">
        <extensions>
          <mytracks:speed>69</mytracks:speed>
        </extensions>
      </trkpt>
      <trkpt lon="135.568184" lat="34.551160">
        <extensions>
          <mytracks:speed>65</mytracks:speed>
        </extensions>
      </trkpt>
      <trkpt lon="135.568001" lat="34.551247">
        <extensions>
          <mytracks:speed>62</mytracks:speed>
        </extensions>
      </trkpt>
      <trkpt lon="135.567862" lat="34.551323">
        <extensions>
          <mytracks:speed>60</mytracks:speed>
        </extensions>
      </trkpt>
      <trkpt lon="135.567697" lat="34.551412">
        <extensions>
          <mytracks:speed>58</mytracks:speed>
        </extensions>
      </trkpt>
      <trkpt lon="135.567550" lat="34.551480">
        <extensions>
          <mytracks:speed>55</mytracks:speed>
        </extensions>
      </trkpt>
      <trkpt lon="135.567406" lat="34.551549">
        <extensions>
          <mytracks:speed>52</mytracks:speed>
        </extensions>
      </trkpt>
      <trkpt lon="135.567255" lat="34.551601">
        <extensions>
          <mytracks:speed>51</mytracks:speed>
        </extensions>
      </trkpt>
      <trkpt lon="135.567110" lat="34.551646">
        <extensions>
          <mytracks:speed>49</mytracks:speed>
        </extensions>
      </trkpt>
      <trkpt lon="135.566967" lat="34.551683">
        <extensions>
          <mytracks:speed>47</mytracks:speed>
        </extensions>
      </trkpt>
      <trkpt lon="135.566828" lat="34.551670">
        <extensions>
          <mytracks:speed>45</mytracks:speed>
        </extensions>
      </trkpt>
      <trkpt lon="135.566828" lat="34.551670">
        <extensions>
          <mytracks:speed>44</mytracks:speed>
        </extensions>
      </trkpt>
      <trkpt lon="135.566661" lat="34.551663">
        <extensions>
          <mytracks:speed>43</mytracks:speed>
        </extensions>
      </trkpt>
      <trkpt lon="135.566561" lat="34.551657">
        <extensions>
          <mytracks:speed>42</mytracks:speed>
        </extensions>
      </trkpt>
      <trkpt lon="135.566432" lat="34.551641">
        <extensions>
          <mytracks:speed>43</mytracks:speed>
        </extensions>
      </trkpt>
      <trkpt lon="135.566303" lat="34.551612">
        <extensions>
          <mytracks:speed>43</mytracks:speed>
        </extensions>
      </trkpt>
      <trkpt lon="135.566037" lat="34.551565">
        <extensions>
          <mytracks:speed>45</mytracks:speed>
        </extensions>
      </trkpt>
      <trkpt lon="135.565901" lat="34.551542">
        <extensions>
          <mytracks:speed>48</mytracks:speed>
        </extensions>
      </trkpt>
      <trkpt lon="135.565766" lat="34.551512">
        <extensions>
          <mytracks:speed>49</mytracks:speed>
        </extensions>
      </trkpt>
      <trkpt lon="135.565600" lat="34.551488">
        <extensions>
          <mytracks:speed>52</mytracks:speed>
        </extensions>
      </trkpt>
      <trkpt lon="135.565600" lat="34.551488">
        <extensions>
          <mytracks:speed>54</mytracks:speed>
        </extensions>
      </trkpt>
      <trkpt lon="135.565360" lat="34.551502">
        <extensions>
          <mytracks:speed>54</mytracks:speed>
        </extensions>
      </trkpt>
      <trkpt lon="135.565089" lat="34.551522">
        <extensions>
          <mytracks:speed>53</mytracks:speed>
        </extensions>
      </trkpt>
      <trkpt lon="135.565020" lat="34.551532">
        <extensions>
          <mytracks:speed>53</mytracks:speed>
        </extensions>
      </trkpt>
      <trkpt lon="135.564782" lat="34.551621">
        <extensions>
          <mytracks:speed>53</mytracks:speed>
        </extensions>
      </trkpt>
      <trkpt lon="135.564634" lat="34.551676">
        <extensions>
          <mytracks:speed>54</mytracks:speed>
        </extensions>
      </trkpt>
      <trkpt lon="135.564540" lat="34.551796">
        <extensions>
          <mytracks:speed>54</mytracks:speed>
        </extensions>
      </trkpt>
      <trkpt lon="135.564430" lat="34.551903">
        <extensions>
          <mytracks:speed>54</mytracks:speed>
        </extensions>
      </trkpt>
      <trkpt lon="135.564355" lat="34.552019">
        <extensions>
          <mytracks:speed>54</mytracks:speed>
        </extensions>
      </trkpt>
      <trkpt lon="135.564348" lat="34.552173">
        <extensions>
          <mytracks:speed>55</mytracks:speed>
        </extensions>
      </trkpt>
      <trkpt lon="135.564312" lat="34.552311">
        <extensions>
          <mytracks:speed>55</mytracks:speed>
        </extensions>
      </trkpt>
      <trkpt lon="135.564301" lat="34.552451">
        <extensions>
          <mytracks:speed>55</mytracks:speed>
        </extensions>
      </trkpt>
      <trkpt lon="135.564348" lat="34.552585">
        <extensions>
          <mytracks:speed>55</mytracks:speed>
        </extensions>
      </trkpt>
      <trkpt lon="135.564484" lat="34.552707">
        <extensions>
          <mytracks:speed>56</mytracks:speed>
        </extensions>
      </trkpt>
      <trkpt lon="135.564577" lat="34.552826">
        <extensions>
          <mytracks:speed>56</mytracks:speed>
        </extensions>
      </trkpt>
      <trkpt lon="135.564696" lat="34.552934">
        <extensions>
          <mytracks:speed>57</mytracks:speed>
        </extensions>
      </trkpt>
      <trkpt lon="135.564800" lat="34.553045">
        <extensions>
          <mytracks:speed>57</mytracks:speed>
        </extensions>
      </trkpt>
      <trkpt lon="135.565012" lat="34.553081">
        <extensions>
          <mytracks:speed>56</mytracks:speed>
        </extensions>
      </trkpt>
      <trkpt lon="135.565172" lat="34.553153">
        <extensions>
          <mytracks:speed>57</mytracks:speed>
        </extensions>
      </trkpt>
      <trkpt lon="135.565324" lat="34.553225">
        <extensions>
          <mytracks:speed>56</mytracks:speed>
        </extensions>
      </trkpt>
      <trkpt lon="135.565467" lat="34.553311">
        <extensions>
          <mytracks:speed>55</mytracks:speed>
        </extensions>
      </trkpt>
      <trkpt lon="135.565616" lat="34.553388">
        <extensions>
          <mytracks:speed>54</mytracks:speed>
        </extensions>
      </trkpt>
      <trkpt lon="135.565729" lat="34.553518">
        <extensions>
          <mytracks:speed>54</mytracks:speed>
        </extensions>
      </trkpt>
      <trkpt lon="135.565758" lat="34.553649">
        <extensions>
          <mytracks:speed>54</mytracks:speed>
        </extensions>
      </trkpt>
      <trkpt lon="135.565831" lat="34.553768">
        <extensions>
          <mytracks:speed>54</mytracks:speed>
        </extensions>
      </trkpt>
      <trkpt lon="135.565902" lat="34.553894">
        <extensions>
          <mytracks:speed>58</mytracks:speed>
        </extensions>
      </trkpt>
      <trkpt lon="135.565957" lat="34.554025">
        <extensions>
          <mytracks:speed>61</mytracks:speed>
        </extensions>
      </trkpt>
      <trkpt lon="135.566009" lat="34.554184">
        <extensions>
          <mytracks:speed>63</mytracks:speed>
        </extensions>
      </trkpt>
      <trkpt lon="135.566066" lat="34.554327">
        <extensions>
          <mytracks:speed>67</mytracks:speed>
        </extensions>
      </trkpt>
      <trkpt lon="135.566089" lat="34.554533">
        <extensions>
          <mytracks:speed>70</mytracks:speed>
        </extensions>
      </trkpt>
      <trkpt lon="135.566122" lat="34.554735">
        <extensions>
          <mytracks:speed>76</mytracks:speed>
        </extensions>
      </trkpt>
      <trkpt lon="135.566162" lat="34.554943">
        <extensions>
          <mytracks:speed>80</mytracks:speed>
        </extensions>
      </trkpt>
      <trkpt lon="135.566213" lat="34.555153">
        <extensions>
          <mytracks:speed>84</mytracks:speed>
        </extensions>
      </trkpt>
      <trkpt lon="135.566247" lat="34.555390">
        <extensions>
          <mytracks:speed>85</mytracks:speed>
        </extensions>
      </trkpt>
      <trkpt lon="135.566284" lat="34.555614">
        <extensions>
          <mytracks:speed>83</mytracks:speed>
        </extensions>
      </trkpt>
      <trkpt lon="135.566309" lat="34.555831">
        <extensions>
          <mytracks:speed>84</mytracks:speed>
        </extensions>
      </trkpt>
      <trkpt lon="135.566308" lat="34.556047">
        <extensions>
          <mytracks:speed>83</mytracks:speed>
        </extensions>
      </trkpt>
      <trkpt lon="135.566316" lat="34.556260">
        <extensions>
          <mytracks:speed>82</mytracks:speed>
        </extensions>
      </trkpt>
      <trkpt lon="135.566313" lat="34.556465">
        <extensions>
          <mytracks:speed>79</mytracks:speed>
        </extensions>
      </trkpt>
      <trkpt lon="135.566285" lat="34.556653">
        <extensions>
          <mytracks:speed>77</mytracks:speed>
        </extensions>
      </trkpt>
      <trkpt lon="135.566272" lat="34.556852">
        <extensions>
          <mytracks:speed>75</mytracks:speed>
        </extensions>
      </trkpt>
      <trkpt lon="135.566254" lat="34.557052">
        <extensions>
          <mytracks:speed>75</mytracks:speed>
        </extensions>
      </trkpt>
      <trkpt lon="135.566222" lat="34.557227">
        <extensions>
          <mytracks:speed>72</mytracks:speed>
        </extensions>
      </trkpt>
      <trkpt lon="135.566222" lat="34.557227">
        <extensions>
          <mytracks:speed>72</mytracks:speed>
        </extensions>
      </trkpt>
      <trkpt lon="135.566197" lat="34.557425">
        <extensions>
          <mytracks:speed>71</mytracks:speed>
        </extensions>
      </trkpt>
      <trkpt lon="135.566149" lat="34.557785">
        <extensions>
          <mytracks:speed>70</mytracks:speed>
        </extensions>
      </trkpt>
      <trkpt lon="135.566149" lat="34.557785">
        <extensions>
          <mytracks:speed>72</mytracks:speed>
        </extensions>
      </trkpt>
      <trkpt lon="135.566127" lat="34.557986">
        <extensions>
          <mytracks:speed>72</mytracks:speed>
        </extensions>
      </trkpt>
      <trkpt lon="135.566056" lat="34.558339">
        <extensions>
          <mytracks:speed>72</mytracks:speed>
        </extensions>
      </trkpt>
      <trkpt lon="135.566016" lat="34.558519">
        <extensions>
          <mytracks:speed>72</mytracks:speed>
        </extensions>
      </trkpt>
      <trkpt lon="135.565984" lat="34.558701">
        <extensions>
          <mytracks:speed>70</mytracks:speed>
        </extensions>
      </trkpt>
      <trkpt lon="135.565952" lat="34.558870">
        <extensions>
          <mytracks:speed>69</mytracks:speed>
        </extensions>
      </trkpt>
      <trkpt lon="135.565940" lat="34.559038">
        <extensions>
          <mytracks:speed>69</mytracks:speed>
        </extensions>
      </trkpt>
      <trkpt lon="135.565922" lat="34.559215">
        <extensions>
          <mytracks:speed>68</mytracks:speed>
        </extensions>
      </trkpt>
      <trkpt lon="135.565885" lat="34.559371">
        <extensions>
          <mytracks:speed>66</mytracks:speed>
        </extensions>
      </trkpt>
      <trkpt lon="135.565858" lat="34.559528">
        <extensions>
          <mytracks:speed>65</mytracks:speed>
        </extensions>
      </trkpt>
      <trkpt lon="135.565833" lat="34.559689">
        <extensions>
          <mytracks:speed>66</mytracks:speed>
        </extensions>
      </trkpt>
      <trkpt lon="135.565808" lat="34.559855">
        <extensions>
          <mytracks:speed>66</mytracks:speed>
        </extensions>
      </trkpt>
      <trkpt lon="135.565773" lat="34.560019">
        <extensions>
          <mytracks:speed>63</mytracks:speed>
        </extensions>
      </trkpt>
      <trkpt lon="135.565738" lat="34.560174">
        <extensions>
          <mytracks:speed>63</mytracks:speed>
        </extensions>
      </trkpt>
      <trkpt lon="135.565715" lat="34.560331">
        <extensions>
          <mytracks:speed>63</mytracks:speed>
        </extensions>
      </trkpt>
      <trkpt lon="135.565692" lat="34.560489">
        <extensions>
          <mytracks:speed>64</mytracks:speed>
        </extensions>
      </trkpt>
      <trkpt lon="135.565668" lat="34.560658">
        <extensions>
          <mytracks:speed>64</mytracks:speed>
        </extensions>
      </trkpt>
      <trkpt lon="135.565647" lat="34.560831">
        <extensions>
          <mytracks:speed>66</mytracks:speed>
        </extensions>
      </trkpt>
      <trkpt lon="135.565621" lat="34.561004">
        <extensions>
          <mytracks:speed>66</mytracks:speed>
        </extensions>
      </trkpt>
      <trkpt lon="135.565582" lat="34.561181">
        <extensions>
          <mytracks:speed>67</mytracks:speed>
        </extensions>
      </trkpt>
      <trkpt lon="135.565582" lat="34.561181">
        <extensions>
          <mytracks:speed>71</mytracks:speed>
        </extensions>
      </trkpt>
      <trkpt lon="135.565507" lat="34.561544">
        <extensions>
          <mytracks:speed>72</mytracks:speed>
        </extensions>
      </trkpt>
      <trkpt lon="135.565474" lat="34.561735">
        <extensions>
          <mytracks:speed>75</mytracks:speed>
        </extensions>
      </trkpt>
      <trkpt lon="135.565429" lat="34.561927">
        <extensions>
          <mytracks:speed>75</mytracks:speed>
        </extensions>
      </trkpt>
      <trkpt lon="135.565380" lat="34.562124">
        <extensions>
          <mytracks:speed>76</mytracks:speed>
        </extensions>
      </trkpt>
      <trkpt lon="135.565345" lat="34.562324">
        <extensions>
          <mytracks:speed>75</mytracks:speed>
        </extensions>
      </trkpt>
      <trkpt lon="135.565307" lat="34.562516">
        <extensions>
          <mytracks:speed>75</mytracks:speed>
        </extensions>
      </trkpt>
      <trkpt lon="135.565284" lat="34.562711">
        <extensions>
          <mytracks:speed>75</mytracks:speed>
        </extensions>
      </trkpt>
      <trkpt lon="135.565259" lat="34.562908">
        <extensions>
          <mytracks:speed>78</mytracks:speed>
        </extensions>
      </trkpt>
      <trkpt lon="135.565238" lat="34.563114">
        <extensions>
          <mytracks:speed>78</mytracks:speed>
        </extensions>
      </trkpt>
      <trkpt lon="135.565197" lat="34.563316">
        <extensions>
          <mytracks:speed>78</mytracks:speed>
        </extensions>
      </trkpt>
      <trkpt lon="135.565158" lat="34.563509">
        <extensions>
          <mytracks:speed>78</mytracks:speed>
        </extensions>
      </trkpt>
      <trkpt lon="135.565136" lat="34.563705">
        <extensions>
          <mytracks:speed>78</mytracks:speed>
        </extensions>
      </trkpt>
      <trkpt lon="135.565102" lat="34.563900">
        <extensions>
          <mytracks:speed>78</mytracks:speed>
        </extensions>
      </trkpt>
      <trkpt lon="135.565079" lat="34.564089">
        <extensions>
          <mytracks:speed>77</mytracks:speed>
        </extensions>
      </trkpt>
      <trkpt lon="135.565051" lat="34.564280">
        <extensions>
          <mytracks:speed>77</mytracks:speed>
        </extensions>
      </trkpt>
      <trkpt lon="135.565028" lat="34.564476">
        <extensions>
          <mytracks:speed>77</mytracks:speed>
        </extensions>
      </trkpt>
      <trkpt lon="135.565005" lat="34.564666">
        <extensions>
          <mytracks:speed>76</mytracks:speed>
        </extensions>
      </trkpt>
      <trkpt lon="135.564978" lat="34.564859">
        <extensions>
          <mytracks:speed>76</mytracks:speed>
        </extensions>
      </trkpt>
      <trkpt lon="135.564958" lat="34.565050">
        <extensions>
          <mytracks:speed>77</mytracks:speed>
        </extensions>
      </trkpt>
      <trkpt lon="135.564918" lat="34.565260">
        <extensions>
          <mytracks:speed>80</mytracks:speed>
        </extensions>
      </trkpt>
      <trkpt lon="135.564893" lat="34.565471">
        <extensions>
          <mytracks:speed>81</mytracks:speed>
        </extensions>
      </trkpt>
      <trkpt lon="135.564850" lat="34.565672">
        <extensions>
          <mytracks:speed>83</mytracks:speed>
        </extensions>
      </trkpt>
      <trkpt lon="135.564831" lat="34.565885">
        <extensions>
          <mytracks:speed>82</mytracks:speed>
        </extensions>
      </trkpt>
      <trkpt lon="135.564776" lat="34.566091">
        <extensions>
          <mytracks:speed>81</mytracks:speed>
        </extensions>
      </trkpt>
      <trkpt lon="135.564730" lat="34.566305">
        <extensions>
          <mytracks:speed>81</mytracks:speed>
        </extensions>
      </trkpt>
      <trkpt lon="135.564687" lat="34.566504">
        <extensions>
          <mytracks:speed>80</mytracks:speed>
        </extensions>
      </trkpt>
      <trkpt lon="135.564656" lat="34.566718">
        <extensions>
          <mytracks:speed>78</mytracks:speed>
        </extensions>
      </trkpt>
      <trkpt lon="135.564612" lat="34.566884">
        <extensions>
          <mytracks:speed>77</mytracks:speed>
        </extensions>
      </trkpt>
      <trkpt lon="135.564579" lat="34.567073">
        <extensions>
          <mytracks:speed>77</mytracks:speed>
        </extensions>
      </trkpt>
      <trkpt lon="135.564579" lat="34.567073">
        <extensions>
          <mytracks:speed>75</mytracks:speed>
        </extensions>
      </trkpt>
      <trkpt lon="135.564543" lat="34.567254">
        <extensions>
          <mytracks:speed>76</mytracks:speed>
        </extensions>
      </trkpt>
      <trkpt lon="135.564473" lat="34.567660">
        <extensions>
          <mytracks:speed>79</mytracks:speed>
        </extensions>
      </trkpt>
      <trkpt lon="135.564448" lat="34.567860">
        <extensions>
          <mytracks:speed>79</mytracks:speed>
        </extensions>
      </trkpt>
      <trkpt lon="135.564417" lat="34.568061">
        <extensions>
          <mytracks:speed>79</mytracks:speed>
        </extensions>
      </trkpt>
      <trkpt lon="135.564375" lat="34.568267">
        <extensions>
          <mytracks:speed>79</mytracks:speed>
        </extensions>
      </trkpt>
      <trkpt lon="135.564346" lat="34.568486">
        <extensions>
          <mytracks:speed>81</mytracks:speed>
        </extensions>
      </trkpt>
      <trkpt lon="135.564290" lat="34.568698">
        <extensions>
          <mytracks:speed>82</mytracks:speed>
        </extensions>
      </trkpt>
      <trkpt lon="135.564253" lat="34.568906">
        <extensions>
          <mytracks:speed>83</mytracks:speed>
        </extensions>
      </trkpt>
      <trkpt lon="135.564212" lat="34.569116">
        <extensions>
          <mytracks:speed>84</mytracks:speed>
        </extensions>
      </trkpt>
      <trkpt lon="135.564176" lat="34.569334">
        <extensions>
          <mytracks:speed>85</mytracks:speed>
        </extensions>
      </trkpt>
      <trkpt lon="135.564139" lat="34.569554">
        <extensions>
          <mytracks:speed>86</mytracks:speed>
        </extensions>
      </trkpt>
      <trkpt lon="135.564105" lat="34.569780">
        <extensions>
          <mytracks:speed>86</mytracks:speed>
        </extensions>
      </trkpt>
      <trkpt lon="135.564073" lat="34.570002">
        <extensions>
          <mytracks:speed>86</mytracks:speed>
        </extensions>
      </trkpt>
      <trkpt lon="135.564030" lat="34.570222">
        <extensions>
          <mytracks:speed>85</mytracks:speed>
        </extensions>
      </trkpt>
      <trkpt lon="135.563992" lat="34.570432">
        <extensions>
          <mytracks:speed>85</mytracks:speed>
        </extensions>
      </trkpt>
      <trkpt lon="135.563978" lat="34.570645">
        <extensions>
          <mytracks:speed>85</mytracks:speed>
        </extensions>
      </trkpt>
      <trkpt lon="135.563962" lat="34.570864">
        <extensions>
          <mytracks:speed>85</mytracks:speed>
        </extensions>
      </trkpt>
      <trkpt lon="135.563931" lat="34.571088">
        <extensions>
          <mytracks:speed>84</mytracks:speed>
        </extensions>
      </trkpt>
      <trkpt lon="135.563904" lat="34.571301">
        <extensions>
          <mytracks:speed>84</mytracks:speed>
        </extensions>
      </trkpt>
      <trkpt lon="135.563865" lat="34.571514">
        <extensions>
          <mytracks:speed>85</mytracks:speed>
        </extensions>
      </trkpt>
      <trkpt lon="135.563825" lat="34.571729">
        <extensions>
          <mytracks:speed>83</mytracks:speed>
        </extensions>
      </trkpt>
      <trkpt lon="135.563786" lat="34.571937">
        <extensions>
          <mytracks:speed>82</mytracks:speed>
        </extensions>
      </trkpt>
      <trkpt lon="135.563741" lat="34.572143">
        <extensions>
          <mytracks:speed>81</mytracks:speed>
        </extensions>
      </trkpt>
      <trkpt lon="135.563695" lat="34.572352">
        <extensions>
          <mytracks:speed>79</mytracks:speed>
        </extensions>
      </trkpt>
      <trkpt lon="135.563647" lat="34.572548">
        <extensions>
          <mytracks:speed>78</mytracks:speed>
        </extensions>
      </trkpt>
      <trkpt lon="135.563618" lat="34.572748">
        <extensions>
          <mytracks:speed>78</mytracks:speed>
        </extensions>
      </trkpt>
      <trkpt lon="135.563588" lat="34.572941">
        <extensions>
          <mytracks:speed>78</mytracks:speed>
        </extensions>
      </trkpt>
      <trkpt lon="135.563560" lat="34.573153">
        <extensions>
          <mytracks:speed>79</mytracks:speed>
        </extensions>
      </trkpt>
      <trkpt lon="135.563545" lat="34.573363">
        <extensions>
          <mytracks:speed>81</mytracks:speed>
        </extensions>
      </trkpt>
      <trkpt lon="135.563513" lat="34.573568">
        <extensions>
          <mytracks:speed>81</mytracks:speed>
        </extensions>
      </trkpt>
      <trkpt lon="135.563463" lat="34.573780">
        <extensions>
          <mytracks:speed>82</mytracks:speed>
        </extensions>
      </trkpt>
      <trkpt lon="135.563412" lat="34.573993">
        <extensions>
          <mytracks:speed>84</mytracks:speed>
        </extensions>
      </trkpt>
      <trkpt lon="135.563383" lat="34.574189">
        <extensions>
          <mytracks:speed>83</mytracks:speed>
        </extensions>
      </trkpt>
      <trkpt lon="135.563343" lat="34.574390">
        <extensions>
          <mytracks:speed>83</mytracks:speed>
        </extensions>
      </trkpt>
      <trkpt lon="135.563314" lat="34.574604">
        <extensions>
          <mytracks:speed>83</mytracks:speed>
        </extensions>
      </trkpt>
      <trkpt lon="135.563272" lat="34.574820">
        <extensions>
          <mytracks:speed>84</mytracks:speed>
        </extensions>
      </trkpt>
      <trkpt lon="135.563257" lat="34.575023">
        <extensions>
          <mytracks:speed>84</mytracks:speed>
        </extensions>
      </trkpt>
      <trkpt lon="135.563223" lat="34.575213">
        <extensions>
          <mytracks:speed>84</mytracks:speed>
        </extensions>
      </trkpt>
      <trkpt lon="135.563190" lat="34.575435">
        <extensions>
          <mytracks:speed>84</mytracks:speed>
        </extensions>
      </trkpt>
      <trkpt lon="135.563157" lat="34.575640">
        <extensions>
          <mytracks:speed>84</mytracks:speed>
        </extensions>
      </trkpt>
      <trkpt lon="135.563157" lat="34.575640">
        <extensions>
          <mytracks:speed>84</mytracks:speed>
        </extensions>
      </trkpt>
      <trkpt lon="135.563131" lat="34.575851">
        <extensions>
          <mytracks:speed>83</mytracks:speed>
        </extensions>
      </trkpt>
      <trkpt lon="135.563091" lat="34.576283">
        <extensions>
          <mytracks:speed>84</mytracks:speed>
        </extensions>
      </trkpt>
      <trkpt lon="135.563090" lat="34.576503">
        <extensions>
          <mytracks:speed>83</mytracks:speed>
        </extensions>
      </trkpt>
      <trkpt lon="135.563085" lat="34.576730">
        <extensions>
          <mytracks:speed>81</mytracks:speed>
        </extensions>
      </trkpt>
      <trkpt lon="135.563112" lat="34.576947">
        <extensions>
          <mytracks:speed>80</mytracks:speed>
        </extensions>
      </trkpt>
      <trkpt lon="135.563137" lat="34.577149">
        <extensions>
          <mytracks:speed>81</mytracks:speed>
        </extensions>
      </trkpt>
      <trkpt lon="135.563186" lat="34.577342">
        <extensions>
          <mytracks:speed>80</mytracks:speed>
        </extensions>
      </trkpt>
      <trkpt lon="135.563222" lat="34.577542">
        <extensions>
          <mytracks:speed>80</mytracks:speed>
        </extensions>
      </trkpt>
      <trkpt lon="135.563275" lat="34.577728">
        <extensions>
          <mytracks:speed>80</mytracks:speed>
        </extensions>
      </trkpt>
      <trkpt lon="135.563351" lat="34.577931">
        <extensions>
          <mytracks:speed>80</mytracks:speed>
        </extensions>
      </trkpt>
      <trkpt lon="135.563430" lat="34.578130">
        <extensions>
          <mytracks:speed>80</mytracks:speed>
        </extensions>
      </trkpt>
      <trkpt lon="135.563495" lat="34.578318">
        <extensions>
          <mytracks:speed>78</mytracks:speed>
        </extensions>
      </trkpt>
      <trkpt lon="135.563573" lat="34.578512">
        <extensions>
          <mytracks:speed>77</mytracks:speed>
        </extensions>
      </trkpt>
      <trkpt lon="135.563669" lat="34.578691">
        <extensions>
          <mytracks:speed>78</mytracks:speed>
        </extensions>
      </trkpt>
      <trkpt lon="135.563770" lat="34.578868">
        <extensions>
          <mytracks:speed>79</mytracks:speed>
        </extensions>
      </trkpt>
      <trkpt lon="135.563903" lat="34.579047">
        <extensions>
          <mytracks:speed>80</mytracks:speed>
        </extensions>
      </trkpt>
      <trkpt lon="135.564041" lat="34.579222">
        <extensions>
          <mytracks:speed>80</mytracks:speed>
        </extensions>
      </trkpt>
      <trkpt lon="135.564182" lat="34.579391">
        <extensions>
          <mytracks:speed>81</mytracks:speed>
        </extensions>
      </trkpt>
      <trkpt lon="135.564326" lat="34.579555">
        <extensions>
          <mytracks:speed>79</mytracks:speed>
        </extensions>
      </trkpt>
      <trkpt lon="135.564326" lat="34.579555">
        <extensions>
          <mytracks:speed>78</mytracks:speed>
        </extensions>
      </trkpt>
      <trkpt lon="135.564473" lat="34.579725">
        <extensions>
          <mytracks:speed>77</mytracks:speed>
        </extensions>
      </trkpt>
      <trkpt lon="135.564766" lat="34.580029">
        <extensions>
          <mytracks:speed>77</mytracks:speed>
        </extensions>
      </trkpt>
      <trkpt lon="135.564933" lat="34.580166">
        <extensions>
          <mytracks:speed>76</mytracks:speed>
        </extensions>
      </trkpt>
      <trkpt lon="135.565086" lat="34.580313">
        <extensions>
          <mytracks:speed>78</mytracks:speed>
        </extensions>
      </trkpt>
      <trkpt lon="135.565251" lat="34.580461">
        <extensions>
          <mytracks:speed>79</mytracks:speed>
        </extensions>
      </trkpt>
      <trkpt lon="135.565408" lat="34.580605">
        <extensions>
          <mytracks:speed>79</mytracks:speed>
        </extensions>
      </trkpt>
      <trkpt lon="135.565577" lat="34.580755">
        <extensions>
          <mytracks:speed>79</mytracks:speed>
        </extensions>
      </trkpt>
      <trkpt lon="135.565747" lat="34.580904">
        <extensions>
          <mytracks:speed>80</mytracks:speed>
        </extensions>
      </trkpt>
      <trkpt lon="135.565920" lat="34.581053">
        <extensions>
          <mytracks:speed>79</mytracks:speed>
        </extensions>
      </trkpt>
      <trkpt lon="135.566087" lat="34.581201">
        <extensions>
          <mytracks:speed>79</mytracks:speed>
        </extensions>
      </trkpt>
      <trkpt lon="135.566247" lat="34.581346">
        <extensions>
          <mytracks:speed>78</mytracks:speed>
        </extensions>
      </trkpt>
      <trkpt lon="135.566424" lat="34.581495">
        <extensions>
          <mytracks:speed>78</mytracks:speed>
        </extensions>
      </trkpt>
      <trkpt lon="135.566589" lat="34.581639">
        <extensions>
          <mytracks:speed>79</mytracks:speed>
        </extensions>
      </trkpt>
      <trkpt lon="135.566589" lat="34.581639">
        <extensions>
          <mytracks:speed>78</mytracks:speed>
        </extensions>
      </trkpt>
      <trkpt lon="135.566765" lat="34.581790">
        <extensions>
          <mytracks:speed>78</mytracks:speed>
        </extensions>
      </trkpt>
      <trkpt lon="135.567110" lat="34.582073">
        <extensions>
          <mytracks:speed>77</mytracks:speed>
        </extensions>
      </trkpt>
      <trkpt lon="135.567273" lat="34.582204">
        <extensions>
          <mytracks:speed>76</mytracks:speed>
        </extensions>
      </trkpt>
      <trkpt lon="135.567441" lat="34.582343">
        <extensions>
          <mytracks:speed>76</mytracks:speed>
        </extensions>
      </trkpt>
      <trkpt lon="135.567611" lat="34.582479">
        <extensions>
          <mytracks:speed>76</mytracks:speed>
        </extensions>
      </trkpt>
      <trkpt lon="135.567780" lat="34.582616">
        <extensions>
          <mytracks:speed>76</mytracks:speed>
        </extensions>
      </trkpt>
      <trkpt lon="135.567953" lat="34.582757">
        <extensions>
          <mytracks:speed>76</mytracks:speed>
        </extensions>
      </trkpt>
      <trkpt lon="135.568122" lat="34.582898">
        <extensions>
          <mytracks:speed>78</mytracks:speed>
        </extensions>
      </trkpt>
      <trkpt lon="135.568292" lat="34.583032">
        <extensions>
          <mytracks:speed>77</mytracks:speed>
        </extensions>
      </trkpt>
      <trkpt lon="135.568464" lat="34.583174">
        <extensions>
          <mytracks:speed>78</mytracks:speed>
        </extensions>
      </trkpt>
      <trkpt lon="135.568638" lat="34.583317">
        <extensions>
          <mytracks:speed>78</mytracks:speed>
        </extensions>
      </trkpt>
      <trkpt lon="135.568807" lat="34.583460">
        <extensions>
          <mytracks:speed>78</mytracks:speed>
        </extensions>
      </trkpt>
      <trkpt lon="135.568980" lat="34.583606">
        <extensions>
          <mytracks:speed>78</mytracks:speed>
        </extensions>
      </trkpt>
      <trkpt lon="135.569143" lat="34.583749">
        <extensions>
          <mytracks:speed>78</mytracks:speed>
        </extensions>
      </trkpt>
      <trkpt lon="135.569310" lat="34.583888">
        <extensions>
          <mytracks:speed>77</mytracks:speed>
        </extensions>
      </trkpt>
      <trkpt lon="135.569475" lat="34.584026">
        <extensions>
          <mytracks:speed>76</mytracks:speed>
        </extensions>
      </trkpt>
      <trkpt lon="135.569634" lat="34.584168">
        <extensions>
          <mytracks:speed>76</mytracks:speed>
        </extensions>
      </trkpt>
      <trkpt lon="135.569797" lat="34.584315">
        <extensions>
          <mytracks:speed>76</mytracks:speed>
        </extensions>
      </trkpt>
      <trkpt lon="135.569957" lat="34.584451">
        <extensions>
          <mytracks:speed>75</mytracks:speed>
        </extensions>
      </trkpt>
      <trkpt lon="135.570115" lat="34.584586">
        <extensions>
          <mytracks:speed>75</mytracks:speed>
        </extensions>
      </trkpt>
      <trkpt lon="135.570273" lat="34.584725">
        <extensions>
          <mytracks:speed>75</mytracks:speed>
        </extensions>
      </trkpt>
      <trkpt lon="135.570438" lat="34.584861">
        <extensions>
          <mytracks:speed>75</mytracks:speed>
        </extensions>
      </trkpt>
      <trkpt lon="135.570602" lat="34.585006">
        <extensions>
          <mytracks:speed>78</mytracks:speed>
        </extensions>
      </trkpt>
      <trkpt lon="135.570770" lat="34.585160">
        <extensions>
          <mytracks:speed>78</mytracks:speed>
        </extensions>
      </trkpt>
      <trkpt lon="135.570939" lat="34.585308">
        <extensions>
          <mytracks:speed>80</mytracks:speed>
        </extensions>
      </trkpt>
      <trkpt lon="135.571110" lat="34.585453">
        <extensions>
          <mytracks:speed>80</mytracks:speed>
        </extensions>
      </trkpt>
      <trkpt lon="135.571270" lat="34.585618">
        <extensions>
          <mytracks:speed>82</mytracks:speed>
        </extensions>
      </trkpt>
      <trkpt lon="135.571432" lat="34.585772">
        <extensions>
          <mytracks:speed>81</mytracks:speed>
        </extensions>
      </trkpt>
      <trkpt lon="135.571608" lat="34.585926">
        <extensions>
          <mytracks:speed>81</mytracks:speed>
        </extensions>
      </trkpt>
      <trkpt lon="135.571780" lat="34.586074">
        <extensions>
          <mytracks:speed>81</mytracks:speed>
        </extensions>
      </trkpt>
      <trkpt lon="135.571946" lat="34.586221">
        <extensions>
          <mytracks:speed>81</mytracks:speed>
        </extensions>
      </trkpt>
      <trkpt lon="135.572105" lat="34.586372">
        <extensions>
          <mytracks:speed>78</mytracks:speed>
        </extensions>
      </trkpt>
      <trkpt lon="135.572263" lat="34.586518">
        <extensions>
          <mytracks:speed>77</mytracks:speed>
        </extensions>
      </trkpt>
      <trkpt lon="135.572424" lat="34.586656">
        <extensions>
          <mytracks:speed>76</mytracks:speed>
        </extensions>
      </trkpt>
      <trkpt lon="135.572581" lat="34.586799">
        <extensions>
          <mytracks:speed>75</mytracks:speed>
        </extensions>
      </trkpt>
      <trkpt lon="135.572744" lat="34.586942">
        <extensions>
          <mytracks:speed>75</mytracks:speed>
        </extensions>
      </trkpt>
      <trkpt lon="135.572895" lat="34.587093">
        <extensions>
          <mytracks:speed>74</mytracks:speed>
        </extensions>
      </trkpt>
      <trkpt lon="135.573033" lat="34.587236">
        <extensions>
          <mytracks:speed>73</mytracks:speed>
        </extensions>
      </trkpt>
      <trkpt lon="135.573182" lat="34.587382">
        <extensions>
          <mytracks:speed>73</mytracks:speed>
        </extensions>
      </trkpt>
      <trkpt lon="135.573330" lat="34.587517">
        <extensions>
          <mytracks:speed>71</mytracks:speed>
        </extensions>
      </trkpt>
      <trkpt lon="135.573491" lat="34.587653">
        <extensions>
          <mytracks:speed>72</mytracks:speed>
        </extensions>
      </trkpt>
      <trkpt lon="135.573649" lat="34.587776">
        <extensions>
          <mytracks:speed>71</mytracks:speed>
        </extensions>
      </trkpt>
      <trkpt lon="135.573798" lat="34.587902">
        <extensions>
          <mytracks:speed>68</mytracks:speed>
        </extensions>
      </trkpt>
      <trkpt lon="135.573940" lat="34.588026">
        <extensions>
          <mytracks:speed>64</mytracks:speed>
        </extensions>
      </trkpt>
      <trkpt lon="135.574071" lat="34.588143">
        <extensions>
          <mytracks:speed>63</mytracks:speed>
        </extensions>
      </trkpt>
      <trkpt lon="135.574197" lat="34.588263">
        <extensions>
          <mytracks:speed>63</mytracks:speed>
        </extensions>
      </trkpt>
      <trkpt lon="135.574324" lat="34.588383">
        <extensions>
          <mytracks:speed>62</mytracks:speed>
        </extensions>
      </trkpt>
      <trkpt lon="135.574435" lat="34.588514">
        <extensions>
          <mytracks:speed>63</mytracks:speed>
        </extensions>
      </trkpt>
      <trkpt lon="135.574549" lat="34.588640">
        <extensions>
          <mytracks:speed>62</mytracks:speed>
        </extensions>
      </trkpt>
      <trkpt lon="135.574549" lat="34.588640">
        <extensions>
          <mytracks:speed>60</mytracks:speed>
        </extensions>
      </trkpt>
      <trkpt lon="135.574652" lat="34.588765">
        <extensions>
          <mytracks:speed>58</mytracks:speed>
        </extensions>
      </trkpt>
      <trkpt lon="135.574753" lat="34.588901">
        <extensions>
          <mytracks:speed>57</mytracks:speed>
        </extensions>
      </trkpt>
      <trkpt lon="135.574898" lat="34.589064">
        <extensions>
          <mytracks:speed>55</mytracks:speed>
        </extensions>
      </trkpt>
      <trkpt lon="135.574951" lat="34.589131">
        <extensions>
          <mytracks:speed>54</mytracks:speed>
        </extensions>
      </trkpt>
      <trkpt lon="135.575022" lat="34.589281">
        <extensions>
          <mytracks:speed>52</mytracks:speed>
        </extensions>
      </trkpt>
      <trkpt lon="135.575069" lat="34.589518">
        <extensions>
          <mytracks:speed>50</mytracks:speed>
        </extensions>
      </trkpt>
      <trkpt lon="135.575054" lat="34.589659">
        <extensions>
          <mytracks:speed>51</mytracks:speed>
        </extensions>
      </trkpt>
      <trkpt lon="135.575056" lat="34.589790">
        <extensions>
          <mytracks:speed>51</mytracks:speed>
        </extensions>
      </trkpt>
      <trkpt lon="135.574884" lat="34.589892">
        <extensions>
          <mytracks:speed>51</mytracks:speed>
        </extensions>
      </trkpt>
      <trkpt lon="135.574788" lat="34.590017">
        <extensions>
          <mytracks:speed>53</mytracks:speed>
        </extensions>
      </trkpt>
      <trkpt lon="135.574709" lat="34.590137">
        <extensions>
          <mytracks:speed>56</mytracks:speed>
        </extensions>
      </trkpt>
      <trkpt lon="135.574620" lat="34.590266">
        <extensions>
          <mytracks:speed>57</mytracks:speed>
        </extensions>
      </trkpt>
      <trkpt lon="135.574604" lat="34.590271">
        <extensions>
          <mytracks:speed>60</mytracks:speed>
        </extensions>
      </trkpt>
      <trkpt lon="135.574444" lat="34.590448">
        <extensions>
          <mytracks:speed>65</mytracks:speed>
        </extensions>
      </trkpt>
      <trkpt lon="135.574231" lat="34.590667">
        <extensions>
          <mytracks:speed>68</mytracks:speed>
        </extensions>
      </trkpt>
      <trkpt lon="135.574075" lat="34.590808">
        <extensions>
          <mytracks:speed>70</mytracks:speed>
        </extensions>
      </trkpt>
      <trkpt lon="135.573927" lat="34.590952">
        <extensions>
          <mytracks:speed>69</mytracks:speed>
        </extensions>
      </trkpt>
      <trkpt lon="135.573779" lat="34.591083">
        <extensions>
          <mytracks:speed>68</mytracks:speed>
        </extensions>
      </trkpt>
      <trkpt lon="135.573620" lat="34.591189">
        <extensions>
          <mytracks:speed>68</mytracks:speed>
        </extensions>
      </trkpt>
      <trkpt lon="135.573466" lat="34.591309">
        <extensions>
          <mytracks:speed>67</mytracks:speed>
        </extensions>
      </trkpt>
      <trkpt lon="135.573299" lat="34.591404">
        <extensions>
          <mytracks:speed>69</mytracks:speed>
        </extensions>
      </trkpt>
      <trkpt lon="135.573133" lat="34.591495">
        <extensions>
          <mytracks:speed>70</mytracks:speed>
        </extensions>
      </trkpt>
      <trkpt lon="135.572955" lat="34.591590">
        <extensions>
          <mytracks:speed>71</mytracks:speed>
        </extensions>
      </trkpt>
      <trkpt lon="135.572774" lat="34.591682">
        <extensions>
          <mytracks:speed>74</mytracks:speed>
        </extensions>
      </trkpt>
      <trkpt lon="135.572584" lat="34.591785">
        <extensions>
          <mytracks:speed>75</mytracks:speed>
        </extensions>
      </trkpt>
      <trkpt lon="135.572345" lat="34.591882">
        <extensions>
          <mytracks:speed>79</mytracks:speed>
        </extensions>
      </trkpt>
      <trkpt lon="135.572132" lat="34.591980">
        <extensions>
          <mytracks:speed>80</mytracks:speed>
        </extensions>
      </trkpt>
      <trkpt lon="135.571896" lat="34.592073">
        <extensions>
          <mytracks:speed>81</mytracks:speed>
        </extensions>
      </trkpt>
      <trkpt lon="135.571653" lat="34.592168">
        <extensions>
          <mytracks:speed>82</mytracks:speed>
        </extensions>
      </trkpt>
      <trkpt lon="135.571407" lat="34.592243">
        <extensions>
          <mytracks:speed>84</mytracks:speed>
        </extensions>
      </trkpt>
      <trkpt lon="135.571159" lat="34.592329">
        <extensions>
          <mytracks:speed>86</mytracks:speed>
        </extensions>
      </trkpt>
      <trkpt lon="135.570898" lat="34.592393">
        <extensions>
          <mytracks:speed>87</mytracks:speed>
        </extensions>
      </trkpt>
      <trkpt lon="135.570640" lat="34.592464">
        <extensions>
          <mytracks:speed>88</mytracks:speed>
        </extensions>
      </trkpt>
      <trkpt lon="135.570362" lat="34.592521">
        <extensions>
          <mytracks:speed>90</mytracks:speed>
        </extensions>
      </trkpt>
      <trkpt lon="135.570084" lat="34.592576">
        <extensions>
          <mytracks:speed>92</mytracks:speed>
        </extensions>
      </trkpt>
      <trkpt lon="135.569806" lat="34.592632">
        <extensions>
          <mytracks:speed>91</mytracks:speed>
        </extensions>
      </trkpt>
      <trkpt lon="135.569520" lat="34.592682">
        <extensions>
          <mytracks:speed>93</mytracks:speed>
        </extensions>
      </trkpt>
      <trkpt lon="135.569239" lat="34.592731">
        <extensions>
          <mytracks:speed>94</mytracks:speed>
        </extensions>
      </trkpt>
      <trkpt lon="135.568952" lat="34.592769">
        <extensions>
          <mytracks:speed>94</mytracks:speed>
        </extensions>
      </trkpt>
      <trkpt lon="135.568656" lat="34.592803">
        <extensions>
          <mytracks:speed>94</mytracks:speed>
        </extensions>
      </trkpt>
      <trkpt lon="135.568365" lat="34.592837">
        <extensions>
          <mytracks:speed>93</mytracks:speed>
        </extensions>
      </trkpt>
      <trkpt lon="135.568094" lat="34.592870">
        <extensions>
          <mytracks:speed>92</mytracks:speed>
        </extensions>
      </trkpt>
      <trkpt lon="135.567815" lat="34.592904">
        <extensions>
          <mytracks:speed>89</mytracks:speed>
        </extensions>
      </trkpt>
      <trkpt lon="135.567548" lat="34.592930">
        <extensions>
          <mytracks:speed>89</mytracks:speed>
        </extensions>
      </trkpt>
      <trkpt lon="135.567278" lat="34.592944">
        <extensions>
          <mytracks:speed>89</mytracks:speed>
        </extensions>
      </trkpt>
      <trkpt lon="135.567005" lat="34.592958">
        <extensions>
          <mytracks:speed>86</mytracks:speed>
        </extensions>
      </trkpt>
      <trkpt lon="135.566732" lat="34.592975">
        <extensions>
          <mytracks:speed>84</mytracks:speed>
        </extensions>
      </trkpt>
      <trkpt lon="135.566480" lat="34.592977">
        <extensions>
          <mytracks:speed>84</mytracks:speed>
        </extensions>
      </trkpt>
      <trkpt lon="135.566216" lat="34.592984">
        <extensions>
          <mytracks:speed>84</mytracks:speed>
        </extensions>
      </trkpt>
      <trkpt lon="135.565961" lat="34.592985">
        <extensions>
          <mytracks:speed>83</mytracks:speed>
        </extensions>
      </trkpt>
      <trkpt lon="135.565712" lat="34.593001">
        <extensions>
          <mytracks:speed>82</mytracks:speed>
        </extensions>
      </trkpt>
      <trkpt lon="135.565451" lat="34.593003">
        <extensions>
          <mytracks:speed>81</mytracks:speed>
        </extensions>
      </trkpt>
      <trkpt lon="135.565198" lat="34.593002">
        <extensions>
          <mytracks:speed>80</mytracks:speed>
        </extensions>
      </trkpt>
      <trkpt lon="135.564962" lat="34.593002">
        <extensions>
          <mytracks:speed>78</mytracks:speed>
        </extensions>
      </trkpt>
      <trkpt lon="135.564717" lat="34.592992">
        <extensions>
          <mytracks:speed>78</mytracks:speed>
        </extensions>
      </trkpt>
      <trkpt lon="135.564474" lat="34.592992">
        <extensions>
          <mytracks:speed>77</mytracks:speed>
        </extensions>
      </trkpt>
      <trkpt lon="135.564247" lat="34.592984">
        <extensions>
          <mytracks:speed>78</mytracks:speed>
        </extensions>
      </trkpt>
      <trkpt lon="135.564006" lat="34.592989">
        <extensions>
          <mytracks:speed>77</mytracks:speed>
        </extensions>
      </trkpt>
      <trkpt lon="135.563773" lat="34.592981">
        <extensions>
          <mytracks:speed>78</mytracks:speed>
        </extensions>
      </trkpt>
      <trkpt lon="135.563524" lat="34.592988">
        <extensions>
          <mytracks:speed>77</mytracks:speed>
        </extensions>
      </trkpt>
      <trkpt lon="135.563286" lat="34.592987">
        <extensions>
          <mytracks:speed>76</mytracks:speed>
        </extensions>
      </trkpt>
      <trkpt lon="135.563048" lat="34.592983">
        <extensions>
          <mytracks:speed>75</mytracks:speed>
        </extensions>
      </trkpt>
      <trkpt lon="135.562810" lat="34.592991">
        <extensions>
          <mytracks:speed>76</mytracks:speed>
        </extensions>
      </trkpt>
      <trkpt lon="135.562573" lat="34.592991">
        <extensions>
          <mytracks:speed>75</mytracks:speed>
        </extensions>
      </trkpt>
      <trkpt lon="135.562335" lat="34.592987">
        <extensions>
          <mytracks:speed>76</mytracks:speed>
        </extensions>
      </trkpt>
      <trkpt lon="135.562099" lat="34.592986">
        <extensions>
          <mytracks:speed>78</mytracks:speed>
        </extensions>
      </trkpt>
      <trkpt lon="135.561854" lat="34.592981">
        <extensions>
          <mytracks:speed>79</mytracks:speed>
        </extensions>
      </trkpt>
      <trkpt lon="135.561611" lat="34.592977">
        <extensions>
          <mytracks:speed>79</mytracks:speed>
        </extensions>
      </trkpt>
      <trkpt lon="135.561367" lat="34.592980">
        <extensions>
          <mytracks:speed>81</mytracks:speed>
        </extensions>
      </trkpt>
      <trkpt lon="135.561113" lat="34.592984">
        <extensions>
          <mytracks:speed>81</mytracks:speed>
        </extensions>
      </trkpt>
      <trkpt lon="135.560857" lat="34.592995">
        <extensions>
          <mytracks:speed>80</mytracks:speed>
        </extensions>
      </trkpt>
      <trkpt lon="135.560619" lat="34.592998">
        <extensions>
          <mytracks:speed>80</mytracks:speed>
        </extensions>
      </trkpt>
      <trkpt lon="135.560364" lat="34.592999">
        <extensions>
          <mytracks:speed>81</mytracks:speed>
        </extensions>
      </trkpt>
      <trkpt lon="135.560101" lat="34.592995">
        <extensions>
          <mytracks:speed>84</mytracks:speed>
        </extensions>
      </trkpt>
      <trkpt lon="135.559854" lat="34.593004">
        <extensions>
          <mytracks:speed>84</mytracks:speed>
        </extensions>
      </trkpt>
      <trkpt lon="135.559592" lat="34.593004">
        <extensions>
          <mytracks:speed>84</mytracks:speed>
        </extensions>
      </trkpt>
      <trkpt lon="135.559336" lat="34.593001">
        <extensions>
          <mytracks:speed>84</mytracks:speed>
        </extensions>
      </trkpt>
      <trkpt lon="135.559071" lat="34.592999">
        <extensions>
          <mytracks:speed>83</mytracks:speed>
        </extensions>
      </trkpt>
      <trkpt lon="135.558811" lat="34.592998">
        <extensions>
          <mytracks:speed>81</mytracks:speed>
        </extensions>
      </trkpt>
      <trkpt lon="135.558579" lat="34.593003">
        <extensions>
          <mytracks:speed>80</mytracks:speed>
        </extensions>
      </trkpt>
      <trkpt lon="135.558329" lat="34.592999">
        <extensions>
          <mytracks:speed>79</mytracks:speed>
        </extensions>
      </trkpt>
      <trkpt lon="135.558078" lat="34.592999">
        <extensions>
          <mytracks:speed>78</mytracks:speed>
        </extensions>
      </trkpt>
      <trkpt lon="135.557836" lat="34.593004">
        <extensions>
          <mytracks:speed>78</mytracks:speed>
        </extensions>
      </trkpt>
      <trkpt lon="135.557589" lat="34.593004">
        <extensions>
          <mytracks:speed>78</mytracks:speed>
        </extensions>
      </trkpt>
      <trkpt lon="135.557347" lat="34.592996">
        <extensions>
          <mytracks:speed>79</mytracks:speed>
        </extensions>
      </trkpt>
      <trkpt lon="135.557100" lat="34.592995">
        <extensions>
          <mytracks:speed>79</mytracks:speed>
        </extensions>
      </trkpt>
      <trkpt lon="135.556862" lat="34.592976">
        <extensions>
          <mytracks:speed>78</mytracks:speed>
        </extensions>
      </trkpt>
      <trkpt lon="135.556614" lat="34.592968">
        <extensions>
          <mytracks:speed>78</mytracks:speed>
        </extensions>
      </trkpt>
      <trkpt lon="135.556374" lat="34.592963">
        <extensions>
          <mytracks:speed>77</mytracks:speed>
        </extensions>
      </trkpt>
      <trkpt lon="135.556130" lat="34.592961">
        <extensions>
          <mytracks:speed>78</mytracks:speed>
        </extensions>
      </trkpt>
      <trkpt lon="135.555891" lat="34.592962">
        <extensions>
          <mytracks:speed>77</mytracks:speed>
        </extensions>
      </trkpt>
      <trkpt lon="135.555661" lat="34.592963">
        <extensions>
          <mytracks:speed>78</mytracks:speed>
        </extensions>
      </trkpt>
      <trkpt lon="135.555419" lat="34.592971">
        <extensions>
          <mytracks:speed>78</mytracks:speed>
        </extensions>
      </trkpt>
      <trkpt lon="135.555193" lat="34.592990">
        <extensions>
          <mytracks:speed>78</mytracks:speed>
        </extensions>
      </trkpt>
      <trkpt lon="135.554951" lat="34.592992">
        <extensions>
          <mytracks:speed>76</mytracks:speed>
        </extensions>
      </trkpt>
      <trkpt lon="135.554717" lat="34.592994">
        <extensions>
          <mytracks:speed>75</mytracks:speed>
        </extensions>
      </trkpt>
      <trkpt lon="135.554501" lat="34.593003">
        <extensions>
          <mytracks:speed>74</mytracks:speed>
        </extensions>
      </trkpt>
      <trkpt lon="135.554269" lat="34.593000">
        <extensions>
          <mytracks:speed>72</mytracks:speed>
        </extensions>
      </trkpt>
      <trkpt lon="135.554043" lat="34.593004">
        <extensions>
          <mytracks:speed>72</mytracks:speed>
        </extensions>
      </trkpt>
      <trkpt lon="135.553813" lat="34.593006">
        <extensions>
          <mytracks:speed>71</mytracks:speed>
        </extensions>
      </trkpt>
      <trkpt lon="135.553589" lat="34.592983">
        <extensions>
          <mytracks:speed>72</mytracks:speed>
        </extensions>
      </trkpt>
      <trkpt lon="135.553369" lat="34.592983">
        <extensions>
          <mytracks:speed>70</mytracks:speed>
        </extensions>
      </trkpt>
      <trkpt lon="135.553150" lat="34.592980">
        <extensions>
          <mytracks:speed>70</mytracks:speed>
        </extensions>
      </trkpt>
      <trkpt lon="135.552940" lat="34.592974">
        <extensions>
          <mytracks:speed>68</mytracks:speed>
        </extensions>
      </trkpt>
      <trkpt lon="135.552730" lat="34.592975">
        <extensions>
          <mytracks:speed>68</mytracks:speed>
        </extensions>
      </trkpt>
      <trkpt lon="135.552520" lat="34.592965">
        <extensions>
          <mytracks:speed>66</mytracks:speed>
        </extensions>
      </trkpt>
      <trkpt lon="135.552303" lat="34.592964">
        <extensions>
          <mytracks:speed>66</mytracks:speed>
        </extensions>
      </trkpt>
      <trkpt lon="135.552098" lat="34.592958">
        <extensions>
          <mytracks:speed>66</mytracks:speed>
        </extensions>
      </trkpt>
      <trkpt lon="135.551903" lat="34.592965">
        <extensions>
          <mytracks:speed>64</mytracks:speed>
        </extensions>
      </trkpt>
      <trkpt lon="135.551716" lat="34.592984">
        <extensions>
          <mytracks:speed>62</mytracks:speed>
        </extensions>
      </trkpt>
      <trkpt lon="135.551525" lat="34.593002">
        <extensions>
          <mytracks:speed>61</mytracks:speed>
        </extensions>
      </trkpt>
      <trkpt lon="135.551335" lat="34.593020">
        <extensions>
          <mytracks:speed>60</mytracks:speed>
        </extensions>
      </trkpt>
      <trkpt lon="135.551154" lat="34.593065">
        <extensions>
          <mytracks:speed>59</mytracks:speed>
        </extensions>
      </trkpt>
      <trkpt lon="135.550992" lat="34.593149">
        <extensions>
          <mytracks:speed>60</mytracks:speed>
        </extensions>
      </trkpt>
      <trkpt lon="135.550822" lat="34.593207">
        <extensions>
          <mytracks:speed>61</mytracks:speed>
        </extensions>
      </trkpt>
      <trkpt lon="135.550679" lat="34.593289">
        <extensions>
          <mytracks:speed>61</mytracks:speed>
        </extensions>
      </trkpt>
      <trkpt lon="135.550567" lat="34.593422">
        <extensions>
          <mytracks:speed>61</mytracks:speed>
        </extensions>
      </trkpt>
      <trkpt lon="135.550447" lat="34.593551">
        <extensions>
          <mytracks:speed>63</mytracks:speed>
        </extensions>
      </trkpt>
      <trkpt lon="135.550331" lat="34.593683">
        <extensions>
          <mytracks:speed>63</mytracks:speed>
        </extensions>
      </trkpt>
      <trkpt lon="135.550216" lat="34.593815">
        <extensions>
          <mytracks:speed>64</mytracks:speed>
        </extensions>
      </trkpt>
      <trkpt lon="135.550168" lat="34.593967">
        <extensions>
          <mytracks:speed>64</mytracks:speed>
        </extensions>
      </trkpt>
      <trkpt lon="135.550109" lat="34.594128">
        <extensions>
          <mytracks:speed>65</mytracks:speed>
        </extensions>
      </trkpt>
      <trkpt lon="135.550076" lat="34.594297">
        <extensions>
          <mytracks:speed>66</mytracks:speed>
        </extensions>
      </trkpt>
      <trkpt lon="135.550056" lat="34.594474">
        <extensions>
          <mytracks:speed>66</mytracks:speed>
        </extensions>
      </trkpt>
      <trkpt lon="135.550068" lat="34.594661">
        <extensions>
          <mytracks:speed>67</mytracks:speed>
        </extensions>
      </trkpt>
      <trkpt lon="135.550046" lat="34.594829">
        <extensions>
          <mytracks:speed>68</mytracks:speed>
        </extensions>
      </trkpt>
      <trkpt lon="135.550087" lat="34.595038">
        <extensions>
          <mytracks:speed>71</mytracks:speed>
        </extensions>
      </trkpt>
      <trkpt lon="135.550088" lat="34.595217">
        <extensions>
          <mytracks:speed>73</mytracks:speed>
        </extensions>
      </trkpt>
      <trkpt lon="135.550091" lat="34.595410">
        <extensions>
          <mytracks:speed>75</mytracks:speed>
        </extensions>
      </trkpt>
      <trkpt lon="135.550091" lat="34.595618">
        <extensions>
          <mytracks:speed>79</mytracks:speed>
        </extensions>
      </trkpt>
      <trkpt lon="135.550095" lat="34.595857">
        <extensions>
          <mytracks:speed>85</mytracks:speed>
        </extensions>
      </trkpt>
      <trkpt lon="135.550095" lat="34.596075">
        <extensions>
          <mytracks:speed>86</mytracks:speed>
        </extensions>
      </trkpt>
      <trkpt lon="135.550083" lat="34.596303">
        <extensions>
          <mytracks:speed>87</mytracks:speed>
        </extensions>
      </trkpt>
      <trkpt lon="135.550067" lat="34.596522">
        <extensions>
          <mytracks:speed>86</mytracks:speed>
        </extensions>
      </trkpt>
      <trkpt lon="135.550053" lat="34.596742">
        <extensions>
          <mytracks:speed>84</mytracks:speed>
        </extensions>
      </trkpt>
      <trkpt lon="135.550045" lat="34.596952">
        <extensions>
          <mytracks:speed>81</mytracks:speed>
        </extensions>
      </trkpt>
      <trkpt lon="135.550042" lat="34.597032">
        <extensions>
          <mytracks:speed>79</mytracks:speed>
        </extensions>
      </trkpt>
      <trkpt lon="135.550046" lat="34.597367">
        <extensions>
          <mytracks:speed>77</mytracks:speed>
        </extensions>
      </trkpt>
      <trkpt lon="135.550044" lat="34.597537">
        <extensions>
          <mytracks:speed>71</mytracks:speed>
        </extensions>
      </trkpt>
      <trkpt lon="135.550036" lat="34.597723">
        <extensions>
          <mytracks:speed>70</mytracks:speed>
        </extensions>
      </trkpt>
      <trkpt lon="135.550039" lat="34.597892">
        <extensions>
          <mytracks:speed>66</mytracks:speed>
        </extensions>
      </trkpt>
      <trkpt lon="135.550039" lat="34.598013">
        <extensions>
          <mytracks:speed>60</mytracks:speed>
        </extensions>
      </trkpt>
      <trkpt lon="135.550044" lat="34.598149">
        <extensions>
          <mytracks:speed>48</mytracks:speed>
        </extensions>
      </trkpt>
      <trkpt lon="135.550042" lat="34.598269">
        <extensions>
          <mytracks:speed>41</mytracks:speed>
        </extensions>
      </trkpt>
      <trkpt lon="135.550040" lat="34.598372">
        <extensions>
          <mytracks:speed>36</mytracks:speed>
        </extensions>
      </trkpt>
      <trkpt lon="135.550056" lat="34.598475">
        <extensions>
          <mytracks:speed>34</mytracks:speed>
        </extensions>
      </trkpt>
      <trkpt lon="135.550063" lat="34.598582">
        <extensions>
          <mytracks:speed>34</mytracks:speed>
        </extensions>
      </trkpt>
      <trkpt lon="135.550037" lat="34.598628">
        <extensions>
          <mytracks:speed>37</mytracks:speed>
        </extensions>
      </trkpt>
      <trkpt lon="135.550042" lat="34.598736">
        <extensions>
          <mytracks:speed>42</mytracks:speed>
        </extensions>
      </trkpt>
      <trkpt lon="135.550065" lat="34.598852">
        <extensions>
          <mytracks:speed>49</mytracks:speed>
        </extensions>
      </trkpt>
      <trkpt lon="135.550078" lat="34.598997">
        <extensions>
          <mytracks:speed>58</mytracks:speed>
        </extensions>
      </trkpt>
      <trkpt lon="135.550107" lat="34.599183">
        <extensions>
          <mytracks:speed>64</mytracks:speed>
        </extensions>
      </trkpt>
      <trkpt lon="135.550118" lat="34.599360">
        <extensions>
          <mytracks:speed>67</mytracks:speed>
        </extensions>
      </trkpt>
      <trkpt lon="135.550149" lat="34.599555">
        <extensions>
          <mytracks:speed>74</mytracks:speed>
        </extensions>
      </trkpt>
      <trkpt lon="135.550158" lat="34.599775">
        <extensions>
          <mytracks:speed>84</mytracks:speed>
        </extensions>
      </trkpt>
      <trkpt lon="135.550163" lat="34.599991">
        <extensions>
          <mytracks:speed>85</mytracks:speed>
        </extensions>
      </trkpt>
      <trkpt lon="135.550163" lat="34.600215">
        <extensions>
          <mytracks:speed>87</mytracks:speed>
        </extensions>
      </trkpt>
      <trkpt lon="135.550166" lat="34.600442">
        <extensions>
          <mytracks:speed>87</mytracks:speed>
        </extensions>
      </trkpt>
      <trkpt lon="135.550169" lat="34.600665">
        <extensions>
          <mytracks:speed>87</mytracks:speed>
        </extensions>
      </trkpt>
      <trkpt lon="135.550167" lat="34.600884">
        <extensions>
          <mytracks:speed>86</mytracks:speed>
        </extensions>
      </trkpt>
      <trkpt lon="135.550171" lat="34.601106">
        <extensions>
          <mytracks:speed>87</mytracks:speed>
        </extensions>
      </trkpt>
      <trkpt lon="135.550167" lat="34.601321">
        <extensions>
          <mytracks:speed>87</mytracks:speed>
        </extensions>
      </trkpt>
      <trkpt lon="135.550173" lat="34.601535">
        <extensions>
          <mytracks:speed>88</mytracks:speed>
        </extensions>
      </trkpt>
      <trkpt lon="135.550176" lat="34.601756">
        <extensions>
          <mytracks:speed>89</mytracks:speed>
        </extensions>
      </trkpt>
      <trkpt lon="135.550183" lat="34.601985">
        <extensions>
          <mytracks:speed>89</mytracks:speed>
        </extensions>
      </trkpt>
      <trkpt lon="135.550178" lat="34.602223">
        <extensions>
          <mytracks:speed>90</mytracks:speed>
        </extensions>
      </trkpt>
      <trkpt lon="135.550187" lat="34.602457">
        <extensions>
          <mytracks:speed>90</mytracks:speed>
        </extensions>
      </trkpt>
      <trkpt lon="135.550192" lat="34.602687">
        <extensions>
          <mytracks:speed>90</mytracks:speed>
        </extensions>
      </trkpt>
      <trkpt lon="135.550190" lat="34.602921">
        <extensions>
          <mytracks:speed>90</mytracks:speed>
        </extensions>
      </trkpt>
      <trkpt lon="135.550182" lat="34.603151">
        <extensions>
          <mytracks:speed>90</mytracks:speed>
        </extensions>
      </trkpt>
      <trkpt lon="135.550151" lat="34.603375">
        <extensions>
          <mytracks:speed>90</mytracks:speed>
        </extensions>
      </trkpt>
      <trkpt lon="135.550128" lat="34.603605">
        <extensions>
          <mytracks:speed>90</mytracks:speed>
        </extensions>
      </trkpt>
      <trkpt lon="135.550076" lat="34.603833">
        <extensions>
          <mytracks:speed>90</mytracks:speed>
        </extensions>
      </trkpt>
      <trkpt lon="135.550020" lat="34.604068">
        <extensions>
          <mytracks:speed>91</mytracks:speed>
        </extensions>
      </trkpt>
      <trkpt lon="135.549965" lat="34.604296">
        <extensions>
          <mytracks:speed>91</mytracks:speed>
        </extensions>
      </trkpt>
      <trkpt lon="135.549908" lat="34.604514">
        <extensions>
          <mytracks:speed>93</mytracks:speed>
        </extensions>
      </trkpt>
      <trkpt lon="135.549834" lat="34.604747">
        <extensions>
          <mytracks:speed>94</mytracks:speed>
        </extensions>
      </trkpt>
      <trkpt lon="135.549769" lat="34.604978">
        <extensions>
          <mytracks:speed>94</mytracks:speed>
        </extensions>
      </trkpt>
      <trkpt lon="135.549706" lat="34.605225">
        <extensions>
          <mytracks:speed>96</mytracks:speed>
        </extensions>
      </trkpt>
      <trkpt lon="135.549650" lat="34.605461">
        <extensions>
          <mytracks:speed>96</mytracks:speed>
        </extensions>
      </trkpt>
      <trkpt lon="135.549592" lat="34.605695">
        <extensions>
          <mytracks:speed>96</mytracks:speed>
        </extensions>
      </trkpt>
      <trkpt lon="135.549528" lat="34.605933">
        <extensions>
          <mytracks:speed>96</mytracks:speed>
        </extensions>
      </trkpt>
      <trkpt lon="135.549451" lat="34.606169">
        <extensions>
          <mytracks:speed>98</mytracks:speed>
        </extensions>
      </trkpt>
      <trkpt lon="135.549382" lat="34.606409">
        <extensions>
          <mytracks:speed>98</mytracks:speed>
        </extensions>
      </trkpt>
      <trkpt lon="135.549316" lat="34.606647">
        <extensions>
          <mytracks:speed>99</mytracks:speed>
        </extensions>
      </trkpt>
      <trkpt lon="135.549236" lat="34.606878">
        <extensions>
          <mytracks:speed>99</mytracks:speed>
        </extensions>
      </trkpt>
      <trkpt lon="135.549236" lat="34.606878">
        <extensions>
          <mytracks:speed>100</mytracks:speed>
        </extensions>
      </trkpt>
      <trkpt lon="135.549159" lat="34.607121">
        <extensions>
          <mytracks:speed>99</mytracks:speed>
        </extensions>
      </trkpt>
      <trkpt lon="135.549074" lat="34.607645">
        <extensions>
          <mytracks:speed>100</mytracks:speed>
        </extensions>
      </trkpt>
      <trkpt lon="135.549025" lat="34.607897">
        <extensions>
          <mytracks:speed>100</mytracks:speed>
        </extensions>
      </trkpt>
      <trkpt lon="135.549005" lat="34.608170">
        <extensions>
          <mytracks:speed>100</mytracks:speed>
        </extensions>
      </trkpt>
      <trkpt lon="135.549011" lat="34.608431">
        <extensions>
          <mytracks:speed>100</mytracks:speed>
        </extensions>
      </trkpt>
      <trkpt lon="135.548994" lat="34.608706">
        <extensions>
          <mytracks:speed>99</mytracks:speed>
        </extensions>
      </trkpt>
      <trkpt lon="135.549008" lat="34.608967">
        <extensions>
          <mytracks:speed>100</mytracks:speed>
        </extensions>
      </trkpt>
      <trkpt lon="135.549005" lat="34.609222">
        <extensions>
          <mytracks:speed>99</mytracks:speed>
        </extensions>
      </trkpt>
      <trkpt lon="135.549019" lat="34.609481">
        <extensions>
          <mytracks:speed>99</mytracks:speed>
        </extensions>
      </trkpt>
      <trkpt lon="135.549019" lat="34.609724">
        <extensions>
          <mytracks:speed>98</mytracks:speed>
        </extensions>
      </trkpt>
      <trkpt lon="135.549014" lat="34.609977">
        <extensions>
          <mytracks:speed>99</mytracks:speed>
        </extensions>
      </trkpt>
      <trkpt lon="135.549004" lat="34.610227">
        <extensions>
          <mytracks:speed>98</mytracks:speed>
        </extensions>
      </trkpt>
      <trkpt lon="135.549000" lat="34.610479">
        <extensions>
          <mytracks:speed>98</mytracks:speed>
        </extensions>
      </trkpt>
      <trkpt lon="135.548999" lat="34.610731">
        <extensions>
          <mytracks:speed>98</mytracks:speed>
        </extensions>
      </trkpt>
      <trkpt lon="135.548998" lat="34.610987">
        <extensions>
          <mytracks:speed>98</mytracks:speed>
        </extensions>
      </trkpt>
      <trkpt lon="135.548992" lat="34.611239">
        <extensions>
          <mytracks:speed>97</mytracks:speed>
        </extensions>
      </trkpt>
      <trkpt lon="135.548984" lat="34.611490">
        <extensions>
          <mytracks:speed>96</mytracks:speed>
        </extensions>
      </trkpt>
      <trkpt lon="135.548980" lat="34.611740">
        <extensions>
          <mytracks:speed>97</mytracks:speed>
        </extensions>
      </trkpt>
      <trkpt lon="135.548974" lat="34.611980">
        <extensions>
          <mytracks:speed>96</mytracks:speed>
        </extensions>
      </trkpt>
      <trkpt lon="135.548980" lat="34.612226">
        <extensions>
          <mytracks:speed>97</mytracks:speed>
        </extensions>
      </trkpt>
      <trkpt lon="135.548971" lat="34.612477">
        <extensions>
          <mytracks:speed>96</mytracks:speed>
        </extensions>
      </trkpt>
      <trkpt lon="135.548961" lat="34.612725">
        <extensions>
          <mytracks:speed>96</mytracks:speed>
        </extensions>
      </trkpt>
      <trkpt lon="135.548958" lat="34.612972">
        <extensions>
          <mytracks:speed>96</mytracks:speed>
        </extensions>
      </trkpt>
      <trkpt lon="135.548955" lat="34.613220">
        <extensions>
          <mytracks:speed>97</mytracks:speed>
        </extensions>
      </trkpt>
      <trkpt lon="135.548950" lat="34.613468">
        <extensions>
          <mytracks:speed>96</mytracks:speed>
        </extensions>
      </trkpt>
      <trkpt lon="135.548942" lat="34.613725">
        <extensions>
          <mytracks:speed>97</mytracks:speed>
        </extensions>
      </trkpt>
      <trkpt lon="135.548943" lat="34.613978">
        <extensions>
          <mytracks:speed>99</mytracks:speed>
        </extensions>
      </trkpt>
      <trkpt lon="135.548943" lat="34.614226">
        <extensions>
          <mytracks:speed>99</mytracks:speed>
        </extensions>
      </trkpt>
      <trkpt lon="135.548943" lat="34.614479">
        <extensions>
          <mytracks:speed>98</mytracks:speed>
        </extensions>
      </trkpt>
      <trkpt lon="135.548937" lat="34.614730">
        <extensions>
          <mytracks:speed>98</mytracks:speed>
        </extensions>
      </trkpt>
      <trkpt lon="135.548933" lat="34.614990">
        <extensions>
          <mytracks:speed>98</mytracks:speed>
        </extensions>
      </trkpt>
      <trkpt lon="135.548930" lat="34.615242">
        <extensions>
          <mytracks:speed>99</mytracks:speed>
        </extensions>
      </trkpt>
      <trkpt lon="135.548922" lat="34.615493">
        <extensions>
          <mytracks:speed>98</mytracks:speed>
        </extensions>
      </trkpt>
      <trkpt lon="135.548916" lat="34.615745">
        <extensions>
          <mytracks:speed>99</mytracks:speed>
        </extensions>
      </trkpt>
      <trkpt lon="135.548914" lat="34.615998">
        <extensions>
          <mytracks:speed>98</mytracks:speed>
        </extensions>
      </trkpt>
      <trkpt lon="135.548912" lat="34.616257">
        <extensions>
          <mytracks:speed>98</mytracks:speed>
        </extensions>
      </trkpt>
      <trkpt lon="135.548906" lat="34.616495">
        <extensions>
          <mytracks:speed>98</mytracks:speed>
        </extensions>
      </trkpt>
      <trkpt lon="135.548903" lat="34.616746">
        <extensions>
          <mytracks:speed>96</mytracks:speed>
        </extensions>
      </trkpt>
      <trkpt lon="135.548897" lat="34.616992">
        <extensions>
          <mytracks:speed>96</mytracks:speed>
        </extensions>
      </trkpt>
      <trkpt lon="135.548896" lat="34.617239">
        <extensions>
          <mytracks:speed>95</mytracks:speed>
        </extensions>
      </trkpt>
      <trkpt lon="135.548891" lat="34.617482">
        <extensions>
          <mytracks:speed>96</mytracks:speed>
        </extensions>
      </trkpt>
      <trkpt lon="135.548888" lat="34.617728">
        <extensions>
          <mytracks:speed>95</mytracks:speed>
        </extensions>
      </trkpt>
      <trkpt lon="135.548890" lat="34.617978">
        <extensions>
          <mytracks:speed>95</mytracks:speed>
        </extensions>
      </trkpt>
      <trkpt lon="135.548886" lat="34.618222">
        <extensions>
          <mytracks:speed>96</mytracks:speed>
        </extensions>
      </trkpt>
      <trkpt lon="135.548884" lat="34.618464">
        <extensions>
          <mytracks:speed>95</mytracks:speed>
        </extensions>
      </trkpt>
      <trkpt lon="135.548888" lat="34.618703">
        <extensions>
          <mytracks:speed>95</mytracks:speed>
        </extensions>
      </trkpt>
      <trkpt lon="135.548889" lat="34.618945">
        <extensions>
          <mytracks:speed>96</mytracks:speed>
        </extensions>
      </trkpt>
      <trkpt lon="135.548886" lat="34.619194">
        <extensions>
          <mytracks:speed>95</mytracks:speed>
        </extensions>
      </trkpt>
      <trkpt lon="135.548892" lat="34.619436">
        <extensions>
          <mytracks:speed>94</mytracks:speed>
        </extensions>
      </trkpt>
      <trkpt lon="135.548888" lat="34.619677">
        <extensions>
          <mytracks:speed>94</mytracks:speed>
        </extensions>
      </trkpt>
      <trkpt lon="135.548877" lat="34.619915">
        <extensions>
          <mytracks:speed>93</mytracks:speed>
        </extensions>
      </trkpt>
      <trkpt lon="135.548875" lat="34.620152">
        <extensions>
          <mytracks:speed>92</mytracks:speed>
        </extensions>
      </trkpt>
      <trkpt lon="135.548872" lat="34.620386">
        <extensions>
          <mytracks:speed>89</mytracks:speed>
        </extensions>
      </trkpt>
      <trkpt lon="135.548865" lat="34.620617">
        <extensions>
          <mytracks:speed>88</mytracks:speed>
        </extensions>
      </trkpt>
      <trkpt lon="135.548834" lat="34.620836">
        <extensions>
          <mytracks:speed>87</mytracks:speed>
        </extensions>
      </trkpt>
      <trkpt lon="135.548780" lat="34.621056">
        <extensions>
          <mytracks:speed>86</mytracks:speed>
        </extensions>
      </trkpt>
      <trkpt lon="135.548738" lat="34.621278">
        <extensions>
          <mytracks:speed>86</mytracks:speed>
        </extensions>
      </trkpt>
      <trkpt lon="135.548635" lat="34.621481">
        <extensions>
          <mytracks:speed>87</mytracks:speed>
        </extensions>
      </trkpt>
      <trkpt lon="135.548503" lat="34.621666">
        <extensions>
          <mytracks:speed>86</mytracks:speed>
        </extensions>
      </trkpt>
      <trkpt lon="135.548380" lat="34.621859">
        <extensions>
          <mytracks:speed>85</mytracks:speed>
        </extensions>
      </trkpt>
      <trkpt lon="135.548223" lat="34.622038">
        <extensions>
          <mytracks:speed>85</mytracks:speed>
        </extensions>
      </trkpt>
      <trkpt lon="135.548029" lat="34.622173">
        <extensions>
          <mytracks:speed>86</mytracks:speed>
        </extensions>
      </trkpt>
      <trkpt lon="135.548029" lat="34.622173">
        <extensions>
          <mytracks:speed>87</mytracks:speed>
        </extensions>
      </trkpt>
      <trkpt lon="135.547545" lat="34.622360">
        <extensions>
          <mytracks:speed>87</mytracks:speed>
        </extensions>
      </trkpt>
      <trkpt lon="135.547296" lat="34.622439">
        <extensions>
          <mytracks:speed>88</mytracks:speed>
        </extensions>
      </trkpt>
      <trkpt lon="135.547026" lat="34.622495">
        <extensions>
          <mytracks:speed>89</mytracks:speed>
        </extensions>
      </trkpt>
      <trkpt lon="135.546761" lat="34.622540">
        <extensions>
          <mytracks:speed>89</mytracks:speed>
        </extensions>
      </trkpt>
      <trkpt lon="135.546489" lat="34.622579">
        <extensions>
          <mytracks:speed>90</mytracks:speed>
        </extensions>
      </trkpt>
      <trkpt lon="135.546198" lat="34.622579">
        <extensions>
          <mytracks:speed>91</mytracks:speed>
        </extensions>
      </trkpt>
      <trkpt lon="135.545884" lat="34.622566">
        <extensions>
          <mytracks:speed>93</mytracks:speed>
        </extensions>
      </trkpt>
      <trkpt lon="135.545598" lat="34.622536">
        <extensions>
          <mytracks:speed>93</mytracks:speed>
        </extensions>
      </trkpt>
      <trkpt lon="135.545303" lat="34.622479">
        <extensions>
          <mytracks:speed>93</mytracks:speed>
        </extensions>
      </trkpt>
      <trkpt lon="135.545009" lat="34.622434">
        <extensions>
          <mytracks:speed>93</mytracks:speed>
        </extensions>
      </trkpt>
      <trkpt lon="135.544719" lat="34.622402">
        <extensions>
          <mytracks:speed>92</mytracks:speed>
        </extensions>
      </trkpt>
      <trkpt lon="135.544453" lat="34.622350">
        <extensions>
          <mytracks:speed>93</mytracks:speed>
        </extensions>
      </trkpt>
      <trkpt lon="135.544172" lat="34.622311">
        <extensions>
          <mytracks:speed>93</mytracks:speed>
        </extensions>
      </trkpt>
      <trkpt lon="135.543875" lat="34.622277">
        <extensions>
          <mytracks:speed>92</mytracks:speed>
        </extensions>
      </trkpt>
      <trkpt lon="135.543875" lat="34.622277">
        <extensions>
          <mytracks:speed>92</mytracks:speed>
        </extensions>
      </trkpt>
      <trkpt lon="135.543597" lat="34.622253">
        <extensions>
          <mytracks:speed>92</mytracks:speed>
        </extensions>
      </trkpt>
      <trkpt lon="135.543051" lat="34.622173">
        <extensions>
          <mytracks:speed>93</mytracks:speed>
        </extensions>
      </trkpt>
      <trkpt lon="135.542757" lat="34.622125">
        <extensions>
          <mytracks:speed>93</mytracks:speed>
        </extensions>
      </trkpt>
      <trkpt lon="135.542464" lat="34.622086">
        <extensions>
          <mytracks:speed>94</mytracks:speed>
        </extensions>
      </trkpt>
      <trkpt lon="135.542175" lat="34.622047">
        <extensions>
          <mytracks:speed>95</mytracks:speed>
        </extensions>
      </trkpt>
      <trkpt lon="135.541885" lat="34.622021">
        <extensions>
          <mytracks:speed>96</mytracks:speed>
        </extensions>
      </trkpt>
      <trkpt lon="135.541587" lat="34.621985">
        <extensions>
          <mytracks:speed>96</mytracks:speed>
        </extensions>
      </trkpt>
      <trkpt lon="135.541293" lat="34.621937">
        <extensions>
          <mytracks:speed>96</mytracks:speed>
        </extensions>
      </trkpt>
      <trkpt lon="135.540994" lat="34.621897">
        <extensions>
          <mytracks:speed>96</mytracks:speed>
        </extensions>
      </trkpt>
      <trkpt lon="135.540994" lat="34.621897">
        <extensions>
          <mytracks:speed>96</mytracks:speed>
        </extensions>
      </trkpt>
      <trkpt lon="135.540697" lat="34.621882">
        <extensions>
          <mytracks:speed>96</mytracks:speed>
        </extensions>
      </trkpt>
      <trkpt lon="135.540096" lat="34.621797">
        <extensions>
          <mytracks:speed>96</mytracks:speed>
        </extensions>
      </trkpt>
      <trkpt lon="135.540096" lat="34.621797">
        <extensions>
          <mytracks:speed>96</mytracks:speed>
        </extensions>
      </trkpt>
      <trkpt lon="135.539510" lat="34.621694">
        <extensions>
          <mytracks:speed>96</mytracks:speed>
        </extensions>
      </trkpt>
      <trkpt lon="135.539204" lat="34.621659">
        <extensions>
          <mytracks:speed>96</mytracks:speed>
        </extensions>
      </trkpt>
      <trkpt lon="135.538902" lat="34.621625">
        <extensions>
          <mytracks:speed>96</mytracks:speed>
        </extensions>
      </trkpt>
      <trkpt lon="135.538613" lat="34.621589">
        <extensions>
          <mytracks:speed>96</mytracks:speed>
        </extensions>
      </trkpt>
      <trkpt lon="135.538315" lat="34.621564">
        <extensions>
          <mytracks:speed>96</mytracks:speed>
        </extensions>
      </trkpt>
      <trkpt lon="135.538027" lat="34.621516">
        <extensions>
          <mytracks:speed>96</mytracks:speed>
        </extensions>
      </trkpt>
      <trkpt lon="135.537717" lat="34.621475">
        <extensions>
          <mytracks:speed>97</mytracks:speed>
        </extensions>
      </trkpt>
      <trkpt lon="135.537417" lat="34.621431">
        <extensions>
          <mytracks:speed>96</mytracks:speed>
        </extensions>
      </trkpt>
      <trkpt lon="135.537107" lat="34.621404">
        <extensions>
          <mytracks:speed>97</mytracks:speed>
        </extensions>
      </trkpt>
      <trkpt lon="135.536817" lat="34.621372">
        <extensions>
          <mytracks:speed>97</mytracks:speed>
        </extensions>
      </trkpt>
      <trkpt lon="135.536516" lat="34.621346">
        <extensions>
          <mytracks:speed>97</mytracks:speed>
        </extensions>
      </trkpt>
      <trkpt lon="135.536216" lat="34.621302">
        <extensions>
          <mytracks:speed>96</mytracks:speed>
        </extensions>
      </trkpt>
      <trkpt lon="135.535923" lat="34.621254">
        <extensions>
          <mytracks:speed>96</mytracks:speed>
        </extensions>
      </trkpt>
      <trkpt lon="135.535626" lat="34.621216">
        <extensions>
          <mytracks:speed>95</mytracks:speed>
        </extensions>
      </trkpt>
      <trkpt lon="135.535367" lat="34.621177">
        <extensions>
          <mytracks:speed>95</mytracks:speed>
        </extensions>
      </trkpt>
      <trkpt lon="135.535091" lat="34.621154">
        <extensions>
          <mytracks:speed>93</mytracks:speed>
        </extensions>
      </trkpt>
      <trkpt lon="135.535091" lat="34.621154">
        <extensions>
          <mytracks:speed>93</mytracks:speed>
        </extensions>
      </trkpt>
      <trkpt lon="135.534803" lat="34.621142">
        <extensions>
          <mytracks:speed>94</mytracks:speed>
        </extensions>
      </trkpt>
      <trkpt lon="135.534215" lat="34.621161">
        <extensions>
          <mytracks:speed>93</mytracks:speed>
        </extensions>
      </trkpt>
      <trkpt lon="135.533936" lat="34.621223">
        <extensions>
          <mytracks:speed>94</mytracks:speed>
        </extensions>
      </trkpt>
      <trkpt lon="135.533642" lat="34.621282">
        <extensions>
          <mytracks:speed>95</mytracks:speed>
        </extensions>
      </trkpt>
      <trkpt lon="135.533375" lat="34.621351">
        <extensions>
          <mytracks:speed>94</mytracks:speed>
        </extensions>
      </trkpt>
      <trkpt lon="135.533102" lat="34.621428">
        <extensions>
          <mytracks:speed>93</mytracks:speed>
        </extensions>
      </trkpt>
      <trkpt lon="135.532826" lat="34.621498">
        <extensions>
          <mytracks:speed>92</mytracks:speed>
        </extensions>
      </trkpt>
      <trkpt lon="135.532573" lat="34.621614">
        <extensions>
          <mytracks:speed>91</mytracks:speed>
        </extensions>
      </trkpt>
      <trkpt lon="135.532301" lat="34.621714">
        <extensions>
          <mytracks:speed>91</mytracks:speed>
        </extensions>
      </trkpt>
      <trkpt lon="135.532044" lat="34.621805">
        <extensions>
          <mytracks:speed>90</mytracks:speed>
        </extensions>
      </trkpt>
      <trkpt lon="135.531793" lat="34.621904">
        <extensions>
          <mytracks:speed>90</mytracks:speed>
        </extensions>
      </trkpt>
      <trkpt lon="135.531559" lat="34.622029">
        <extensions>
          <mytracks:speed>90</mytracks:speed>
        </extensions>
      </trkpt>
      <trkpt lon="135.531317" lat="34.622148">
        <extensions>
          <mytracks:speed>90</mytracks:speed>
        </extensions>
      </trkpt>
      <trkpt lon="135.531110" lat="34.622304">
        <extensions>
          <mytracks:speed>90</mytracks:speed>
        </extensions>
      </trkpt>
      <trkpt lon="135.530911" lat="34.622463">
        <extensions>
          <mytracks:speed>90</mytracks:speed>
        </extensions>
      </trkpt>
      <trkpt lon="135.530726" lat="34.622624">
        <extensions>
          <mytracks:speed>91</mytracks:speed>
        </extensions>
      </trkpt>
      <trkpt lon="135.530554" lat="34.622804">
        <extensions>
          <mytracks:speed>91</mytracks:speed>
        </extensions>
      </trkpt>
      <trkpt lon="135.530554" lat="34.622804">
        <extensions>
          <mytracks:speed>91</mytracks:speed>
        </extensions>
      </trkpt>
      <trkpt lon="135.530389" lat="34.622975">
        <extensions>
          <mytracks:speed>91</mytracks:speed>
        </extensions>
      </trkpt>
      <trkpt lon="135.530043" lat="34.623336">
        <extensions>
          <mytracks:speed>93</mytracks:speed>
        </extensions>
      </trkpt>
      <trkpt lon="135.529873" lat="34.623541">
        <extensions>
          <mytracks:speed>92</mytracks:speed>
        </extensions>
      </trkpt>
      <trkpt lon="135.529705" lat="34.623735">
        <extensions>
          <mytracks:speed>93</mytracks:speed>
        </extensions>
      </trkpt>
      <trkpt lon="135.529533" lat="34.623925">
        <extensions>
          <mytracks:speed>92</mytracks:speed>
        </extensions>
      </trkpt>
      <trkpt lon="135.529370" lat="34.624122">
        <extensions>
          <mytracks:speed>91</mytracks:speed>
        </extensions>
      </trkpt>
      <trkpt lon="135.529370" lat="34.624122">
        <extensions>
          <mytracks:speed>91</mytracks:speed>
        </extensions>
      </trkpt>
      <trkpt lon="135.529216" lat="34.624296">
        <extensions>
          <mytracks:speed>93</mytracks:speed>
        </extensions>
      </trkpt>
      <trkpt lon="135.528863" lat="34.624672">
        <extensions>
          <mytracks:speed>92</mytracks:speed>
        </extensions>
      </trkpt>
      <trkpt lon="135.528692" lat="34.624859">
        <extensions>
          <mytracks:speed>93</mytracks:speed>
        </extensions>
      </trkpt>
      <trkpt lon="135.528519" lat="34.625050">
        <extensions>
          <mytracks:speed>93</mytracks:speed>
        </extensions>
      </trkpt>
      <trkpt lon="135.528352" lat="34.625233">
        <extensions>
          <mytracks:speed>92</mytracks:speed>
        </extensions>
      </trkpt>
      <trkpt lon="135.528156" lat="34.625413">
        <extensions>
          <mytracks:speed>93</mytracks:speed>
        </extensions>
      </trkpt>
      <trkpt lon="135.527975" lat="34.625593">
        <extensions>
          <mytracks:speed>91</mytracks:speed>
        </extensions>
      </trkpt>
      <trkpt lon="135.527795" lat="34.625777">
        <extensions>
          <mytracks:speed>92</mytracks:speed>
        </extensions>
      </trkpt>
      <trkpt lon="135.527622" lat="34.625960">
        <extensions>
          <mytracks:speed>90</mytracks:speed>
        </extensions>
      </trkpt>
      <trkpt lon="135.527452" lat="34.626144">
        <extensions>
          <mytracks:speed>90</mytracks:speed>
        </extensions>
      </trkpt>
      <trkpt lon="135.527278" lat="34.626326">
        <extensions>
          <mytracks:speed>91</mytracks:speed>
        </extensions>
      </trkpt>
      <trkpt lon="135.527092" lat="34.626510">
        <extensions>
          <mytracks:speed>90</mytracks:speed>
        </extensions>
      </trkpt>
      <trkpt lon="135.526930" lat="34.626686">
        <extensions>
          <mytracks:speed>90</mytracks:speed>
        </extensions>
      </trkpt>
      <trkpt lon="135.526761" lat="34.626866">
        <extensions>
          <mytracks:speed>88</mytracks:speed>
        </extensions>
      </trkpt>
      <trkpt lon="135.526604" lat="34.627047">
        <extensions>
          <mytracks:speed>86</mytracks:speed>
        </extensions>
      </trkpt>
      <trkpt lon="135.526447" lat="34.627225">
        <extensions>
          <mytracks:speed>83</mytracks:speed>
        </extensions>
      </trkpt>
      <trkpt lon="135.526283" lat="34.627379">
        <extensions>
          <mytracks:speed>80</mytracks:speed>
        </extensions>
      </trkpt>
      <trkpt lon="135.526114" lat="34.627547">
        <extensions>
          <mytracks:speed>79</mytracks:speed>
        </extensions>
      </trkpt>
      <trkpt lon="135.526114" lat="34.627547">
        <extensions>
          <mytracks:speed>78</mytracks:speed>
        </extensions>
      </trkpt>
      <trkpt lon="135.525978" lat="34.627699">
        <extensions>
          <mytracks:speed>76</mytracks:speed>
        </extensions>
      </trkpt>
      <trkpt lon="135.525680" lat="34.628009">
        <extensions>
          <mytracks:speed>76</mytracks:speed>
        </extensions>
      </trkpt>
      <trkpt lon="135.525528" lat="34.628165">
        <extensions>
          <mytracks:speed>74</mytracks:speed>
        </extensions>
      </trkpt>
      <trkpt lon="135.525375" lat="34.628303">
        <extensions>
          <mytracks:speed>74</mytracks:speed>
        </extensions>
      </trkpt>
      <trkpt lon="135.525242" lat="34.628451">
        <extensions>
          <mytracks:speed>75</mytracks:speed>
        </extensions>
      </trkpt>
      <trkpt lon="135.525105" lat="34.628593">
        <extensions>
          <mytracks:speed>76</mytracks:speed>
        </extensions>
      </trkpt>
      <trkpt lon="135.524960" lat="34.628731">
        <extensions>
          <mytracks:speed>76</mytracks:speed>
        </extensions>
      </trkpt>
      <trkpt lon="135.524802" lat="34.628889">
        <extensions>
          <mytracks:speed>78</mytracks:speed>
        </extensions>
      </trkpt>
      <trkpt lon="135.524654" lat="34.629050">
        <extensions>
          <mytracks:speed>78</mytracks:speed>
        </extensions>
      </trkpt>
      <trkpt lon="135.524509" lat="34.629199">
        <extensions>
          <mytracks:speed>77</mytracks:speed>
        </extensions>
      </trkpt>
      <trkpt lon="135.524358" lat="34.629351">
        <extensions>
          <mytracks:speed>78</mytracks:speed>
        </extensions>
      </trkpt>
      <trkpt lon="135.524207" lat="34.629503">
        <extensions>
          <mytracks:speed>77</mytracks:speed>
        </extensions>
      </trkpt>
      <trkpt lon="135.524045" lat="34.629655">
        <extensions>
          <mytracks:speed>78</mytracks:speed>
        </extensions>
      </trkpt>
      <trkpt lon="135.523898" lat="34.629823">
        <extensions>
          <mytracks:speed>79</mytracks:speed>
        </extensions>
      </trkpt>
      <trkpt lon="135.523746" lat="34.629979">
        <extensions>
          <mytracks:speed>80</mytracks:speed>
        </extensions>
      </trkpt>
      <trkpt lon="135.523588" lat="34.630144">
        <extensions>
          <mytracks:speed>81</mytracks:speed>
        </extensions>
      </trkpt>
      <trkpt lon="135.523431" lat="34.630297">
        <extensions>
          <mytracks:speed>83</mytracks:speed>
        </extensions>
      </trkpt>
      <trkpt lon="135.523265" lat="34.630466">
        <extensions>
          <mytracks:speed>84</mytracks:speed>
        </extensions>
      </trkpt>
      <trkpt lon="135.523097" lat="34.630640">
        <extensions>
          <mytracks:speed>85</mytracks:speed>
        </extensions>
      </trkpt>
      <trkpt lon="135.522932" lat="34.630819">
        <extensions>
          <mytracks:speed>86</mytracks:speed>
        </extensions>
      </trkpt>
      <trkpt lon="135.522766" lat="34.631003">
        <extensions>
          <mytracks:speed>87</mytracks:speed>
        </extensions>
      </trkpt>
      <trkpt lon="135.522599" lat="34.631175">
        <extensions>
          <mytracks:speed>87</mytracks:speed>
        </extensions>
      </trkpt>
      <trkpt lon="135.522426" lat="34.631353">
        <extensions>
          <mytracks:speed>87</mytracks:speed>
        </extensions>
      </trkpt>
      <trkpt lon="135.522257" lat="34.631531">
        <extensions>
          <mytracks:speed>88</mytracks:speed>
        </extensions>
      </trkpt>
      <trkpt lon="135.522087" lat="34.631709">
        <extensions>
          <mytracks:speed>88</mytracks:speed>
        </extensions>
      </trkpt>
      <trkpt lon="135.521910" lat="34.631896">
        <extensions>
          <mytracks:speed>88</mytracks:speed>
        </extensions>
      </trkpt>
      <trkpt lon="135.521737" lat="34.632078">
        <extensions>
          <mytracks:speed>87</mytracks:speed>
        </extensions>
      </trkpt>
      <trkpt lon="135.521573" lat="34.632263">
        <extensions>
          <mytracks:speed>88</mytracks:speed>
        </extensions>
      </trkpt>
      <trkpt lon="135.521405" lat="34.632447">
        <extensions>
          <mytracks:speed>89</mytracks:speed>
        </extensions>
      </trkpt>
      <trkpt lon="135.521232" lat="34.632626">
        <extensions>
          <mytracks:speed>89</mytracks:speed>
        </extensions>
      </trkpt>
      <trkpt lon="135.521067" lat="34.632804">
        <extensions>
          <mytracks:speed>88</mytracks:speed>
        </extensions>
      </trkpt>
      <trkpt lon="135.520906" lat="34.632978">
        <extensions>
          <mytracks:speed>86</mytracks:speed>
        </extensions>
      </trkpt>
      <trkpt lon="135.520740" lat="34.633147">
        <extensions>
          <mytracks:speed>87</mytracks:speed>
        </extensions>
      </trkpt>
      <trkpt lon="135.520578" lat="34.633321">
        <extensions>
          <mytracks:speed>87</mytracks:speed>
        </extensions>
      </trkpt>
      <trkpt lon="135.520417" lat="34.633489">
        <extensions>
          <mytracks:speed>86</mytracks:speed>
        </extensions>
      </trkpt>
      <trkpt lon="135.520245" lat="34.633666">
        <extensions>
          <mytracks:speed>87</mytracks:speed>
        </extensions>
      </trkpt>
      <trkpt lon="135.520083" lat="34.633840">
        <extensions>
          <mytracks:speed>86</mytracks:speed>
        </extensions>
      </trkpt>
      <trkpt lon="135.519919" lat="34.634016">
        <extensions>
          <mytracks:speed>85</mytracks:speed>
        </extensions>
      </trkpt>
      <trkpt lon="135.519753" lat="34.634181">
        <extensions>
          <mytracks:speed>86</mytracks:speed>
        </extensions>
      </trkpt>
      <trkpt lon="135.519595" lat="34.634349">
        <extensions>
          <mytracks:speed>86</mytracks:speed>
        </extensions>
      </trkpt>
      <trkpt lon="135.519432" lat="34.634524">
        <extensions>
          <mytracks:speed>86</mytracks:speed>
        </extensions>
      </trkpt>
      <trkpt lon="135.519264" lat="34.634699">
        <extensions>
          <mytracks:speed>86</mytracks:speed>
        </extensions>
      </trkpt>
      <trkpt lon="135.519099" lat="34.634872">
        <extensions>
          <mytracks:speed>87</mytracks:speed>
        </extensions>
      </trkpt>
      <trkpt lon="135.518931" lat="34.635046">
        <extensions>
          <mytracks:speed>87</mytracks:speed>
        </extensions>
      </trkpt>
      <trkpt lon="135.518767" lat="34.635219">
        <extensions>
          <mytracks:speed>87</mytracks:speed>
        </extensions>
      </trkpt>
      <trkpt lon="135.518601" lat="34.635388">
        <extensions>
          <mytracks:speed>87</mytracks:speed>
        </extensions>
      </trkpt>
      <trkpt lon="135.518432" lat="34.635563">
        <extensions>
          <mytracks:speed>87</mytracks:speed>
        </extensions>
      </trkpt>
      <trkpt lon="135.518258" lat="34.635742">
        <extensions>
          <mytracks:speed>86</mytracks:speed>
        </extensions>
      </trkpt>
      <trkpt lon="135.518094" lat="34.635908">
        <extensions>
          <mytracks:speed>85</mytracks:speed>
        </extensions>
      </trkpt>
      <trkpt lon="135.517923" lat="34.636083">
        <extensions>
          <mytracks:speed>86</mytracks:speed>
        </extensions>
      </trkpt>
      <trkpt lon="135.517764" lat="34.636247">
        <extensions>
          <mytracks:speed>83</mytracks:speed>
        </extensions>
      </trkpt>
      <trkpt lon="135.517598" lat="34.636414">
        <extensions>
          <mytracks:speed>84</mytracks:speed>
        </extensions>
      </trkpt>
      <trkpt lon="135.517439" lat="34.636586">
        <extensions>
          <mytracks:speed>82</mytracks:speed>
        </extensions>
      </trkpt>
      <trkpt lon="135.517274" lat="34.636754">
        <extensions>
          <mytracks:speed>82</mytracks:speed>
        </extensions>
      </trkpt>
      <trkpt lon="135.517111" lat="34.636921">
        <extensions>
          <mytracks:speed>83</mytracks:speed>
        </extensions>
      </trkpt>
      <trkpt lon="135.516955" lat="34.637091">
        <extensions>
          <mytracks:speed>83</mytracks:speed>
        </extensions>
      </trkpt>
      <trkpt lon="135.516797" lat="34.637258">
        <extensions>
          <mytracks:speed>81</mytracks:speed>
        </extensions>
      </trkpt>
      <trkpt lon="135.516638" lat="34.637425">
        <extensions>
          <mytracks:speed>82</mytracks:speed>
        </extensions>
      </trkpt>
      <trkpt lon="135.516479" lat="34.637601">
        <extensions>
          <mytracks:speed>83</mytracks:speed>
        </extensions>
      </trkpt>
      <trkpt lon="135.516322" lat="34.637770">
        <extensions>
          <mytracks:speed>83</mytracks:speed>
        </extensions>
      </trkpt>
      <trkpt lon="135.516159" lat="34.637936">
        <extensions>
          <mytracks:speed>84</mytracks:speed>
        </extensions>
      </trkpt>
      <trkpt lon="135.515981" lat="34.638110">
        <extensions>
          <mytracks:speed>85</mytracks:speed>
        </extensions>
      </trkpt>
      <trkpt lon="135.515829" lat="34.638279">
        <extensions>
          <mytracks:speed>85</mytracks:speed>
        </extensions>
      </trkpt>
      <trkpt lon="135.515670" lat="34.638462">
        <extensions>
          <mytracks:speed>87</mytracks:speed>
        </extensions>
      </trkpt>
      <trkpt lon="135.515517" lat="34.638636">
        <extensions>
          <mytracks:speed>86</mytracks:speed>
        </extensions>
      </trkpt>
      <trkpt lon="135.515345" lat="34.638807">
        <extensions>
          <mytracks:speed>84</mytracks:speed>
        </extensions>
      </trkpt>
      <trkpt lon="135.515187" lat="34.638980">
        <extensions>
          <mytracks:speed>83</mytracks:speed>
        </extensions>
      </trkpt>
      <trkpt lon="135.515015" lat="34.639152">
        <extensions>
          <mytracks:speed>84</mytracks:speed>
        </extensions>
      </trkpt>
      <trkpt lon="135.514845" lat="34.639315">
        <extensions>
          <mytracks:speed>84</mytracks:speed>
        </extensions>
      </trkpt>
      <trkpt lon="135.514686" lat="34.639480">
        <extensions>
          <mytracks:speed>83</mytracks:speed>
        </extensions>
      </trkpt>
      <trkpt lon="135.514525" lat="34.639648">
        <extensions>
          <mytracks:speed>83</mytracks:speed>
        </extensions>
      </trkpt>
      <trkpt lon="135.514358" lat="34.639806">
        <extensions>
          <mytracks:speed>82</mytracks:speed>
        </extensions>
      </trkpt>
      <trkpt lon="135.514188" lat="34.639966">
        <extensions>
          <mytracks:speed>83</mytracks:speed>
        </extensions>
      </trkpt>
      <trkpt lon="135.513998" lat="34.640115">
        <extensions>
          <mytracks:speed>84</mytracks:speed>
        </extensions>
      </trkpt>
      <trkpt lon="135.513785" lat="34.640228">
        <extensions>
          <mytracks:speed>84</mytracks:speed>
        </extensions>
      </trkpt>
      <trkpt lon="135.513566" lat="34.640354">
        <extensions>
          <mytracks:speed>84</mytracks:speed>
        </extensions>
      </trkpt>
      <trkpt lon="135.513332" lat="34.640463">
        <extensions>
          <mytracks:speed>84</mytracks:speed>
        </extensions>
      </trkpt>
      <trkpt lon="135.513102" lat="34.640561">
        <extensions>
          <mytracks:speed>85</mytracks:speed>
        </extensions>
      </trkpt>
      <trkpt lon="135.512861" lat="34.640659">
        <extensions>
          <mytracks:speed>86</mytracks:speed>
        </extensions>
      </trkpt>
      <trkpt lon="135.512630" lat="34.640757">
        <extensions>
          <mytracks:speed>86</mytracks:speed>
        </extensions>
      </trkpt>
      <trkpt lon="135.512398" lat="34.640860">
        <extensions>
          <mytracks:speed>84</mytracks:speed>
        </extensions>
      </trkpt>
      <trkpt lon="135.512167" lat="34.640959">
        <extensions>
          <mytracks:speed>84</mytracks:speed>
        </extensions>
      </trkpt>
      <trkpt lon="135.511934" lat="34.641045">
        <extensions>
          <mytracks:speed>83</mytracks:speed>
        </extensions>
      </trkpt>
      <trkpt lon="135.511696" lat="34.641125">
        <extensions>
          <mytracks:speed>83</mytracks:speed>
        </extensions>
      </trkpt>
      <trkpt lon="135.511453" lat="34.641193">
        <extensions>
          <mytracks:speed>82</mytracks:speed>
        </extensions>
      </trkpt>
      <trkpt lon="135.511202" lat="34.641248">
        <extensions>
          <mytracks:speed>84</mytracks:speed>
        </extensions>
      </trkpt>
      <trkpt lon="135.510946" lat="34.641297">
        <extensions>
          <mytracks:speed>83</mytracks:speed>
        </extensions>
      </trkpt>
      <trkpt lon="135.510687" lat="34.641337">
        <extensions>
          <mytracks:speed>84</mytracks:speed>
        </extensions>
      </trkpt>
      <trkpt lon="135.510430" lat="34.641371">
        <extensions>
          <mytracks:speed>84</mytracks:speed>
        </extensions>
      </trkpt>
      <trkpt lon="135.510173" lat="34.641405">
        <extensions>
          <mytracks:speed>82</mytracks:speed>
        </extensions>
      </trkpt>
      <trkpt lon="135.509919" lat="34.641434">
        <extensions>
          <mytracks:speed>82</mytracks:speed>
        </extensions>
      </trkpt>
      <trkpt lon="135.509661" lat="34.641462">
        <extensions>
          <mytracks:speed>82</mytracks:speed>
        </extensions>
      </trkpt>
      <trkpt lon="135.509402" lat="34.641490">
        <extensions>
          <mytracks:speed>83</mytracks:speed>
        </extensions>
      </trkpt>
      <trkpt lon="135.509141" lat="34.641522">
        <extensions>
          <mytracks:speed>87</mytracks:speed>
        </extensions>
      </trkpt>
      <trkpt lon="135.508874" lat="34.641552">
        <extensions>
          <mytracks:speed>86</mytracks:speed>
        </extensions>
      </trkpt>
      <trkpt lon="135.508607" lat="34.641583">
        <extensions>
          <mytracks:speed>87</mytracks:speed>
        </extensions>
      </trkpt>
      <trkpt lon="135.508338" lat="34.641616">
        <extensions>
          <mytracks:speed>87</mytracks:speed>
        </extensions>
      </trkpt>
      <trkpt lon="135.508069" lat="34.641651">
        <extensions>
          <mytracks:speed>88</mytracks:speed>
        </extensions>
      </trkpt>
      <trkpt lon="135.507799" lat="34.641683">
        <extensions>
          <mytracks:speed>88</mytracks:speed>
        </extensions>
      </trkpt>
      <trkpt lon="135.507529" lat="34.641713">
        <extensions>
          <mytracks:speed>89</mytracks:speed>
        </extensions>
      </trkpt>
      <trkpt lon="135.507256" lat="34.641745">
        <extensions>
          <mytracks:speed>88</mytracks:speed>
        </extensions>
      </trkpt>
      <trkpt lon="135.506983" lat="34.641778">
        <extensions>
          <mytracks:speed>88</mytracks:speed>
        </extensions>
      </trkpt>
      <trkpt lon="135.506712" lat="34.641815">
        <extensions>
          <mytracks:speed>87</mytracks:speed>
        </extensions>
      </trkpt>
      <trkpt lon="135.506444" lat="34.641863">
        <extensions>
          <mytracks:speed>88</mytracks:speed>
        </extensions>
      </trkpt>
      <trkpt lon="135.506187" lat="34.641923">
        <extensions>
          <mytracks:speed>86</mytracks:speed>
        </extensions>
      </trkpt>
      <trkpt lon="135.505941" lat="34.641998">
        <extensions>
          <mytracks:speed>85</mytracks:speed>
        </extensions>
      </trkpt>
      <trkpt lon="135.505708" lat="34.642088">
        <extensions>
          <mytracks:speed>84</mytracks:speed>
        </extensions>
      </trkpt>
      <trkpt lon="135.505483" lat="34.642190">
        <extensions>
          <mytracks:speed>83</mytracks:speed>
        </extensions>
      </trkpt>
      <trkpt lon="135.505291" lat="34.642331">
        <extensions>
          <mytracks:speed>82</mytracks:speed>
        </extensions>
      </trkpt>
      <trkpt lon="135.505114" lat="34.642478">
        <extensions>
          <mytracks:speed>81</mytracks:speed>
        </extensions>
      </trkpt>
      <trkpt lon="135.504956" lat="34.642637">
        <extensions>
          <mytracks:speed>80</mytracks:speed>
        </extensions>
      </trkpt>
      <trkpt lon="135.504816" lat="34.642812">
        <extensions>
          <mytracks:speed>80</mytracks:speed>
        </extensions>
      </trkpt>
      <trkpt lon="135.504709" lat="34.642994">
        <extensions>
          <mytracks:speed>80</mytracks:speed>
        </extensions>
      </trkpt>
      <trkpt lon="135.504616" lat="34.643180">
        <extensions>
          <mytracks:speed>79</mytracks:speed>
        </extensions>
      </trkpt>
      <trkpt lon="135.504552" lat="34.643372">
        <extensions>
          <mytracks:speed>78</mytracks:speed>
        </extensions>
      </trkpt>
      <trkpt lon="135.504500" lat="34.643565">
        <extensions>
          <mytracks:speed>78</mytracks:speed>
        </extensions>
      </trkpt>
      <trkpt lon="135.504476" lat="34.643769">
        <extensions>
          <mytracks:speed>78</mytracks:speed>
        </extensions>
      </trkpt>
      <trkpt lon="135.504476" lat="34.643973">
        <extensions>
          <mytracks:speed>79</mytracks:speed>
        </extensions>
      </trkpt>
      <trkpt lon="135.504533" lat="34.644173">
        <extensions>
          <mytracks:speed>79</mytracks:speed>
        </extensions>
      </trkpt>
      <trkpt lon="135.504587" lat="34.644372">
        <extensions>
          <mytracks:speed>79</mytracks:speed>
        </extensions>
      </trkpt>
      <trkpt lon="135.504639" lat="34.644571">
        <extensions>
          <mytracks:speed>79</mytracks:speed>
        </extensions>
      </trkpt>
      <trkpt lon="135.504726" lat="34.644769">
        <extensions>
          <mytracks:speed>81</mytracks:speed>
        </extensions>
      </trkpt>
      <trkpt lon="135.504809" lat="34.644967">
        <extensions>
          <mytracks:speed>80</mytracks:speed>
        </extensions>
      </trkpt>
      <trkpt lon="135.504889" lat="34.645158">
        <extensions>
          <mytracks:speed>78</mytracks:speed>
        </extensions>
      </trkpt>
      <trkpt lon="135.504973" lat="34.645344">
        <extensions>
          <mytracks:speed>77</mytracks:speed>
        </extensions>
      </trkpt>
      <trkpt lon="135.505056" lat="34.645521">
        <extensions>
          <mytracks:speed>73</mytracks:speed>
        </extensions>
      </trkpt>
      <trkpt lon="135.505129" lat="34.645691">
        <extensions>
          <mytracks:speed>72</mytracks:speed>
        </extensions>
      </trkpt>
      <trkpt lon="135.505212" lat="34.645866">
        <extensions>
          <mytracks:speed>72</mytracks:speed>
        </extensions>
      </trkpt>
      <trkpt lon="135.505301" lat="34.646039">
        <extensions>
          <mytracks:speed>74</mytracks:speed>
        </extensions>
      </trkpt>
      <trkpt lon="135.505383" lat="34.646217">
        <extensions>
          <mytracks:speed>76</mytracks:speed>
        </extensions>
      </trkpt>
      <trkpt lon="135.505488" lat="34.646401">
        <extensions>
          <mytracks:speed>79</mytracks:speed>
        </extensions>
      </trkpt>
      <trkpt lon="135.505578" lat="34.646598">
        <extensions>
          <mytracks:speed>81</mytracks:speed>
        </extensions>
      </trkpt>
      <trkpt lon="135.505681" lat="34.646795">
        <extensions>
          <mytracks:speed>82</mytracks:speed>
        </extensions>
      </trkpt>
      <trkpt lon="135.505769" lat="34.647004">
        <extensions>
          <mytracks:speed>85</mytracks:speed>
        </extensions>
      </trkpt>
      <trkpt lon="135.505860" lat="34.647209">
        <extensions>
          <mytracks:speed>85</mytracks:speed>
        </extensions>
      </trkpt>
      <trkpt lon="135.505952" lat="34.647421">
        <extensions>
          <mytracks:speed>87</mytracks:speed>
        </extensions>
      </trkpt>
      <trkpt lon="135.506036" lat="34.647639">
        <extensions>
          <mytracks:speed>86</mytracks:speed>
        </extensions>
      </trkpt>
      <trkpt lon="135.506115" lat="34.647859">
        <extensions>
          <mytracks:speed>88</mytracks:speed>
        </extensions>
      </trkpt>
      <trkpt lon="135.506181" lat="34.648078">
        <extensions>
          <mytracks:speed>87</mytracks:speed>
        </extensions>
      </trkpt>
      <trkpt lon="135.506257" lat="34.648299">
        <extensions>
          <mytracks:speed>87</mytracks:speed>
        </extensions>
      </trkpt>
      <trkpt lon="135.506327" lat="34.648512">
        <extensions>
          <mytracks:speed>87</mytracks:speed>
        </extensions>
      </trkpt>
      <trkpt lon="135.506406" lat="34.648726">
        <extensions>
          <mytracks:speed>86</mytracks:speed>
        </extensions>
      </trkpt>
      <trkpt lon="135.506480" lat="34.648931">
        <extensions>
          <mytracks:speed>84</mytracks:speed>
        </extensions>
      </trkpt>
      <trkpt lon="135.506556" lat="34.649138">
        <extensions>
          <mytracks:speed>83</mytracks:speed>
        </extensions>
      </trkpt>
      <trkpt lon="135.506622" lat="34.649338">
        <extensions>
          <mytracks:speed>84</mytracks:speed>
        </extensions>
      </trkpt>
      <trkpt lon="135.506701" lat="34.649538">
        <extensions>
          <mytracks:speed>83</mytracks:speed>
        </extensions>
      </trkpt>
      <trkpt lon="135.506774" lat="34.649740">
        <extensions>
          <mytracks:speed>83</mytracks:speed>
        </extensions>
      </trkpt>
      <trkpt lon="135.506840" lat="34.649944">
        <extensions>
          <mytracks:speed>84</mytracks:speed>
        </extensions>
      </trkpt>
      <trkpt lon="135.506907" lat="34.650156">
        <extensions>
          <mytracks:speed>85</mytracks:speed>
        </extensions>
      </trkpt>
      <trkpt lon="135.506989" lat="34.650372">
        <extensions>
          <mytracks:speed>86</mytracks:speed>
        </extensions>
      </trkpt>
      <trkpt lon="135.507053" lat="34.650581">
        <extensions>
          <mytracks:speed>85</mytracks:speed>
        </extensions>
      </trkpt>
      <trkpt lon="135.507124" lat="34.650787">
        <extensions>
          <mytracks:speed>83</mytracks:speed>
        </extensions>
      </trkpt>
      <trkpt lon="135.507192" lat="34.650989">
        <extensions>
          <mytracks:speed>81</mytracks:speed>
        </extensions>
      </trkpt>
      <trkpt lon="135.507258" lat="34.651182">
        <extensions>
          <mytracks:speed>77</mytracks:speed>
        </extensions>
      </trkpt>
      <trkpt lon="135.507325" lat="34.651373">
        <extensions>
          <mytracks:speed>76</mytracks:speed>
        </extensions>
      </trkpt>
      <trkpt lon="135.507388" lat="34.651559">
        <extensions>
          <mytracks:speed>74</mytracks:speed>
        </extensions>
      </trkpt>
      <trkpt lon="135.507457" lat="34.651740">
        <extensions>
          <mytracks:speed>76</mytracks:speed>
        </extensions>
      </trkpt>
      <trkpt lon="135.507528" lat="34.651928">
        <extensions>
          <mytracks:speed>79</mytracks:speed>
        </extensions>
      </trkpt>
      <trkpt lon="135.507595" lat="34.652124">
        <extensions>
          <mytracks:speed>80</mytracks:speed>
        </extensions>
      </trkpt>
      <trkpt lon="135.507657" lat="34.652322">
        <extensions>
          <mytracks:speed>81</mytracks:speed>
        </extensions>
      </trkpt>
      <trkpt lon="135.507726" lat="34.652523">
        <extensions>
          <mytracks:speed>82</mytracks:speed>
        </extensions>
      </trkpt>
      <trkpt lon="135.507796" lat="34.652728">
        <extensions>
          <mytracks:speed>83</mytracks:speed>
        </extensions>
      </trkpt>
      <trkpt lon="135.507861" lat="34.652932">
        <extensions>
          <mytracks:speed>83</mytracks:speed>
        </extensions>
      </trkpt>
      <trkpt lon="135.507930" lat="34.653145">
        <extensions>
          <mytracks:speed>82</mytracks:speed>
        </extensions>
      </trkpt>
      <trkpt lon="135.507996" lat="34.653355">
        <extensions>
          <mytracks:speed>81</mytracks:speed>
        </extensions>
      </trkpt>
      <trkpt lon="135.508042" lat="34.653550">
        <extensions>
          <mytracks:speed>79</mytracks:speed>
        </extensions>
      </trkpt>
      <trkpt lon="135.508078" lat="34.653735">
        <extensions>
          <mytracks:speed>77</mytracks:speed>
        </extensions>
      </trkpt>
      <trkpt lon="135.508101" lat="34.653920">
        <extensions>
          <mytracks:speed>76</mytracks:speed>
        </extensions>
      </trkpt>
      <trkpt lon="135.508115" lat="34.654115">
        <extensions>
          <mytracks:speed>74</mytracks:speed>
        </extensions>
      </trkpt>
      <trkpt lon="135.508145" lat="34.654283">
        <extensions>
          <mytracks:speed>70</mytracks:speed>
        </extensions>
      </trkpt>
      <trkpt lon="135.508155" lat="34.654456">
        <extensions>
          <mytracks:speed>67</mytracks:speed>
        </extensions>
      </trkpt>
      <trkpt lon="135.508089" lat="34.654615">
        <extensions>
          <mytracks:speed>66</mytracks:speed>
        </extensions>
      </trkpt>
      <trkpt lon="135.508037" lat="34.654779">
        <extensions>
          <mytracks:speed>65</mytracks:speed>
        </extensions>
      </trkpt>
      <trkpt lon="135.507974" lat="34.654922">
        <extensions>
          <mytracks:speed>61</mytracks:speed>
        </extensions>
      </trkpt>
      <trkpt lon="135.507871" lat="34.655047">
        <extensions>
          <mytracks:speed>61</mytracks:speed>
        </extensions>
      </trkpt>
      <trkpt lon="135.507699" lat="34.655140">
        <extensions>
          <mytracks:speed>62</mytracks:speed>
        </extensions>
      </trkpt>
      <trkpt lon="135.507431" lat="34.655138">
        <extensions>
          <mytracks:speed>63</mytracks:speed>
        </extensions>
      </trkpt>
      <trkpt lon="135.507217" lat="34.655176">
        <extensions>
          <mytracks:speed>66</mytracks:speed>
        </extensions>
      </trkpt>
      <trkpt lon="135.507014" lat="34.655214">
        <extensions>
          <mytracks:speed>69</mytracks:speed>
        </extensions>
      </trkpt>
      <trkpt lon="135.506792" lat="34.655257">
        <extensions>
          <mytracks:speed>72</mytracks:speed>
        </extensions>
      </trkpt>
      <trkpt lon="135.506559" lat="34.655292">
        <extensions>
          <mytracks:speed>72</mytracks:speed>
        </extensions>
      </trkpt>
      <trkpt lon="135.506338" lat="34.655328">
        <extensions>
          <mytracks:speed>73</mytracks:speed>
        </extensions>
      </trkpt>
      <trkpt lon="135.506113" lat="34.655367">
        <extensions>
          <mytracks:speed>74</mytracks:speed>
        </extensions>
      </trkpt>
      <trkpt lon="135.505886" lat="34.655397">
        <extensions>
          <mytracks:speed>75</mytracks:speed>
        </extensions>
      </trkpt>
      <trkpt lon="135.505652" lat="34.655426">
        <extensions>
          <mytracks:speed>75</mytracks:speed>
        </extensions>
      </trkpt>
      <trkpt lon="135.505420" lat="34.655458">
        <extensions>
          <mytracks:speed>77</mytracks:speed>
        </extensions>
      </trkpt>
      <trkpt lon="135.505179" lat="34.655488">
        <extensions>
          <mytracks:speed>78</mytracks:speed>
        </extensions>
      </trkpt>
      <trkpt lon="135.504935" lat="34.655514">
        <extensions>
          <mytracks:speed>79</mytracks:speed>
        </extensions>
      </trkpt>
      <trkpt lon="135.504694" lat="34.655537">
        <extensions>
          <mytracks:speed>79</mytracks:speed>
        </extensions>
      </trkpt>
      <trkpt lon="135.504446" lat="34.655564">
        <extensions>
          <mytracks:speed>81</mytracks:speed>
        </extensions>
      </trkpt>
      <trkpt lon="135.504197" lat="34.655594">
        <extensions>
          <mytracks:speed>81</mytracks:speed>
        </extensions>
      </trkpt>
      <trkpt lon="135.503949" lat="34.655615">
        <extensions>
          <mytracks:speed>82</mytracks:speed>
        </extensions>
      </trkpt>
      <trkpt lon="135.503698" lat="34.655642">
        <extensions>
          <mytracks:speed>81</mytracks:speed>
        </extensions>
      </trkpt>
      <trkpt lon="135.503452" lat="34.655667">
        <extensions>
          <mytracks:speed>80</mytracks:speed>
        </extensions>
      </trkpt>
      <trkpt lon="135.503217" lat="34.655691">
        <extensions>
          <mytracks:speed>77</mytracks:speed>
        </extensions>
      </trkpt>
      <trkpt lon="135.502979" lat="34.655717">
        <extensions>
          <mytracks:speed>74</mytracks:speed>
        </extensions>
      </trkpt>
      <trkpt lon="135.502760" lat="34.655746">
        <extensions>
          <mytracks:speed>74</mytracks:speed>
        </extensions>
      </trkpt>
      <trkpt lon="135.502547" lat="34.655767">
        <extensions>
          <mytracks:speed>69</mytracks:speed>
        </extensions>
      </trkpt>
      <trkpt lon="135.502342" lat="34.655793">
        <extensions>
          <mytracks:speed>67</mytracks:speed>
        </extensions>
      </trkpt>
      <trkpt lon="135.502138" lat="34.655815">
        <extensions>
          <mytracks:speed>65</mytracks:speed>
        </extensions>
      </trkpt>
      <trkpt lon="135.501943" lat="34.655843">
        <extensions>
          <mytracks:speed>63</mytracks:speed>
        </extensions>
      </trkpt>
      <trkpt lon="135.501759" lat="34.655877">
        <extensions>
          <mytracks:speed>60</mytracks:speed>
        </extensions>
      </trkpt>
      <trkpt lon="135.501588" lat="34.655921">
        <extensions>
          <mytracks:speed>58</mytracks:speed>
        </extensions>
      </trkpt>
      <trkpt lon="135.501429" lat="34.655984">
        <extensions>
          <mytracks:speed>57</mytracks:speed>
        </extensions>
      </trkpt>
      <trkpt lon="135.501273" lat="34.656049">
        <extensions>
          <mytracks:speed>57</mytracks:speed>
        </extensions>
      </trkpt>
      <trkpt lon="135.501133" lat="34.656126">
        <extensions>
          <mytracks:speed>55</mytracks:speed>
        </extensions>
      </trkpt>
      <trkpt lon="135.501026" lat="34.656219">
        <extensions>
          <mytracks:speed>54</mytracks:speed>
        </extensions>
      </trkpt>
      <trkpt lon="135.500932" lat="34.656338">
        <extensions>
          <mytracks:speed>53</mytracks:speed>
        </extensions>
      </trkpt>
      <trkpt lon="135.500919" lat="34.656484">
        <extensions>
          <mytracks:speed>54</mytracks:speed>
        </extensions>
      </trkpt>
      <trkpt lon="135.500860" lat="34.656614">
        <extensions>
          <mytracks:speed>55</mytracks:speed>
        </extensions>
      </trkpt>
      <trkpt lon="135.500827" lat="34.656752">
        <extensions>
          <mytracks:speed>56</mytracks:speed>
        </extensions>
      </trkpt>
      <trkpt lon="135.500808" lat="34.656893">
        <extensions>
          <mytracks:speed>56</mytracks:speed>
        </extensions>
      </trkpt>
      <trkpt lon="135.500790" lat="34.657037">
        <extensions>
          <mytracks:speed>57</mytracks:speed>
        </extensions>
      </trkpt>
      <trkpt lon="135.500778" lat="34.657187">
        <extensions>
          <mytracks:speed>59</mytracks:speed>
        </extensions>
      </trkpt>
      <trkpt lon="135.500757" lat="34.657346">
        <extensions>
          <mytracks:speed>60</mytracks:speed>
        </extensions>
      </trkpt>
      <trkpt lon="135.500731" lat="34.657505">
        <extensions>
          <mytracks:speed>61</mytracks:speed>
        </extensions>
      </trkpt>
      <trkpt lon="135.500692" lat="34.657660">
        <extensions>
          <mytracks:speed>61</mytracks:speed>
        </extensions>
      </trkpt>
      <trkpt lon="135.500648" lat="34.657817">
        <extensions>
          <mytracks:speed>62</mytracks:speed>
        </extensions>
      </trkpt>
      <trkpt lon="135.500601" lat="34.657972">
        <extensions>
          <mytracks:speed>60</mytracks:speed>
        </extensions>
      </trkpt>
      <trkpt lon="135.500551" lat="34.658129">
        <extensions>
          <mytracks:speed>60</mytracks:speed>
        </extensions>
      </trkpt>
      <trkpt lon="135.500490" lat="34.658276">
        <extensions>
          <mytracks:speed>59</mytracks:speed>
        </extensions>
      </trkpt>
      <trkpt lon="135.500433" lat="34.658416">
        <extensions>
          <mytracks:speed>58</mytracks:speed>
        </extensions>
      </trkpt>
      <trkpt lon="135.500394" lat="34.658562">
        <extensions>
          <mytracks:speed>58</mytracks:speed>
        </extensions>
      </trkpt>
      <trkpt lon="135.500355" lat="34.658704">
        <extensions>
          <mytracks:speed>59</mytracks:speed>
        </extensions>
      </trkpt>
      <trkpt lon="135.500340" lat="34.658855">
        <extensions>
          <mytracks:speed>59</mytracks:speed>
        </extensions>
      </trkpt>
      <trkpt lon="135.500354" lat="34.659012">
        <extensions>
          <mytracks:speed>59</mytracks:speed>
        </extensions>
      </trkpt>
      <trkpt lon="135.500397" lat="34.659160">
        <extensions>
          <mytracks:speed>58</mytracks:speed>
        </extensions>
      </trkpt>
      <trkpt lon="135.500427" lat="34.659306">
        <extensions>
          <mytracks:speed>58</mytracks:speed>
        </extensions>
      </trkpt>
      <trkpt lon="135.500453" lat="34.659458">
        <extensions>
          <mytracks:speed>59</mytracks:speed>
        </extensions>
      </trkpt>
      <trkpt lon="135.500468" lat="34.659604">
        <extensions>
          <mytracks:speed>61</mytracks:speed>
        </extensions>
      </trkpt>
      <trkpt lon="135.500486" lat="34.659757">
        <extensions>
          <mytracks:speed>62</mytracks:speed>
        </extensions>
      </trkpt>
      <trkpt lon="135.500517" lat="34.659909">
        <extensions>
          <mytracks:speed>63</mytracks:speed>
        </extensions>
      </trkpt>
      <trkpt lon="135.500555" lat="34.660075">
        <extensions>
          <mytracks:speed>65</mytracks:speed>
        </extensions>
      </trkpt>
      <trkpt lon="135.500581" lat="34.660248">
        <extensions>
          <mytracks:speed>68</mytracks:speed>
        </extensions>
      </trkpt>
      <trkpt lon="135.500618" lat="34.660434">
        <extensions>
          <mytracks:speed>69</mytracks:speed>
        </extensions>
      </trkpt>
      <trkpt lon="135.500641" lat="34.660613">
        <extensions>
          <mytracks:speed>71</mytracks:speed>
        </extensions>
      </trkpt>
      <trkpt lon="135.500653" lat="34.660789">
        <extensions>
          <mytracks:speed>72</mytracks:speed>
        </extensions>
      </trkpt>
      <trkpt lon="135.500677" lat="34.660973">
        <extensions>
          <mytracks:speed>70</mytracks:speed>
        </extensions>
      </trkpt>
      <trkpt lon="135.500698" lat="34.661161">
        <extensions>
          <mytracks:speed>69</mytracks:speed>
        </extensions>
      </trkpt>
      <trkpt lon="135.500710" lat="34.661344">
        <extensions>
          <mytracks:speed>69</mytracks:speed>
        </extensions>
      </trkpt>
      <trkpt lon="135.500717" lat="34.661513">
        <extensions>
          <mytracks:speed>68</mytracks:speed>
        </extensions>
      </trkpt>
      <trkpt lon="135.500744" lat="34.661692">
        <extensions>
          <mytracks:speed>69</mytracks:speed>
        </extensions>
      </trkpt>
      <trkpt lon="135.500799" lat="34.661862">
        <extensions>
          <mytracks:speed>68</mytracks:speed>
        </extensions>
      </trkpt>
      <trkpt lon="135.500851" lat="34.662037">
        <extensions>
          <mytracks:speed>69</mytracks:speed>
        </extensions>
      </trkpt>
      <trkpt lon="135.500895" lat="34.662213">
        <extensions>
          <mytracks:speed>68</mytracks:speed>
        </extensions>
      </trkpt>
      <trkpt lon="135.500926" lat="34.662391">
        <extensions>
          <mytracks:speed>66</mytracks:speed>
        </extensions>
      </trkpt>
      <trkpt lon="135.500963" lat="34.662557">
        <extensions>
          <mytracks:speed>66</mytracks:speed>
        </extensions>
      </trkpt>
      <trkpt lon="135.500991" lat="34.662723">
        <extensions>
          <mytracks:speed>65</mytracks:speed>
        </extensions>
      </trkpt>
      <trkpt lon="135.500998" lat="34.662882">
        <extensions>
          <mytracks:speed>64</mytracks:speed>
        </extensions>
      </trkpt>
      <trkpt lon="135.500941" lat="34.663032">
        <extensions>
          <mytracks:speed>66</mytracks:speed>
        </extensions>
      </trkpt>
      <trkpt lon="135.500873" lat="34.663187">
        <extensions>
          <mytracks:speed>66</mytracks:speed>
        </extensions>
      </trkpt>
      <trkpt lon="135.500796" lat="34.663347">
        <extensions>
          <mytracks:speed>66</mytracks:speed>
        </extensions>
      </trkpt>
      <trkpt lon="135.500725" lat="34.663507">
        <extensions>
          <mytracks:speed>65</mytracks:speed>
        </extensions>
      </trkpt>
      <trkpt lon="135.500642" lat="34.663655">
        <extensions>
          <mytracks:speed>63</mytracks:speed>
        </extensions>
      </trkpt>
      <trkpt lon="135.500564" lat="34.663795">
        <extensions>
          <mytracks:speed>62</mytracks:speed>
        </extensions>
      </trkpt>
      <trkpt lon="135.500496" lat="34.663966">
        <extensions>
          <mytracks:speed>62</mytracks:speed>
        </extensions>
      </trkpt>
      <trkpt lon="135.500432" lat="34.664119">
        <extensions>
          <mytracks:speed>60</mytracks:speed>
        </extensions>
      </trkpt>
      <trkpt lon="135.500345" lat="34.664256">
        <extensions>
          <mytracks:speed>59</mytracks:speed>
        </extensions>
      </trkpt>
      <trkpt lon="135.500238" lat="34.664374">
        <extensions>
          <mytracks:speed>62</mytracks:speed>
        </extensions>
      </trkpt>
      <trkpt lon="135.500132" lat="34.664511">
        <extensions>
          <mytracks:speed>63</mytracks:speed>
        </extensions>
      </trkpt>
      <trkpt lon="135.500062" lat="34.664659">
        <extensions>
          <mytracks:speed>66</mytracks:speed>
        </extensions>
      </trkpt>
      <trkpt lon="135.499946" lat="34.664785">
        <extensions>
          <mytracks:speed>67</mytracks:speed>
        </extensions>
      </trkpt>
      <trkpt lon="135.499809" lat="34.664916">
        <extensions>
          <mytracks:speed>70</mytracks:speed>
        </extensions>
      </trkpt>
      <trkpt lon="135.499676" lat="34.665085">
        <extensions>
          <mytracks:speed>71</mytracks:speed>
        </extensions>
      </trkpt>
      <trkpt lon="135.499561" lat="34.665231">
        <extensions>
          <mytracks:speed>72</mytracks:speed>
        </extensions>
      </trkpt>
      <trkpt lon="135.499439" lat="34.665382">
        <extensions>
          <mytracks:speed>72</mytracks:speed>
        </extensions>
      </trkpt>
      <trkpt lon="135.499324" lat="34.665560">
        <extensions>
          <mytracks:speed>75</mytracks:speed>
        </extensions>
      </trkpt>
      <trkpt lon="135.499214" lat="34.665730">
        <extensions>
          <mytracks:speed>76</mytracks:speed>
        </extensions>
      </trkpt>
      <trkpt lon="135.499087" lat="34.665892">
        <extensions>
          <mytracks:speed>76</mytracks:speed>
        </extensions>
      </trkpt>
      <trkpt lon="135.498958" lat="34.666054">
        <extensions>
          <mytracks:speed>78</mytracks:speed>
        </extensions>
      </trkpt>
      <trkpt lon="135.498836" lat="34.666219">
        <extensions>
          <mytracks:speed>76</mytracks:speed>
        </extensions>
      </trkpt>
      <trkpt lon="135.498726" lat="34.666393">
        <extensions>
          <mytracks:speed>76</mytracks:speed>
        </extensions>
      </trkpt>
      <trkpt lon="135.498611" lat="34.666566">
        <extensions>
          <mytracks:speed>75</mytracks:speed>
        </extensions>
      </trkpt>
      <trkpt lon="135.498506" lat="34.666741">
        <extensions>
          <mytracks:speed>76</mytracks:speed>
        </extensions>
      </trkpt>
      <trkpt lon="135.498397" lat="34.666914">
        <extensions>
          <mytracks:speed>75</mytracks:speed>
        </extensions>
      </trkpt>
      <trkpt lon="135.498282" lat="34.667083">
        <extensions>
          <mytracks:speed>76</mytracks:speed>
        </extensions>
      </trkpt>
      <trkpt lon="135.498168" lat="34.667253">
        <extensions>
          <mytracks:speed>75</mytracks:speed>
        </extensions>
      </trkpt>
      <trkpt lon="135.498039" lat="34.667431">
        <extensions>
          <mytracks:speed>76</mytracks:speed>
        </extensions>
      </trkpt>
      <trkpt lon="135.497922" lat="34.667609">
        <extensions>
          <mytracks:speed>76</mytracks:speed>
        </extensions>
      </trkpt>
      <trkpt lon="135.497808" lat="34.667775">
        <extensions>
          <mytracks:speed>75</mytracks:speed>
        </extensions>
      </trkpt>
      <trkpt lon="135.497686" lat="34.667951">
        <extensions>
          <mytracks:speed>74</mytracks:speed>
        </extensions>
      </trkpt>
      <trkpt lon="135.497575" lat="34.668113">
        <extensions>
          <mytracks:speed>75</mytracks:speed>
        </extensions>
      </trkpt>
      <trkpt lon="135.497468" lat="34.668277">
        <extensions>
          <mytracks:speed>75</mytracks:speed>
        </extensions>
      </trkpt>
      <trkpt lon="135.497357" lat="34.668439">
        <extensions>
          <mytracks:speed>76</mytracks:speed>
        </extensions>
      </trkpt>
      <trkpt lon="135.497239" lat="34.668617">
        <extensions>
          <mytracks:speed>77</mytracks:speed>
        </extensions>
      </trkpt>
      <trkpt lon="135.497151" lat="34.668801">
        <extensions>
          <mytracks:speed>77</mytracks:speed>
        </extensions>
      </trkpt>
      <trkpt lon="135.497096" lat="34.668987">
        <extensions>
          <mytracks:speed>74</mytracks:speed>
        </extensions>
      </trkpt>
      <trkpt lon="135.497068" lat="34.669178">
        <extensions>
          <mytracks:speed>74</mytracks:speed>
        </extensions>
      </trkpt>
      <trkpt lon="135.497071" lat="34.669364">
        <extensions>
          <mytracks:speed>72</mytracks:speed>
        </extensions>
      </trkpt>
      <trkpt lon="135.497072" lat="34.669546">
        <extensions>
          <mytracks:speed>72</mytracks:speed>
        </extensions>
      </trkpt>
      <trkpt lon="135.497092" lat="34.669727">
        <extensions>
          <mytracks:speed>72</mytracks:speed>
        </extensions>
      </trkpt>
      <trkpt lon="135.497111" lat="34.669905">
        <extensions>
          <mytracks:speed>73</mytracks:speed>
        </extensions>
      </trkpt>
      <trkpt lon="135.497143" lat="34.670101">
        <extensions>
          <mytracks:speed>75</mytracks:speed>
        </extensions>
      </trkpt>
      <trkpt lon="135.497175" lat="34.670282">
        <extensions>
          <mytracks:speed>74</mytracks:speed>
        </extensions>
      </trkpt>
      <trkpt lon="135.497183" lat="34.670455">
        <extensions>
          <mytracks:speed>74</mytracks:speed>
        </extensions>
      </trkpt>
      <trkpt lon="135.497198" lat="34.670633">
        <extensions>
          <mytracks:speed>74</mytracks:speed>
        </extensions>
      </trkpt>
      <trkpt lon="135.497214" lat="34.670813">
        <extensions>
          <mytracks:speed>74</mytracks:speed>
        </extensions>
      </trkpt>
      <trkpt lon="135.497243" lat="34.671010">
        <extensions>
          <mytracks:speed>74</mytracks:speed>
        </extensions>
      </trkpt>
      <trkpt lon="135.497257" lat="34.671201">
        <extensions>
          <mytracks:speed>75</mytracks:speed>
        </extensions>
      </trkpt>
      <trkpt lon="135.497289" lat="34.671402">
        <extensions>
          <mytracks:speed>76</mytracks:speed>
        </extensions>
      </trkpt>
      <trkpt lon="135.497293" lat="34.671602">
        <extensions>
          <mytracks:speed>76</mytracks:speed>
        </extensions>
      </trkpt>
      <trkpt lon="135.497312" lat="34.671802">
        <extensions>
          <mytracks:speed>75</mytracks:speed>
        </extensions>
      </trkpt>
      <trkpt lon="135.497338" lat="34.671996">
        <extensions>
          <mytracks:speed>76</mytracks:speed>
        </extensions>
      </trkpt>
      <trkpt lon="135.497354" lat="34.672180">
        <extensions>
          <mytracks:speed>76</mytracks:speed>
        </extensions>
      </trkpt>
      <trkpt lon="135.497383" lat="34.672379">
        <extensions>
          <mytracks:speed>75</mytracks:speed>
        </extensions>
      </trkpt>
      <trkpt lon="135.497410" lat="34.672578">
        <extensions>
          <mytracks:speed>76</mytracks:speed>
        </extensions>
      </trkpt>
      <trkpt lon="135.497440" lat="34.672771">
        <extensions>
          <mytracks:speed>76</mytracks:speed>
        </extensions>
      </trkpt>
      <trkpt lon="135.497447" lat="34.672953">
        <extensions>
          <mytracks:speed>77</mytracks:speed>
        </extensions>
      </trkpt>
      <trkpt lon="135.497451" lat="34.673143">
        <extensions>
          <mytracks:speed>75</mytracks:speed>
        </extensions>
      </trkpt>
      <trkpt lon="135.497461" lat="34.673348">
        <extensions>
          <mytracks:speed>76</mytracks:speed>
        </extensions>
      </trkpt>
      <trkpt lon="135.497476" lat="34.673552">
        <extensions>
          <mytracks:speed>76</mytracks:speed>
        </extensions>
      </trkpt>
      <trkpt lon="135.497490" lat="34.673745">
        <extensions>
          <mytracks:speed>78</mytracks:speed>
        </extensions>
      </trkpt>
      <trkpt lon="135.497507" lat="34.673945">
        <extensions>
          <mytracks:speed>78</mytracks:speed>
        </extensions>
      </trkpt>
      <trkpt lon="135.497528" lat="34.674152">
        <extensions>
          <mytracks:speed>77</mytracks:speed>
        </extensions>
      </trkpt>
      <trkpt lon="135.497537" lat="34.674353">
        <extensions>
          <mytracks:speed>78</mytracks:speed>
        </extensions>
      </trkpt>
      <trkpt lon="135.497549" lat="34.674554">
        <extensions>
          <mytracks:speed>78</mytracks:speed>
        </extensions>
      </trkpt>
      <trkpt lon="135.497553" lat="34.674756">
        <extensions>
          <mytracks:speed>78</mytracks:speed>
        </extensions>
      </trkpt>
      <trkpt lon="135.497566" lat="34.674933">
        <extensions>
          <mytracks:speed>77</mytracks:speed>
        </extensions>
      </trkpt>
      <trkpt lon="135.497573" lat="34.675122">
        <extensions>
          <mytracks:speed>76</mytracks:speed>
        </extensions>
      </trkpt>
      <trkpt lon="135.497605" lat="34.675325">
        <extensions>
          <mytracks:speed>75</mytracks:speed>
        </extensions>
      </trkpt>
      <trkpt lon="135.497604" lat="34.675516">
        <extensions>
          <mytracks:speed>74</mytracks:speed>
        </extensions>
      </trkpt>
      <trkpt lon="135.497630" lat="34.675712">
        <extensions>
          <mytracks:speed>73</mytracks:speed>
        </extensions>
      </trkpt>
      <trkpt lon="135.497654" lat="34.675901">
        <extensions>
          <mytracks:speed>72</mytracks:speed>
        </extensions>
      </trkpt>
      <trkpt lon="135.497646" lat="34.676082">
        <extensions>
          <mytracks:speed>71</mytracks:speed>
        </extensions>
      </trkpt>
      <trkpt lon="135.497666" lat="34.676266">
        <extensions>
          <mytracks:speed>70</mytracks:speed>
        </extensions>
      </trkpt>
      <trkpt lon="135.497663" lat="34.676444">
        <extensions>
          <mytracks:speed>69</mytracks:speed>
        </extensions>
      </trkpt>
      <trkpt lon="135.497685" lat="34.676626">
        <extensions>
          <mytracks:speed>67</mytracks:speed>
        </extensions>
      </trkpt>
      <trkpt lon="135.497692" lat="34.676797">
        <extensions>
          <mytracks:speed>68</mytracks:speed>
        </extensions>
      </trkpt>
      <trkpt lon="135.497714" lat="34.676966">
        <extensions>
          <mytracks:speed>68</mytracks:speed>
        </extensions>
      </trkpt>
      <trkpt lon="135.497725" lat="34.677135">
        <extensions>
          <mytracks:speed>68</mytracks:speed>
        </extensions>
      </trkpt>
      <trkpt lon="135.497733" lat="34.677327">
        <extensions>
          <mytracks:speed>70</mytracks:speed>
        </extensions>
      </trkpt>
      <trkpt lon="135.497736" lat="34.677504">
        <extensions>
          <mytracks:speed>70</mytracks:speed>
        </extensions>
      </trkpt>
      <trkpt lon="135.497729" lat="34.677670">
        <extensions>
          <mytracks:speed>71</mytracks:speed>
        </extensions>
      </trkpt>
      <trkpt lon="135.497740" lat="34.677848">
        <extensions>
          <mytracks:speed>71</mytracks:speed>
        </extensions>
      </trkpt>
      <trkpt lon="135.497736" lat="34.678035">
        <extensions>
          <mytracks:speed>73</mytracks:speed>
        </extensions>
      </trkpt>
      <trkpt lon="135.497754" lat="34.678221">
        <extensions>
          <mytracks:speed>73</mytracks:speed>
        </extensions>
      </trkpt>
      <trkpt lon="135.497761" lat="34.678408">
        <extensions>
          <mytracks:speed>73</mytracks:speed>
        </extensions>
      </trkpt>
      <trkpt lon="135.497767" lat="34.678595">
        <extensions>
          <mytracks:speed>72</mytracks:speed>
        </extensions>
      </trkpt>
      <trkpt lon="135.497787" lat="34.678770">
        <extensions>
          <mytracks:speed>72</mytracks:speed>
        </extensions>
      </trkpt>
      <trkpt lon="135.497802" lat="34.678959">
        <extensions>
          <mytracks:speed>72</mytracks:speed>
        </extensions>
      </trkpt>
      <trkpt lon="135.497812" lat="34.679135">
        <extensions>
          <mytracks:speed>72</mytracks:speed>
        </extensions>
      </trkpt>
      <trkpt lon="135.497827" lat="34.679329">
        <extensions>
          <mytracks:speed>72</mytracks:speed>
        </extensions>
      </trkpt>
      <trkpt lon="135.497846" lat="34.679518">
        <extensions>
          <mytracks:speed>73</mytracks:speed>
        </extensions>
      </trkpt>
      <trkpt lon="135.497871" lat="34.679689">
        <extensions>
          <mytracks:speed>73</mytracks:speed>
        </extensions>
      </trkpt>
      <trkpt lon="135.497895" lat="34.679879">
        <extensions>
          <mytracks:speed>72</mytracks:speed>
        </extensions>
      </trkpt>
      <trkpt lon="135.497902" lat="34.680070">
        <extensions>
          <mytracks:speed>73</mytracks:speed>
        </extensions>
      </trkpt>
      <trkpt lon="135.497911" lat="34.680270">
        <extensions>
          <mytracks:speed>75</mytracks:speed>
        </extensions>
      </trkpt>
      <trkpt lon="135.497913" lat="34.680464">
        <extensions>
          <mytracks:speed>76</mytracks:speed>
        </extensions>
      </trkpt>
      <trkpt lon="135.497923" lat="34.680653">
        <extensions>
          <mytracks:speed>76</mytracks:speed>
        </extensions>
      </trkpt>
      <trkpt lon="135.497929" lat="34.680854">
        <extensions>
          <mytracks:speed>76</mytracks:speed>
        </extensions>
      </trkpt>
      <trkpt lon="135.497937" lat="34.681054">
        <extensions>
          <mytracks:speed>78</mytracks:speed>
        </extensions>
      </trkpt>
      <trkpt lon="135.497943" lat="34.681257">
        <extensions>
          <mytracks:speed>79</mytracks:speed>
        </extensions>
      </trkpt>
      <trkpt lon="135.497943" lat="34.681465">
        <extensions>
          <mytracks:speed>80</mytracks:speed>
        </extensions>
      </trkpt>
      <trkpt lon="135.497948" lat="34.681668">
        <extensions>
          <mytracks:speed>80</mytracks:speed>
        </extensions>
      </trkpt>
      <trkpt lon="135.497939" lat="34.681865">
        <extensions>
          <mytracks:speed>78</mytracks:speed>
        </extensions>
      </trkpt>
      <trkpt lon="135.497942" lat="34.682063">
        <extensions>
          <mytracks:speed>76</mytracks:speed>
        </extensions>
      </trkpt>
      <trkpt lon="135.497945" lat="34.682245">
        <extensions>
          <mytracks:speed>75</mytracks:speed>
        </extensions>
      </trkpt>
      <trkpt lon="135.497920" lat="34.682417">
        <extensions>
          <mytracks:speed>75</mytracks:speed>
        </extensions>
      </trkpt>
      <trkpt lon="135.497915" lat="34.682605">
        <extensions>
          <mytracks:speed>72</mytracks:speed>
        </extensions>
      </trkpt>
      <trkpt lon="135.497923" lat="34.682802">
        <extensions>
          <mytracks:speed>72</mytracks:speed>
        </extensions>
      </trkpt>
      <trkpt lon="135.497927" lat="34.682987">
        <extensions>
          <mytracks:speed>73</mytracks:speed>
        </extensions>
      </trkpt>
      <trkpt lon="135.497927" lat="34.683180">
        <extensions>
          <mytracks:speed>72</mytracks:speed>
        </extensions>
      </trkpt>
      <trkpt lon="135.497922" lat="34.683371">
        <extensions>
          <mytracks:speed>72</mytracks:speed>
        </extensions>
      </trkpt>
      <trkpt lon="135.497922" lat="34.683567">
        <extensions>
          <mytracks:speed>73</mytracks:speed>
        </extensions>
      </trkpt>
      <trkpt lon="135.497915" lat="34.683757">
        <extensions>
          <mytracks:speed>73</mytracks:speed>
        </extensions>
      </trkpt>
      <trkpt lon="135.497913" lat="34.683947">
        <extensions>
          <mytracks:speed>74</mytracks:speed>
        </extensions>
      </trkpt>
      <trkpt lon="135.497912" lat="34.684135">
        <extensions>
          <mytracks:speed>72</mytracks:speed>
        </extensions>
      </trkpt>
      <trkpt lon="135.497911" lat="34.684317">
        <extensions>
          <mytracks:speed>72</mytracks:speed>
        </extensions>
      </trkpt>
      <trkpt lon="135.497896" lat="34.684496">
        <extensions>
          <mytracks:speed>70</mytracks:speed>
        </extensions>
      </trkpt>
      <trkpt lon="135.497921" lat="34.684662">
        <extensions>
          <mytracks:speed>69</mytracks:speed>
        </extensions>
      </trkpt>
      <trkpt lon="135.497932" lat="34.684839">
        <extensions>
          <mytracks:speed>67</mytracks:speed>
        </extensions>
      </trkpt>
      <trkpt lon="135.497932" lat="34.685010">
        <extensions>
          <mytracks:speed>66</mytracks:speed>
        </extensions>
      </trkpt>
      <trkpt lon="135.497930" lat="34.685180">
        <extensions>
          <mytracks:speed>66</mytracks:speed>
        </extensions>
      </trkpt>
      <trkpt lon="135.497907" lat="34.685336">
        <extensions>
          <mytracks:speed>65</mytracks:speed>
        </extensions>
      </trkpt>
      <trkpt lon="135.497899" lat="34.685502">
        <extensions>
          <mytracks:speed>62</mytracks:speed>
        </extensions>
      </trkpt>
      <trkpt lon="135.497895" lat="34.685659">
        <extensions>
          <mytracks:speed>62</mytracks:speed>
        </extensions>
      </trkpt>
      <trkpt lon="135.497890" lat="34.685813">
        <extensions>
          <mytracks:speed>60</mytracks:speed>
        </extensions>
      </trkpt>
      <trkpt lon="135.497880" lat="34.685960">
        <extensions>
          <mytracks:speed>60</mytracks:speed>
        </extensions>
      </trkpt>
      <trkpt lon="135.497890" lat="34.686106">
        <extensions>
          <mytracks:speed>57</mytracks:speed>
        </extensions>
      </trkpt>
      <trkpt lon="135.497882" lat="34.686258">
        <extensions>
          <mytracks:speed>56</mytracks:speed>
        </extensions>
      </trkpt>
      <trkpt lon="135.497894" lat="34.686407">
        <extensions>
          <mytracks:speed>55</mytracks:speed>
        </extensions>
      </trkpt>
      <trkpt lon="135.497913" lat="34.686553">
        <extensions>
          <mytracks:speed>54</mytracks:speed>
        </extensions>
      </trkpt>
      <trkpt lon="135.497901" lat="34.686694">
        <extensions>
          <mytracks:speed>52</mytracks:speed>
        </extensions>
      </trkpt>
      <trkpt lon="135.497889" lat="34.686828">
        <extensions>
          <mytracks:speed>51</mytracks:speed>
        </extensions>
      </trkpt>
      <trkpt lon="135.497890" lat="34.686969">
        <extensions>
          <mytracks:speed>51</mytracks:speed>
        </extensions>
      </trkpt>
      <trkpt lon="135.497881" lat="34.687113">
        <extensions>
          <mytracks:speed>51</mytracks:speed>
        </extensions>
      </trkpt>
      <trkpt lon="135.497874" lat="34.687248">
        <extensions>
          <mytracks:speed>51</mytracks:speed>
        </extensions>
      </trkpt>
      <trkpt lon="135.497845" lat="34.687370">
        <extensions>
          <mytracks:speed>52</mytracks:speed>
        </extensions>
      </trkpt>
      <trkpt lon="135.497825" lat="34.687496">
        <extensions>
          <mytracks:speed>54</mytracks:speed>
        </extensions>
      </trkpt>
      <trkpt lon="135.497818" lat="34.687626">
        <extensions>
          <mytracks:speed>54</mytracks:speed>
        </extensions>
      </trkpt>
      <trkpt lon="135.497798" lat="34.687773">
        <extensions>
          <mytracks:speed>55</mytracks:speed>
        </extensions>
      </trkpt>
      <trkpt lon="135.497764" lat="34.687908">
        <extensions>
          <mytracks:speed>56</mytracks:speed>
        </extensions>
      </trkpt>
      <trkpt lon="135.497752" lat="34.688052">
        <extensions>
          <mytracks:speed>56</mytracks:speed>
        </extensions>
      </trkpt>
      <trkpt lon="135.497740" lat="34.688194">
        <extensions>
          <mytracks:speed>57</mytracks:speed>
        </extensions>
      </trkpt>
      <trkpt lon="135.497727" lat="34.688337">
        <extensions>
          <mytracks:speed>57</mytracks:speed>
        </extensions>
      </trkpt>
      <trkpt lon="135.497724" lat="34.688492">
        <extensions>
          <mytracks:speed>58</mytracks:speed>
        </extensions>
      </trkpt>
      <trkpt lon="135.497713" lat="34.688639">
        <extensions>
          <mytracks:speed>59</mytracks:speed>
        </extensions>
      </trkpt>
      <trkpt lon="135.497704" lat="34.688770">
        <extensions>
          <mytracks:speed>57</mytracks:speed>
        </extensions>
      </trkpt>
      <trkpt lon="135.497667" lat="34.688916">
        <extensions>
          <mytracks:speed>58</mytracks:speed>
        </extensions>
      </trkpt>
      <trkpt lon="135.497667" lat="34.688916">
        <extensions>
          <mytracks:speed>59</mytracks:speed>
        </extensions>
      </trkpt>
      <trkpt lon="135.497648" lat="34.689063">
        <extensions>
          <mytracks:speed>60</mytracks:speed>
        </extensions>
      </trkpt>
      <trkpt lon="135.497602" lat="34.689359">
        <extensions>
          <mytracks:speed>61</mytracks:speed>
        </extensions>
      </trkpt>
      <trkpt lon="135.497564" lat="34.689504">
        <extensions>
          <mytracks:speed>60</mytracks:speed>
        </extensions>
      </trkpt>
      <trkpt lon="135.497517" lat="34.689653">
        <extensions>
          <mytracks:speed>59</mytracks:speed>
        </extensions>
      </trkpt>
      <trkpt lon="135.497489" lat="34.689782">
        <extensions>
          <mytracks:speed>56</mytracks:speed>
        </extensions>
      </trkpt>
      <trkpt lon="135.497466" lat="34.689932">
        <extensions>
          <mytracks:speed>55</mytracks:speed>
        </extensions>
      </trkpt>
      <trkpt lon="135.497443" lat="34.690079">
        <extensions>
          <mytracks:speed>55</mytracks:speed>
        </extensions>
      </trkpt>
      <trkpt lon="135.497443" lat="34.690079">
        <extensions>
          <mytracks:speed>56</mytracks:speed>
        </extensions>
      </trkpt>
      <trkpt lon="135.497416" lat="34.690232">
        <extensions>
          <mytracks:speed>56</mytracks:speed>
        </extensions>
      </trkpt>
      <trkpt lon="135.497408" lat="34.690381">
        <extensions>
          <mytracks:speed>54</mytracks:speed>
        </extensions>
      </trkpt>
      <trkpt lon="135.497355" lat="34.690647">
        <extensions>
          <mytracks:speed>52</mytracks:speed>
        </extensions>
      </trkpt>
      <trkpt lon="135.497334" lat="34.690779">
        <extensions>
          <mytracks:speed>50</mytracks:speed>
        </extensions>
      </trkpt>
      <trkpt lon="135.497328" lat="34.690901">
        <extensions>
          <mytracks:speed>46</mytracks:speed>
        </extensions>
      </trkpt>
      <trkpt lon="135.497291" lat="34.691013">
        <extensions>
          <mytracks:speed>43</mytracks:speed>
        </extensions>
      </trkpt>
      <trkpt lon="135.497256" lat="34.691110">
        <extensions>
          <mytracks:speed>34</mytracks:speed>
        </extensions>
      </trkpt>
      <trkpt lon="135.497248" lat="34.691188">
        <extensions>
          <mytracks:speed>32</mytracks:speed>
        </extensions>
      </trkpt>
      <trkpt lon="135.497240" lat="34.691247">
        <extensions>
          <mytracks:speed>26</mytracks:speed>
        </extensions>
      </trkpt>
      <trkpt lon="135.497234" lat="34.691295">
        <extensions>
          <mytracks:speed>20</mytracks:speed>
        </extensions>
      </trkpt>
      <trkpt lon="135.497237" lat="34.691345">
        <extensions>
          <mytracks:speed>15</mytracks:speed>
        </extensions>
      </trkpt>
      <trkpt lon="135.497231" lat="34.691366">
        <extensions>
          <mytracks:speed>7</mytracks:speed>
        </extensions>
      </trkpt>
      <trkpt lon="135.497224" lat="34.691355">
        <extensions>
          <mytracks:speed>4</mytracks:speed>
        </extensions>
      </trkpt>
      <trkpt lon="135.497222" lat="34.691365">
        <extensions>
          <mytracks:speed>3</mytracks:speed>
        </extensions>
      </trkpt>
      <trkpt lon="135.497235" lat="34.691357">
        <extensions>
          <mytracks:speed>3</mytracks:speed>
        </extensions>
      </trkpt>
      <trkpt lon="135.497250" lat="34.691355">
        <extensions>
          <mytracks:speed>3</mytracks:speed>
        </extensions>
      </trkpt>
      <trkpt lon="135.497244" lat="34.691350">
        <extensions>
          <mytracks:speed>0</mytracks:speed>
        </extensions>
      </trkpt>
      <trkpt lon="135.497271" lat="34.691347">
        <extensions>
          <mytracks:speed>0</mytracks:speed>
        </extensions>
      </trkpt>
      <trkpt lon="135.497272" lat="34.691344">
        <extensions>
          <mytracks:speed>0</mytracks:speed>
        </extensions>
      </trkpt>
      <trkpt lon="135.497280" lat="34.691339">
        <extensions>
          <mytracks:speed>0</mytracks:speed>
        </extensions>
      </trkpt>
      <trkpt lon="135.497273" lat="34.691334">
        <extensions>
          <mytracks:speed>0</mytracks:speed>
        </extensions>
      </trkpt>
      <trkpt lon="135.497272" lat="34.691333">
        <extensions>
          <mytracks:speed>0</mytracks:speed>
        </extensions>
      </trkpt>
      <trkpt lon="135.497268" lat="34.691326">
        <extensions>
          <mytracks:speed>0</mytracks:speed>
        </extensions>
      </trkpt>
      <trkpt lon="135.497271" lat="34.691329">
        <extensions>
          <mytracks:speed>0</mytracks:speed>
        </extensions>
      </trkpt>
      <trkpt lon="135.497269" lat="34.691329">
        <extensions>
          <mytracks:speed>0</mytracks:speed>
        </extensions>
      </trkpt>
      <trkpt lon="135.497270" lat="34.691329">
        <extensions>
          <mytracks:speed>0</mytracks:speed>
        </extensions>
      </trkpt>
      <trkpt lon="135.497268" lat="34.691330">
        <extensions>
          <mytracks:speed>0</mytracks:speed>
        </extensions>
      </trkpt>
      <trkpt lon="135.497272" lat="34.691333">
        <extensions>
          <mytracks:speed>8</mytracks:speed>
        </extensions>
      </trkpt>
      <trkpt lon="135.497253" lat="34.691357">
        <extensions>
          <mytracks:speed>11</mytracks:speed>
        </extensions>
      </trkpt>
      <trkpt lon="135.497250" lat="34.691368">
        <extensions>
          <mytracks:speed>12</mytracks:speed>
        </extensions>
      </trkpt>
      <trkpt lon="135.497245" lat="34.691383">
        <extensions>
          <mytracks:speed>13</mytracks:speed>
        </extensions>
      </trkpt>
      <trkpt lon="135.497243" lat="34.691397">
        <extensions>
          <mytracks:speed>15</mytracks:speed>
        </extensions>
      </trkpt>
      <trkpt lon="135.497241" lat="34.691409">
        <extensions>
          <mytracks:speed>19</mytracks:speed>
        </extensions>
      </trkpt>
      <trkpt lon="135.497230" lat="34.691422">
        <extensions>
          <mytracks:speed>23</mytracks:speed>
        </extensions>
      </trkpt>
      <trkpt lon="135.497211" lat="34.691435">
        <extensions>
          <mytracks:speed>26</mytracks:speed>
        </extensions>
      </trkpt>
      <trkpt lon="135.497179" lat="34.691443">
        <extensions>
          <mytracks:speed>30</mytracks:speed>
        </extensions>
      </trkpt>
      <trkpt lon="135.497032" lat="34.691437">
        <extensions>
          <mytracks:speed>30</mytracks:speed>
        </extensions>
      </trkpt>
      <trkpt lon="135.496955" lat="34.691434">
        <extensions>
          <mytracks:speed>28</mytracks:speed>
        </extensions>
      </trkpt>
      <trkpt lon="135.496862" lat="34.691440">
        <extensions>
          <mytracks:speed>26</mytracks:speed>
        </extensions>
      </trkpt>
      <trkpt lon="135.496831" lat="34.691431">
        <extensions>
          <mytracks:speed>24</mytracks:speed>
        </extensions>
      </trkpt>
      <trkpt lon="135.496792" lat="34.691412">
        <extensions>
          <mytracks:speed>25</mytracks:speed>
        </extensions>
      </trkpt>
      <trkpt lon="135.496692" lat="34.691468">
        <extensions>
          <mytracks:speed>28</mytracks:speed>
        </extensions>
      </trkpt>
      <trkpt lon="135.496472" lat="34.691465">
        <extensions>
          <mytracks:speed>29</mytracks:speed>
        </extensions>
      </trkpt>
      <trkpt lon="135.496352" lat="34.691464">
        <extensions>
          <mytracks:speed>29</mytracks:speed>
        </extensions>
      </trkpt>
      <trkpt lon="135.496234" lat="34.691466">
        <extensions>
          <mytracks:speed>27</mytracks:speed>
        </extensions>
      </trkpt>
      <trkpt lon="135.496139" lat="34.691461">
        <extensions>
          <mytracks:speed>27</mytracks:speed>
        </extensions>
      </trkpt>
      <trkpt lon="135.496060" lat="34.691462">
        <extensions>
          <mytracks:speed>27</mytracks:speed>
        </extensions>
      </trkpt>
      <trkpt lon="135.495999" lat="34.691466">
        <extensions>
          <mytracks:speed>26</mytracks:speed>
        </extensions>
      </trkpt>
      <trkpt lon="135.495889" lat="34.691491">
        <extensions>
          <mytracks:speed>23</mytracks:speed>
        </extensions>
      </trkpt>
      <trkpt lon="135.495784" lat="34.691517">
        <extensions>
          <mytracks:speed>22</mytracks:speed>
        </extensions>
      </trkpt>
      <trkpt lon="135.495702" lat="34.691534">
        <extensions>
          <mytracks:speed>21</mytracks:speed>
        </extensions>
      </trkpt>
      <trkpt lon="135.495638" lat="34.691523">
        <extensions>
          <mytracks:speed>16</mytracks:speed>
        </extensions>
      </trkpt>
      <trkpt lon="135.495594" lat="34.691531">
        <extensions>
          <mytracks:speed>13</mytracks:speed>
        </extensions>
      </trkpt>
      <trkpt lon="135.495582" lat="34.691523">
        <extensions>
          <mytracks:speed>11</mytracks:speed>
        </extensions>
      </trkpt>
      <trkpt lon="135.495565" lat="34.691523">
        <extensions>
          <mytracks:speed>8</mytracks:speed>
        </extensions>
      </trkpt>
      <trkpt lon="135.495549" lat="34.691529">
        <extensions>
          <mytracks:speed>3</mytracks:speed>
        </extensions>
      </trkpt>
      <trkpt lon="135.495563" lat="34.691552">
        <extensions>
          <mytracks:speed>3</mytracks:speed>
        </extensions>
      </trkpt>
      <trkpt lon="135.495553" lat="34.691570">
        <extensions>
          <mytracks:speed>3</mytracks:speed>
        </extensions>
      </trkpt>
      <trkpt lon="135.495542" lat="34.691572">
        <extensions>
          <mytracks:speed>3</mytracks:speed>
        </extensions>
      </trkpt>
      <trkpt lon="135.495533" lat="34.691570">
        <extensions>
          <mytracks:speed>0</mytracks:speed>
        </extensions>
      </trkpt>
      <trkpt lon="135.495530" lat="34.691570">
        <extensions>
          <mytracks:speed>0</mytracks:speed>
        </extensions>
      </trkpt>
      <trkpt lon="135.495525" lat="34.691568">
        <extensions>
          <mytracks:speed>0</mytracks:speed>
        </extensions>
      </trkpt>
      <trkpt lon="135.495520" lat="34.691569">
        <extensions>
          <mytracks:speed>0</mytracks:speed>
        </extensions>
      </trkpt>
      <trkpt lon="135.495510" lat="34.691578">
        <extensions>
          <mytracks:speed>0</mytracks:speed>
        </extensions>
      </trkpt>
      <trkpt lon="135.495501" lat="34.691583">
        <extensions>
          <mytracks:speed>0</mytracks:speed>
        </extensions>
      </trkpt>
      <trkpt lon="135.495496" lat="34.691585">
        <extensions>
          <mytracks:speed>0</mytracks:speed>
        </extensions>
      </trkpt>
      <trkpt lon="135.495494" lat="34.691587">
        <extensions>
          <mytracks:speed>0</mytracks:speed>
        </extensions>
      </trkpt>
      <trkpt lon="135.495492" lat="34.691590">
        <extensions>
          <mytracks:speed>0</mytracks:speed>
        </extensions>
      </trkpt>
      <trkpt lon="135.495491" lat="34.691592">
        <extensions>
          <mytracks:speed>0</mytracks:speed>
        </extensions>
      </trkpt>
      <trkpt lon="135.495490" lat="34.691593">
        <extensions>
          <mytracks:speed>0</mytracks:speed>
        </extensions>
      </trkpt>
      <trkpt lon="135.495490" lat="34.691594">
        <extensions>
          <mytracks:speed>0</mytracks:speed>
        </extensions>
      </trkpt>
      <trkpt lon="135.495490" lat="34.691594">
        <extensions>
          <mytracks:speed>0</mytracks:speed>
        </extensions>
      </trkpt>
      <trkpt lon="135.495489" lat="34.691594">
        <extensions>
          <mytracks:speed>0</mytracks:speed>
        </extensions>
      </trkpt>
      <trkpt lon="135.495489" lat="34.691594">
        <extensions>
          <mytracks:speed>0</mytracks:speed>
        </extensions>
      </trkpt>
      <trkpt lon="135.495489" lat="34.691594">
        <extensions>
          <mytracks:speed>0</mytracks:speed>
        </extensions>
      </trkpt>
      <trkpt lon="135.495489" lat="34.691594">
        <extensions>
          <mytracks:speed>0</mytracks:speed>
        </extensions>
      </trkpt>
      <trkpt lon="135.495489" lat="34.691594">
        <extensions>
          <mytracks:speed>0</mytracks:speed>
        </extensions>
      </trkpt>
      <trkpt lon="135.495488" lat="34.691595">
        <extensions>
          <mytracks:speed>0</mytracks:speed>
        </extensions>
      </trkpt>
      <trkpt lon="135.495488" lat="34.691595">
        <extensions>
          <mytracks:speed>0</mytracks:speed>
        </extensions>
      </trkpt>
      <trkpt lon="135.495488" lat="34.691595">
        <extensions>
          <mytracks:speed>0</mytracks:speed>
        </extensions>
      </trkpt>
      <trkpt lon="135.495487" lat="34.691595">
        <extensions>
          <mytracks:speed>0</mytracks:speed>
        </extensions>
      </trkpt>
      <trkpt lon="135.495486" lat="34.691595">
        <extensions>
          <mytracks:speed>0</mytracks:speed>
        </extensions>
      </trkpt>
      <trkpt lon="135.495486" lat="34.691595">
        <extensions>
          <mytracks:speed>0</mytracks:speed>
        </extensions>
      </trkpt>
      <trkpt lon="135.495483" lat="34.691596">
        <extensions>
          <mytracks:speed>0</mytracks:speed>
        </extensions>
      </trkpt>
      <trkpt lon="135.495483" lat="34.691596">
        <extensions>
          <mytracks:speed>0</mytracks:speed>
        </extensions>
      </trkpt>
      <trkpt lon="135.495483" lat="34.691596">
        <extensions>
          <mytracks:speed>0</mytracks:speed>
        </extensions>
      </trkpt>
      <trkpt lon="135.495483" lat="34.691597">
        <extensions>
          <mytracks:speed>0</mytracks:speed>
        </extensions>
      </trkpt>
      <trkpt lon="135.495483" lat="34.691596">
        <extensions>
          <mytracks:speed>0</mytracks:speed>
        </extensions>
      </trkpt>
      <trkpt lon="135.495483" lat="34.691596">
        <extensions>
          <mytracks:speed>0</mytracks:speed>
        </extensions>
      </trkpt>
      <trkpt lon="135.495483" lat="34.691597">
        <extensions>
          <mytracks:speed>0</mytracks:speed>
        </extensions>
      </trkpt>
      <trkpt lon="135.495483" lat="34.691597">
        <extensions>
          <mytracks:speed>0</mytracks:speed>
        </extensions>
      </trkpt>
      <trkpt lon="135.495483" lat="34.691598">
        <extensions>
          <mytracks:speed>0</mytracks:speed>
        </extensions>
      </trkpt>
      <trkpt lon="135.495483" lat="34.691598">
        <extensions>
          <mytracks:speed>0</mytracks:speed>
        </extensions>
      </trkpt>
      <trkpt lon="135.495483" lat="34.691599">
        <extensions>
          <mytracks:speed>0</mytracks:speed>
        </extensions>
      </trkpt>
      <trkpt lon="135.495483" lat="34.691599">
        <extensions>
          <mytracks:speed>0</mytracks:speed>
        </extensions>
      </trkpt>
      <trkpt lon="135.495483" lat="34.691600">
        <extensions>
          <mytracks:speed>0</mytracks:speed>
        </extensions>
      </trkpt>
      <trkpt lon="135.495483" lat="34.691600">
        <extensions>
          <mytracks:speed>0</mytracks:speed>
        </extensions>
      </trkpt>
      <trkpt lon="135.495483" lat="34.691600">
        <extensions>
          <mytracks:speed>0</mytracks:speed>
        </extensions>
      </trkpt>
      <trkpt lon="135.495483" lat="34.691600">
        <extensions>
          <mytracks:speed>0</mytracks:speed>
        </extensions>
      </trkpt>
      <trkpt lon="135.495483" lat="34.691601">
        <extensions>
          <mytracks:speed>0</mytracks:speed>
        </extensions>
      </trkpt>
      <trkpt lon="135.495482" lat="34.691601">
        <extensions>
          <mytracks:speed>0</mytracks:speed>
        </extensions>
      </trkpt>
      <trkpt lon="135.495482" lat="34.691601">
        <extensions>
          <mytracks:speed>0</mytracks:speed>
        </extensions>
      </trkpt>
      <trkpt lon="135.495482" lat="34.691601">
        <extensions>
          <mytracks:speed>0</mytracks:speed>
        </extensions>
      </trkpt>
      <trkpt lon="135.495482" lat="34.691601">
        <extensions>
          <mytracks:speed>0</mytracks:speed>
        </extensions>
      </trkpt>
      <trkpt lon="135.495482" lat="34.691601">
        <extensions>
          <mytracks:speed>0</mytracks:speed>
        </extensions>
      </trkpt>
      <trkpt lon="135.495482" lat="34.691601">
        <extensions>
          <mytracks:speed>0</mytracks:speed>
        </extensions>
      </trkpt>
      <trkpt lon="135.495482" lat="34.691601">
        <extensions>
          <mytracks:speed>0</mytracks:speed>
        </extensions>
      </trkpt>
      <trkpt lon="135.495483" lat="34.691601">
        <extensions>
          <mytracks:speed>0</mytracks:speed>
        </extensions>
      </trkpt>
      <trkpt lon="135.495483" lat="34.691601">
        <extensions>
          <mytracks:speed>0</mytracks:speed>
        </extensions>
      </trkpt>
      <trkpt lon="135.495483" lat="34.691601">
        <extensions>
          <mytracks:speed>0</mytracks:speed>
        </extensions>
      </trkpt>
      <trkpt lon="135.495483" lat="34.691601">
        <extensions>
          <mytracks:speed>0</mytracks:speed>
        </extensions>
      </trkpt>
      <trkpt lon="135.495483" lat="34.691602">
        <extensions>
          <mytracks:speed>0</mytracks:speed>
        </extensions>
      </trkpt>
      <trkpt lon="135.495483" lat="34.691602">
        <extensions>
          <mytracks:speed>0</mytracks:speed>
        </extensions>
      </trkpt>
      <trkpt lon="135.495483" lat="34.691602">
        <extensions>
          <mytracks:speed>0</mytracks:speed>
        </extensions>
      </trkpt>
      <trkpt lon="135.495483" lat="34.691602">
        <extensions>
          <mytracks:speed>0</mytracks:speed>
        </extensions>
      </trkpt>
      <trkpt lon="135.495483" lat="34.691602">
        <extensions>
          <mytracks:speed>0</mytracks:speed>
        </extensions>
      </trkpt>
      <trkpt lon="135.495482" lat="34.691595">
        <extensions>
          <mytracks:speed>7</mytracks:speed>
        </extensions>
      </trkpt>
      <trkpt lon="135.495480" lat="34.691589">
        <extensions>
          <mytracks:speed>8</mytracks:speed>
        </extensions>
      </trkpt>
      <trkpt lon="135.495475" lat="34.691590">
        <extensions>
          <mytracks:speed>9</mytracks:speed>
        </extensions>
      </trkpt>
      <trkpt lon="135.495473" lat="34.691588">
        <extensions>
          <mytracks:speed>9</mytracks:speed>
        </extensions>
      </trkpt>
      <trkpt lon="135.495466" lat="34.691589">
        <extensions>
          <mytracks:speed>13</mytracks:speed>
        </extensions>
      </trkpt>
      <trkpt lon="135.495466" lat="34.691580">
        <extensions>
          <mytracks:speed>16</mytracks:speed>
        </extensions>
      </trkpt>
      <trkpt lon="135.495466" lat="34.691563">
        <extensions>
          <mytracks:speed>17</mytracks:speed>
        </extensions>
      </trkpt>
      <trkpt lon="135.495452" lat="34.691535">
        <extensions>
          <mytracks:speed>21</mytracks:speed>
        </extensions>
      </trkpt>
      <trkpt lon="135.495432" lat="34.691508">
        <extensions>
          <mytracks:speed>25</mytracks:speed>
        </extensions>
      </trkpt>
      <trkpt lon="135.495409" lat="34.691477">
        <extensions>
          <mytracks:speed>26</mytracks:speed>
        </extensions>
      </trkpt>
      <trkpt lon="135.495383" lat="34.691437">
        <extensions>
          <mytracks:speed>27</mytracks:speed>
        </extensions>
      </trkpt>
      <trkpt lon="135.495174" lat="34.691294">
        <extensions>
          <mytracks:speed>28</mytracks:speed>
        </extensions>
      </trkpt>
      <trkpt lon="135.495093" lat="34.691265">
        <extensions>
          <mytracks:speed>30</mytracks:speed>
        </extensions>
      </trkpt>
      <trkpt lon="135.495022" lat="34.691191">
        <extensions>
          <mytracks:speed>30</mytracks:speed>
        </extensions>
      </trkpt>
      <trkpt lon="135.494944" lat="34.691122">
        <extensions>
          <mytracks:speed>32</mytracks:speed>
        </extensions>
      </trkpt>
      <trkpt lon="135.494866" lat="34.691042">
        <extensions>
          <mytracks:speed>33</mytracks:speed>
        </extensions>
      </trkpt>
      <trkpt lon="135.494782" lat="34.690970">
        <extensions>
          <mytracks:speed>33</mytracks:speed>
        </extensions>
      </trkpt>
      <trkpt lon="135.494707" lat="34.690897">
        <extensions>
          <mytracks:speed>33</mytracks:speed>
        </extensions>
      </trkpt>
      <trkpt lon="135.494643" lat="34.690826">
        <extensions>
          <mytracks:speed>33</mytracks:speed>
        </extensions>
      </trkpt>
      <trkpt lon="135.494580" lat="34.690762">
        <extensions>
          <mytracks:speed>31</mytracks:speed>
        </extensions>
      </trkpt>
      <trkpt lon="135.494498" lat="34.690718">
        <extensions>
          <mytracks:speed>30</mytracks:speed>
        </extensions>
      </trkpt>
      <trkpt lon="135.494407" lat="34.690675">
        <extensions>
          <mytracks:speed>29</mytracks:speed>
        </extensions>
      </trkpt>
      <trkpt lon="135.494354" lat="34.690626">
        <extensions>
          <mytracks:speed>27</mytracks:speed>
        </extensions>
      </trkpt>
      <trkpt lon="135.494282" lat="34.690583">
        <extensions>
          <mytracks:speed>26</mytracks:speed>
        </extensions>
      </trkpt>
      <trkpt lon="135.494198" lat="34.690528">
        <extensions>
          <mytracks:speed>24</mytracks:speed>
        </extensions>
      </trkpt>
      <trkpt lon="135.494169" lat="34.690488">
        <extensions>
          <mytracks:speed>24</mytracks:speed>
        </extensions>
      </trkpt>
      <trkpt lon="135.494120" lat="34.690447">
        <extensions>
          <mytracks:speed>22</mytracks:speed>
        </extensions>
      </trkpt>
      <trkpt lon="135.494030" lat="34.690425">
        <extensions>
          <mytracks:speed>17</mytracks:speed>
        </extensions>
      </trkpt>
      <trkpt lon="135.493989" lat="34.690403">
        <extensions>
          <mytracks:speed>13</mytracks:speed>
        </extensions>
      </trkpt>
      <trkpt lon="135.493952" lat="34.690380">
        <extensions>
          <mytracks:speed>10</mytracks:speed>
        </extensions>
      </trkpt>
      <trkpt lon="135.493929" lat="34.690364">
        <extensions>
          <mytracks:speed>7</mytracks:speed>
        </extensions>
      </trkpt>
      <trkpt lon="135.493919" lat="34.690375">
        <extensions>
          <mytracks:speed>3</mytracks:speed>
        </extensions>
      </trkpt>
      <trkpt lon="135.493929" lat="34.690370">
        <extensions>
          <mytracks:speed>3</mytracks:speed>
        </extensions>
      </trkpt>
      <trkpt lon="135.493932" lat="34.690370">
        <extensions>
          <mytracks:speed>3</mytracks:speed>
        </extensions>
      </trkpt>
      <trkpt lon="135.493931" lat="34.690344">
        <extensions>
          <mytracks:speed>0</mytracks:speed>
        </extensions>
      </trkpt>
      <trkpt lon="135.493936" lat="34.690312">
        <extensions>
          <mytracks:speed>0</mytracks:speed>
        </extensions>
      </trkpt>
      <trkpt lon="135.493937" lat="34.690280">
        <extensions>
          <mytracks:speed>0</mytracks:speed>
        </extensions>
      </trkpt>
      <trkpt lon="135.493947" lat="34.690269">
        <extensions>
          <mytracks:speed>0</mytracks:speed>
        </extensions>
      </trkpt>
      <trkpt lon="135.493956" lat="34.690263">
        <extensions>
          <mytracks:speed>0</mytracks:speed>
        </extensions>
      </trkpt>
      <trkpt lon="135.493965" lat="34.690257">
        <extensions>
          <mytracks:speed>0</mytracks:speed>
        </extensions>
      </trkpt>
      <trkpt lon="135.493973" lat="34.690252">
        <extensions>
          <mytracks:speed>0</mytracks:speed>
        </extensions>
      </trkpt>
      <trkpt lon="135.493977" lat="34.690248">
        <extensions>
          <mytracks:speed>0</mytracks:speed>
        </extensions>
      </trkpt>
      <trkpt lon="135.493977" lat="34.690245">
        <extensions>
          <mytracks:speed>0</mytracks:speed>
        </extensions>
      </trkpt>
      <trkpt lon="135.493977" lat="34.690241">
        <extensions>
          <mytracks:speed>0</mytracks:speed>
        </extensions>
      </trkpt>
      <trkpt lon="135.493980" lat="34.690234">
        <extensions>
          <mytracks:speed>0</mytracks:speed>
        </extensions>
      </trkpt>
      <trkpt lon="135.493972" lat="34.690220">
        <extensions>
          <mytracks:speed>3</mytracks:speed>
        </extensions>
      </trkpt>
      <trkpt lon="135.493964" lat="34.690209">
        <extensions>
          <mytracks:speed>6</mytracks:speed>
        </extensions>
      </trkpt>
      <trkpt lon="135.493951" lat="34.690194">
        <extensions>
          <mytracks:speed>8</mytracks:speed>
        </extensions>
      </trkpt>
      <trkpt lon="135.493931" lat="34.690173">
        <extensions>
          <mytracks:speed>16</mytracks:speed>
        </extensions>
      </trkpt>
      <trkpt lon="135.493899" lat="34.690154">
        <extensions>
          <mytracks:speed>18</mytracks:speed>
        </extensions>
      </trkpt>
      <trkpt lon="135.493726" lat="34.690056">
        <extensions>
          <mytracks:speed>21</mytracks:speed>
        </extensions>
      </trkpt>
      <trkpt lon="135.493643" lat="34.690025">
        <extensions>
          <mytracks:speed>24</mytracks:speed>
        </extensions>
      </trkpt>
      <trkpt lon="135.493569" lat="34.689996">
        <extensions>
          <mytracks:speed>27</mytracks:speed>
        </extensions>
      </trkpt>
      <trkpt lon="135.493512" lat="34.689962">
        <extensions>
          <mytracks:speed>29</mytracks:speed>
        </extensions>
      </trkpt>
      <trkpt lon="135.493453" lat="34.689924">
        <extensions>
          <mytracks:speed>29</mytracks:speed>
        </extensions>
      </trkpt>
      <trkpt lon="135.493396" lat="34.689873">
        <extensions>
          <mytracks:speed>30</mytracks:speed>
        </extensions>
      </trkpt>
      <trkpt lon="135.493327" lat="34.689832">
        <extensions>
          <mytracks:speed>30</mytracks:speed>
        </extensions>
      </trkpt>
      <trkpt lon="135.493232" lat="34.689782">
        <extensions>
          <mytracks:speed>30</mytracks:speed>
        </extensions>
      </trkpt>
      <trkpt lon="135.493162" lat="34.689713">
        <extensions>
          <mytracks:speed>30</mytracks:speed>
        </extensions>
      </trkpt>
      <trkpt lon="135.493075" lat="34.689657">
        <extensions>
          <mytracks:speed>31</mytracks:speed>
        </extensions>
      </trkpt>
      <trkpt lon="135.492992" lat="34.689613">
        <extensions>
          <mytracks:speed>32</mytracks:speed>
        </extensions>
      </trkpt>
      <trkpt lon="135.492907" lat="34.689560">
        <extensions>
          <mytracks:speed>33</mytracks:speed>
        </extensions>
      </trkpt>
      <trkpt lon="135.492810" lat="34.689518">
        <extensions>
          <mytracks:speed>32</mytracks:speed>
        </extensions>
      </trkpt>
      <trkpt lon="135.492719" lat="34.689470">
        <extensions>
          <mytracks:speed>31</mytracks:speed>
        </extensions>
      </trkpt>
      <trkpt lon="135.492642" lat="34.689422">
        <extensions>
          <mytracks:speed>30</mytracks:speed>
        </extensions>
      </trkpt>
      <trkpt lon="135.492586" lat="34.689342">
        <extensions>
          <mytracks:speed>29</mytracks:speed>
        </extensions>
      </trkpt>
      <trkpt lon="135.492527" lat="34.689290">
        <extensions>
          <mytracks:speed>30</mytracks:speed>
        </extensions>
      </trkpt>
      <trkpt lon="135.492452" lat="34.689264">
        <extensions>
          <mytracks:speed>29</mytracks:speed>
        </extensions>
      </trkpt>
      <trkpt lon="135.492380" lat="34.689240">
        <extensions>
          <mytracks:speed>28</mytracks:speed>
        </extensions>
      </trkpt>
      <trkpt lon="135.492302" lat="34.689214">
        <extensions>
          <mytracks:speed>27</mytracks:speed>
        </extensions>
      </trkpt>
      <trkpt lon="135.492215" lat="34.689183">
        <extensions>
          <mytracks:speed>27</mytracks:speed>
        </extensions>
      </trkpt>
      <trkpt lon="135.492130" lat="34.689148">
        <extensions>
          <mytracks:speed>27</mytracks:speed>
        </extensions>
      </trkpt>
      <trkpt lon="135.492070" lat="34.689107">
        <extensions>
          <mytracks:speed>27</mytracks:speed>
        </extensions>
      </trkpt>
      <trkpt lon="135.492008" lat="34.689053">
        <extensions>
          <mytracks:speed>27</mytracks:speed>
        </extensions>
      </trkpt>
      <trkpt lon="135.491938" lat="34.688994">
        <extensions>
          <mytracks:speed>28</mytracks:speed>
        </extensions>
      </trkpt>
      <trkpt lon="135.491889" lat="34.688935">
        <extensions>
          <mytracks:speed>28</mytracks:speed>
        </extensions>
      </trkpt>
      <trkpt lon="135.491831" lat="34.688860">
        <extensions>
          <mytracks:speed>31</mytracks:speed>
        </extensions>
      </trkpt>
      <trkpt lon="135.491779" lat="34.688781">
        <extensions>
          <mytracks:speed>30</mytracks:speed>
        </extensions>
      </trkpt>
      <trkpt lon="135.491722" lat="34.688699">
        <extensions>
          <mytracks:speed>31</mytracks:speed>
        </extensions>
      </trkpt>
      <trkpt lon="135.491664" lat="34.688644">
        <extensions>
          <mytracks:speed>30</mytracks:speed>
        </extensions>
      </trkpt>
      <trkpt lon="135.491605" lat="34.688613">
        <extensions>
          <mytracks:speed>27</mytracks:speed>
        </extensions>
      </trkpt>
      <trkpt lon="135.491557" lat="34.688575">
        <extensions>
          <mytracks:speed>26</mytracks:speed>
        </extensions>
      </trkpt>
      <trkpt lon="135.491488" lat="34.688574">
        <extensions>
          <mytracks:speed>24</mytracks:speed>
        </extensions>
      </trkpt>
      <trkpt lon="135.491411" lat="34.688550">
        <extensions>
          <mytracks:speed>23</mytracks:speed>
        </extensions>
      </trkpt>
      <trkpt lon="135.491377" lat="34.688581">
        <extensions>
          <mytracks:speed>24</mytracks:speed>
        </extensions>
      </trkpt>
      <trkpt lon="135.491333" lat="34.688611">
        <extensions>
          <mytracks:speed>24</mytracks:speed>
        </extensions>
      </trkpt>
      <trkpt lon="135.491281" lat="34.688642">
        <extensions>
          <mytracks:speed>25</mytracks:speed>
        </extensions>
      </trkpt>
      <trkpt lon="135.491222" lat="34.688684">
        <extensions>
          <mytracks:speed>25</mytracks:speed>
        </extensions>
      </trkpt>
      <trkpt lon="135.491149" lat="34.688712">
        <extensions>
          <mytracks:speed>24</mytracks:speed>
        </extensions>
      </trkpt>
      <trkpt lon="135.491155" lat="34.688788">
        <extensions>
          <mytracks:speed>24</mytracks:speed>
        </extensions>
      </trkpt>
      <trkpt lon="135.491121" lat="34.688841">
        <extensions>
          <mytracks:speed>23</mytracks:speed>
        </extensions>
      </trkpt>
      <trkpt lon="135.491098" lat="34.688895">
        <extensions>
          <mytracks:speed>22</mytracks:speed>
        </extensions>
      </trkpt>
      <trkpt lon="135.491067" lat="34.688934">
        <extensions>
          <mytracks:speed>20</mytracks:speed>
        </extensions>
      </trkpt>
      <trkpt lon="135.491043" lat="34.688966">
        <extensions>
          <mytracks:speed>18</mytracks:speed>
        </extensions>
      </trkpt>
      <trkpt lon="135.491018" lat="34.688999">
        <extensions>
          <mytracks:speed>17</mytracks:speed>
        </extensions>
      </trkpt>
      <trkpt lon="135.490995" lat="34.689026">
        <extensions>
          <mytracks:speed>15</mytracks:speed>
        </extensions>
      </trkpt>
      <trkpt lon="135.490965" lat="34.689044">
        <extensions>
          <mytracks:speed>7</mytracks:speed>
        </extensions>
      </trkpt>
      <trkpt lon="135.490947" lat="34.689053">
        <extensions>
          <mytracks:speed>6</mytracks:speed>
        </extensions>
      </trkpt>
      <trkpt lon="135.490942" lat="34.689045">
        <extensions>
          <mytracks:speed>4</mytracks:speed>
        </extensions>
      </trkpt>
      <trkpt lon="135.490937" lat="34.689058">
        <extensions>
          <mytracks:speed>3</mytracks:speed>
        </extensions>
      </trkpt>
      <trkpt lon="135.490931" lat="34.689072">
        <extensions>
          <mytracks:speed>5</mytracks:speed>
        </extensions>
      </trkpt>
      <trkpt lon="135.490915" lat="34.689096">
        <extensions>
          <mytracks:speed>8</mytracks:speed>
        </extensions>
      </trkpt>
      <trkpt lon="135.490905" lat="34.689135">
        <extensions>
          <mytracks:speed>12</mytracks:speed>
        </extensions>
      </trkpt>
      <trkpt lon="135.490890" lat="34.689188">
        <extensions>
          <mytracks:speed>14</mytracks:speed>
        </extensions>
      </trkpt>
    </trkseg>
  </trk>
</gpx>